[1.305s] Invoking command in '/home/shady/bumperbot_ws/src/bumperbot_py_examples': CMAKE_PREFIX_PATH=/home/shady/bumperbot_ws/install/bumperbot_msgs:/home/shady/bumperbot_ws/install/bumperbot_utils:/home/shady/bumperbot_ws/install/bumperbot_cpp_examples:/home/shady/bumperbot_ws/install/bumperbot_bringup:/home/shady/bumperbot_ws/install/bumperbot_mapping:/home/shady/bumperbot_ws/install/bumperbot_localization:/home/shady/bumperbot_ws/install/bumperbot_firmware:/home/shady/bumperbot_ws/install/bumperbot_description:/home/shady/bumperbot_ws/install/bumperbot_controller LD_LIBRARY_PATH=/home/shady/bumperbot_ws/install/bumperbot_msgs/lib:/home/shady/bumperbot_ws/install/bumperbot_cpp_examples/lib:/home/shady/bumperbot_ws/install/bumperbot_firmware/lib:/usr/lib/x86_64-linux-gnu/gazebo-11/plugins:/opt/ros/humble/opt/rviz_ogre_vendor/lib:/opt/ros/humble/lib/x86_64-linux-gnu:/opt/ros/humble/lib PYTHONPATH=/home/shady/bumperbot_ws/build/bumperbot_py_examples/prefix_override:/usr/lib/python3/dist-packages/colcon_core/task/python/colcon_distutils_commands:/home/shady/bumperbot_ws/install/bumperbot_py_examples/lib/python3.10/site-packages:${PYTHONPATH} /usr/bin/python3 -W ignore:setup.py install is deprecated setup.py egg_info --egg-base ../../build/bumperbot_py_examples build --build-base /home/shady/bumperbot_ws/build/bumperbot_py_examples/build install --record /home/shady/bumperbot_ws/build/bumperbot_py_examples/install.log --single-version-externally-managed install_data
[1.717s] running egg_info
[1.718s] writing ../../build/bumperbot_py_examples/bumperbot_py_examples.egg-info/PKG-INFO
[1.718s] writing dependency_links to ../../build/bumperbot_py_examples/bumperbot_py_examples.egg-info/dependency_links.txt
[1.718s] writing entry points to ../../build/bumperbot_py_examples/bumperbot_py_examples.egg-info/entry_points.txt
[1.719s] writing requirements to ../../build/bumperbot_py_examples/bumperbot_py_examples.egg-info/requires.txt
[1.719s] writing top-level names to ../../build/bumperbot_py_examples/bumperbot_py_examples.egg-info/top_level.txt
[1.723s] reading manifest file '../../build/bumperbot_py_examples/bumperbot_py_examples.egg-info/SOURCES.txt'
[1.726s] writing manifest file '../../build/bumperbot_py_examples/bumperbot_py_examples.egg-info/SOURCES.txt'
[1.726s] running build
[1.727s] running build_py
[1.728s] running install
[1.729s] running install_lib
[1.731s] running install_data
[1.731s] running install_egg_info
[1.734s] removing '/home/shady/bumperbot_ws/install/bumperbot_py_examples/lib/python3.10/site-packages/bumperbot_py_examples-0.0.0-py3.10.egg-info' (and everything under it)
[1.734s] Copying ../../build/bumperbot_py_examples/bumperbot_py_examples.egg-info to /home/shady/bumperbot_ws/install/bumperbot_py_examples/lib/python3.10/site-packages/bumperbot_py_examples-0.0.0-py3.10.egg-info
[1.736s] running install_scripts
[1.769s] Installing simple_action_client script to /home/shady/bumperbot_ws/install/bumperbot_py_examples/lib/bumperbot_py_examples
[1.769s] Installing simple_action_server script to /home/shady/bumperbot_ws/install/bumperbot_py_examples/lib/bumperbot_py_examples
[1.769s] Installing simple_lifecycle_node script to /home/shady/bumperbot_ws/install/bumperbot_py_examples/lib/bumperbot_py_examples
[1.769s] Installing simple_parameter script to /home/shady/bumperbot_ws/install/bumperbot_py_examples/lib/bumperbot_py_examples
[1.770s] Installing simple_publisher script to /home/shady/bumperbot_ws/install/bumperbot_py_examples/lib/bumperbot_py_examples
[1.770s] Installing simple_qos_publisher script to /home/shady/bumperbot_ws/install/bumperbot_py_examples/lib/bumperbot_py_examples
[1.770s] Installing simple_qos_subscriber script to /home/shady/bumperbot_ws/install/bumperbot_py_examples/lib/bumperbot_py_examples
[1.770s] Installing simple_service_client script to /home/shady/bumperbot_ws/install/bumperbot_py_examples/lib/bumperbot_py_examples
[1.770s] Installing simple_service_server script to /home/shady/bumperbot_ws/install/bumperbot_py_examples/lib/bumperbot_py_examples
[1.771s] Installing simple_subscriber script to /home/shady/bumperbot_ws/install/bumperbot_py_examples/lib/bumperbot_py_examples
[1.771s] Installing simple_tf_kinematics script to /home/shady/bumperbot_ws/install/bumperbot_py_examples/lib/bumperbot_py_examples
[1.771s] Installing simple_turtlesim_kinematics script to /home/shady/bumperbot_ws/install/bumperbot_py_examples/lib/bumperbot_py_examples
[1.772s] writing list of installed files to '/home/shady/bumperbot_ws/build/bumperbot_py_examples/install.log'
[1.811s] Invoked command in '/home/shady/bumperbot_ws/src/bumperbot_py_examples' returned '0': CMAKE_PREFIX_PATH=/home/shady/bumperbot_ws/install/bumperbot_msgs:/home/shady/bumperbot_ws/install/bumperbot_utils:/home/shady/bumperbot_ws/install/bumperbot_cpp_examples:/home/shady/bumperbot_ws/install/bumperbot_bringup:/home/shady/bumperbot_ws/install/bumperbot_mapping:/home/shady/bumperbot_ws/install/bumperbot_localization:/home/shady/bumperbot_ws/install/bumperbot_firmware:/home/shady/bumperbot_ws/install/bumperbot_description:/home/shady/bumperbot_ws/install/bumperbot_controller LD_LIBRARY_PATH=/home/shady/bumperbot_ws/install/bumperbot_msgs/lib:/home/shady/bumperbot_ws/install/bumperbot_cpp_examples/lib:/home/shady/bumperbot_ws/install/bumperbot_firmware/lib:/usr/lib/x86_64-linux-gnu/gazebo-11/plugins:/opt/ros/humble/opt/rviz_ogre_vendor/lib:/opt/ros/humble/lib/x86_64-linux-gnu:/opt/ros/humble/lib PYTHONPATH=/home/shady/bumperbot_ws/build/bumperbot_py_examples/prefix_override:/usr/lib/python3/dist-packages/colcon_core/task/python/colcon_distutils_commands:/home/shady/bumperbot_ws/install/bumperbot_py_examples/lib/python3.10/site-packages:${PYTHONPATH} /usr/bin/python3 -W ignore:setup.py install is deprecated setup.py egg_info --egg-base ../../build/bumperbot_py_examples build --build-base /home/shady/bumperbot_ws/build/bumperbot_py_examples/build install --record /home/shady/bumperbot_ws/build/bumperbot_py_examples/install.log --single-version-externally-managed install_data
