[0.041s] Invoking command in '/home/shady/bumperbot_ws/build/bumperbot_utils': CMAKE_PREFIX_PATH=${CMAKE_PREFIX_PATH}:/home/shady/bumperbot_ws/install/bumperbot_py_examples:/opt/ros/humble /usr/bin/cmake --build /home/shady/bumperbot_ws/build/bumperbot_utils -- -j8 -l8
[0.214s] [100%] Built target safety_stop
[0.232s] [100%] Built target ament_cmake_python_copy_bumperbot_utils
[0.829s] running egg_info
[0.830s] writing bumperbot_utils.egg-info/PKG-INFO
[0.830s] writing dependency_links to bumperbot_utils.egg-info/dependency_links.txt
[0.831s] writing top-level names to bumperbot_utils.egg-info/top_level.txt
[0.831s] reading manifest file 'bumperbot_utils.egg-info/SOURCES.txt'
[0.831s] writing manifest file 'bumperbot_utils.egg-info/SOURCES.txt'
[0.837s] [100%] Built target ament_cmake_python_build_bumperbot_utils_egg
[0.849s] Invoked command in '/home/shady/bumperbot_ws/build/bumperbot_utils' returned '0': CMAKE_PREFIX_PATH=${CMAKE_PREFIX_PATH}:/home/shady/bumperbot_ws/install/bumperbot_py_examples:/opt/ros/humble /usr/bin/cmake --build /home/shady/bumperbot_ws/build/bumperbot_utils -- -j8 -l8
[0.883s] Invoking command in '/home/shady/bumperbot_ws/build/bumperbot_utils': CMAKE_PREFIX_PATH=${CMAKE_PREFIX_PATH}:/home/shady/bumperbot_ws/install/bumperbot_py_examples:/opt/ros/humble /usr/bin/cmake --install /home/shady/bumperbot_ws/build/bumperbot_utils
[0.901s] -- Install configuration: ""
[0.901s] -- Up-to-date: /home/shady/bumperbot_ws/install/bumperbot_utils/share/bumperbot_utils/environment/pythonpath.sh
[0.902s] -- Up-to-date: /home/shady/bumperbot_ws/install/bumperbot_utils/share/bumperbot_utils/environment/pythonpath.dsv
[0.902s] -- Up-to-date: /home/shady/bumperbot_ws/install/bumperbot_utils/local/lib/python3.10/dist-packages/bumperbot_utils-0.0.0-py3.10.egg-info
[0.902s] -- Installing: /home/shady/bumperbot_ws/install/bumperbot_utils/local/lib/python3.10/dist-packages/bumperbot_utils-0.0.0-py3.10.egg-info/SOURCES.txt
[0.903s] -- Installing: /home/shady/bumperbot_ws/install/bumperbot_utils/local/lib/python3.10/dist-packages/bumperbot_utils-0.0.0-py3.10.egg-info/dependency_links.txt
[0.903s] -- Installing: /home/shady/bumperbot_ws/install/bumperbot_utils/local/lib/python3.10/dist-packages/bumperbot_utils-0.0.0-py3.10.egg-info/PKG-INFO
[0.903s] -- Installing: /home/shady/bumperbot_ws/install/bumperbot_utils/local/lib/python3.10/dist-packages/bumperbot_utils-0.0.0-py3.10.egg-info/top_level.txt
[0.903s] -- Up-to-date: /home/shady/bumperbot_ws/install/bumperbot_utils/local/lib/python3.10/dist-packages/bumperbot_utils
[0.903s] -- Up-to-date: /home/shady/bumperbot_ws/install/bumperbot_utils/local/lib/python3.10/dist-packages/bumperbot_utils/__init__.py
[0.903s] -- Up-to-date: /home/shady/bumperbot_ws/install/bumperbot_utils/local/lib/python3.10/dist-packages/bumperbot_utils/safety_stop.py
[0.904s] -- Up-to-date: /home/shady/bumperbot_ws/install/bumperbot_utils/local/lib/python3.10/dist-packages/bumperbot_utils/pose_logger.py
[0.954s] Listing '/home/shady/bumperbot_ws/install/bumperbot_utils/local/lib/python3.10/dist-packages/bumperbot_utils'...
[0.966s] -- Up-to-date: /home/shady/bumperbot_ws/install/bumperbot_utils/lib/bumperbot_utils/safety_stop
[0.966s] -- Up-to-date: /home/shady/bumperbot_ws/install/bumperbot_utils/lib/bumperbot_utils/safety_stop.py
[0.966s] -- Up-to-date: /home/shady/bumperbot_ws/install/bumperbot_utils/lib/bumperbot_utils/pose_logger.py
[0.968s] -- Up-to-date: /home/shady/bumperbot_ws/install/bumperbot_utils/share/ament_index/resource_index/package_run_dependencies/bumperbot_utils
[0.968s] -- Up-to-date: /home/shady/bumperbot_ws/install/bumperbot_utils/share/ament_index/resource_index/parent_prefix_path/bumperbot_utils
[0.968s] -- Up-to-date: /home/shady/bumperbot_ws/install/bumperbot_utils/share/bumperbot_utils/environment/ament_prefix_path.sh
[0.968s] -- Up-to-date: /home/shady/bumperbot_ws/install/bumperbot_utils/share/bumperbot_utils/environment/ament_prefix_path.dsv
[0.969s] -- Up-to-date: /home/shady/bumperbot_ws/install/bumperbot_utils/share/bumperbot_utils/environment/path.sh
[0.969s] -- Up-to-date: /home/shady/bumperbot_ws/install/bumperbot_utils/share/bumperbot_utils/environment/path.dsv
[0.969s] -- Up-to-date: /home/shady/bumperbot_ws/install/bumperbot_utils/share/bumperbot_utils/local_setup.bash
[0.969s] -- Up-to-date: /home/shady/bumperbot_ws/install/bumperbot_utils/share/bumperbot_utils/local_setup.sh
[0.969s] -- Up-to-date: /home/shady/bumperbot_ws/install/bumperbot_utils/share/bumperbot_utils/local_setup.zsh
[0.969s] -- Up-to-date: /home/shady/bumperbot_ws/install/bumperbot_utils/share/bumperbot_utils/local_setup.dsv
[0.969s] -- Installing: /home/shady/bumperbot_ws/install/bumperbot_utils/share/bumperbot_utils/package.dsv
[0.970s] -- Up-to-date: /home/shady/bumperbot_ws/install/bumperbot_utils/share/ament_index/resource_index/packages/bumperbot_utils
[0.970s] -- Up-to-date: /home/shady/bumperbot_ws/install/bumperbot_utils/share/bumperbot_utils/cmake/bumperbot_utilsConfig.cmake
[0.970s] -- Up-to-date: /home/shady/bumperbot_ws/install/bumperbot_utils/share/bumperbot_utils/cmake/bumperbot_utilsConfig-version.cmake
[0.970s] -- Up-to-date: /home/shady/bumperbot_ws/install/bumperbot_utils/share/bumperbot_utils/package.xml
[0.985s] Invoked command in '/home/shady/bumperbot_ws/build/bumperbot_utils' returned '0': CMAKE_PREFIX_PATH=${CMAKE_PREFIX_PATH}:/home/shady/bumperbot_ws/install/bumperbot_py_examples:/opt/ros/humble /usr/bin/cmake --install /home/shady/bumperbot_ws/build/bumperbot_utils
