[0.050s] Invoking command in '/home/shady/bumperbot_ws/build/bumperbot_firmware': CMAKE_PREFIX_PATH=${CMAKE_PREFIX_PATH}:/home/shady/bumperbot_ws/install/bumperbot_py_examples:/opt/ros/humble /usr/bin/cmake --build /home/shady/bumperbot_ws/build/bumperbot_firmware -- -j8 -l8
[0.304s] [ 33%] Built target simple_serial_receiver
[0.321s] [ 66%] Built target simple_serial_transmitter
[0.348s] [ 66%] Built target ament_cmake_python_copy_bumperbot_firmware
[0.348s] [100%] Built target bumperbot_firmware
[1.038s] running egg_info
[1.044s] writing bumperbot_firmware.egg-info/PKG-INFO
[1.046s] writing dependency_links to bumperbot_firmware.egg-info/dependency_links.txt
[1.050s] writing top-level names to bumperbot_firmware.egg-info/top_level.txt
[1.055s] reading manifest file 'bumperbot_firmware.egg-info/SOURCES.txt'
[1.075s] writing manifest file 'bumperbot_firmware.egg-info/SOURCES.txt'
[1.405s] [100%] Built target ament_cmake_python_build_bumperbot_firmware_egg
[1.410s] Invoked command in '/home/shady/bumperbot_ws/build/bumperbot_firmware' returned '0': CMAKE_PREFIX_PATH=${CMAKE_PREFIX_PATH}:/home/shady/bumperbot_ws/install/bumperbot_py_examples:/opt/ros/humble /usr/bin/cmake --build /home/shady/bumperbot_ws/build/bumperbot_firmware -- -j8 -l8
[1.438s] Invoking command in '/home/shady/bumperbot_ws/build/bumperbot_firmware': CMAKE_PREFIX_PATH=${CMAKE_PREFIX_PATH}:/home/shady/bumperbot_ws/install/bumperbot_py_examples:/opt/ros/humble /usr/bin/cmake --install /home/shady/bumperbot_ws/build/bumperbot_firmware
[1.468s] -- Install configuration: ""
[1.468s] -- Up-to-date: /home/shady/bumperbot_ws/install/bumperbot_firmware/share/bumperbot_firmware/environment/pythonpath.sh
[1.469s] -- Up-to-date: /home/shady/bumperbot_ws/install/bumperbot_firmware/share/bumperbot_firmware/environment/pythonpath.dsv
[1.469s] -- Up-to-date: /home/shady/bumperbot_ws/install/bumperbot_firmware/local/lib/python3.10/dist-packages/bumperbot_firmware-0.0.0-py3.10.egg-info
[1.470s] -- Installing: /home/shady/bumperbot_ws/install/bumperbot_firmware/local/lib/python3.10/dist-packages/bumperbot_firmware-0.0.0-py3.10.egg-info/SOURCES.txt
[1.473s] -- Installing: /home/shady/bumperbot_ws/install/bumperbot_firmware/local/lib/python3.10/dist-packages/bumperbot_firmware-0.0.0-py3.10.egg-info/dependency_links.txt
[1.473s] -- Installing: /home/shady/bumperbot_ws/install/bumperbot_firmware/local/lib/python3.10/dist-packages/bumperbot_firmware-0.0.0-py3.10.egg-info/PKG-INFO
[1.474s] -- Installing: /home/shady/bumperbot_ws/install/bumperbot_firmware/local/lib/python3.10/dist-packages/bumperbot_firmware-0.0.0-py3.10.egg-info/top_level.txt
[1.475s] -- Up-to-date: /home/shady/bumperbot_ws/install/bumperbot_firmware/local/lib/python3.10/dist-packages/bumperbot_firmware
[1.478s] -- Up-to-date: /home/shady/bumperbot_ws/install/bumperbot_firmware/local/lib/python3.10/dist-packages/bumperbot_firmware/__init__.py
[1.479s] -- Up-to-date: /home/shady/bumperbot_ws/install/bumperbot_firmware/local/lib/python3.10/dist-packages/bumperbot_firmware/simple_serial_transmitter.py
[1.479s] -- Up-to-date: /home/shady/bumperbot_ws/install/bumperbot_firmware/local/lib/python3.10/dist-packages/bumperbot_firmware/simple_serial_receiver.py
[1.494s] Listing '/home/shady/bumperbot_ws/install/bumperbot_firmware/local/lib/python3.10/dist-packages/bumperbot_firmware'...
[1.495s] -- Up-to-date: /home/shady/bumperbot_ws/install/bumperbot_firmware/share/bumperbot_firmware/bumperbot_interface.xml
[1.495s] -- Up-to-date: /home/shady/bumperbot_ws/install/bumperbot_firmware/lib/libbumperbot_firmware.so
[1.496s] -- Up-to-date: /home/shady/bumperbot_ws/install/bumperbot_firmware/include/include
[1.496s] -- Up-to-date: /home/shady/bumperbot_ws/install/bumperbot_firmware/include/include/bumperbot_firmware
[1.496s] -- Up-to-date: /home/shady/bumperbot_ws/install/bumperbot_firmware/include/include/bumperbot_firmware/bumperbot_interface.hpp
[1.497s] -- Up-to-date: /home/shady/bumperbot_ws/install/bumperbot_firmware/share/bumperbot_firmware/launch
[1.497s] -- Up-to-date: /home/shady/bumperbot_ws/install/bumperbot_firmware/share/bumperbot_firmware/launch/hardware_interface.launch.py
[1.497s] -- Up-to-date: /home/shady/bumperbot_ws/install/bumperbot_firmware/lib/bumperbot_firmware/simple_serial_transmitter.py
[1.497s] -- Up-to-date: /home/shady/bumperbot_ws/install/bumperbot_firmware/lib/bumperbot_firmware/simple_serial_receiver.py
[1.497s] -- Up-to-date: /home/shady/bumperbot_ws/install/bumperbot_firmware/lib/bumperbot_firmware/simple_serial_receiver
[1.498s] -- Up-to-date: /home/shady/bumperbot_ws/install/bumperbot_firmware/lib/bumperbot_firmware/simple_serial_transmitter
[1.498s] -- Up-to-date: /home/shady/bumperbot_ws/install/bumperbot_firmware/share/bumperbot_firmware/environment/library_path.sh
[1.498s] -- Up-to-date: /home/shady/bumperbot_ws/install/bumperbot_firmware/share/bumperbot_firmware/environment/library_path.dsv
[1.498s] -- Up-to-date: /home/shady/bumperbot_ws/install/bumperbot_firmware/share/ament_index/resource_index/package_run_dependencies/bumperbot_firmware
[1.498s] -- Up-to-date: /home/shady/bumperbot_ws/install/bumperbot_firmware/share/ament_index/resource_index/parent_prefix_path/bumperbot_firmware
[1.498s] -- Up-to-date: /home/shady/bumperbot_ws/install/bumperbot_firmware/share/bumperbot_firmware/environment/ament_prefix_path.sh
[1.499s] -- Up-to-date: /home/shady/bumperbot_ws/install/bumperbot_firmware/share/bumperbot_firmware/environment/ament_prefix_path.dsv
[1.499s] -- Up-to-date: /home/shady/bumperbot_ws/install/bumperbot_firmware/share/bumperbot_firmware/environment/path.sh
[1.499s] -- Up-to-date: /home/shady/bumperbot_ws/install/bumperbot_firmware/share/bumperbot_firmware/environment/path.dsv
[1.499s] -- Up-to-date: /home/shady/bumperbot_ws/install/bumperbot_firmware/share/bumperbot_firmware/local_setup.bash
[1.500s] -- Up-to-date: /home/shady/bumperbot_ws/install/bumperbot_firmware/share/bumperbot_firmware/local_setup.sh
[1.500s] -- Up-to-date: /home/shady/bumperbot_ws/install/bumperbot_firmware/share/bumperbot_firmware/local_setup.zsh
[1.500s] -- Up-to-date: /home/shady/bumperbot_ws/install/bumperbot_firmware/share/bumperbot_firmware/local_setup.dsv
[1.500s] -- Installing: /home/shady/bumperbot_ws/install/bumperbot_firmware/share/bumperbot_firmware/package.dsv
[1.500s] -- Up-to-date: /home/shady/bumperbot_ws/install/bumperbot_firmware/share/ament_index/resource_index/packages/bumperbot_firmware
[1.501s] -- Up-to-date: /home/shady/bumperbot_ws/install/bumperbot_firmware/share/ament_index/resource_index/hardware_interface__pluginlib__plugin/bumperbot_firmware
[1.501s] -- Up-to-date: /home/shady/bumperbot_ws/install/bumperbot_firmware/share/bumperbot_firmware/cmake/ament_cmake_export_include_directories-extras.cmake
[1.501s] -- Up-to-date: /home/shady/bumperbot_ws/install/bumperbot_firmware/share/bumperbot_firmware/cmake/ament_cmake_export_libraries-extras.cmake
[1.501s] -- Up-to-date: /home/shady/bumperbot_ws/install/bumperbot_firmware/share/bumperbot_firmware/cmake/ament_cmake_export_dependencies-extras.cmake
[1.501s] -- Up-to-date: /home/shady/bumperbot_ws/install/bumperbot_firmware/share/bumperbot_firmware/cmake/bumperbot_firmwareConfig.cmake
[1.502s] -- Up-to-date: /home/shady/bumperbot_ws/install/bumperbot_firmware/share/bumperbot_firmware/cmake/bumperbot_firmwareConfig-version.cmake
[1.502s] -- Up-to-date: /home/shady/bumperbot_ws/install/bumperbot_firmware/share/bumperbot_firmware/package.xml
[1.570s] Invoked command in '/home/shady/bumperbot_ws/build/bumperbot_firmware' returned '0': CMAKE_PREFIX_PATH=${CMAKE_PREFIX_PATH}:/home/shady/bumperbot_ws/install/bumperbot_py_examples:/opt/ros/humble /usr/bin/cmake --install /home/shady/bumperbot_ws/build/bumperbot_firmware
