[0.040s] Invoking command in '/home/shady/bumperbot_ws/build/bumperbot_firmware': CMAKE_PREFIX_PATH=/opt/ros/humble /usr/bin/cmake --build /home/shady/bumperbot_ws/build/bumperbot_firmware -- -j8 -l8
[0.209s] [ 33%] Built target simple_serial_transmitter
[0.212s] [ 66%] Built target bumperbot_firmware
[0.214s] [ 66%] Built target ament_cmake_python_copy_bumperbot_firmware
[0.235s] [100%] Built target simple_serial_receiver
[0.660s] running egg_info
[0.661s] writing bumperbot_firmware.egg-info/PKG-INFO
[0.661s] writing dependency_links to bumperbot_firmware.egg-info/dependency_links.txt
[0.662s] writing top-level names to bumperbot_firmware.egg-info/top_level.txt
[0.665s] reading manifest file 'bumperbot_firmware.egg-info/SOURCES.txt'
[0.665s] writing manifest file 'bumperbot_firmware.egg-info/SOURCES.txt'
[0.703s] [100%] Built target ament_cmake_python_build_bumperbot_firmware_egg
[0.800s] Invoked command in '/home/shady/bumperbot_ws/build/bumperbot_firmware' returned '0': CMAKE_PREFIX_PATH=/opt/ros/humble /usr/bin/cmake --build /home/shady/bumperbot_ws/build/bumperbot_firmware -- -j8 -l8
[0.906s] Invoking command in '/home/shady/bumperbot_ws/build/bumperbot_firmware': CMAKE_PREFIX_PATH=/opt/ros/humble /usr/bin/cmake --install /home/shady/bumperbot_ws/build/bumperbot_firmware
[0.908s] -- Install configuration: ""
[0.908s] -- Up-to-date: /home/shady/bumperbot_ws/install/bumperbot_firmware/share/bumperbot_firmware/environment/pythonpath.sh
[0.908s] -- Up-to-date: /home/shady/bumperbot_ws/install/bumperbot_firmware/share/bumperbot_firmware/environment/pythonpath.dsv
[0.909s] -- Up-to-date: /home/shady/bumperbot_ws/install/bumperbot_firmware/local/lib/python3.10/dist-packages/bumperbot_firmware-0.0.0-py3.10.egg-info
[0.909s] -- Installing: /home/shady/bumperbot_ws/install/bumperbot_firmware/local/lib/python3.10/dist-packages/bumperbot_firmware-0.0.0-py3.10.egg-info/SOURCES.txt
[0.909s] -- Installing: /home/shady/bumperbot_ws/install/bumperbot_firmware/local/lib/python3.10/dist-packages/bumperbot_firmware-0.0.0-py3.10.egg-info/dependency_links.txt
[0.909s] -- Installing: /home/shady/bumperbot_ws/install/bumperbot_firmware/local/lib/python3.10/dist-packages/bumperbot_firmware-0.0.0-py3.10.egg-info/PKG-INFO
[0.909s] -- Installing: /home/shady/bumperbot_ws/install/bumperbot_firmware/local/lib/python3.10/dist-packages/bumperbot_firmware-0.0.0-py3.10.egg-info/top_level.txt
[0.909s] -- Up-to-date: /home/shady/bumperbot_ws/install/bumperbot_firmware/local/lib/python3.10/dist-packages/bumperbot_firmware
[0.909s] -- Up-to-date: /home/shady/bumperbot_ws/install/bumperbot_firmware/local/lib/python3.10/dist-packages/bumperbot_firmware/__init__.py
[0.909s] -- Up-to-date: /home/shady/bumperbot_ws/install/bumperbot_firmware/local/lib/python3.10/dist-packages/bumperbot_firmware/simple_serial_transmitter.py
[0.909s] -- Up-to-date: /home/shady/bumperbot_ws/install/bumperbot_firmware/local/lib/python3.10/dist-packages/bumperbot_firmware/simple_serial_receiver.py
[0.923s] Listing '/home/shady/bumperbot_ws/install/bumperbot_firmware/local/lib/python3.10/dist-packages/bumperbot_firmware'...
[0.936s] -- Up-to-date: /home/shady/bumperbot_ws/install/bumperbot_firmware/share/bumperbot_firmware/bumperbot_interface.xml
[0.936s] -- Up-to-date: /home/shady/bumperbot_ws/install/bumperbot_firmware/lib/libbumperbot_firmware.so
[0.937s] -- Up-to-date: /home/shady/bumperbot_ws/install/bumperbot_firmware/include/include
[0.937s] -- Up-to-date: /home/shady/bumperbot_ws/install/bumperbot_firmware/include/include/bumperbot_firmware
[0.937s] -- Up-to-date: /home/shady/bumperbot_ws/install/bumperbot_firmware/include/include/bumperbot_firmware/bumperbot_interface.hpp
[0.937s] -- Up-to-date: /home/shady/bumperbot_ws/install/bumperbot_firmware/share/bumperbot_firmware/launch
[0.937s] -- Up-to-date: /home/shady/bumperbot_ws/install/bumperbot_firmware/share/bumperbot_firmware/launch/hardware_interface.launch.py
[0.937s] -- Up-to-date: /home/shady/bumperbot_ws/install/bumperbot_firmware/lib/bumperbot_firmware/simple_serial_transmitter.py
[0.937s] -- Up-to-date: /home/shady/bumperbot_ws/install/bumperbot_firmware/lib/bumperbot_firmware/simple_serial_receiver.py
[0.937s] -- Up-to-date: /home/shady/bumperbot_ws/install/bumperbot_firmware/lib/bumperbot_firmware/simple_serial_receiver
[0.938s] -- Up-to-date: /home/shady/bumperbot_ws/install/bumperbot_firmware/lib/bumperbot_firmware/simple_serial_transmitter
[0.938s] -- Up-to-date: /home/shady/bumperbot_ws/install/bumperbot_firmware/share/bumperbot_firmware/environment/library_path.sh
[0.938s] -- Up-to-date: /home/shady/bumperbot_ws/install/bumperbot_firmware/share/bumperbot_firmware/environment/library_path.dsv
[0.938s] -- Up-to-date: /home/shady/bumperbot_ws/install/bumperbot_firmware/share/ament_index/resource_index/package_run_dependencies/bumperbot_firmware
[0.938s] -- Up-to-date: /home/shady/bumperbot_ws/install/bumperbot_firmware/share/ament_index/resource_index/parent_prefix_path/bumperbot_firmware
[0.938s] -- Up-to-date: /home/shady/bumperbot_ws/install/bumperbot_firmware/share/bumperbot_firmware/environment/ament_prefix_path.sh
[0.938s] -- Up-to-date: /home/shady/bumperbot_ws/install/bumperbot_firmware/share/bumperbot_firmware/environment/ament_prefix_path.dsv
[0.939s] -- Up-to-date: /home/shady/bumperbot_ws/install/bumperbot_firmware/share/bumperbot_firmware/environment/path.sh
[0.939s] -- Up-to-date: /home/shady/bumperbot_ws/install/bumperbot_firmware/share/bumperbot_firmware/environment/path.dsv
[0.939s] -- Up-to-date: /home/shady/bumperbot_ws/install/bumperbot_firmware/share/bumperbot_firmware/local_setup.bash
[0.939s] -- Up-to-date: /home/shady/bumperbot_ws/install/bumperbot_firmware/share/bumperbot_firmware/local_setup.sh
[0.939s] -- Up-to-date: /home/shady/bumperbot_ws/install/bumperbot_firmware/share/bumperbot_firmware/local_setup.zsh
[0.939s] -- Up-to-date: /home/shady/bumperbot_ws/install/bumperbot_firmware/share/bumperbot_firmware/local_setup.dsv
[0.940s] -- Installing: /home/shady/bumperbot_ws/install/bumperbot_firmware/share/bumperbot_firmware/package.dsv
[0.940s] -- Up-to-date: /home/shady/bumperbot_ws/install/bumperbot_firmware/share/ament_index/resource_index/packages/bumperbot_firmware
[0.940s] -- Up-to-date: /home/shady/bumperbot_ws/install/bumperbot_firmware/share/ament_index/resource_index/hardware_interface__pluginlib__plugin/bumperbot_firmware
[0.940s] -- Up-to-date: /home/shady/bumperbot_ws/install/bumperbot_firmware/share/bumperbot_firmware/cmake/ament_cmake_export_include_directories-extras.cmake
[0.940s] -- Up-to-date: /home/shady/bumperbot_ws/install/bumperbot_firmware/share/bumperbot_firmware/cmake/ament_cmake_export_libraries-extras.cmake
[0.941s] -- Up-to-date: /home/shady/bumperbot_ws/install/bumperbot_firmware/share/bumperbot_firmware/cmake/ament_cmake_export_dependencies-extras.cmake
[0.941s] -- Up-to-date: /home/shady/bumperbot_ws/install/bumperbot_firmware/share/bumperbot_firmware/cmake/bumperbot_firmwareConfig.cmake
[0.941s] -- Up-to-date: /home/shady/bumperbot_ws/install/bumperbot_firmware/share/bumperbot_firmware/cmake/bumperbot_firmwareConfig-version.cmake
[0.941s] -- Up-to-date: /home/shady/bumperbot_ws/install/bumperbot_firmware/share/bumperbot_firmware/package.xml
[0.955s] Invoked command in '/home/shady/bumperbot_ws/build/bumperbot_firmware' returned '0': CMAKE_PREFIX_PATH=/opt/ros/humble /usr/bin/cmake --install /home/shady/bumperbot_ws/build/bumperbot_firmware
