[0.156s] DEBUG:colcon:Command line arguments: ['/usr/bin/colcon', 'build']
[0.156s] DEBUG:colcon:Parsed command line arguments: Namespace(log_base=None, log_level=None, verb_name='build', build_base='build', install_base='install', merge_install=False, symlink_install=False, test_result_base=None, continue_on_error=False, executor='parallel', parallel_workers=8, event_handlers=None, ignore_user_meta=False, metas=['./colcon.meta'], base_paths=['.'], packages_ignore=None, packages_ignore_regex=None, paths=None, packages_up_to=None, packages_up_to_regex=None, packages_above=None, packages_above_and_dependencies=None, packages_above_depth=None, packages_select_by_dep=None, packages_skip_by_dep=None, packages_skip_up_to=None, packages_select_build_failed=False, packages_skip_build_finished=False, packages_select_test_failures=False, packages_skip_test_passed=False, packages_select=None, packages_skip=None, packages_select_regex=None, packages_skip_regex=None, packages_start=None, packages_end=None, allow_overriding=[], cmake_args=None, cmake_target=None, cmake_target_skip_unavailable=False, cmake_clean_cache=False, cmake_clean_first=False, cmake_force_configure=False, ament_cmake_args=None, catkin_cmake_args=None, catkin_skip_building_tests=False, mixin_files=None, mixin=None, verb_parser=<colcon_mixin.mixin.mixin_argument.MixinArgumentDecorator object at 0x754cf615d7b0>, verb_extension=<colcon_core.verb.build.BuildVerb object at 0x754cf62d3100>, main=<bound method BuildVerb.main of <colcon_core.verb.build.BuildVerb object at 0x754cf62d3100>>, mixin_verb=('build',))
[0.417s] Level 1:colcon.colcon_core.package_discovery:discover_packages(colcon_meta) check parameters
[0.417s] Level 1:colcon.colcon_core.package_discovery:discover_packages(recursive) check parameters
[0.417s] Level 1:colcon.colcon_core.package_discovery:discover_packages(ignore) check parameters
[0.417s] Level 1:colcon.colcon_core.package_discovery:discover_packages(path) check parameters
[0.417s] Level 1:colcon.colcon_core.package_discovery:discover_packages(colcon_meta) discover
[0.417s] Level 1:colcon.colcon_core.package_discovery:discover_packages(recursive) discover
[0.418s] INFO:colcon.colcon_core.package_discovery:Crawling recursively for packages in '/home/shady/bumperbot_ws'
[0.418s] Level 1:colcon.colcon_core.package_identification:_identify(.) by extensions ['ignore', 'ignore_ament_install']
[0.418s] Level 1:colcon.colcon_core.package_identification:_identify(.) by extension 'ignore'
[0.418s] Level 1:colcon.colcon_core.package_identification:_identify(.) by extension 'ignore_ament_install'
[0.418s] Level 1:colcon.colcon_core.package_identification:_identify(.) by extensions ['colcon_pkg']
[0.418s] Level 1:colcon.colcon_core.package_identification:_identify(.) by extension 'colcon_pkg'
[0.418s] Level 1:colcon.colcon_core.package_identification:_identify(.) by extensions ['colcon_meta']
[0.418s] Level 1:colcon.colcon_core.package_identification:_identify(.) by extension 'colcon_meta'
[0.418s] Level 1:colcon.colcon_core.package_identification:_identify(.) by extensions ['ros']
[0.418s] Level 1:colcon.colcon_core.package_identification:_identify(.) by extension 'ros'
[0.430s] Level 1:colcon.colcon_core.package_identification:_identify(.) by extensions ['cmake', 'python']
[0.430s] Level 1:colcon.colcon_core.package_identification:_identify(.) by extension 'cmake'
[0.430s] Level 1:colcon.colcon_core.package_identification:_identify(.) by extension 'python'
[0.430s] Level 1:colcon.colcon_core.package_identification:_identify(.) by extensions ['python_setup_py']
[0.430s] Level 1:colcon.colcon_core.package_identification:_identify(.) by extension 'python_setup_py'
[0.430s] Level 1:colcon.colcon_core.package_identification:_identify(build) by extensions ['ignore', 'ignore_ament_install']
[0.430s] Level 1:colcon.colcon_core.package_identification:_identify(build) by extension 'ignore'
[0.431s] Level 1:colcon.colcon_core.package_identification:_identify(build) ignored
[0.431s] Level 1:colcon.colcon_core.package_identification:_identify(install) by extensions ['ignore', 'ignore_ament_install']
[0.431s] Level 1:colcon.colcon_core.package_identification:_identify(install) by extension 'ignore'
[0.431s] Level 1:colcon.colcon_core.package_identification:_identify(install) ignored
[0.431s] Level 1:colcon.colcon_core.package_identification:_identify(log) by extensions ['ignore', 'ignore_ament_install']
[0.431s] Level 1:colcon.colcon_core.package_identification:_identify(log) by extension 'ignore'
[0.431s] Level 1:colcon.colcon_core.package_identification:_identify(log) ignored
[0.431s] Level 1:colcon.colcon_core.package_identification:_identify(src) by extensions ['ignore', 'ignore_ament_install']
[0.431s] Level 1:colcon.colcon_core.package_identification:_identify(src) by extension 'ignore'
[0.431s] Level 1:colcon.colcon_core.package_identification:_identify(src) by extension 'ignore_ament_install'
[0.431s] Level 1:colcon.colcon_core.package_identification:_identify(src) by extensions ['colcon_pkg']
[0.431s] Level 1:colcon.colcon_core.package_identification:_identify(src) by extension 'colcon_pkg'
[0.431s] Level 1:colcon.colcon_core.package_identification:_identify(src) by extensions ['colcon_meta']
[0.431s] Level 1:colcon.colcon_core.package_identification:_identify(src) by extension 'colcon_meta'
[0.431s] Level 1:colcon.colcon_core.package_identification:_identify(src) by extensions ['ros']
[0.431s] Level 1:colcon.colcon_core.package_identification:_identify(src) by extension 'ros'
[0.432s] Level 1:colcon.colcon_core.package_identification:_identify(src) by extensions ['cmake', 'python']
[0.432s] Level 1:colcon.colcon_core.package_identification:_identify(src) by extension 'cmake'
[0.432s] Level 1:colcon.colcon_core.package_identification:_identify(src) by extension 'python'
[0.432s] Level 1:colcon.colcon_core.package_identification:_identify(src) by extensions ['python_setup_py']
[0.432s] Level 1:colcon.colcon_core.package_identification:_identify(src) by extension 'python_setup_py'
[0.432s] Level 1:colcon.colcon_core.package_identification:_identify(src/bumperbot_bringup) by extensions ['ignore', 'ignore_ament_install']
[0.432s] Level 1:colcon.colcon_core.package_identification:_identify(src/bumperbot_bringup) by extension 'ignore'
[0.432s] Level 1:colcon.colcon_core.package_identification:_identify(src/bumperbot_bringup) by extension 'ignore_ament_install'
[0.432s] Level 1:colcon.colcon_core.package_identification:_identify(src/bumperbot_bringup) by extensions ['colcon_pkg']
[0.432s] Level 1:colcon.colcon_core.package_identification:_identify(src/bumperbot_bringup) by extension 'colcon_pkg'
[0.432s] Level 1:colcon.colcon_core.package_identification:_identify(src/bumperbot_bringup) by extensions ['colcon_meta']
[0.432s] Level 1:colcon.colcon_core.package_identification:_identify(src/bumperbot_bringup) by extension 'colcon_meta'
[0.432s] Level 1:colcon.colcon_core.package_identification:_identify(src/bumperbot_bringup) by extensions ['ros']
[0.432s] Level 1:colcon.colcon_core.package_identification:_identify(src/bumperbot_bringup) by extension 'ros'
[0.436s] DEBUG:colcon.colcon_core.package_identification:Package 'src/bumperbot_bringup' with type 'ros.ament_cmake' and name 'bumperbot_bringup'
[0.437s] Level 1:colcon.colcon_core.package_identification:_identify(src/bumperbot_controller) by extensions ['ignore', 'ignore_ament_install']
[0.437s] Level 1:colcon.colcon_core.package_identification:_identify(src/bumperbot_controller) by extension 'ignore'
[0.437s] Level 1:colcon.colcon_core.package_identification:_identify(src/bumperbot_controller) by extension 'ignore_ament_install'
[0.437s] Level 1:colcon.colcon_core.package_identification:_identify(src/bumperbot_controller) by extensions ['colcon_pkg']
[0.437s] Level 1:colcon.colcon_core.package_identification:_identify(src/bumperbot_controller) by extension 'colcon_pkg'
[0.437s] Level 1:colcon.colcon_core.package_identification:_identify(src/bumperbot_controller) by extensions ['colcon_meta']
[0.437s] Level 1:colcon.colcon_core.package_identification:_identify(src/bumperbot_controller) by extension 'colcon_meta'
[0.437s] Level 1:colcon.colcon_core.package_identification:_identify(src/bumperbot_controller) by extensions ['ros']
[0.437s] Level 1:colcon.colcon_core.package_identification:_identify(src/bumperbot_controller) by extension 'ros'
[0.439s] DEBUG:colcon.colcon_core.package_identification:Package 'src/bumperbot_controller' with type 'ros.ament_cmake' and name 'bumperbot_controller'
[0.439s] Level 1:colcon.colcon_core.package_identification:_identify(src/bumperbot_description) by extensions ['ignore', 'ignore_ament_install']
[0.439s] Level 1:colcon.colcon_core.package_identification:_identify(src/bumperbot_description) by extension 'ignore'
[0.439s] Level 1:colcon.colcon_core.package_identification:_identify(src/bumperbot_description) by extension 'ignore_ament_install'
[0.439s] Level 1:colcon.colcon_core.package_identification:_identify(src/bumperbot_description) by extensions ['colcon_pkg']
[0.439s] Level 1:colcon.colcon_core.package_identification:_identify(src/bumperbot_description) by extension 'colcon_pkg'
[0.440s] Level 1:colcon.colcon_core.package_identification:_identify(src/bumperbot_description) by extensions ['colcon_meta']
[0.440s] Level 1:colcon.colcon_core.package_identification:_identify(src/bumperbot_description) by extension 'colcon_meta'
[0.440s] Level 1:colcon.colcon_core.package_identification:_identify(src/bumperbot_description) by extensions ['ros']
[0.440s] Level 1:colcon.colcon_core.package_identification:_identify(src/bumperbot_description) by extension 'ros'
[0.441s] DEBUG:colcon.colcon_core.package_identification:Package 'src/bumperbot_description' with type 'ros.ament_cmake' and name 'bumperbot_description'
[0.441s] Level 1:colcon.colcon_core.package_identification:_identify(src/bumperbot_localization) by extensions ['ignore', 'ignore_ament_install']
[0.441s] Level 1:colcon.colcon_core.package_identification:_identify(src/bumperbot_localization) by extension 'ignore'
[0.441s] Level 1:colcon.colcon_core.package_identification:_identify(src/bumperbot_localization) by extension 'ignore_ament_install'
[0.441s] Level 1:colcon.colcon_core.package_identification:_identify(src/bumperbot_localization) by extensions ['colcon_pkg']
[0.441s] Level 1:colcon.colcon_core.package_identification:_identify(src/bumperbot_localization) by extension 'colcon_pkg'
[0.441s] Level 1:colcon.colcon_core.package_identification:_identify(src/bumperbot_localization) by extensions ['colcon_meta']
[0.441s] Level 1:colcon.colcon_core.package_identification:_identify(src/bumperbot_localization) by extension 'colcon_meta'
[0.441s] Level 1:colcon.colcon_core.package_identification:_identify(src/bumperbot_localization) by extensions ['ros']
[0.441s] Level 1:colcon.colcon_core.package_identification:_identify(src/bumperbot_localization) by extension 'ros'
[0.442s] DEBUG:colcon.colcon_core.package_identification:Package 'src/bumperbot_localization' with type 'ros.ament_cmake' and name 'bumperbot_localization'
[0.443s] Level 1:colcon.colcon_core.package_identification:_identify(src/bumperbot_mapping) by extensions ['ignore', 'ignore_ament_install']
[0.443s] Level 1:colcon.colcon_core.package_identification:_identify(src/bumperbot_mapping) by extension 'ignore'
[0.443s] Level 1:colcon.colcon_core.package_identification:_identify(src/bumperbot_mapping) by extension 'ignore_ament_install'
[0.443s] Level 1:colcon.colcon_core.package_identification:_identify(src/bumperbot_mapping) by extensions ['colcon_pkg']
[0.443s] Level 1:colcon.colcon_core.package_identification:_identify(src/bumperbot_mapping) by extension 'colcon_pkg'
[0.443s] Level 1:colcon.colcon_core.package_identification:_identify(src/bumperbot_mapping) by extensions ['colcon_meta']
[0.443s] Level 1:colcon.colcon_core.package_identification:_identify(src/bumperbot_mapping) by extension 'colcon_meta'
[0.443s] Level 1:colcon.colcon_core.package_identification:_identify(src/bumperbot_mapping) by extensions ['ros']
[0.443s] Level 1:colcon.colcon_core.package_identification:_identify(src/bumperbot_mapping) by extension 'ros'
[0.444s] DEBUG:colcon.colcon_core.package_identification:Package 'src/bumperbot_mapping' with type 'ros.ament_cmake' and name 'bumperbot_mapping'
[0.445s] Level 1:colcon.colcon_core.package_identification:_identify(src/bumperbot_msgs) by extensions ['ignore', 'ignore_ament_install']
[0.445s] Level 1:colcon.colcon_core.package_identification:_identify(src/bumperbot_msgs) by extension 'ignore'
[0.445s] Level 1:colcon.colcon_core.package_identification:_identify(src/bumperbot_msgs) by extension 'ignore_ament_install'
[0.445s] Level 1:colcon.colcon_core.package_identification:_identify(src/bumperbot_msgs) by extensions ['colcon_pkg']
[0.445s] Level 1:colcon.colcon_core.package_identification:_identify(src/bumperbot_msgs) by extension 'colcon_pkg'
[0.445s] Level 1:colcon.colcon_core.package_identification:_identify(src/bumperbot_msgs) by extensions ['colcon_meta']
[0.445s] Level 1:colcon.colcon_core.package_identification:_identify(src/bumperbot_msgs) by extension 'colcon_meta'
[0.445s] Level 1:colcon.colcon_core.package_identification:_identify(src/bumperbot_msgs) by extensions ['ros']
[0.445s] Level 1:colcon.colcon_core.package_identification:_identify(src/bumperbot_msgs) by extension 'ros'
[0.446s] DEBUG:colcon.colcon_core.package_identification:Package 'src/bumperbot_msgs' with type 'ros.ament_cmake' and name 'bumperbot_msgs'
[0.446s] Level 1:colcon.colcon_core.package_identification:_identify(src/bumperbot_utils) by extensions ['ignore', 'ignore_ament_install']
[0.446s] Level 1:colcon.colcon_core.package_identification:_identify(src/bumperbot_utils) by extension 'ignore'
[0.446s] Level 1:colcon.colcon_core.package_identification:_identify(src/bumperbot_utils) by extension 'ignore_ament_install'
[0.446s] Level 1:colcon.colcon_core.package_identification:_identify(src/bumperbot_utils) by extensions ['colcon_pkg']
[0.446s] Level 1:colcon.colcon_core.package_identification:_identify(src/bumperbot_utils) by extension 'colcon_pkg'
[0.446s] Level 1:colcon.colcon_core.package_identification:_identify(src/bumperbot_utils) by extensions ['colcon_meta']
[0.446s] Level 1:colcon.colcon_core.package_identification:_identify(src/bumperbot_utils) by extension 'colcon_meta'
[0.446s] Level 1:colcon.colcon_core.package_identification:_identify(src/bumperbot_utils) by extensions ['ros']
[0.446s] Level 1:colcon.colcon_core.package_identification:_identify(src/bumperbot_utils) by extension 'ros'
[0.447s] DEBUG:colcon.colcon_core.package_identification:Package 'src/bumperbot_utils' with type 'ros.ament_cmake' and name 'bumperbot_utils'
[0.447s] Level 1:colcon.colcon_core.package_discovery:discover_packages(recursive) using defaults
[0.447s] Level 1:colcon.colcon_core.package_discovery:discover_packages(ignore) discover
[0.447s] Level 1:colcon.colcon_core.package_discovery:discover_packages(ignore) using defaults
[0.447s] Level 1:colcon.colcon_core.package_discovery:discover_packages(path) discover
[0.447s] Level 1:colcon.colcon_core.package_discovery:discover_packages(path) using defaults
[0.487s] Level 1:colcon.colcon_core.package_discovery:discover_packages(prefix_path) check parameters
[0.487s] Level 1:colcon.colcon_core.package_discovery:discover_packages(prefix_path) discover
[0.494s] DEBUG:colcon.colcon_installed_package_information.package_discovery:Found 372 installed packages in /opt/ros/humble
[0.496s] Level 1:colcon.colcon_core.package_discovery:discover_packages(prefix_path) using defaults
[0.544s] Level 5:colcon.colcon_core.verb:set package 'bumperbot_controller' build argument 'cmake_args' from command line to 'None'
[0.544s] Level 5:colcon.colcon_core.verb:set package 'bumperbot_controller' build argument 'cmake_target' from command line to 'None'
[0.544s] Level 5:colcon.colcon_core.verb:set package 'bumperbot_controller' build argument 'cmake_target_skip_unavailable' from command line to 'False'
[0.544s] Level 5:colcon.colcon_core.verb:set package 'bumperbot_controller' build argument 'cmake_clean_cache' from command line to 'False'
[0.544s] Level 5:colcon.colcon_core.verb:set package 'bumperbot_controller' build argument 'cmake_clean_first' from command line to 'False'
[0.544s] Level 5:colcon.colcon_core.verb:set package 'bumperbot_controller' build argument 'cmake_force_configure' from command line to 'False'
[0.544s] Level 5:colcon.colcon_core.verb:set package 'bumperbot_controller' build argument 'ament_cmake_args' from command line to 'None'
[0.544s] Level 5:colcon.colcon_core.verb:set package 'bumperbot_controller' build argument 'catkin_cmake_args' from command line to 'None'
[0.544s] Level 5:colcon.colcon_core.verb:set package 'bumperbot_controller' build argument 'catkin_skip_building_tests' from command line to 'False'
[0.544s] DEBUG:colcon.colcon_core.verb:Building package 'bumperbot_controller' with the following arguments: {'ament_cmake_args': None, 'build_base': '/home/shady/bumperbot_ws/build/bumperbot_controller', 'catkin_cmake_args': None, 'catkin_skip_building_tests': False, 'cmake_args': None, 'cmake_clean_cache': False, 'cmake_clean_first': False, 'cmake_force_configure': False, 'cmake_target': None, 'cmake_target_skip_unavailable': False, 'install_base': '/home/shady/bumperbot_ws/install/bumperbot_controller', 'merge_install': False, 'path': '/home/shady/bumperbot_ws/src/bumperbot_controller', 'symlink_install': False, 'test_result_base': None}
[0.545s] Level 5:colcon.colcon_core.verb:set package 'bumperbot_description' build argument 'cmake_args' from command line to 'None'
[0.545s] Level 5:colcon.colcon_core.verb:set package 'bumperbot_description' build argument 'cmake_target' from command line to 'None'
[0.545s] Level 5:colcon.colcon_core.verb:set package 'bumperbot_description' build argument 'cmake_target_skip_unavailable' from command line to 'False'
[0.545s] Level 5:colcon.colcon_core.verb:set package 'bumperbot_description' build argument 'cmake_clean_cache' from command line to 'False'
[0.545s] Level 5:colcon.colcon_core.verb:set package 'bumperbot_description' build argument 'cmake_clean_first' from command line to 'False'
[0.545s] Level 5:colcon.colcon_core.verb:set package 'bumperbot_description' build argument 'cmake_force_configure' from command line to 'False'
[0.545s] Level 5:colcon.colcon_core.verb:set package 'bumperbot_description' build argument 'ament_cmake_args' from command line to 'None'
[0.545s] Level 5:colcon.colcon_core.verb:set package 'bumperbot_description' build argument 'catkin_cmake_args' from command line to 'None'
[0.545s] Level 5:colcon.colcon_core.verb:set package 'bumperbot_description' build argument 'catkin_skip_building_tests' from command line to 'False'
[0.545s] DEBUG:colcon.colcon_core.verb:Building package 'bumperbot_description' with the following arguments: {'ament_cmake_args': None, 'build_base': '/home/shady/bumperbot_ws/build/bumperbot_description', 'catkin_cmake_args': None, 'catkin_skip_building_tests': False, 'cmake_args': None, 'cmake_clean_cache': False, 'cmake_clean_first': False, 'cmake_force_configure': False, 'cmake_target': None, 'cmake_target_skip_unavailable': False, 'install_base': '/home/shady/bumperbot_ws/install/bumperbot_description', 'merge_install': False, 'path': '/home/shady/bumperbot_ws/src/bumperbot_description', 'symlink_install': False, 'test_result_base': None}
[0.545s] Level 5:colcon.colcon_core.verb:set package 'bumperbot_localization' build argument 'cmake_args' from command line to 'None'
[0.545s] Level 5:colcon.colcon_core.verb:set package 'bumperbot_localization' build argument 'cmake_target' from command line to 'None'
[0.545s] Level 5:colcon.colcon_core.verb:set package 'bumperbot_localization' build argument 'cmake_target_skip_unavailable' from command line to 'False'
[0.545s] Level 5:colcon.colcon_core.verb:set package 'bumperbot_localization' build argument 'cmake_clean_cache' from command line to 'False'
[0.545s] Level 5:colcon.colcon_core.verb:set package 'bumperbot_localization' build argument 'cmake_clean_first' from command line to 'False'
[0.545s] Level 5:colcon.colcon_core.verb:set package 'bumperbot_localization' build argument 'cmake_force_configure' from command line to 'False'
[0.545s] Level 5:colcon.colcon_core.verb:set package 'bumperbot_localization' build argument 'ament_cmake_args' from command line to 'None'
[0.545s] Level 5:colcon.colcon_core.verb:set package 'bumperbot_localization' build argument 'catkin_cmake_args' from command line to 'None'
[0.545s] Level 5:colcon.colcon_core.verb:set package 'bumperbot_localization' build argument 'catkin_skip_building_tests' from command line to 'False'
[0.545s] DEBUG:colcon.colcon_core.verb:Building package 'bumperbot_localization' with the following arguments: {'ament_cmake_args': None, 'build_base': '/home/shady/bumperbot_ws/build/bumperbot_localization', 'catkin_cmake_args': None, 'catkin_skip_building_tests': False, 'cmake_args': None, 'cmake_clean_cache': False, 'cmake_clean_first': False, 'cmake_force_configure': False, 'cmake_target': None, 'cmake_target_skip_unavailable': False, 'install_base': '/home/shady/bumperbot_ws/install/bumperbot_localization', 'merge_install': False, 'path': '/home/shady/bumperbot_ws/src/bumperbot_localization', 'symlink_install': False, 'test_result_base': None}
[0.546s] Level 5:colcon.colcon_core.verb:set package 'bumperbot_mapping' build argument 'cmake_args' from command line to 'None'
[0.546s] Level 5:colcon.colcon_core.verb:set package 'bumperbot_mapping' build argument 'cmake_target' from command line to 'None'
[0.546s] Level 5:colcon.colcon_core.verb:set package 'bumperbot_mapping' build argument 'cmake_target_skip_unavailable' from command line to 'False'
[0.546s] Level 5:colcon.colcon_core.verb:set package 'bumperbot_mapping' build argument 'cmake_clean_cache' from command line to 'False'
[0.546s] Level 5:colcon.colcon_core.verb:set package 'bumperbot_mapping' build argument 'cmake_clean_first' from command line to 'False'
[0.546s] Level 5:colcon.colcon_core.verb:set package 'bumperbot_mapping' build argument 'cmake_force_configure' from command line to 'False'
[0.546s] Level 5:colcon.colcon_core.verb:set package 'bumperbot_mapping' build argument 'ament_cmake_args' from command line to 'None'
[0.546s] Level 5:colcon.colcon_core.verb:set package 'bumperbot_mapping' build argument 'catkin_cmake_args' from command line to 'None'
[0.546s] Level 5:colcon.colcon_core.verb:set package 'bumperbot_mapping' build argument 'catkin_skip_building_tests' from command line to 'False'
[0.546s] DEBUG:colcon.colcon_core.verb:Building package 'bumperbot_mapping' with the following arguments: {'ament_cmake_args': None, 'build_base': '/home/shady/bumperbot_ws/build/bumperbot_mapping', 'catkin_cmake_args': None, 'catkin_skip_building_tests': False, 'cmake_args': None, 'cmake_clean_cache': False, 'cmake_clean_first': False, 'cmake_force_configure': False, 'cmake_target': None, 'cmake_target_skip_unavailable': False, 'install_base': '/home/shady/bumperbot_ws/install/bumperbot_mapping', 'merge_install': False, 'path': '/home/shady/bumperbot_ws/src/bumperbot_mapping', 'symlink_install': False, 'test_result_base': None}
[0.546s] Level 5:colcon.colcon_core.verb:set package 'bumperbot_msgs' build argument 'cmake_args' from command line to 'None'
[0.546s] Level 5:colcon.colcon_core.verb:set package 'bumperbot_msgs' build argument 'cmake_target' from command line to 'None'
[0.546s] Level 5:colcon.colcon_core.verb:set package 'bumperbot_msgs' build argument 'cmake_target_skip_unavailable' from command line to 'False'
[0.546s] Level 5:colcon.colcon_core.verb:set package 'bumperbot_msgs' build argument 'cmake_clean_cache' from command line to 'False'
[0.546s] Level 5:colcon.colcon_core.verb:set package 'bumperbot_msgs' build argument 'cmake_clean_first' from command line to 'False'
[0.546s] Level 5:colcon.colcon_core.verb:set package 'bumperbot_msgs' build argument 'cmake_force_configure' from command line to 'False'
[0.546s] Level 5:colcon.colcon_core.verb:set package 'bumperbot_msgs' build argument 'ament_cmake_args' from command line to 'None'
[0.546s] Level 5:colcon.colcon_core.verb:set package 'bumperbot_msgs' build argument 'catkin_cmake_args' from command line to 'None'
[0.546s] Level 5:colcon.colcon_core.verb:set package 'bumperbot_msgs' build argument 'catkin_skip_building_tests' from command line to 'False'
[0.546s] DEBUG:colcon.colcon_core.verb:Building package 'bumperbot_msgs' with the following arguments: {'ament_cmake_args': None, 'build_base': '/home/shady/bumperbot_ws/build/bumperbot_msgs', 'catkin_cmake_args': None, 'catkin_skip_building_tests': False, 'cmake_args': None, 'cmake_clean_cache': False, 'cmake_clean_first': False, 'cmake_force_configure': False, 'cmake_target': None, 'cmake_target_skip_unavailable': False, 'install_base': '/home/shady/bumperbot_ws/install/bumperbot_msgs', 'merge_install': False, 'path': '/home/shady/bumperbot_ws/src/bumperbot_msgs', 'symlink_install': False, 'test_result_base': None}
[0.547s] Level 5:colcon.colcon_core.verb:set package 'bumperbot_utils' build argument 'cmake_args' from command line to 'None'
[0.547s] Level 5:colcon.colcon_core.verb:set package 'bumperbot_utils' build argument 'cmake_target' from command line to 'None'
[0.547s] Level 5:colcon.colcon_core.verb:set package 'bumperbot_utils' build argument 'cmake_target_skip_unavailable' from command line to 'False'
[0.547s] Level 5:colcon.colcon_core.verb:set package 'bumperbot_utils' build argument 'cmake_clean_cache' from command line to 'False'
[0.547s] Level 5:colcon.colcon_core.verb:set package 'bumperbot_utils' build argument 'cmake_clean_first' from command line to 'False'
[0.547s] Level 5:colcon.colcon_core.verb:set package 'bumperbot_utils' build argument 'cmake_force_configure' from command line to 'False'
[0.547s] Level 5:colcon.colcon_core.verb:set package 'bumperbot_utils' build argument 'ament_cmake_args' from command line to 'None'
[0.547s] Level 5:colcon.colcon_core.verb:set package 'bumperbot_utils' build argument 'catkin_cmake_args' from command line to 'None'
[0.547s] Level 5:colcon.colcon_core.verb:set package 'bumperbot_utils' build argument 'catkin_skip_building_tests' from command line to 'False'
[0.547s] DEBUG:colcon.colcon_core.verb:Building package 'bumperbot_utils' with the following arguments: {'ament_cmake_args': None, 'build_base': '/home/shady/bumperbot_ws/build/bumperbot_utils', 'catkin_cmake_args': None, 'catkin_skip_building_tests': False, 'cmake_args': None, 'cmake_clean_cache': False, 'cmake_clean_first': False, 'cmake_force_configure': False, 'cmake_target': None, 'cmake_target_skip_unavailable': False, 'install_base': '/home/shady/bumperbot_ws/install/bumperbot_utils', 'merge_install': False, 'path': '/home/shady/bumperbot_ws/src/bumperbot_utils', 'symlink_install': False, 'test_result_base': None}
[0.547s] Level 5:colcon.colcon_core.verb:set package 'bumperbot_bringup' build argument 'cmake_args' from command line to 'None'
[0.547s] Level 5:colcon.colcon_core.verb:set package 'bumperbot_bringup' build argument 'cmake_target' from command line to 'None'
[0.547s] Level 5:colcon.colcon_core.verb:set package 'bumperbot_bringup' build argument 'cmake_target_skip_unavailable' from command line to 'False'
[0.547s] Level 5:colcon.colcon_core.verb:set package 'bumperbot_bringup' build argument 'cmake_clean_cache' from command line to 'False'
[0.547s] Level 5:colcon.colcon_core.verb:set package 'bumperbot_bringup' build argument 'cmake_clean_first' from command line to 'False'
[0.547s] Level 5:colcon.colcon_core.verb:set package 'bumperbot_bringup' build argument 'cmake_force_configure' from command line to 'False'
[0.547s] Level 5:colcon.colcon_core.verb:set package 'bumperbot_bringup' build argument 'ament_cmake_args' from command line to 'None'
[0.547s] Level 5:colcon.colcon_core.verb:set package 'bumperbot_bringup' build argument 'catkin_cmake_args' from command line to 'None'
[0.547s] Level 5:colcon.colcon_core.verb:set package 'bumperbot_bringup' build argument 'catkin_skip_building_tests' from command line to 'False'
[0.547s] DEBUG:colcon.colcon_core.verb:Building package 'bumperbot_bringup' with the following arguments: {'ament_cmake_args': None, 'build_base': '/home/shady/bumperbot_ws/build/bumperbot_bringup', 'catkin_cmake_args': None, 'catkin_skip_building_tests': False, 'cmake_args': None, 'cmake_clean_cache': False, 'cmake_clean_first': False, 'cmake_force_configure': False, 'cmake_target': None, 'cmake_target_skip_unavailable': False, 'install_base': '/home/shady/bumperbot_ws/install/bumperbot_bringup', 'merge_install': False, 'path': '/home/shady/bumperbot_ws/src/bumperbot_bringup', 'symlink_install': False, 'test_result_base': None}
[0.548s] INFO:colcon.colcon_core.executor:Executing jobs using 'parallel' executor
[0.549s] DEBUG:colcon.colcon_parallel_executor.executor.parallel:run_until_complete
[0.549s] INFO:colcon.colcon_ros.task.ament_cmake.build:Building ROS package in '/home/shady/bumperbot_ws/src/bumperbot_controller' with build type 'ament_cmake'
[0.549s] INFO:colcon.colcon_cmake.task.cmake.build:Building CMake package in '/home/shady/bumperbot_ws/src/bumperbot_controller'
[0.553s] INFO:colcon.colcon_core.plugin_system:Skipping extension 'colcon_core.shell.bat': Not used on non-Windows systems
[0.553s] INFO:colcon.colcon_core.shell:Skip shell extension 'powershell' for command environment: Not usable outside of PowerShell
[0.553s] DEBUG:colcon.colcon_core.shell:Skip shell extension 'dsv' for command environment
[0.557s] INFO:colcon.colcon_ros.task.ament_cmake.build:Building ROS package in '/home/shady/bumperbot_ws/src/bumperbot_description' with build type 'ament_cmake'
[0.557s] INFO:colcon.colcon_cmake.task.cmake.build:Building CMake package in '/home/shady/bumperbot_ws/src/bumperbot_description'
[0.557s] INFO:colcon.colcon_core.shell:Skip shell extension 'powershell' for command environment: Not usable outside of PowerShell
[0.557s] DEBUG:colcon.colcon_core.shell:Skip shell extension 'dsv' for command environment
[0.561s] INFO:colcon.colcon_ros.task.ament_cmake.build:Building ROS package in '/home/shady/bumperbot_ws/src/bumperbot_localization' with build type 'ament_cmake'
[0.561s] INFO:colcon.colcon_cmake.task.cmake.build:Building CMake package in '/home/shady/bumperbot_ws/src/bumperbot_localization'
[0.561s] INFO:colcon.colcon_core.shell:Skip shell extension 'powershell' for command environment: Not usable outside of PowerShell
[0.561s] DEBUG:colcon.colcon_core.shell:Skip shell extension 'dsv' for command environment
[0.567s] INFO:colcon.colcon_ros.task.ament_cmake.build:Building ROS package in '/home/shady/bumperbot_ws/src/bumperbot_mapping' with build type 'ament_cmake'
[0.567s] INFO:colcon.colcon_cmake.task.cmake.build:Building CMake package in '/home/shady/bumperbot_ws/src/bumperbot_mapping'
[0.567s] INFO:colcon.colcon_core.shell:Skip shell extension 'powershell' for command environment: Not usable outside of PowerShell
[0.567s] DEBUG:colcon.colcon_core.shell:Skip shell extension 'dsv' for command environment
[0.571s] INFO:colcon.colcon_ros.task.ament_cmake.build:Building ROS package in '/home/shady/bumperbot_ws/src/bumperbot_msgs' with build type 'ament_cmake'
[0.571s] INFO:colcon.colcon_cmake.task.cmake.build:Building CMake package in '/home/shady/bumperbot_ws/src/bumperbot_msgs'
[0.571s] INFO:colcon.colcon_core.shell:Skip shell extension 'powershell' for command environment: Not usable outside of PowerShell
[0.571s] DEBUG:colcon.colcon_core.shell:Skip shell extension 'dsv' for command environment
[0.574s] INFO:colcon.colcon_ros.task.ament_cmake.build:Building ROS package in '/home/shady/bumperbot_ws/src/bumperbot_utils' with build type 'ament_cmake'
[0.574s] INFO:colcon.colcon_cmake.task.cmake.build:Building CMake package in '/home/shady/bumperbot_ws/src/bumperbot_utils'
[0.574s] INFO:colcon.colcon_core.shell:Skip shell extension 'powershell' for command environment: Not usable outside of PowerShell
[0.574s] DEBUG:colcon.colcon_core.shell:Skip shell extension 'dsv' for command environment
[0.587s] DEBUG:colcon.colcon_core.event_handler.log_command:Invoking command in '/home/shady/bumperbot_ws/build/bumperbot_controller': CMAKE_PREFIX_PATH=/opt/ros/humble /usr/bin/cmake --build /home/shady/bumperbot_ws/build/bumperbot_controller -- -j8 -l8
[0.591s] DEBUG:colcon.colcon_core.event_handler.log_command:Invoking command in '/home/shady/bumperbot_ws/build/bumperbot_description': CMAKE_PREFIX_PATH=/opt/ros/humble /usr/bin/cmake --build /home/shady/bumperbot_ws/build/bumperbot_description -- -j8 -l8
[0.595s] DEBUG:colcon.colcon_core.event_handler.log_command:Invoking command in '/home/shady/bumperbot_ws/build/bumperbot_localization': CMAKE_PREFIX_PATH=/opt/ros/humble /usr/bin/cmake --build /home/shady/bumperbot_ws/build/bumperbot_localization -- -j8 -l8
[0.599s] DEBUG:colcon.colcon_core.event_handler.log_command:Invoking command in '/home/shady/bumperbot_ws/build/bumperbot_mapping': CMAKE_PREFIX_PATH=/opt/ros/humble /usr/bin/cmake --build /home/shady/bumperbot_ws/build/bumperbot_mapping -- -j8 -l8
[0.604s] DEBUG:colcon.colcon_core.event_handler.log_command:Invoking command in '/home/shady/bumperbot_ws/build/bumperbot_msgs': CMAKE_PREFIX_PATH=/opt/ros/humble /usr/bin/cmake --build /home/shady/bumperbot_ws/build/bumperbot_msgs -- -j8 -l8
[0.611s] DEBUG:colcon.colcon_core.event_handler.log_command:Invoking command in '/home/shady/bumperbot_ws/build/bumperbot_utils': CMAKE_PREFIX_PATH=/opt/ros/humble /usr/bin/cmake --build /home/shady/bumperbot_ws/build/bumperbot_utils -- -j8 -l8
[0.713s] DEBUG:colcon.colcon_core.event_handler.log_command:Invoked command in '/home/shady/bumperbot_ws/build/bumperbot_description' returned '0': CMAKE_PREFIX_PATH=/opt/ros/humble /usr/bin/cmake --build /home/shady/bumperbot_ws/build/bumperbot_description -- -j8 -l8
[0.804s] DEBUG:colcon.colcon_core.event_handler.log_command:Invoking command in '/home/shady/bumperbot_ws/build/bumperbot_description': CMAKE_PREFIX_PATH=/opt/ros/humble /usr/bin/cmake --install /home/shady/bumperbot_ws/build/bumperbot_description
[1.144s] Level 1:colcon.colcon_core.environment:create_environment_scripts_only(bumperbot_description)
[1.199s] Level 1:colcon.colcon_core.environment:checking '/home/shady/bumperbot_ws/install/bumperbot_description' for CMake module files
[1.200s] Level 1:colcon.colcon_core.environment:checking '/home/shady/bumperbot_ws/install/bumperbot_description' for CMake config files
[1.209s] DEBUG:colcon.colcon_core.event_handler.log_command:Invoked command in '/home/shady/bumperbot_ws/build/bumperbot_description' returned '0': CMAKE_PREFIX_PATH=/opt/ros/humble /usr/bin/cmake --install /home/shady/bumperbot_ws/build/bumperbot_description
[1.210s] Level 1:colcon.colcon_core.shell:create_environment_hook('bumperbot_description', 'cmake_prefix_path')
[1.211s] INFO:colcon.colcon_core.shell:Creating environment hook '/home/shady/bumperbot_ws/install/bumperbot_description/share/bumperbot_description/hook/cmake_prefix_path.ps1'
[1.212s] INFO:colcon.colcon_core.shell:Creating environment descriptor '/home/shady/bumperbot_ws/install/bumperbot_description/share/bumperbot_description/hook/cmake_prefix_path.dsv'
[1.213s] INFO:colcon.colcon_core.shell:Creating environment hook '/home/shady/bumperbot_ws/install/bumperbot_description/share/bumperbot_description/hook/cmake_prefix_path.sh'
[1.214s] Level 1:colcon.colcon_core.environment:checking '/home/shady/bumperbot_ws/install/bumperbot_description/bin'
[1.214s] Level 1:colcon.colcon_core.environment:checking '/home/shady/bumperbot_ws/install/bumperbot_description/lib/pkgconfig/bumperbot_description.pc'
[1.215s] Level 1:colcon.colcon_core.environment:checking '/home/shady/bumperbot_ws/install/bumperbot_description/lib/python3.10/site-packages'
[1.215s] Level 1:colcon.colcon_core.environment:checking '/home/shady/bumperbot_ws/install/bumperbot_description/bin'
[1.219s] INFO:colcon.colcon_core.shell:Creating package script '/home/shady/bumperbot_ws/install/bumperbot_description/share/bumperbot_description/package.ps1'
[1.221s] INFO:colcon.colcon_core.shell:Creating package descriptor '/home/shady/bumperbot_ws/install/bumperbot_description/share/bumperbot_description/package.dsv'
[1.225s] INFO:colcon.colcon_core.shell:Creating package script '/home/shady/bumperbot_ws/install/bumperbot_description/share/bumperbot_description/package.sh'
[1.227s] INFO:colcon.colcon_core.shell:Creating package script '/home/shady/bumperbot_ws/install/bumperbot_description/share/bumperbot_description/package.bash'
[1.228s] INFO:colcon.colcon_core.shell:Creating package script '/home/shady/bumperbot_ws/install/bumperbot_description/share/bumperbot_description/package.zsh'
[1.233s] Level 1:colcon.colcon_core.environment:create_file_with_runtime_dependencies(/home/shady/bumperbot_ws/install/bumperbot_description/share/colcon-core/packages/bumperbot_description)
[1.353s] Level 1:colcon.colcon_core.environment:create_environment_scripts_only(bumperbot_description)
[1.354s] Level 1:colcon.colcon_core.environment:checking '/home/shady/bumperbot_ws/install/bumperbot_description' for CMake module files
[1.355s] Level 1:colcon.colcon_core.environment:checking '/home/shady/bumperbot_ws/install/bumperbot_description' for CMake config files
[1.355s] Level 1:colcon.colcon_core.shell:create_environment_hook('bumperbot_description', 'cmake_prefix_path')
[1.356s] INFO:colcon.colcon_core.shell:Creating environment hook '/home/shady/bumperbot_ws/install/bumperbot_description/share/bumperbot_description/hook/cmake_prefix_path.ps1'
[1.356s] INFO:colcon.colcon_core.shell:Creating environment descriptor '/home/shady/bumperbot_ws/install/bumperbot_description/share/bumperbot_description/hook/cmake_prefix_path.dsv'
[1.362s] INFO:colcon.colcon_core.shell:Creating environment hook '/home/shady/bumperbot_ws/install/bumperbot_description/share/bumperbot_description/hook/cmake_prefix_path.sh'
[1.363s] Level 1:colcon.colcon_core.environment:checking '/home/shady/bumperbot_ws/install/bumperbot_description/bin'
[1.363s] Level 1:colcon.colcon_core.environment:checking '/home/shady/bumperbot_ws/install/bumperbot_description/lib/pkgconfig/bumperbot_description.pc'
[1.364s] Level 1:colcon.colcon_core.environment:checking '/home/shady/bumperbot_ws/install/bumperbot_description/lib/python3.10/site-packages'
[1.364s] Level 1:colcon.colcon_core.environment:checking '/home/shady/bumperbot_ws/install/bumperbot_description/bin'
[1.364s] INFO:colcon.colcon_core.shell:Creating package script '/home/shady/bumperbot_ws/install/bumperbot_description/share/bumperbot_description/package.ps1'
[1.365s] INFO:colcon.colcon_core.shell:Creating package descriptor '/home/shady/bumperbot_ws/install/bumperbot_description/share/bumperbot_description/package.dsv'
[1.366s] INFO:colcon.colcon_core.shell:Creating package script '/home/shady/bumperbot_ws/install/bumperbot_description/share/bumperbot_description/package.sh'
[1.374s] INFO:colcon.colcon_core.shell:Creating package script '/home/shady/bumperbot_ws/install/bumperbot_description/share/bumperbot_description/package.bash'
[1.378s] INFO:colcon.colcon_core.shell:Creating package script '/home/shady/bumperbot_ws/install/bumperbot_description/share/bumperbot_description/package.zsh'
[1.379s] Level 1:colcon.colcon_core.environment:create_file_with_runtime_dependencies(/home/shady/bumperbot_ws/install/bumperbot_description/share/colcon-core/packages/bumperbot_description)
[5.588s] DEBUG:colcon.colcon_core.event_handler.log_command:Invoked command in '/home/shady/bumperbot_ws/build/bumperbot_msgs' returned '0': CMAKE_PREFIX_PATH=/opt/ros/humble /usr/bin/cmake --build /home/shady/bumperbot_ws/build/bumperbot_msgs -- -j8 -l8
[5.764s] DEBUG:colcon.colcon_core.event_handler.log_command:Invoking command in '/home/shady/bumperbot_ws/build/bumperbot_msgs': CMAKE_PREFIX_PATH=/opt/ros/humble /usr/bin/cmake --install /home/shady/bumperbot_ws/build/bumperbot_msgs
[5.915s] Level 1:colcon.colcon_core.environment:create_environment_scripts_only(bumperbot_msgs)
[5.916s] Level 1:colcon.colcon_core.environment:checking '/home/shady/bumperbot_ws/install/bumperbot_msgs' for CMake module files
[5.917s] Level 1:colcon.colcon_core.environment:checking '/home/shady/bumperbot_ws/install/bumperbot_msgs' for CMake config files
[5.917s] Level 1:colcon.colcon_core.shell:create_environment_hook('bumperbot_msgs', 'cmake_prefix_path')
[5.918s] INFO:colcon.colcon_core.shell:Creating environment hook '/home/shady/bumperbot_ws/install/bumperbot_msgs/share/bumperbot_msgs/hook/cmake_prefix_path.ps1'
[5.918s] DEBUG:colcon.colcon_core.event_handler.log_command:Invoked command in '/home/shady/bumperbot_ws/build/bumperbot_msgs' returned '0': CMAKE_PREFIX_PATH=/opt/ros/humble /usr/bin/cmake --install /home/shady/bumperbot_ws/build/bumperbot_msgs
[5.919s] INFO:colcon.colcon_core.shell:Creating environment descriptor '/home/shady/bumperbot_ws/install/bumperbot_msgs/share/bumperbot_msgs/hook/cmake_prefix_path.dsv'
[5.920s] INFO:colcon.colcon_core.shell:Creating environment hook '/home/shady/bumperbot_ws/install/bumperbot_msgs/share/bumperbot_msgs/hook/cmake_prefix_path.sh'
[5.920s] Level 1:colcon.colcon_core.environment:checking '/home/shady/bumperbot_ws/install/bumperbot_msgs/lib'
[5.921s] Level 1:colcon.colcon_core.shell:create_environment_hook('bumperbot_msgs', 'ld_library_path_lib')
[5.921s] INFO:colcon.colcon_core.shell:Creating environment hook '/home/shady/bumperbot_ws/install/bumperbot_msgs/share/bumperbot_msgs/hook/ld_library_path_lib.ps1'
[5.922s] INFO:colcon.colcon_core.shell:Creating environment descriptor '/home/shady/bumperbot_ws/install/bumperbot_msgs/share/bumperbot_msgs/hook/ld_library_path_lib.dsv'
[5.922s] INFO:colcon.colcon_core.shell:Creating environment hook '/home/shady/bumperbot_ws/install/bumperbot_msgs/share/bumperbot_msgs/hook/ld_library_path_lib.sh'
[5.923s] Level 1:colcon.colcon_core.environment:checking '/home/shady/bumperbot_ws/install/bumperbot_msgs/bin'
[5.923s] Level 1:colcon.colcon_core.environment:checking '/home/shady/bumperbot_ws/install/bumperbot_msgs/lib/pkgconfig/bumperbot_msgs.pc'
[5.924s] Level 1:colcon.colcon_core.environment:checking '/home/shady/bumperbot_ws/install/bumperbot_msgs/lib/python3.10/site-packages'
[5.924s] Level 1:colcon.colcon_core.environment:checking '/home/shady/bumperbot_ws/install/bumperbot_msgs/bin'
[5.925s] INFO:colcon.colcon_core.shell:Creating package script '/home/shady/bumperbot_ws/install/bumperbot_msgs/share/bumperbot_msgs/package.ps1'
[5.925s] INFO:colcon.colcon_core.shell:Creating package descriptor '/home/shady/bumperbot_ws/install/bumperbot_msgs/share/bumperbot_msgs/package.dsv'
[5.929s] INFO:colcon.colcon_core.shell:Creating package script '/home/shady/bumperbot_ws/install/bumperbot_msgs/share/bumperbot_msgs/package.sh'
[5.930s] INFO:colcon.colcon_core.shell:Creating package script '/home/shady/bumperbot_ws/install/bumperbot_msgs/share/bumperbot_msgs/package.bash'
[5.930s] INFO:colcon.colcon_core.shell:Creating package script '/home/shady/bumperbot_ws/install/bumperbot_msgs/share/bumperbot_msgs/package.zsh'
[5.931s] Level 1:colcon.colcon_core.environment:create_file_with_runtime_dependencies(/home/shady/bumperbot_ws/install/bumperbot_msgs/share/colcon-core/packages/bumperbot_msgs)
[6.091s] Level 1:colcon.colcon_core.environment:create_environment_scripts_only(bumperbot_msgs)
[6.091s] Level 1:colcon.colcon_core.environment:checking '/home/shady/bumperbot_ws/install/bumperbot_msgs' for CMake module files
[6.092s] Level 1:colcon.colcon_core.environment:checking '/home/shady/bumperbot_ws/install/bumperbot_msgs' for CMake config files
[6.093s] Level 1:colcon.colcon_core.shell:create_environment_hook('bumperbot_msgs', 'cmake_prefix_path')
[6.093s] INFO:colcon.colcon_core.shell:Creating environment hook '/home/shady/bumperbot_ws/install/bumperbot_msgs/share/bumperbot_msgs/hook/cmake_prefix_path.ps1'
[6.094s] INFO:colcon.colcon_core.shell:Creating environment descriptor '/home/shady/bumperbot_ws/install/bumperbot_msgs/share/bumperbot_msgs/hook/cmake_prefix_path.dsv'
[6.094s] INFO:colcon.colcon_core.shell:Creating environment hook '/home/shady/bumperbot_ws/install/bumperbot_msgs/share/bumperbot_msgs/hook/cmake_prefix_path.sh'
[6.095s] Level 1:colcon.colcon_core.environment:checking '/home/shady/bumperbot_ws/install/bumperbot_msgs/lib'
[6.095s] Level 1:colcon.colcon_core.shell:create_environment_hook('bumperbot_msgs', 'ld_library_path_lib')
[6.096s] INFO:colcon.colcon_core.shell:Creating environment hook '/home/shady/bumperbot_ws/install/bumperbot_msgs/share/bumperbot_msgs/hook/ld_library_path_lib.ps1'
[6.096s] INFO:colcon.colcon_core.shell:Creating environment descriptor '/home/shady/bumperbot_ws/install/bumperbot_msgs/share/bumperbot_msgs/hook/ld_library_path_lib.dsv'
[6.097s] INFO:colcon.colcon_core.shell:Creating environment hook '/home/shady/bumperbot_ws/install/bumperbot_msgs/share/bumperbot_msgs/hook/ld_library_path_lib.sh'
[6.097s] Level 1:colcon.colcon_core.environment:checking '/home/shady/bumperbot_ws/install/bumperbot_msgs/bin'
[6.097s] Level 1:colcon.colcon_core.environment:checking '/home/shady/bumperbot_ws/install/bumperbot_msgs/lib/pkgconfig/bumperbot_msgs.pc'
[6.098s] Level 1:colcon.colcon_core.environment:checking '/home/shady/bumperbot_ws/install/bumperbot_msgs/lib/python3.10/site-packages'
[6.098s] Level 1:colcon.colcon_core.environment:checking '/home/shady/bumperbot_ws/install/bumperbot_msgs/bin'
[6.099s] INFO:colcon.colcon_core.shell:Creating package script '/home/shady/bumperbot_ws/install/bumperbot_msgs/share/bumperbot_msgs/package.ps1'
[6.100s] INFO:colcon.colcon_core.shell:Creating package descriptor '/home/shady/bumperbot_ws/install/bumperbot_msgs/share/bumperbot_msgs/package.dsv'
[6.101s] INFO:colcon.colcon_core.shell:Creating package script '/home/shady/bumperbot_ws/install/bumperbot_msgs/share/bumperbot_msgs/package.sh'
[6.102s] INFO:colcon.colcon_core.shell:Creating package script '/home/shady/bumperbot_ws/install/bumperbot_msgs/share/bumperbot_msgs/package.bash'
[6.103s] INFO:colcon.colcon_core.shell:Creating package script '/home/shady/bumperbot_ws/install/bumperbot_msgs/share/bumperbot_msgs/package.zsh'
[6.103s] Level 1:colcon.colcon_core.environment:create_file_with_runtime_dependencies(/home/shady/bumperbot_ws/install/bumperbot_msgs/share/colcon-core/packages/bumperbot_msgs)
[17.895s] DEBUG:colcon.colcon_core.event_handler.log_command:Invoked command in '/home/shady/bumperbot_ws/build/bumperbot_mapping' returned '0': CMAKE_PREFIX_PATH=/opt/ros/humble /usr/bin/cmake --build /home/shady/bumperbot_ws/build/bumperbot_mapping -- -j8 -l8
[17.927s] DEBUG:colcon.colcon_core.event_handler.log_command:Invoking command in '/home/shady/bumperbot_ws/build/bumperbot_mapping': CMAKE_PREFIX_PATH=/opt/ros/humble /usr/bin/cmake --install /home/shady/bumperbot_ws/build/bumperbot_mapping
[17.988s] Level 1:colcon.colcon_core.environment:create_environment_scripts_only(bumperbot_mapping)
[17.989s] Level 1:colcon.colcon_core.environment:checking '/home/shady/bumperbot_ws/install/bumperbot_mapping' for CMake module files
[17.990s] DEBUG:colcon.colcon_core.event_handler.log_command:Invoked command in '/home/shady/bumperbot_ws/build/bumperbot_mapping' returned '0': CMAKE_PREFIX_PATH=/opt/ros/humble /usr/bin/cmake --install /home/shady/bumperbot_ws/build/bumperbot_mapping
[17.990s] Level 1:colcon.colcon_core.environment:checking '/home/shady/bumperbot_ws/install/bumperbot_mapping' for CMake config files
[17.990s] Level 1:colcon.colcon_core.shell:create_environment_hook('bumperbot_mapping', 'cmake_prefix_path')
[17.991s] INFO:colcon.colcon_core.shell:Creating environment hook '/home/shady/bumperbot_ws/install/bumperbot_mapping/share/bumperbot_mapping/hook/cmake_prefix_path.ps1'
[17.991s] INFO:colcon.colcon_core.shell:Creating environment descriptor '/home/shady/bumperbot_ws/install/bumperbot_mapping/share/bumperbot_mapping/hook/cmake_prefix_path.dsv'
[17.992s] INFO:colcon.colcon_core.shell:Creating environment hook '/home/shady/bumperbot_ws/install/bumperbot_mapping/share/bumperbot_mapping/hook/cmake_prefix_path.sh'
[17.993s] Level 1:colcon.colcon_core.environment:checking '/home/shady/bumperbot_ws/install/bumperbot_mapping/lib'
[17.993s] Level 1:colcon.colcon_core.environment:checking '/home/shady/bumperbot_ws/install/bumperbot_mapping/bin'
[17.993s] Level 1:colcon.colcon_core.environment:checking '/home/shady/bumperbot_ws/install/bumperbot_mapping/lib/pkgconfig/bumperbot_mapping.pc'
[17.993s] Level 1:colcon.colcon_core.environment:checking '/home/shady/bumperbot_ws/install/bumperbot_mapping/lib/python3.10/site-packages'
[17.993s] Level 1:colcon.colcon_core.environment:checking '/home/shady/bumperbot_ws/install/bumperbot_mapping/bin'
[17.994s] INFO:colcon.colcon_core.shell:Creating package script '/home/shady/bumperbot_ws/install/bumperbot_mapping/share/bumperbot_mapping/package.ps1'
[17.994s] INFO:colcon.colcon_core.shell:Creating package descriptor '/home/shady/bumperbot_ws/install/bumperbot_mapping/share/bumperbot_mapping/package.dsv'
[17.995s] INFO:colcon.colcon_core.shell:Creating package script '/home/shady/bumperbot_ws/install/bumperbot_mapping/share/bumperbot_mapping/package.sh'
[17.995s] INFO:colcon.colcon_core.shell:Creating package script '/home/shady/bumperbot_ws/install/bumperbot_mapping/share/bumperbot_mapping/package.bash'
[17.995s] INFO:colcon.colcon_core.shell:Creating package script '/home/shady/bumperbot_ws/install/bumperbot_mapping/share/bumperbot_mapping/package.zsh'
[17.996s] Level 1:colcon.colcon_core.environment:create_file_with_runtime_dependencies(/home/shady/bumperbot_ws/install/bumperbot_mapping/share/colcon-core/packages/bumperbot_mapping)
[18.027s] Level 1:colcon.colcon_core.environment:create_environment_scripts_only(bumperbot_mapping)
[18.027s] Level 1:colcon.colcon_core.environment:checking '/home/shady/bumperbot_ws/install/bumperbot_mapping' for CMake module files
[18.027s] Level 1:colcon.colcon_core.environment:checking '/home/shady/bumperbot_ws/install/bumperbot_mapping' for CMake config files
[18.027s] Level 1:colcon.colcon_core.shell:create_environment_hook('bumperbot_mapping', 'cmake_prefix_path')
[18.028s] INFO:colcon.colcon_core.shell:Creating environment hook '/home/shady/bumperbot_ws/install/bumperbot_mapping/share/bumperbot_mapping/hook/cmake_prefix_path.ps1'
[18.028s] INFO:colcon.colcon_core.shell:Creating environment descriptor '/home/shady/bumperbot_ws/install/bumperbot_mapping/share/bumperbot_mapping/hook/cmake_prefix_path.dsv'
[18.029s] INFO:colcon.colcon_core.shell:Creating environment hook '/home/shady/bumperbot_ws/install/bumperbot_mapping/share/bumperbot_mapping/hook/cmake_prefix_path.sh'
[18.029s] Level 1:colcon.colcon_core.environment:checking '/home/shady/bumperbot_ws/install/bumperbot_mapping/lib'
[18.029s] Level 1:colcon.colcon_core.environment:checking '/home/shady/bumperbot_ws/install/bumperbot_mapping/bin'
[18.029s] Level 1:colcon.colcon_core.environment:checking '/home/shady/bumperbot_ws/install/bumperbot_mapping/lib/pkgconfig/bumperbot_mapping.pc'
[18.030s] Level 1:colcon.colcon_core.environment:checking '/home/shady/bumperbot_ws/install/bumperbot_mapping/lib/python3.10/site-packages'
[18.030s] Level 1:colcon.colcon_core.environment:checking '/home/shady/bumperbot_ws/install/bumperbot_mapping/bin'
[18.030s] INFO:colcon.colcon_core.shell:Creating package script '/home/shady/bumperbot_ws/install/bumperbot_mapping/share/bumperbot_mapping/package.ps1'
[18.031s] INFO:colcon.colcon_core.shell:Creating package descriptor '/home/shady/bumperbot_ws/install/bumperbot_mapping/share/bumperbot_mapping/package.dsv'
[18.031s] INFO:colcon.colcon_core.shell:Creating package script '/home/shady/bumperbot_ws/install/bumperbot_mapping/share/bumperbot_mapping/package.sh'
[18.032s] INFO:colcon.colcon_core.shell:Creating package script '/home/shady/bumperbot_ws/install/bumperbot_mapping/share/bumperbot_mapping/package.bash'
[18.032s] INFO:colcon.colcon_core.shell:Creating package script '/home/shady/bumperbot_ws/install/bumperbot_mapping/share/bumperbot_mapping/package.zsh'
[18.032s] Level 1:colcon.colcon_core.environment:create_file_with_runtime_dependencies(/home/shady/bumperbot_ws/install/bumperbot_mapping/share/colcon-core/packages/bumperbot_mapping)
[19.242s] DEBUG:colcon.colcon_core.event_handler.log_command:Invoked command in '/home/shady/bumperbot_ws/build/bumperbot_utils' returned '0': CMAKE_PREFIX_PATH=/opt/ros/humble /usr/bin/cmake --build /home/shady/bumperbot_ws/build/bumperbot_utils -- -j8 -l8
[19.273s] DEBUG:colcon.colcon_core.event_handler.log_command:Invoking command in '/home/shady/bumperbot_ws/build/bumperbot_utils': CMAKE_PREFIX_PATH=/opt/ros/humble /usr/bin/cmake --install /home/shady/bumperbot_ws/build/bumperbot_utils
[19.332s] Level 1:colcon.colcon_core.environment:create_environment_scripts_only(bumperbot_utils)
[19.332s] Level 1:colcon.colcon_core.environment:checking '/home/shady/bumperbot_ws/install/bumperbot_utils' for CMake module files
[19.333s] DEBUG:colcon.colcon_core.event_handler.log_command:Invoked command in '/home/shady/bumperbot_ws/build/bumperbot_utils' returned '0': CMAKE_PREFIX_PATH=/opt/ros/humble /usr/bin/cmake --install /home/shady/bumperbot_ws/build/bumperbot_utils
[19.334s] Level 1:colcon.colcon_core.environment:checking '/home/shady/bumperbot_ws/install/bumperbot_utils' for CMake config files
[19.334s] Level 1:colcon.colcon_core.shell:create_environment_hook('bumperbot_utils', 'cmake_prefix_path')
[19.335s] INFO:colcon.colcon_core.shell:Creating environment hook '/home/shady/bumperbot_ws/install/bumperbot_utils/share/bumperbot_utils/hook/cmake_prefix_path.ps1'
[19.335s] INFO:colcon.colcon_core.shell:Creating environment descriptor '/home/shady/bumperbot_ws/install/bumperbot_utils/share/bumperbot_utils/hook/cmake_prefix_path.dsv'
[19.336s] INFO:colcon.colcon_core.shell:Creating environment hook '/home/shady/bumperbot_ws/install/bumperbot_utils/share/bumperbot_utils/hook/cmake_prefix_path.sh'
[19.336s] Level 1:colcon.colcon_core.environment:checking '/home/shady/bumperbot_ws/install/bumperbot_utils/lib'
[19.336s] Level 1:colcon.colcon_core.environment:checking '/home/shady/bumperbot_ws/install/bumperbot_utils/bin'
[19.336s] Level 1:colcon.colcon_core.environment:checking '/home/shady/bumperbot_ws/install/bumperbot_utils/lib/pkgconfig/bumperbot_utils.pc'
[19.337s] Level 1:colcon.colcon_core.environment:checking '/home/shady/bumperbot_ws/install/bumperbot_utils/lib/python3.10/site-packages'
[19.337s] Level 1:colcon.colcon_core.environment:checking '/home/shady/bumperbot_ws/install/bumperbot_utils/bin'
[19.337s] INFO:colcon.colcon_core.shell:Creating package script '/home/shady/bumperbot_ws/install/bumperbot_utils/share/bumperbot_utils/package.ps1'
[19.338s] INFO:colcon.colcon_core.shell:Creating package descriptor '/home/shady/bumperbot_ws/install/bumperbot_utils/share/bumperbot_utils/package.dsv'
[19.338s] INFO:colcon.colcon_core.shell:Creating package script '/home/shady/bumperbot_ws/install/bumperbot_utils/share/bumperbot_utils/package.sh'
[19.339s] INFO:colcon.colcon_core.shell:Creating package script '/home/shady/bumperbot_ws/install/bumperbot_utils/share/bumperbot_utils/package.bash'
[19.339s] INFO:colcon.colcon_core.shell:Creating package script '/home/shady/bumperbot_ws/install/bumperbot_utils/share/bumperbot_utils/package.zsh'
[19.339s] Level 1:colcon.colcon_core.environment:create_file_with_runtime_dependencies(/home/shady/bumperbot_ws/install/bumperbot_utils/share/colcon-core/packages/bumperbot_utils)
[19.370s] Level 1:colcon.colcon_core.environment:create_environment_scripts_only(bumperbot_utils)
[19.370s] Level 1:colcon.colcon_core.environment:checking '/home/shady/bumperbot_ws/install/bumperbot_utils' for CMake module files
[19.371s] Level 1:colcon.colcon_core.environment:checking '/home/shady/bumperbot_ws/install/bumperbot_utils' for CMake config files
[19.371s] Level 1:colcon.colcon_core.shell:create_environment_hook('bumperbot_utils', 'cmake_prefix_path')
[19.371s] INFO:colcon.colcon_core.shell:Creating environment hook '/home/shady/bumperbot_ws/install/bumperbot_utils/share/bumperbot_utils/hook/cmake_prefix_path.ps1'
[19.372s] INFO:colcon.colcon_core.shell:Creating environment descriptor '/home/shady/bumperbot_ws/install/bumperbot_utils/share/bumperbot_utils/hook/cmake_prefix_path.dsv'
[19.372s] INFO:colcon.colcon_core.shell:Creating environment hook '/home/shady/bumperbot_ws/install/bumperbot_utils/share/bumperbot_utils/hook/cmake_prefix_path.sh'
[19.373s] Level 1:colcon.colcon_core.environment:checking '/home/shady/bumperbot_ws/install/bumperbot_utils/lib'
[19.373s] Level 1:colcon.colcon_core.environment:checking '/home/shady/bumperbot_ws/install/bumperbot_utils/bin'
[19.373s] Level 1:colcon.colcon_core.environment:checking '/home/shady/bumperbot_ws/install/bumperbot_utils/lib/pkgconfig/bumperbot_utils.pc'
[19.374s] Level 1:colcon.colcon_core.environment:checking '/home/shady/bumperbot_ws/install/bumperbot_utils/lib/python3.10/site-packages'
[19.374s] Level 1:colcon.colcon_core.environment:checking '/home/shady/bumperbot_ws/install/bumperbot_utils/bin'
[19.374s] INFO:colcon.colcon_core.shell:Creating package script '/home/shady/bumperbot_ws/install/bumperbot_utils/share/bumperbot_utils/package.ps1'
[19.375s] INFO:colcon.colcon_core.shell:Creating package descriptor '/home/shady/bumperbot_ws/install/bumperbot_utils/share/bumperbot_utils/package.dsv'
[19.376s] INFO:colcon.colcon_core.shell:Creating package script '/home/shady/bumperbot_ws/install/bumperbot_utils/share/bumperbot_utils/package.sh'
[19.376s] INFO:colcon.colcon_core.shell:Creating package script '/home/shady/bumperbot_ws/install/bumperbot_utils/share/bumperbot_utils/package.bash'
[19.377s] INFO:colcon.colcon_core.shell:Creating package script '/home/shady/bumperbot_ws/install/bumperbot_utils/share/bumperbot_utils/package.zsh'
[19.377s] Level 1:colcon.colcon_core.environment:create_file_with_runtime_dependencies(/home/shady/bumperbot_ws/install/bumperbot_utils/share/colcon-core/packages/bumperbot_utils)
[20.315s] DEBUG:colcon.colcon_core.event_handler.log_command:Invoked command in '/home/shady/bumperbot_ws/build/bumperbot_localization' returned '0': CMAKE_PREFIX_PATH=/opt/ros/humble /usr/bin/cmake --build /home/shady/bumperbot_ws/build/bumperbot_localization -- -j8 -l8
[20.354s] DEBUG:colcon.colcon_core.event_handler.log_command:Invoking command in '/home/shady/bumperbot_ws/build/bumperbot_localization': CMAKE_PREFIX_PATH=/opt/ros/humble /usr/bin/cmake --install /home/shady/bumperbot_ws/build/bumperbot_localization
[20.429s] Level 1:colcon.colcon_core.environment:create_environment_scripts_only(bumperbot_localization)
[20.429s] Level 1:colcon.colcon_core.environment:checking '/home/shady/bumperbot_ws/install/bumperbot_localization' for CMake module files
[20.430s] DEBUG:colcon.colcon_core.event_handler.log_command:Invoked command in '/home/shady/bumperbot_ws/build/bumperbot_localization' returned '0': CMAKE_PREFIX_PATH=/opt/ros/humble /usr/bin/cmake --install /home/shady/bumperbot_ws/build/bumperbot_localization
[20.430s] Level 1:colcon.colcon_core.environment:checking '/home/shady/bumperbot_ws/install/bumperbot_localization' for CMake config files
[20.430s] Level 1:colcon.colcon_core.shell:create_environment_hook('bumperbot_localization', 'cmake_prefix_path')
[20.431s] INFO:colcon.colcon_core.shell:Creating environment hook '/home/shady/bumperbot_ws/install/bumperbot_localization/share/bumperbot_localization/hook/cmake_prefix_path.ps1'
[20.431s] INFO:colcon.colcon_core.shell:Creating environment descriptor '/home/shady/bumperbot_ws/install/bumperbot_localization/share/bumperbot_localization/hook/cmake_prefix_path.dsv'
[20.432s] INFO:colcon.colcon_core.shell:Creating environment hook '/home/shady/bumperbot_ws/install/bumperbot_localization/share/bumperbot_localization/hook/cmake_prefix_path.sh'
[20.432s] Level 1:colcon.colcon_core.environment:checking '/home/shady/bumperbot_ws/install/bumperbot_localization/lib'
[20.432s] Level 1:colcon.colcon_core.environment:checking '/home/shady/bumperbot_ws/install/bumperbot_localization/bin'
[20.432s] Level 1:colcon.colcon_core.shell:create_environment_hook('bumperbot_localization', 'path')
[20.433s] INFO:colcon.colcon_core.shell:Creating environment hook '/home/shady/bumperbot_ws/install/bumperbot_localization/share/bumperbot_localization/hook/path.ps1'
[20.433s] INFO:colcon.colcon_core.shell:Creating environment descriptor '/home/shady/bumperbot_ws/install/bumperbot_localization/share/bumperbot_localization/hook/path.dsv'
[20.433s] INFO:colcon.colcon_core.shell:Creating environment hook '/home/shady/bumperbot_ws/install/bumperbot_localization/share/bumperbot_localization/hook/path.sh'
[20.434s] Level 1:colcon.colcon_core.environment:checking '/home/shady/bumperbot_ws/install/bumperbot_localization/lib/pkgconfig/bumperbot_localization.pc'
[20.434s] Level 1:colcon.colcon_core.environment:checking '/home/shady/bumperbot_ws/install/bumperbot_localization/lib/python3.10/site-packages'
[20.434s] Level 1:colcon.colcon_core.environment:checking '/home/shady/bumperbot_ws/install/bumperbot_localization/bin'
[20.434s] Level 1:colcon.colcon_core.shell:create_environment_hook('bumperbot_localization', 'pythonscriptspath')
[20.435s] INFO:colcon.colcon_core.shell:Creating environment hook '/home/shady/bumperbot_ws/install/bumperbot_localization/share/bumperbot_localization/hook/pythonscriptspath.ps1'
[20.435s] INFO:colcon.colcon_core.shell:Creating environment descriptor '/home/shady/bumperbot_ws/install/bumperbot_localization/share/bumperbot_localization/hook/pythonscriptspath.dsv'
[20.435s] INFO:colcon.colcon_core.shell:Creating environment hook '/home/shady/bumperbot_ws/install/bumperbot_localization/share/bumperbot_localization/hook/pythonscriptspath.sh'
[20.436s] INFO:colcon.colcon_core.shell:Creating package script '/home/shady/bumperbot_ws/install/bumperbot_localization/share/bumperbot_localization/package.ps1'
[20.436s] INFO:colcon.colcon_core.shell:Creating package descriptor '/home/shady/bumperbot_ws/install/bumperbot_localization/share/bumperbot_localization/package.dsv'
[20.437s] INFO:colcon.colcon_core.shell:Creating package script '/home/shady/bumperbot_ws/install/bumperbot_localization/share/bumperbot_localization/package.sh'
[20.443s] INFO:colcon.colcon_core.shell:Creating package script '/home/shady/bumperbot_ws/install/bumperbot_localization/share/bumperbot_localization/package.bash'
[20.444s] INFO:colcon.colcon_core.shell:Creating package script '/home/shady/bumperbot_ws/install/bumperbot_localization/share/bumperbot_localization/package.zsh'
[20.444s] Level 1:colcon.colcon_core.environment:create_file_with_runtime_dependencies(/home/shady/bumperbot_ws/install/bumperbot_localization/share/colcon-core/packages/bumperbot_localization)
[20.481s] Level 1:colcon.colcon_core.environment:create_environment_scripts_only(bumperbot_localization)
[20.481s] Level 1:colcon.colcon_core.environment:checking '/home/shady/bumperbot_ws/install/bumperbot_localization' for CMake module files
[20.481s] Level 1:colcon.colcon_core.environment:checking '/home/shady/bumperbot_ws/install/bumperbot_localization' for CMake config files
[20.482s] Level 1:colcon.colcon_core.shell:create_environment_hook('bumperbot_localization', 'cmake_prefix_path')
[20.482s] INFO:colcon.colcon_core.shell:Creating environment hook '/home/shady/bumperbot_ws/install/bumperbot_localization/share/bumperbot_localization/hook/cmake_prefix_path.ps1'
[20.482s] INFO:colcon.colcon_core.shell:Creating environment descriptor '/home/shady/bumperbot_ws/install/bumperbot_localization/share/bumperbot_localization/hook/cmake_prefix_path.dsv'
[20.482s] INFO:colcon.colcon_core.shell:Creating environment hook '/home/shady/bumperbot_ws/install/bumperbot_localization/share/bumperbot_localization/hook/cmake_prefix_path.sh'
[20.483s] Level 1:colcon.colcon_core.environment:checking '/home/shady/bumperbot_ws/install/bumperbot_localization/lib'
[20.483s] Level 1:colcon.colcon_core.environment:checking '/home/shady/bumperbot_ws/install/bumperbot_localization/bin'
[20.483s] Level 1:colcon.colcon_core.shell:create_environment_hook('bumperbot_localization', 'path')
[20.483s] INFO:colcon.colcon_core.shell:Creating environment hook '/home/shady/bumperbot_ws/install/bumperbot_localization/share/bumperbot_localization/hook/path.ps1'
[20.484s] INFO:colcon.colcon_core.shell:Creating environment descriptor '/home/shady/bumperbot_ws/install/bumperbot_localization/share/bumperbot_localization/hook/path.dsv'
[20.484s] INFO:colcon.colcon_core.shell:Creating environment hook '/home/shady/bumperbot_ws/install/bumperbot_localization/share/bumperbot_localization/hook/path.sh'
[20.484s] Level 1:colcon.colcon_core.environment:checking '/home/shady/bumperbot_ws/install/bumperbot_localization/lib/pkgconfig/bumperbot_localization.pc'
[20.485s] Level 1:colcon.colcon_core.environment:checking '/home/shady/bumperbot_ws/install/bumperbot_localization/lib/python3.10/site-packages'
[20.485s] Level 1:colcon.colcon_core.environment:checking '/home/shady/bumperbot_ws/install/bumperbot_localization/bin'
[20.485s] Level 1:colcon.colcon_core.shell:create_environment_hook('bumperbot_localization', 'pythonscriptspath')
[20.485s] INFO:colcon.colcon_core.shell:Creating environment hook '/home/shady/bumperbot_ws/install/bumperbot_localization/share/bumperbot_localization/hook/pythonscriptspath.ps1'
[20.485s] INFO:colcon.colcon_core.shell:Creating environment descriptor '/home/shady/bumperbot_ws/install/bumperbot_localization/share/bumperbot_localization/hook/pythonscriptspath.dsv'
[20.486s] INFO:colcon.colcon_core.shell:Creating environment hook '/home/shady/bumperbot_ws/install/bumperbot_localization/share/bumperbot_localization/hook/pythonscriptspath.sh'
[20.486s] INFO:colcon.colcon_core.shell:Creating package script '/home/shady/bumperbot_ws/install/bumperbot_localization/share/bumperbot_localization/package.ps1'
[20.487s] INFO:colcon.colcon_core.shell:Creating package descriptor '/home/shady/bumperbot_ws/install/bumperbot_localization/share/bumperbot_localization/package.dsv'
[20.487s] INFO:colcon.colcon_core.shell:Creating package script '/home/shady/bumperbot_ws/install/bumperbot_localization/share/bumperbot_localization/package.sh'
[20.488s] INFO:colcon.colcon_core.shell:Creating package script '/home/shady/bumperbot_ws/install/bumperbot_localization/share/bumperbot_localization/package.bash'
[20.488s] INFO:colcon.colcon_core.shell:Creating package script '/home/shady/bumperbot_ws/install/bumperbot_localization/share/bumperbot_localization/package.zsh'
[20.489s] Level 1:colcon.colcon_core.environment:create_file_with_runtime_dependencies(/home/shady/bumperbot_ws/install/bumperbot_localization/share/colcon-core/packages/bumperbot_localization)
[21.961s] DEBUG:colcon.colcon_core.event_handler.log_command:Invoked command in '/home/shady/bumperbot_ws/build/bumperbot_controller' returned '0': CMAKE_PREFIX_PATH=/opt/ros/humble /usr/bin/cmake --build /home/shady/bumperbot_ws/build/bumperbot_controller -- -j8 -l8
[21.994s] DEBUG:colcon.colcon_core.event_handler.log_command:Invoking command in '/home/shady/bumperbot_ws/build/bumperbot_controller': CMAKE_PREFIX_PATH=/opt/ros/humble /usr/bin/cmake --install /home/shady/bumperbot_ws/build/bumperbot_controller
[22.056s] Level 1:colcon.colcon_core.environment:create_environment_scripts_only(bumperbot_controller)
[22.056s] Level 1:colcon.colcon_core.environment:checking '/home/shady/bumperbot_ws/install/bumperbot_controller' for CMake module files
[22.057s] DEBUG:colcon.colcon_core.event_handler.log_command:Invoked command in '/home/shady/bumperbot_ws/build/bumperbot_controller' returned '0': CMAKE_PREFIX_PATH=/opt/ros/humble /usr/bin/cmake --install /home/shady/bumperbot_ws/build/bumperbot_controller
[22.058s] Level 1:colcon.colcon_core.environment:checking '/home/shady/bumperbot_ws/install/bumperbot_controller' for CMake config files
[22.058s] Level 1:colcon.colcon_core.shell:create_environment_hook('bumperbot_controller', 'cmake_prefix_path')
[22.059s] INFO:colcon.colcon_core.shell:Creating environment hook '/home/shady/bumperbot_ws/install/bumperbot_controller/share/bumperbot_controller/hook/cmake_prefix_path.ps1'
[22.059s] INFO:colcon.colcon_core.shell:Creating environment descriptor '/home/shady/bumperbot_ws/install/bumperbot_controller/share/bumperbot_controller/hook/cmake_prefix_path.dsv'
[22.060s] INFO:colcon.colcon_core.shell:Creating environment hook '/home/shady/bumperbot_ws/install/bumperbot_controller/share/bumperbot_controller/hook/cmake_prefix_path.sh'
[22.060s] Level 1:colcon.colcon_core.environment:checking '/home/shady/bumperbot_ws/install/bumperbot_controller/lib'
[22.060s] Level 1:colcon.colcon_core.environment:checking '/home/shady/bumperbot_ws/install/bumperbot_controller/bin'
[22.060s] Level 1:colcon.colcon_core.environment:checking '/home/shady/bumperbot_ws/install/bumperbot_controller/lib/pkgconfig/bumperbot_controller.pc'
[22.061s] Level 1:colcon.colcon_core.environment:checking '/home/shady/bumperbot_ws/install/bumperbot_controller/lib/python3.10/site-packages'
[22.061s] Level 1:colcon.colcon_core.environment:checking '/home/shady/bumperbot_ws/install/bumperbot_controller/bin'
[22.062s] INFO:colcon.colcon_core.shell:Creating package script '/home/shady/bumperbot_ws/install/bumperbot_controller/share/bumperbot_controller/package.ps1'
[22.062s] INFO:colcon.colcon_core.shell:Creating package descriptor '/home/shady/bumperbot_ws/install/bumperbot_controller/share/bumperbot_controller/package.dsv'
[22.062s] INFO:colcon.colcon_core.shell:Creating package script '/home/shady/bumperbot_ws/install/bumperbot_controller/share/bumperbot_controller/package.sh'
[22.063s] INFO:colcon.colcon_core.shell:Creating package script '/home/shady/bumperbot_ws/install/bumperbot_controller/share/bumperbot_controller/package.bash'
[22.063s] INFO:colcon.colcon_core.shell:Creating package script '/home/shady/bumperbot_ws/install/bumperbot_controller/share/bumperbot_controller/package.zsh'
[22.063s] Level 1:colcon.colcon_core.environment:create_file_with_runtime_dependencies(/home/shady/bumperbot_ws/install/bumperbot_controller/share/colcon-core/packages/bumperbot_controller)
[22.095s] Level 1:colcon.colcon_core.environment:create_environment_scripts_only(bumperbot_controller)
[22.095s] Level 1:colcon.colcon_core.environment:checking '/home/shady/bumperbot_ws/install/bumperbot_controller' for CMake module files
[22.096s] Level 1:colcon.colcon_core.environment:checking '/home/shady/bumperbot_ws/install/bumperbot_controller' for CMake config files
[22.096s] Level 1:colcon.colcon_core.shell:create_environment_hook('bumperbot_controller', 'cmake_prefix_path')
[22.097s] INFO:colcon.colcon_core.shell:Creating environment hook '/home/shady/bumperbot_ws/install/bumperbot_controller/share/bumperbot_controller/hook/cmake_prefix_path.ps1'
[22.097s] INFO:colcon.colcon_core.shell:Creating environment descriptor '/home/shady/bumperbot_ws/install/bumperbot_controller/share/bumperbot_controller/hook/cmake_prefix_path.dsv'
[22.098s] INFO:colcon.colcon_core.shell:Creating environment hook '/home/shady/bumperbot_ws/install/bumperbot_controller/share/bumperbot_controller/hook/cmake_prefix_path.sh'
[22.098s] Level 1:colcon.colcon_core.environment:checking '/home/shady/bumperbot_ws/install/bumperbot_controller/lib'
[22.098s] Level 1:colcon.colcon_core.environment:checking '/home/shady/bumperbot_ws/install/bumperbot_controller/bin'
[22.098s] Level 1:colcon.colcon_core.environment:checking '/home/shady/bumperbot_ws/install/bumperbot_controller/lib/pkgconfig/bumperbot_controller.pc'
[22.099s] Level 1:colcon.colcon_core.environment:checking '/home/shady/bumperbot_ws/install/bumperbot_controller/lib/python3.10/site-packages'
[22.099s] Level 1:colcon.colcon_core.environment:checking '/home/shady/bumperbot_ws/install/bumperbot_controller/bin'
[22.100s] INFO:colcon.colcon_core.shell:Creating package script '/home/shady/bumperbot_ws/install/bumperbot_controller/share/bumperbot_controller/package.ps1'
[22.100s] INFO:colcon.colcon_core.shell:Creating package descriptor '/home/shady/bumperbot_ws/install/bumperbot_controller/share/bumperbot_controller/package.dsv'
[22.101s] INFO:colcon.colcon_core.shell:Creating package script '/home/shady/bumperbot_ws/install/bumperbot_controller/share/bumperbot_controller/package.sh'
[22.101s] INFO:colcon.colcon_core.shell:Creating package script '/home/shady/bumperbot_ws/install/bumperbot_controller/share/bumperbot_controller/package.bash'
[22.102s] INFO:colcon.colcon_core.shell:Creating package script '/home/shady/bumperbot_ws/install/bumperbot_controller/share/bumperbot_controller/package.zsh'
[22.102s] Level 1:colcon.colcon_core.environment:create_file_with_runtime_dependencies(/home/shady/bumperbot_ws/install/bumperbot_controller/share/colcon-core/packages/bumperbot_controller)
[22.102s] INFO:colcon.colcon_ros.task.ament_cmake.build:Building ROS package in '/home/shady/bumperbot_ws/src/bumperbot_bringup' with build type 'ament_cmake'
[22.103s] INFO:colcon.colcon_cmake.task.cmake.build:Building CMake package in '/home/shady/bumperbot_ws/src/bumperbot_bringup'
[22.103s] INFO:colcon.colcon_core.shell:Skip shell extension 'powershell' for command environment: Not usable outside of PowerShell
[22.103s] DEBUG:colcon.colcon_core.shell:Skip shell extension 'dsv' for command environment
[22.117s] DEBUG:colcon.colcon_core.event_handler.log_command:Invoking command in '/home/shady/bumperbot_ws/build/bumperbot_bringup': AMENT_PREFIX_PATH=/home/shady/bumperbot_ws/install/bumperbot_mapping:/home/shady/bumperbot_ws/install/bumperbot_localization:/home/shady/bumperbot_ws/install/bumperbot_description:/home/shady/bumperbot_ws/install/bumperbot_controller:${AMENT_PREFIX_PATH} CMAKE_PREFIX_PATH=/home/shady/bumperbot_ws/install/bumperbot_mapping:/home/shady/bumperbot_ws/install/bumperbot_localization:/home/shady/bumperbot_ws/install/bumperbot_description:/home/shady/bumperbot_ws/install/bumperbot_controller:/opt/ros/humble PATH=/home/shady/bumperbot_ws/install/bumperbot_localization/bin:${PATH} PYTHONPATH=/home/shady/bumperbot_ws/install/bumperbot_mapping/local/lib/python3.10/dist-packages:/home/shady/bumperbot_ws/install/bumperbot_localization/local/lib/python3.10/dist-packages:/home/shady/bumperbot_ws/install/bumperbot_controller/local/lib/python3.10/dist-packages:${PYTHONPATH} /usr/bin/cmake --build /home/shady/bumperbot_ws/build/bumperbot_bringup -- -j8 -l8
[22.157s] DEBUG:colcon.colcon_core.event_handler.log_command:Invoked command in '/home/shady/bumperbot_ws/build/bumperbot_bringup' returned '0': AMENT_PREFIX_PATH=/home/shady/bumperbot_ws/install/bumperbot_mapping:/home/shady/bumperbot_ws/install/bumperbot_localization:/home/shady/bumperbot_ws/install/bumperbot_description:/home/shady/bumperbot_ws/install/bumperbot_controller:${AMENT_PREFIX_PATH} CMAKE_PREFIX_PATH=/home/shady/bumperbot_ws/install/bumperbot_mapping:/home/shady/bumperbot_ws/install/bumperbot_localization:/home/shady/bumperbot_ws/install/bumperbot_description:/home/shady/bumperbot_ws/install/bumperbot_controller:/opt/ros/humble PATH=/home/shady/bumperbot_ws/install/bumperbot_localization/bin:${PATH} PYTHONPATH=/home/shady/bumperbot_ws/install/bumperbot_mapping/local/lib/python3.10/dist-packages:/home/shady/bumperbot_ws/install/bumperbot_localization/local/lib/python3.10/dist-packages:/home/shady/bumperbot_ws/install/bumperbot_controller/local/lib/python3.10/dist-packages:${PYTHONPATH} /usr/bin/cmake --build /home/shady/bumperbot_ws/build/bumperbot_bringup -- -j8 -l8
[22.182s] DEBUG:colcon.colcon_core.event_handler.log_command:Invoking command in '/home/shady/bumperbot_ws/build/bumperbot_bringup': AMENT_PREFIX_PATH=/home/shady/bumperbot_ws/install/bumperbot_mapping:/home/shady/bumperbot_ws/install/bumperbot_localization:/home/shady/bumperbot_ws/install/bumperbot_description:/home/shady/bumperbot_ws/install/bumperbot_controller:${AMENT_PREFIX_PATH} CMAKE_PREFIX_PATH=/home/shady/bumperbot_ws/install/bumperbot_mapping:/home/shady/bumperbot_ws/install/bumperbot_localization:/home/shady/bumperbot_ws/install/bumperbot_description:/home/shady/bumperbot_ws/install/bumperbot_controller:/opt/ros/humble PATH=/home/shady/bumperbot_ws/install/bumperbot_localization/bin:${PATH} PYTHONPATH=/home/shady/bumperbot_ws/install/bumperbot_mapping/local/lib/python3.10/dist-packages:/home/shady/bumperbot_ws/install/bumperbot_localization/local/lib/python3.10/dist-packages:/home/shady/bumperbot_ws/install/bumperbot_controller/local/lib/python3.10/dist-packages:${PYTHONPATH} /usr/bin/cmake --install /home/shady/bumperbot_ws/build/bumperbot_bringup
[22.193s] Level 1:colcon.colcon_core.environment:create_environment_scripts_only(bumperbot_bringup)
[22.194s] Level 1:colcon.colcon_core.environment:checking '/home/shady/bumperbot_ws/install/bumperbot_bringup' for CMake module files
[22.195s] DEBUG:colcon.colcon_core.event_handler.log_command:Invoked command in '/home/shady/bumperbot_ws/build/bumperbot_bringup' returned '0': AMENT_PREFIX_PATH=/home/shady/bumperbot_ws/install/bumperbot_mapping:/home/shady/bumperbot_ws/install/bumperbot_localization:/home/shady/bumperbot_ws/install/bumperbot_description:/home/shady/bumperbot_ws/install/bumperbot_controller:${AMENT_PREFIX_PATH} CMAKE_PREFIX_PATH=/home/shady/bumperbot_ws/install/bumperbot_mapping:/home/shady/bumperbot_ws/install/bumperbot_localization:/home/shady/bumperbot_ws/install/bumperbot_description:/home/shady/bumperbot_ws/install/bumperbot_controller:/opt/ros/humble PATH=/home/shady/bumperbot_ws/install/bumperbot_localization/bin:${PATH} PYTHONPATH=/home/shady/bumperbot_ws/install/bumperbot_mapping/local/lib/python3.10/dist-packages:/home/shady/bumperbot_ws/install/bumperbot_localization/local/lib/python3.10/dist-packages:/home/shady/bumperbot_ws/install/bumperbot_controller/local/lib/python3.10/dist-packages:${PYTHONPATH} /usr/bin/cmake --install /home/shady/bumperbot_ws/build/bumperbot_bringup
[22.195s] Level 1:colcon.colcon_core.environment:checking '/home/shady/bumperbot_ws/install/bumperbot_bringup' for CMake config files
[22.195s] Level 1:colcon.colcon_core.shell:create_environment_hook('bumperbot_bringup', 'cmake_prefix_path')
[22.196s] INFO:colcon.colcon_core.shell:Creating environment hook '/home/shady/bumperbot_ws/install/bumperbot_bringup/share/bumperbot_bringup/hook/cmake_prefix_path.ps1'
[22.196s] INFO:colcon.colcon_core.shell:Creating environment descriptor '/home/shady/bumperbot_ws/install/bumperbot_bringup/share/bumperbot_bringup/hook/cmake_prefix_path.dsv'
[22.196s] INFO:colcon.colcon_core.shell:Creating environment hook '/home/shady/bumperbot_ws/install/bumperbot_bringup/share/bumperbot_bringup/hook/cmake_prefix_path.sh'
[22.197s] Level 1:colcon.colcon_core.environment:checking '/home/shady/bumperbot_ws/install/bumperbot_bringup/bin'
[22.197s] Level 1:colcon.colcon_core.environment:checking '/home/shady/bumperbot_ws/install/bumperbot_bringup/lib/pkgconfig/bumperbot_bringup.pc'
[22.197s] Level 1:colcon.colcon_core.environment:checking '/home/shady/bumperbot_ws/install/bumperbot_bringup/lib/python3.10/site-packages'
[22.197s] Level 1:colcon.colcon_core.environment:checking '/home/shady/bumperbot_ws/install/bumperbot_bringup/bin'
[22.198s] INFO:colcon.colcon_core.shell:Creating package script '/home/shady/bumperbot_ws/install/bumperbot_bringup/share/bumperbot_bringup/package.ps1'
[22.198s] INFO:colcon.colcon_core.shell:Creating package descriptor '/home/shady/bumperbot_ws/install/bumperbot_bringup/share/bumperbot_bringup/package.dsv'
[22.198s] INFO:colcon.colcon_core.shell:Creating package script '/home/shady/bumperbot_ws/install/bumperbot_bringup/share/bumperbot_bringup/package.sh'
[22.199s] INFO:colcon.colcon_core.shell:Creating package script '/home/shady/bumperbot_ws/install/bumperbot_bringup/share/bumperbot_bringup/package.bash'
[22.199s] INFO:colcon.colcon_core.shell:Creating package script '/home/shady/bumperbot_ws/install/bumperbot_bringup/share/bumperbot_bringup/package.zsh'
[22.199s] Level 1:colcon.colcon_core.environment:create_file_with_runtime_dependencies(/home/shady/bumperbot_ws/install/bumperbot_bringup/share/colcon-core/packages/bumperbot_bringup)
[22.222s] Level 1:colcon.colcon_core.environment:create_environment_scripts_only(bumperbot_bringup)
[22.222s] Level 1:colcon.colcon_core.environment:checking '/home/shady/bumperbot_ws/install/bumperbot_bringup' for CMake module files
[22.223s] Level 1:colcon.colcon_core.environment:checking '/home/shady/bumperbot_ws/install/bumperbot_bringup' for CMake config files
[22.223s] Level 1:colcon.colcon_core.shell:create_environment_hook('bumperbot_bringup', 'cmake_prefix_path')
[22.223s] INFO:colcon.colcon_core.shell:Creating environment hook '/home/shady/bumperbot_ws/install/bumperbot_bringup/share/bumperbot_bringup/hook/cmake_prefix_path.ps1'
[22.224s] INFO:colcon.colcon_core.shell:Creating environment descriptor '/home/shady/bumperbot_ws/install/bumperbot_bringup/share/bumperbot_bringup/hook/cmake_prefix_path.dsv'
[22.224s] INFO:colcon.colcon_core.shell:Creating environment hook '/home/shady/bumperbot_ws/install/bumperbot_bringup/share/bumperbot_bringup/hook/cmake_prefix_path.sh'
[22.224s] Level 1:colcon.colcon_core.environment:checking '/home/shady/bumperbot_ws/install/bumperbot_bringup/bin'
[22.224s] Level 1:colcon.colcon_core.environment:checking '/home/shady/bumperbot_ws/install/bumperbot_bringup/lib/pkgconfig/bumperbot_bringup.pc'
[22.225s] Level 1:colcon.colcon_core.environment:checking '/home/shady/bumperbot_ws/install/bumperbot_bringup/lib/python3.10/site-packages'
[22.225s] Level 1:colcon.colcon_core.environment:checking '/home/shady/bumperbot_ws/install/bumperbot_bringup/bin'
[22.225s] INFO:colcon.colcon_core.shell:Creating package script '/home/shady/bumperbot_ws/install/bumperbot_bringup/share/bumperbot_bringup/package.ps1'
[22.226s] INFO:colcon.colcon_core.shell:Creating package descriptor '/home/shady/bumperbot_ws/install/bumperbot_bringup/share/bumperbot_bringup/package.dsv'
[22.226s] INFO:colcon.colcon_core.shell:Creating package script '/home/shady/bumperbot_ws/install/bumperbot_bringup/share/bumperbot_bringup/package.sh'
[22.226s] INFO:colcon.colcon_core.shell:Creating package script '/home/shady/bumperbot_ws/install/bumperbot_bringup/share/bumperbot_bringup/package.bash'
[22.227s] INFO:colcon.colcon_core.shell:Creating package script '/home/shady/bumperbot_ws/install/bumperbot_bringup/share/bumperbot_bringup/package.zsh'
[22.227s] Level 1:colcon.colcon_core.environment:create_file_with_runtime_dependencies(/home/shady/bumperbot_ws/install/bumperbot_bringup/share/colcon-core/packages/bumperbot_bringup)
[22.227s] DEBUG:colcon.colcon_parallel_executor.executor.parallel:closing loop
[22.227s] DEBUG:colcon.colcon_parallel_executor.executor.parallel:loop closed
[22.228s] DEBUG:colcon.colcon_parallel_executor.executor.parallel:run_until_complete finished with '0'
[22.228s] DEBUG:colcon.colcon_core.event_reactor:joining thread
[22.234s] INFO:colcon.colcon_core.plugin_system:Skipping extension 'colcon_notification.desktop_notification.terminal_notifier': Not used on non-Darwin systems
[22.234s] INFO:colcon.colcon_core.plugin_system:Skipping extension 'colcon_notification.desktop_notification.win32': Not used on non-Windows systems
[22.234s] INFO:colcon.colcon_notification.desktop_notification:Sending desktop notification using 'notify2'
[22.253s] DEBUG:colcon.colcon_core.event_reactor:joined thread
[22.253s] INFO:colcon.colcon_core.shell:Creating prefix script '/home/shady/bumperbot_ws/install/local_setup.ps1'
[22.254s] INFO:colcon.colcon_core.shell:Creating prefix util module '/home/shady/bumperbot_ws/install/_local_setup_util_ps1.py'
[22.256s] INFO:colcon.colcon_core.shell:Creating prefix chain script '/home/shady/bumperbot_ws/install/setup.ps1'
[22.257s] INFO:colcon.colcon_core.shell:Creating prefix script '/home/shady/bumperbot_ws/install/local_setup.sh'
[22.258s] INFO:colcon.colcon_core.shell:Creating prefix util module '/home/shady/bumperbot_ws/install/_local_setup_util_sh.py'
[22.258s] INFO:colcon.colcon_core.shell:Creating prefix chain script '/home/shady/bumperbot_ws/install/setup.sh'
[22.260s] INFO:colcon.colcon_core.shell:Creating prefix script '/home/shady/bumperbot_ws/install/local_setup.bash'
[22.260s] INFO:colcon.colcon_core.shell:Creating prefix chain script '/home/shady/bumperbot_ws/install/setup.bash'
[22.261s] INFO:colcon.colcon_core.shell:Creating prefix script '/home/shady/bumperbot_ws/install/local_setup.zsh'
[22.262s] INFO:colcon.colcon_core.shell:Creating prefix chain script '/home/shady/bumperbot_ws/install/setup.zsh'
