[0.054s] Invoking command in '/home/shady/bumperbot_ws/build/bumperbot_msgs': CMAKE_PREFIX_PATH=${CMAKE_PREFIX_PATH}:/home/shady/bumperbot_ws/install/bumperbot_py_examples:/opt/ros/humble /usr/bin/cmake --build /home/shady/bumperbot_ws/build/bumperbot_msgs -- -j8 -l8
[0.176s] [  2%] Built target bumperbot_msgs__cpp
[0.190s] [ 12%] Built target bumperbot_msgs__rosidl_generator_c
[0.294s] [ 23%] Built target bumperbot_msgs__rosidl_typesupport_cpp
[0.341s] [ 34%] Built target bumperbot_msgs__rosidl_typesupport_fastrtps_cpp
[0.345s] [ 44%] Built target bumperbot_msgs__rosidl_typesupport_c
[0.345s] [ 44%] Built target ament_cmake_python_copy_bumperbot_msgs
[0.356s] [ 55%] Built target bumperbot_msgs__rosidl_typesupport_introspection_cpp
[0.358s] [ 65%] Built target bumperbot_msgs__rosidl_typesupport_introspection_c
[0.379s] [ 76%] Built target bumperbot_msgs__rosidl_typesupport_fastrtps_c
[0.428s] [ 76%] Built target bumperbot_msgs
[0.491s] [ 78%] Built target bumperbot_msgs__py
[0.555s] [ 87%] Built target bumperbot_msgs__rosidl_generator_py
[0.640s] [ 91%] Built target bumperbot_msgs__rosidl_typesupport_introspection_c__pyext
[0.640s] [ 95%] Built target bumperbot_msgs__rosidl_typesupport_fastrtps_c__pyext
[0.671s] [100%] Built target bumperbot_msgs__rosidl_typesupport_c__pyext
[0.977s] running egg_info
[0.978s] writing bumperbot_msgs.egg-info/PKG-INFO
[0.979s] writing dependency_links to bumperbot_msgs.egg-info/dependency_links.txt
[0.980s] writing top-level names to bumperbot_msgs.egg-info/top_level.txt
[0.984s] reading manifest file 'bumperbot_msgs.egg-info/SOURCES.txt'
[0.987s] writing manifest file 'bumperbot_msgs.egg-info/SOURCES.txt'
[1.051s] [100%] Built target ament_cmake_python_build_bumperbot_msgs_egg
[1.202s] Invoked command in '/home/shady/bumperbot_ws/build/bumperbot_msgs' returned '0': CMAKE_PREFIX_PATH=${CMAKE_PREFIX_PATH}:/home/shady/bumperbot_ws/install/bumperbot_py_examples:/opt/ros/humble /usr/bin/cmake --build /home/shady/bumperbot_ws/build/bumperbot_msgs -- -j8 -l8
[1.526s] Invoking command in '/home/shady/bumperbot_ws/build/bumperbot_msgs': CMAKE_PREFIX_PATH=${CMAKE_PREFIX_PATH}:/home/shady/bumperbot_ws/install/bumperbot_py_examples:/opt/ros/humble /usr/bin/cmake --install /home/shady/bumperbot_ws/build/bumperbot_msgs
[1.540s] -- Install configuration: ""
[1.540s] -- Up-to-date: /home/shady/bumperbot_ws/install/bumperbot_msgs/share/ament_index/resource_index/rosidl_interfaces/bumperbot_msgs
[1.540s] -- Up-to-date: /home/shady/bumperbot_ws/install/bumperbot_msgs/include/bumperbot_msgs/bumperbot_msgs
[1.541s] -- Up-to-date: /home/shady/bumperbot_ws/install/bumperbot_msgs/include/bumperbot_msgs/bumperbot_msgs/action
[1.541s] -- Up-to-date: /home/shady/bumperbot_ws/install/bumperbot_msgs/include/bumperbot_msgs/bumperbot_msgs/action/fibonacci.h
[1.542s] -- Up-to-date: /home/shady/bumperbot_ws/install/bumperbot_msgs/include/bumperbot_msgs/bumperbot_msgs/action/detail
[1.542s] -- Up-to-date: /home/shady/bumperbot_ws/install/bumperbot_msgs/include/bumperbot_msgs/bumperbot_msgs/action/detail/fibonacci__functions.c
[1.542s] -- Up-to-date: /home/shady/bumperbot_ws/install/bumperbot_msgs/include/bumperbot_msgs/bumperbot_msgs/action/detail/fibonacci__type_support.h
[1.543s] -- Up-to-date: /home/shady/bumperbot_ws/install/bumperbot_msgs/include/bumperbot_msgs/bumperbot_msgs/action/detail/fibonacci__functions.h
[1.543s] -- Up-to-date: /home/shady/bumperbot_ws/install/bumperbot_msgs/include/bumperbot_msgs/bumperbot_msgs/action/detail/fibonacci__struct.h
[1.543s] -- Up-to-date: /home/shady/bumperbot_ws/install/bumperbot_msgs/include/bumperbot_msgs/bumperbot_msgs/srv
[1.543s] -- Up-to-date: /home/shady/bumperbot_ws/install/bumperbot_msgs/include/bumperbot_msgs/bumperbot_msgs/srv/detail
[1.543s] -- Up-to-date: /home/shady/bumperbot_ws/install/bumperbot_msgs/include/bumperbot_msgs/bumperbot_msgs/srv/detail/add_two_ints__struct.h
[1.544s] -- Up-to-date: /home/shady/bumperbot_ws/install/bumperbot_msgs/include/bumperbot_msgs/bumperbot_msgs/srv/detail/get_transform__struct.h
[1.544s] -- Up-to-date: /home/shady/bumperbot_ws/install/bumperbot_msgs/include/bumperbot_msgs/bumperbot_msgs/srv/detail/get_transform__functions.h
[1.544s] -- Up-to-date: /home/shady/bumperbot_ws/install/bumperbot_msgs/include/bumperbot_msgs/bumperbot_msgs/srv/detail/get_transform__functions.c
[1.545s] -- Up-to-date: /home/shady/bumperbot_ws/install/bumperbot_msgs/include/bumperbot_msgs/bumperbot_msgs/srv/detail/add_two_ints__type_support.h
[1.545s] -- Up-to-date: /home/shady/bumperbot_ws/install/bumperbot_msgs/include/bumperbot_msgs/bumperbot_msgs/srv/detail/add_two_ints__functions.h
[1.546s] -- Up-to-date: /home/shady/bumperbot_ws/install/bumperbot_msgs/include/bumperbot_msgs/bumperbot_msgs/srv/detail/get_transform__type_support.h
[1.546s] -- Up-to-date: /home/shady/bumperbot_ws/install/bumperbot_msgs/include/bumperbot_msgs/bumperbot_msgs/srv/detail/add_two_ints__functions.c
[1.547s] -- Up-to-date: /home/shady/bumperbot_ws/install/bumperbot_msgs/include/bumperbot_msgs/bumperbot_msgs/srv/add_two_ints.h
[1.548s] -- Up-to-date: /home/shady/bumperbot_ws/install/bumperbot_msgs/include/bumperbot_msgs/bumperbot_msgs/srv/get_transform.h
[1.551s] -- Up-to-date: /home/shady/bumperbot_ws/install/bumperbot_msgs/include/bumperbot_msgs/bumperbot_msgs/msg
[1.551s] -- Up-to-date: /home/shady/bumperbot_ws/install/bumperbot_msgs/include/bumperbot_msgs/bumperbot_msgs/msg/rosidl_generator_c__visibility_control.h
[1.551s] -- Up-to-date: /home/shady/bumperbot_ws/install/bumperbot_msgs/share/bumperbot_msgs/environment/library_path.sh
[1.551s] -- Up-to-date: /home/shady/bumperbot_ws/install/bumperbot_msgs/share/bumperbot_msgs/environment/library_path.dsv
[1.552s] -- Up-to-date: /home/shady/bumperbot_ws/install/bumperbot_msgs/lib/libbumperbot_msgs__rosidl_generator_c.so
[1.552s] -- Up-to-date: /home/shady/bumperbot_ws/install/bumperbot_msgs/include/bumperbot_msgs/bumperbot_msgs
[1.552s] -- Up-to-date: /home/shady/bumperbot_ws/install/bumperbot_msgs/include/bumperbot_msgs/bumperbot_msgs/action
[1.552s] -- Up-to-date: /home/shady/bumperbot_ws/install/bumperbot_msgs/include/bumperbot_msgs/bumperbot_msgs/action/detail
[1.553s] -- Up-to-date: /home/shady/bumperbot_ws/install/bumperbot_msgs/include/bumperbot_msgs/bumperbot_msgs/action/detail/fibonacci__rosidl_typesupport_fastrtps_c.h
[1.553s] -- Up-to-date: /home/shady/bumperbot_ws/install/bumperbot_msgs/include/bumperbot_msgs/bumperbot_msgs/srv
[1.553s] -- Up-to-date: /home/shady/bumperbot_ws/install/bumperbot_msgs/include/bumperbot_msgs/bumperbot_msgs/srv/detail
[1.553s] -- Up-to-date: /home/shady/bumperbot_ws/install/bumperbot_msgs/include/bumperbot_msgs/bumperbot_msgs/srv/detail/add_two_ints__rosidl_typesupport_fastrtps_c.h
[1.554s] -- Up-to-date: /home/shady/bumperbot_ws/install/bumperbot_msgs/include/bumperbot_msgs/bumperbot_msgs/srv/detail/get_transform__rosidl_typesupport_fastrtps_c.h
[1.554s] -- Up-to-date: /home/shady/bumperbot_ws/install/bumperbot_msgs/include/bumperbot_msgs/bumperbot_msgs/msg
[1.554s] -- Up-to-date: /home/shady/bumperbot_ws/install/bumperbot_msgs/include/bumperbot_msgs/bumperbot_msgs/msg/rosidl_typesupport_fastrtps_c__visibility_control.h
[1.554s] -- Up-to-date: /home/shady/bumperbot_ws/install/bumperbot_msgs/lib/libbumperbot_msgs__rosidl_typesupport_fastrtps_c.so
[1.555s] -- Up-to-date: /home/shady/bumperbot_ws/install/bumperbot_msgs/include/bumperbot_msgs/bumperbot_msgs
[1.555s] -- Up-to-date: /home/shady/bumperbot_ws/install/bumperbot_msgs/include/bumperbot_msgs/bumperbot_msgs/action
[1.555s] -- Up-to-date: /home/shady/bumperbot_ws/install/bumperbot_msgs/include/bumperbot_msgs/bumperbot_msgs/action/fibonacci.hpp
[1.556s] -- Up-to-date: /home/shady/bumperbot_ws/install/bumperbot_msgs/include/bumperbot_msgs/bumperbot_msgs/action/detail
[1.557s] -- Up-to-date: /home/shady/bumperbot_ws/install/bumperbot_msgs/include/bumperbot_msgs/bumperbot_msgs/action/detail/fibonacci__builder.hpp
[1.557s] -- Up-to-date: /home/shady/bumperbot_ws/install/bumperbot_msgs/include/bumperbot_msgs/bumperbot_msgs/action/detail/fibonacci__struct.hpp
[1.557s] -- Up-to-date: /home/shady/bumperbot_ws/install/bumperbot_msgs/include/bumperbot_msgs/bumperbot_msgs/action/detail/fibonacci__traits.hpp
[1.557s] -- Up-to-date: /home/shady/bumperbot_ws/install/bumperbot_msgs/include/bumperbot_msgs/bumperbot_msgs/srv
[1.558s] -- Up-to-date: /home/shady/bumperbot_ws/install/bumperbot_msgs/include/bumperbot_msgs/bumperbot_msgs/srv/detail
[1.558s] -- Up-to-date: /home/shady/bumperbot_ws/install/bumperbot_msgs/include/bumperbot_msgs/bumperbot_msgs/srv/detail/add_two_ints__builder.hpp
[1.558s] -- Up-to-date: /home/shady/bumperbot_ws/install/bumperbot_msgs/include/bumperbot_msgs/bumperbot_msgs/srv/detail/get_transform__builder.hpp
[1.559s] -- Up-to-date: /home/shady/bumperbot_ws/install/bumperbot_msgs/include/bumperbot_msgs/bumperbot_msgs/srv/detail/get_transform__traits.hpp
[1.559s] -- Up-to-date: /home/shady/bumperbot_ws/install/bumperbot_msgs/include/bumperbot_msgs/bumperbot_msgs/srv/detail/add_two_ints__struct.hpp
[1.560s] -- Up-to-date: /home/shady/bumperbot_ws/install/bumperbot_msgs/include/bumperbot_msgs/bumperbot_msgs/srv/detail/get_transform__struct.hpp
[1.560s] -- Up-to-date: /home/shady/bumperbot_ws/install/bumperbot_msgs/include/bumperbot_msgs/bumperbot_msgs/srv/detail/add_two_ints__traits.hpp
[1.560s] -- Up-to-date: /home/shady/bumperbot_ws/install/bumperbot_msgs/include/bumperbot_msgs/bumperbot_msgs/srv/get_transform.hpp
[1.561s] -- Up-to-date: /home/shady/bumperbot_ws/install/bumperbot_msgs/include/bumperbot_msgs/bumperbot_msgs/srv/add_two_ints.hpp
[1.561s] -- Up-to-date: /home/shady/bumperbot_ws/install/bumperbot_msgs/include/bumperbot_msgs/bumperbot_msgs
[1.561s] -- Up-to-date: /home/shady/bumperbot_ws/install/bumperbot_msgs/include/bumperbot_msgs/bumperbot_msgs/action
[1.562s] -- Up-to-date: /home/shady/bumperbot_ws/install/bumperbot_msgs/include/bumperbot_msgs/bumperbot_msgs/action/detail
[1.562s] -- Up-to-date: /home/shady/bumperbot_ws/install/bumperbot_msgs/include/bumperbot_msgs/bumperbot_msgs/action/detail/fibonacci__rosidl_typesupport_fastrtps_cpp.hpp
[1.562s] -- Up-to-date: /home/shady/bumperbot_ws/install/bumperbot_msgs/include/bumperbot_msgs/bumperbot_msgs/action/detail/dds_fastrtps
[1.563s] -- Up-to-date: /home/shady/bumperbot_ws/install/bumperbot_msgs/include/bumperbot_msgs/bumperbot_msgs/srv
[1.564s] -- Up-to-date: /home/shady/bumperbot_ws/install/bumperbot_msgs/include/bumperbot_msgs/bumperbot_msgs/srv/detail
[1.564s] -- Up-to-date: /home/shady/bumperbot_ws/install/bumperbot_msgs/include/bumperbot_msgs/bumperbot_msgs/srv/detail/dds_fastrtps
[1.564s] -- Up-to-date: /home/shady/bumperbot_ws/install/bumperbot_msgs/include/bumperbot_msgs/bumperbot_msgs/srv/detail/add_two_ints__rosidl_typesupport_fastrtps_cpp.hpp
[1.564s] -- Up-to-date: /home/shady/bumperbot_ws/install/bumperbot_msgs/include/bumperbot_msgs/bumperbot_msgs/srv/detail/get_transform__rosidl_typesupport_fastrtps_cpp.hpp
[1.565s] -- Up-to-date: /home/shady/bumperbot_ws/install/bumperbot_msgs/include/bumperbot_msgs/bumperbot_msgs/msg
[1.565s] -- Up-to-date: /home/shady/bumperbot_ws/install/bumperbot_msgs/include/bumperbot_msgs/bumperbot_msgs/msg/rosidl_typesupport_fastrtps_cpp__visibility_control.h
[1.565s] -- Up-to-date: /home/shady/bumperbot_ws/install/bumperbot_msgs/lib/libbumperbot_msgs__rosidl_typesupport_fastrtps_cpp.so
[1.565s] -- Up-to-date: /home/shady/bumperbot_ws/install/bumperbot_msgs/include/bumperbot_msgs/bumperbot_msgs
[1.567s] -- Up-to-date: /home/shady/bumperbot_ws/install/bumperbot_msgs/include/bumperbot_msgs/bumperbot_msgs/action
[1.567s] -- Up-to-date: /home/shady/bumperbot_ws/install/bumperbot_msgs/include/bumperbot_msgs/bumperbot_msgs/action/detail
[1.568s] -- Up-to-date: /home/shady/bumperbot_ws/install/bumperbot_msgs/include/bumperbot_msgs/bumperbot_msgs/action/detail/fibonacci__type_support.c
[1.568s] -- Up-to-date: /home/shady/bumperbot_ws/install/bumperbot_msgs/include/bumperbot_msgs/bumperbot_msgs/action/detail/fibonacci__rosidl_typesupport_introspection_c.h
[1.568s] -- Up-to-date: /home/shady/bumperbot_ws/install/bumperbot_msgs/include/bumperbot_msgs/bumperbot_msgs/srv
[1.569s] -- Up-to-date: /home/shady/bumperbot_ws/install/bumperbot_msgs/include/bumperbot_msgs/bumperbot_msgs/srv/detail
[1.569s] -- Up-to-date: /home/shady/bumperbot_ws/install/bumperbot_msgs/include/bumperbot_msgs/bumperbot_msgs/srv/detail/add_two_ints__type_support.c
[1.569s] -- Up-to-date: /home/shady/bumperbot_ws/install/bumperbot_msgs/include/bumperbot_msgs/bumperbot_msgs/srv/detail/get_transform__rosidl_typesupport_introspection_c.h
[1.570s] -- Up-to-date: /home/shady/bumperbot_ws/install/bumperbot_msgs/include/bumperbot_msgs/bumperbot_msgs/srv/detail/add_two_ints__rosidl_typesupport_introspection_c.h
[1.570s] -- Up-to-date: /home/shady/bumperbot_ws/install/bumperbot_msgs/include/bumperbot_msgs/bumperbot_msgs/srv/detail/get_transform__type_support.c
[1.570s] -- Up-to-date: /home/shady/bumperbot_ws/install/bumperbot_msgs/include/bumperbot_msgs/bumperbot_msgs/msg
[1.571s] -- Up-to-date: /home/shady/bumperbot_ws/install/bumperbot_msgs/include/bumperbot_msgs/bumperbot_msgs/msg/rosidl_typesupport_introspection_c__visibility_control.h
[1.571s] -- Up-to-date: /home/shady/bumperbot_ws/install/bumperbot_msgs/lib/libbumperbot_msgs__rosidl_typesupport_introspection_c.so
[1.571s] -- Up-to-date: /home/shady/bumperbot_ws/install/bumperbot_msgs/lib/libbumperbot_msgs__rosidl_typesupport_c.so
[1.573s] -- Up-to-date: /home/shady/bumperbot_ws/install/bumperbot_msgs/include/bumperbot_msgs/bumperbot_msgs
[1.573s] -- Up-to-date: /home/shady/bumperbot_ws/install/bumperbot_msgs/include/bumperbot_msgs/bumperbot_msgs/action
[1.574s] -- Up-to-date: /home/shady/bumperbot_ws/install/bumperbot_msgs/include/bumperbot_msgs/bumperbot_msgs/action/detail
[1.574s] -- Up-to-date: /home/shady/bumperbot_ws/install/bumperbot_msgs/include/bumperbot_msgs/bumperbot_msgs/action/detail/fibonacci__rosidl_typesupport_introspection_cpp.hpp
[1.574s] -- Up-to-date: /home/shady/bumperbot_ws/install/bumperbot_msgs/include/bumperbot_msgs/bumperbot_msgs/action/detail/fibonacci__type_support.cpp
[1.575s] -- Up-to-date: /home/shady/bumperbot_ws/install/bumperbot_msgs/include/bumperbot_msgs/bumperbot_msgs/srv
[1.575s] -- Up-to-date: /home/shady/bumperbot_ws/install/bumperbot_msgs/include/bumperbot_msgs/bumperbot_msgs/srv/detail
[1.575s] -- Up-to-date: /home/shady/bumperbot_ws/install/bumperbot_msgs/include/bumperbot_msgs/bumperbot_msgs/srv/detail/add_two_ints__rosidl_typesupport_introspection_cpp.hpp
[1.575s] -- Up-to-date: /home/shady/bumperbot_ws/install/bumperbot_msgs/include/bumperbot_msgs/bumperbot_msgs/srv/detail/get_transform__type_support.cpp
[1.576s] -- Up-to-date: /home/shady/bumperbot_ws/install/bumperbot_msgs/include/bumperbot_msgs/bumperbot_msgs/srv/detail/get_transform__rosidl_typesupport_introspection_cpp.hpp
[1.576s] -- Up-to-date: /home/shady/bumperbot_ws/install/bumperbot_msgs/include/bumperbot_msgs/bumperbot_msgs/srv/detail/add_two_ints__type_support.cpp
[1.576s] -- Up-to-date: /home/shady/bumperbot_ws/install/bumperbot_msgs/lib/libbumperbot_msgs__rosidl_typesupport_introspection_cpp.so
[1.576s] -- Up-to-date: /home/shady/bumperbot_ws/install/bumperbot_msgs/lib/libbumperbot_msgs__rosidl_typesupport_cpp.so
[1.577s] -- Up-to-date: /home/shady/bumperbot_ws/install/bumperbot_msgs/share/bumperbot_msgs/environment/pythonpath.sh
[1.577s] -- Up-to-date: /home/shady/bumperbot_ws/install/bumperbot_msgs/share/bumperbot_msgs/environment/pythonpath.dsv
[1.578s] -- Up-to-date: /home/shady/bumperbot_ws/install/bumperbot_msgs/local/lib/python3.10/dist-packages/bumperbot_msgs-0.0.0-py3.10.egg-info
[1.578s] -- Installing: /home/shady/bumperbot_ws/install/bumperbot_msgs/local/lib/python3.10/dist-packages/bumperbot_msgs-0.0.0-py3.10.egg-info/SOURCES.txt
[1.579s] -- Installing: /home/shady/bumperbot_ws/install/bumperbot_msgs/local/lib/python3.10/dist-packages/bumperbot_msgs-0.0.0-py3.10.egg-info/dependency_links.txt
[1.580s] -- Installing: /home/shady/bumperbot_ws/install/bumperbot_msgs/local/lib/python3.10/dist-packages/bumperbot_msgs-0.0.0-py3.10.egg-info/PKG-INFO
[1.581s] -- Installing: /home/shady/bumperbot_ws/install/bumperbot_msgs/local/lib/python3.10/dist-packages/bumperbot_msgs-0.0.0-py3.10.egg-info/top_level.txt
[1.582s] -- Up-to-date: /home/shady/bumperbot_ws/install/bumperbot_msgs/local/lib/python3.10/dist-packages/bumperbot_msgs
[1.583s] -- Up-to-date: /home/shady/bumperbot_ws/install/bumperbot_msgs/local/lib/python3.10/dist-packages/bumperbot_msgs/_bumperbot_msgs_s.ep.rosidl_typesupport_fastrtps_c.c
[1.584s] -- Up-to-date: /home/shady/bumperbot_ws/install/bumperbot_msgs/local/lib/python3.10/dist-packages/bumperbot_msgs/_bumperbot_msgs_s.ep.rosidl_typesupport_introspection_c.c
[1.584s] -- Up-to-date: /home/shady/bumperbot_ws/install/bumperbot_msgs/local/lib/python3.10/dist-packages/bumperbot_msgs/action
[1.585s] -- Up-to-date: /home/shady/bumperbot_ws/install/bumperbot_msgs/local/lib/python3.10/dist-packages/bumperbot_msgs/action/_fibonacci.py
[1.585s] -- Up-to-date: /home/shady/bumperbot_ws/install/bumperbot_msgs/local/lib/python3.10/dist-packages/bumperbot_msgs/action/__init__.py
[1.586s] -- Up-to-date: /home/shady/bumperbot_ws/install/bumperbot_msgs/local/lib/python3.10/dist-packages/bumperbot_msgs/action/_fibonacci_s.c
[1.586s] -- Up-to-date: /home/shady/bumperbot_ws/install/bumperbot_msgs/local/lib/python3.10/dist-packages/bumperbot_msgs/bumperbot_msgs_s__rosidl_typesupport_c.cpython-310-x86_64-linux-gnu.so
[1.587s] -- Up-to-date: /home/shady/bumperbot_ws/install/bumperbot_msgs/local/lib/python3.10/dist-packages/bumperbot_msgs/libbumperbot_msgs__rosidl_generator_py.so
[1.587s] -- Up-to-date: /home/shady/bumperbot_ws/install/bumperbot_msgs/local/lib/python3.10/dist-packages/bumperbot_msgs/__init__.py
[1.587s] -- Up-to-date: /home/shady/bumperbot_ws/install/bumperbot_msgs/local/lib/python3.10/dist-packages/bumperbot_msgs/srv
[1.588s] -- Up-to-date: /home/shady/bumperbot_ws/install/bumperbot_msgs/local/lib/python3.10/dist-packages/bumperbot_msgs/srv/_add_two_ints.py
[1.588s] -- Up-to-date: /home/shady/bumperbot_ws/install/bumperbot_msgs/local/lib/python3.10/dist-packages/bumperbot_msgs/srv/__init__.py
[1.588s] -- Up-to-date: /home/shady/bumperbot_ws/install/bumperbot_msgs/local/lib/python3.10/dist-packages/bumperbot_msgs/srv/_get_transform.py
[1.589s] -- Up-to-date: /home/shady/bumperbot_ws/install/bumperbot_msgs/local/lib/python3.10/dist-packages/bumperbot_msgs/srv/_get_transform_s.c
[1.589s] -- Up-to-date: /home/shady/bumperbot_ws/install/bumperbot_msgs/local/lib/python3.10/dist-packages/bumperbot_msgs/srv/_add_two_ints_s.c
[1.589s] -- Up-to-date: /home/shady/bumperbot_ws/install/bumperbot_msgs/local/lib/python3.10/dist-packages/bumperbot_msgs/_bumperbot_msgs_s.ep.rosidl_typesupport_c.c
[1.590s] -- Up-to-date: /home/shady/bumperbot_ws/install/bumperbot_msgs/local/lib/python3.10/dist-packages/bumperbot_msgs/bumperbot_msgs_s__rosidl_typesupport_introspection_c.cpython-310-x86_64-linux-gnu.so
[1.590s] -- Up-to-date: /home/shady/bumperbot_ws/install/bumperbot_msgs/local/lib/python3.10/dist-packages/bumperbot_msgs/bumperbot_msgs_s__rosidl_typesupport_fastrtps_c.cpython-310-x86_64-linux-gnu.so
[1.594s] Listing '/home/shady/bumperbot_ws/install/bumperbot_msgs/local/lib/python3.10/dist-packages/bumperbot_msgs'...
[1.594s] Listing '/home/shady/bumperbot_ws/install/bumperbot_msgs/local/lib/python3.10/dist-packages/bumperbot_msgs/action'...
[1.595s] Listing '/home/shady/bumperbot_ws/install/bumperbot_msgs/local/lib/python3.10/dist-packages/bumperbot_msgs/srv'...
[1.595s] -- Up-to-date: /home/shady/bumperbot_ws/install/bumperbot_msgs/local/lib/python3.10/dist-packages/bumperbot_msgs/bumperbot_msgs_s__rosidl_typesupport_fastrtps_c.cpython-310-x86_64-linux-gnu.so
[1.595s] -- Up-to-date: /home/shady/bumperbot_ws/install/bumperbot_msgs/local/lib/python3.10/dist-packages/bumperbot_msgs/bumperbot_msgs_s__rosidl_typesupport_introspection_c.cpython-310-x86_64-linux-gnu.so
[1.596s] -- Up-to-date: /home/shady/bumperbot_ws/install/bumperbot_msgs/local/lib/python3.10/dist-packages/bumperbot_msgs/bumperbot_msgs_s__rosidl_typesupport_c.cpython-310-x86_64-linux-gnu.so
[1.599s] -- Up-to-date: /home/shady/bumperbot_ws/install/bumperbot_msgs/lib/libbumperbot_msgs__rosidl_generator_py.so
[1.599s] -- Up-to-date: /home/shady/bumperbot_ws/install/bumperbot_msgs/share/bumperbot_msgs/action/Fibonacci.idl
[1.600s] -- Up-to-date: /home/shady/bumperbot_ws/install/bumperbot_msgs/share/bumperbot_msgs/srv/AddTwoInts.idl
[1.600s] -- Up-to-date: /home/shady/bumperbot_ws/install/bumperbot_msgs/share/bumperbot_msgs/srv/GetTransform.idl
[1.600s] -- Up-to-date: /home/shady/bumperbot_ws/install/bumperbot_msgs/share/bumperbot_msgs/action/Fibonacci.action
[1.601s] -- Up-to-date: /home/shady/bumperbot_ws/install/bumperbot_msgs/share/bumperbot_msgs/srv/AddTwoInts.srv
[1.601s] -- Up-to-date: /home/shady/bumperbot_ws/install/bumperbot_msgs/share/bumperbot_msgs/srv/AddTwoInts_Request.msg
[1.601s] -- Up-to-date: /home/shady/bumperbot_ws/install/bumperbot_msgs/share/bumperbot_msgs/srv/AddTwoInts_Response.msg
[1.601s] -- Up-to-date: /home/shady/bumperbot_ws/install/bumperbot_msgs/share/bumperbot_msgs/srv/GetTransform.srv
[1.602s] -- Up-to-date: /home/shady/bumperbot_ws/install/bumperbot_msgs/share/bumperbot_msgs/srv/GetTransform_Request.msg
[1.602s] -- Up-to-date: /home/shady/bumperbot_ws/install/bumperbot_msgs/share/bumperbot_msgs/srv/GetTransform_Response.msg
[1.602s] -- Up-to-date: /home/shady/bumperbot_ws/install/bumperbot_msgs/share/ament_index/resource_index/package_run_dependencies/bumperbot_msgs
[1.602s] -- Up-to-date: /home/shady/bumperbot_ws/install/bumperbot_msgs/share/ament_index/resource_index/parent_prefix_path/bumperbot_msgs
[1.603s] -- Up-to-date: /home/shady/bumperbot_ws/install/bumperbot_msgs/share/bumperbot_msgs/environment/ament_prefix_path.sh
[1.603s] -- Up-to-date: /home/shady/bumperbot_ws/install/bumperbot_msgs/share/bumperbot_msgs/environment/ament_prefix_path.dsv
[1.603s] -- Up-to-date: /home/shady/bumperbot_ws/install/bumperbot_msgs/share/bumperbot_msgs/environment/path.sh
[1.603s] -- Up-to-date: /home/shady/bumperbot_ws/install/bumperbot_msgs/share/bumperbot_msgs/environment/path.dsv
[1.603s] -- Up-to-date: /home/shady/bumperbot_ws/install/bumperbot_msgs/share/bumperbot_msgs/local_setup.bash
[1.604s] -- Up-to-date: /home/shady/bumperbot_ws/install/bumperbot_msgs/share/bumperbot_msgs/local_setup.sh
[1.604s] -- Up-to-date: /home/shady/bumperbot_ws/install/bumperbot_msgs/share/bumperbot_msgs/local_setup.zsh
[1.604s] -- Up-to-date: /home/shady/bumperbot_ws/install/bumperbot_msgs/share/bumperbot_msgs/local_setup.dsv
[1.604s] -- Installing: /home/shady/bumperbot_ws/install/bumperbot_msgs/share/bumperbot_msgs/package.dsv
[1.604s] -- Up-to-date: /home/shady/bumperbot_ws/install/bumperbot_msgs/share/ament_index/resource_index/packages/bumperbot_msgs
[1.604s] -- Up-to-date: /home/shady/bumperbot_ws/install/bumperbot_msgs/share/bumperbot_msgs/cmake/export_bumperbot_msgs__rosidl_generator_cExport.cmake
[1.605s] -- Up-to-date: /home/shady/bumperbot_ws/install/bumperbot_msgs/share/bumperbot_msgs/cmake/export_bumperbot_msgs__rosidl_generator_cExport-noconfig.cmake
[1.606s] -- Up-to-date: /home/shady/bumperbot_ws/install/bumperbot_msgs/share/bumperbot_msgs/cmake/export_bumperbot_msgs__rosidl_typesupport_fastrtps_cExport.cmake
[1.606s] -- Up-to-date: /home/shady/bumperbot_ws/install/bumperbot_msgs/share/bumperbot_msgs/cmake/export_bumperbot_msgs__rosidl_typesupport_fastrtps_cExport-noconfig.cmake
[1.606s] -- Up-to-date: /home/shady/bumperbot_ws/install/bumperbot_msgs/share/bumperbot_msgs/cmake/export_bumperbot_msgs__rosidl_generator_cppExport.cmake
[1.607s] -- Up-to-date: /home/shady/bumperbot_ws/install/bumperbot_msgs/share/bumperbot_msgs/cmake/export_bumperbot_msgs__rosidl_typesupport_fastrtps_cppExport.cmake
[1.607s] -- Up-to-date: /home/shady/bumperbot_ws/install/bumperbot_msgs/share/bumperbot_msgs/cmake/export_bumperbot_msgs__rosidl_typesupport_fastrtps_cppExport-noconfig.cmake
[1.607s] -- Up-to-date: /home/shady/bumperbot_ws/install/bumperbot_msgs/share/bumperbot_msgs/cmake/bumperbot_msgs__rosidl_typesupport_introspection_cExport.cmake
[1.607s] -- Up-to-date: /home/shady/bumperbot_ws/install/bumperbot_msgs/share/bumperbot_msgs/cmake/bumperbot_msgs__rosidl_typesupport_introspection_cExport-noconfig.cmake
[1.608s] -- Up-to-date: /home/shady/bumperbot_ws/install/bumperbot_msgs/share/bumperbot_msgs/cmake/bumperbot_msgs__rosidl_typesupport_cExport.cmake
[1.608s] -- Up-to-date: /home/shady/bumperbot_ws/install/bumperbot_msgs/share/bumperbot_msgs/cmake/bumperbot_msgs__rosidl_typesupport_cExport-noconfig.cmake
[1.608s] -- Up-to-date: /home/shady/bumperbot_ws/install/bumperbot_msgs/share/bumperbot_msgs/cmake/bumperbot_msgs__rosidl_typesupport_introspection_cppExport.cmake
[1.609s] -- Up-to-date: /home/shady/bumperbot_ws/install/bumperbot_msgs/share/bumperbot_msgs/cmake/bumperbot_msgs__rosidl_typesupport_introspection_cppExport-noconfig.cmake
[1.609s] -- Up-to-date: /home/shady/bumperbot_ws/install/bumperbot_msgs/share/bumperbot_msgs/cmake/bumperbot_msgs__rosidl_typesupport_cppExport.cmake
[1.609s] -- Up-to-date: /home/shady/bumperbot_ws/install/bumperbot_msgs/share/bumperbot_msgs/cmake/bumperbot_msgs__rosidl_typesupport_cppExport-noconfig.cmake
[1.609s] -- Up-to-date: /home/shady/bumperbot_ws/install/bumperbot_msgs/share/bumperbot_msgs/cmake/export_bumperbot_msgs__rosidl_generator_pyExport.cmake
[1.609s] -- Up-to-date: /home/shady/bumperbot_ws/install/bumperbot_msgs/share/bumperbot_msgs/cmake/export_bumperbot_msgs__rosidl_generator_pyExport-noconfig.cmake
[1.609s] -- Up-to-date: /home/shady/bumperbot_ws/install/bumperbot_msgs/share/bumperbot_msgs/cmake/rosidl_cmake-extras.cmake
[1.610s] -- Up-to-date: /home/shady/bumperbot_ws/install/bumperbot_msgs/share/bumperbot_msgs/cmake/ament_cmake_export_dependencies-extras.cmake
[1.610s] -- Up-to-date: /home/shady/bumperbot_ws/install/bumperbot_msgs/share/bumperbot_msgs/cmake/ament_cmake_export_include_directories-extras.cmake
[1.610s] -- Up-to-date: /home/shady/bumperbot_ws/install/bumperbot_msgs/share/bumperbot_msgs/cmake/ament_cmake_export_libraries-extras.cmake
[1.610s] -- Up-to-date: /home/shady/bumperbot_ws/install/bumperbot_msgs/share/bumperbot_msgs/cmake/ament_cmake_export_targets-extras.cmake
[1.610s] -- Up-to-date: /home/shady/bumperbot_ws/install/bumperbot_msgs/share/bumperbot_msgs/cmake/rosidl_cmake_export_typesupport_targets-extras.cmake
[1.610s] -- Up-to-date: /home/shady/bumperbot_ws/install/bumperbot_msgs/share/bumperbot_msgs/cmake/rosidl_cmake_export_typesupport_libraries-extras.cmake
[1.610s] -- Up-to-date: /home/shady/bumperbot_ws/install/bumperbot_msgs/share/bumperbot_msgs/cmake/bumperbot_msgsConfig.cmake
[1.610s] -- Up-to-date: /home/shady/bumperbot_ws/install/bumperbot_msgs/share/bumperbot_msgs/cmake/bumperbot_msgsConfig-version.cmake
[1.611s] -- Up-to-date: /home/shady/bumperbot_ws/install/bumperbot_msgs/share/bumperbot_msgs/package.xml
[1.635s] Invoked command in '/home/shady/bumperbot_ws/build/bumperbot_msgs' returned '0': CMAKE_PREFIX_PATH=${CMAKE_PREFIX_PATH}:/home/shady/bumperbot_ws/install/bumperbot_py_examples:/opt/ros/humble /usr/bin/cmake --install /home/shady/bumperbot_ws/build/bumperbot_msgs
