[0.038s] Invoking command in '/home/shady/bumperbot_ws/build/bumperbot_firmware': CMAKE_PREFIX_PATH=/opt/ros/humble /usr/bin/cmake --build /home/shady/bumperbot_ws/build/bumperbot_firmware -- -j8 -l8
[0.220s] [ 33%] Built target bumperbot_firmware
[0.220s] [ 66%] Built target simple_serial_transmitter
[0.228s] [ 66%] Built target ament_cmake_python_copy_bumperbot_firmware
[0.256s] [100%] Built target simple_serial_receiver
[0.934s] running egg_info
[0.936s] writing bumperbot_firmware.egg-info/PKG-INFO
[0.937s] writing dependency_links to bumperbot_firmware.egg-info/dependency_links.txt
[0.937s] writing top-level names to bumperbot_firmware.egg-info/top_level.txt
[0.941s] reading manifest file 'bumperbot_firmware.egg-info/SOURCES.txt'
[0.943s] writing manifest file 'bumperbot_firmware.egg-info/SOURCES.txt'
[1.013s] [100%] Built target ament_cmake_python_build_bumperbot_firmware_egg
[1.131s] Invoked command in '/home/shady/bumperbot_ws/build/bumperbot_firmware' returned '0': CMAKE_PREFIX_PATH=/opt/ros/humble /usr/bin/cmake --build /home/shady/bumperbot_ws/build/bumperbot_firmware -- -j8 -l8
[1.400s] Invoking command in '/home/shady/bumperbot_ws/build/bumperbot_firmware': CMAKE_PREFIX_PATH=/opt/ros/humble /usr/bin/cmake --install /home/shady/bumperbot_ws/build/bumperbot_firmware
[1.411s] -- Install configuration: ""
[1.411s] -- Up-to-date: /home/shady/bumperbot_ws/install/bumperbot_firmware/share/bumperbot_firmware/environment/pythonpath.sh
[1.411s] -- Up-to-date: /home/shady/bumperbot_ws/install/bumperbot_firmware/share/bumperbot_firmware/environment/pythonpath.dsv
[1.413s] -- Up-to-date: /home/shady/bumperbot_ws/install/bumperbot_firmware/local/lib/python3.10/dist-packages/bumperbot_firmware-0.0.0-py3.10.egg-info
[1.413s] -- Installing: /home/shady/bumperbot_ws/install/bumperbot_firmware/local/lib/python3.10/dist-packages/bumperbot_firmware-0.0.0-py3.10.egg-info/SOURCES.txt
[1.414s] -- Installing: /home/shady/bumperbot_ws/install/bumperbot_firmware/local/lib/python3.10/dist-packages/bumperbot_firmware-0.0.0-py3.10.egg-info/dependency_links.txt
[1.414s] -- Installing: /home/shady/bumperbot_ws/install/bumperbot_firmware/local/lib/python3.10/dist-packages/bumperbot_firmware-0.0.0-py3.10.egg-info/PKG-INFO
[1.415s] -- Installing: /home/shady/bumperbot_ws/install/bumperbot_firmware/local/lib/python3.10/dist-packages/bumperbot_firmware-0.0.0-py3.10.egg-info/top_level.txt
[1.415s] -- Up-to-date: /home/shady/bumperbot_ws/install/bumperbot_firmware/local/lib/python3.10/dist-packages/bumperbot_firmware
[1.415s] -- Up-to-date: /home/shady/bumperbot_ws/install/bumperbot_firmware/local/lib/python3.10/dist-packages/bumperbot_firmware/__init__.py
[1.416s] -- Up-to-date: /home/shady/bumperbot_ws/install/bumperbot_firmware/local/lib/python3.10/dist-packages/bumperbot_firmware/simple_serial_transmitter.py
[1.416s] -- Up-to-date: /home/shady/bumperbot_ws/install/bumperbot_firmware/local/lib/python3.10/dist-packages/bumperbot_firmware/simple_serial_receiver.py
[1.448s] Listing '/home/shady/bumperbot_ws/install/bumperbot_firmware/local/lib/python3.10/dist-packages/bumperbot_firmware'...
[1.463s] -- Up-to-date: /home/shady/bumperbot_ws/install/bumperbot_firmware/share/bumperbot_firmware/bumperbot_interface.xml
[1.463s] -- Up-to-date: /home/shady/bumperbot_ws/install/bumperbot_firmware/lib/libbumperbot_firmware.so
[1.463s] -- Up-to-date: /home/shady/bumperbot_ws/install/bumperbot_firmware/include/include
[1.463s] -- Up-to-date: /home/shady/bumperbot_ws/install/bumperbot_firmware/include/include/bumperbot_firmware
[1.469s] -- Up-to-date: /home/shady/bumperbot_ws/install/bumperbot_firmware/include/include/bumperbot_firmware/bumperbot_interface.hpp
[1.469s] -- Up-to-date: /home/shady/bumperbot_ws/install/bumperbot_firmware/share/bumperbot_firmware/launch
[1.469s] -- Up-to-date: /home/shady/bumperbot_ws/install/bumperbot_firmware/share/bumperbot_firmware/launch/hardware_interface.launch.py
[1.470s] -- Up-to-date: /home/shady/bumperbot_ws/install/bumperbot_firmware/lib/bumperbot_firmware/simple_serial_transmitter.py
[1.470s] -- Up-to-date: /home/shady/bumperbot_ws/install/bumperbot_firmware/lib/bumperbot_firmware/simple_serial_receiver.py
[1.470s] -- Up-to-date: /home/shady/bumperbot_ws/install/bumperbot_firmware/lib/bumperbot_firmware/simple_serial_receiver
[1.471s] -- Up-to-date: /home/shady/bumperbot_ws/install/bumperbot_firmware/lib/bumperbot_firmware/simple_serial_transmitter
[1.471s] -- Up-to-date: /home/shady/bumperbot_ws/install/bumperbot_firmware/share/bumperbot_firmware/environment/library_path.sh
[1.471s] -- Up-to-date: /home/shady/bumperbot_ws/install/bumperbot_firmware/share/bumperbot_firmware/environment/library_path.dsv
[1.472s] -- Up-to-date: /home/shady/bumperbot_ws/install/bumperbot_firmware/share/ament_index/resource_index/package_run_dependencies/bumperbot_firmware
[1.472s] -- Up-to-date: /home/shady/bumperbot_ws/install/bumperbot_firmware/share/ament_index/resource_index/parent_prefix_path/bumperbot_firmware
[1.473s] -- Up-to-date: /home/shady/bumperbot_ws/install/bumperbot_firmware/share/bumperbot_firmware/environment/ament_prefix_path.sh
[1.473s] -- Up-to-date: /home/shady/bumperbot_ws/install/bumperbot_firmware/share/bumperbot_firmware/environment/ament_prefix_path.dsv
[1.473s] -- Up-to-date: /home/shady/bumperbot_ws/install/bumperbot_firmware/share/bumperbot_firmware/environment/path.sh
[1.473s] -- Up-to-date: /home/shady/bumperbot_ws/install/bumperbot_firmware/share/bumperbot_firmware/environment/path.dsv
[1.474s] -- Up-to-date: /home/shady/bumperbot_ws/install/bumperbot_firmware/share/bumperbot_firmware/local_setup.bash
[1.474s] -- Up-to-date: /home/shady/bumperbot_ws/install/bumperbot_firmware/share/bumperbot_firmware/local_setup.sh
[1.474s] -- Up-to-date: /home/shady/bumperbot_ws/install/bumperbot_firmware/share/bumperbot_firmware/local_setup.zsh
[1.474s] -- Up-to-date: /home/shady/bumperbot_ws/install/bumperbot_firmware/share/bumperbot_firmware/local_setup.dsv
[1.474s] -- Installing: /home/shady/bumperbot_ws/install/bumperbot_firmware/share/bumperbot_firmware/package.dsv
[1.476s] -- Up-to-date: /home/shady/bumperbot_ws/install/bumperbot_firmware/share/ament_index/resource_index/packages/bumperbot_firmware
[1.477s] -- Up-to-date: /home/shady/bumperbot_ws/install/bumperbot_firmware/share/ament_index/resource_index/hardware_interface__pluginlib__plugin/bumperbot_firmware
[1.477s] -- Up-to-date: /home/shady/bumperbot_ws/install/bumperbot_firmware/share/bumperbot_firmware/cmake/ament_cmake_export_include_directories-extras.cmake
[1.477s] -- Up-to-date: /home/shady/bumperbot_ws/install/bumperbot_firmware/share/bumperbot_firmware/cmake/ament_cmake_export_libraries-extras.cmake
[1.477s] -- Up-to-date: /home/shady/bumperbot_ws/install/bumperbot_firmware/share/bumperbot_firmware/cmake/ament_cmake_export_dependencies-extras.cmake
[1.478s] -- Up-to-date: /home/shady/bumperbot_ws/install/bumperbot_firmware/share/bumperbot_firmware/cmake/bumperbot_firmwareConfig.cmake
[1.478s] -- Up-to-date: /home/shady/bumperbot_ws/install/bumperbot_firmware/share/bumperbot_firmware/cmake/bumperbot_firmwareConfig-version.cmake
[1.478s] -- Up-to-date: /home/shady/bumperbot_ws/install/bumperbot_firmware/share/bumperbot_firmware/package.xml
[1.482s] Invoked command in '/home/shady/bumperbot_ws/build/bumperbot_firmware' returned '0': CMAKE_PREFIX_PATH=/opt/ros/humble /usr/bin/cmake --install /home/shady/bumperbot_ws/build/bumperbot_firmware
