-- The C compiler identification is GNU 11.4.0
-- The CXX compiler identification is GNU 11.4.0
-- Detecting C compiler ABI info
-- Detecting C compiler ABI info - done
-- Check for working C compiler: /usr/bin/cc - skipped
-- Detecting C compile features
-- Detecting C compile features - done
-- Detecting CXX compiler ABI info
-- Detecting CXX compiler ABI info - done
-- Check for working CXX compiler: /usr/bin/c++ - skipped
-- Detecting CXX compile features
-- Detecting CXX compile features - done
-- Found ament_cmake: 1.3.10 (/opt/ros/humble/share/ament_cmake/cmake)
-- Found Python3: /usr/bin/python3 (found version "3.10.12") found components: Interpreter 
-- Found rclcpp: 16.0.10 (/opt/ros/humble/share/rclcpp/cmake)
-- Found rosidl_generator_c: 3.1.5 (/opt/ros/humble/share/rosidl_generator_c/cmake)
-- Found rosidl_adapter: 3.1.5 (/opt/ros/humble/share/rosidl_adapter/cmake)
-- Found rosidl_generator_cpp: 3.1.5 (/opt/ros/humble/share/rosidl_generator_cpp/cmake)
-- Using all available rosidl_typesupport_c: rosidl_typesupport_fastrtps_c;rosidl_typesupport_introspection_c
-- Using all available rosidl_typesupport_cpp: rosidl_typesupport_fastrtps_cpp;rosidl_typesupport_introspection_cpp
-- Found rmw_implementation_cmake: 6.1.2 (/opt/ros/humble/share/rmw_implementation_cmake/cmake)
-- Found rmw_fastrtps_cpp: 6.2.7 (/opt/ros/humble/share/rmw_fastrtps_cpp/cmake)
-- Found OpenSSL: /usr/lib/x86_64-linux-gnu/libcrypto.so (found version "3.0.2")  
-- Found FastRTPS: /opt/ros/humble/include  
-- Using RMW implementation 'rmw_fastrtps_cpp' as default
-- Looking for pthread.h
-- Looking for pthread.h - found
-- Performing Test CMAKE_HAVE_LIBC_PTHREAD
-- Performing Test CMAKE_HAVE_LIBC_PTHREAD - Success
-- Found Threads: TRUE  
-- Found rclpy: 3.3.14 (/opt/ros/humble/share/rclpy/cmake)
-- Found nav_msgs: 4.2.4 (/opt/ros/humble/share/nav_msgs/cmake)
-- Found sensor_msgs: 4.2.4 (/opt/ros/humble/share/sensor_msgs/cmake)
-- Found tf2: 0.25.7 (/opt/ros/humble/share/tf2/cmake)
-- Found nav2_amcl: 1.1.15 (/opt/ros/humble/share/nav2_amcl/cmake)
-- Found eigen3_cmake_module: 0.1.1 (/opt/ros/humble/share/eigen3_cmake_module/cmake)
-- Found Eigen3: TRUE (found version "3.4.0") 
-- Ensuring Eigen3 include directory is part of orocos-kdl CMake target
-- Found nav2_map_server: 1.1.15 (/opt/ros/humble/share/nav2_map_server/cmake)
-- Found nav2_planner: 1.1.15 (/opt/ros/humble/share/nav2_planner/cmake)
-- Found nav2_controller: 1.1.15 (/opt/ros/humble/share/nav2_controller/cmake)
-- Found nav2_lifecycle_manager: 1.1.15 (/opt/ros/humble/share/nav2_lifecycle_manager/cmake)
-- Found nav2_bt_navigator: 1.1.15 (/opt/ros/humble/share/nav2_bt_navigator/cmake)
-- Found nav2_behaviors: 1.1.15 (/opt/ros/humble/share/nav2_behaviors/cmake)
-- Configuring done
-- Generating done
-- Build files have been written to: /home/shady/bumperbot_ws/build/bumperbot_localization
[ 16%] [32mBuilding CXX object CMakeFiles/odometry_motion_model.dir/src/odometry_motion_model.cpp.o[0m
[ 33%] [32mBuilding CXX object CMakeFiles/imu_republisher.dir/src/imu_republisher.cpp.o[0m
[ 50%] [32mBuilding CXX object CMakeFiles/kalman_filter.dir/src/kalman_filter.cpp.o[0m
[ 50%] Built target ament_cmake_python_copy_bumperbot_localization
running egg_info
creating bumperbot_localization.egg-info
writing bumperbot_localization.egg-info/PKG-INFO
writing dependency_links to bumperbot_localization.egg-info/dependency_links.txt
writing top-level names to bumperbot_localization.egg-info/top_level.txt
writing manifest file 'bumperbot_localization.egg-info/SOURCES.txt'
reading manifest file 'bumperbot_localization.egg-info/SOURCES.txt'
writing manifest file 'bumperbot_localization.egg-info/SOURCES.txt'
[ 50%] Built target ament_cmake_python_build_bumperbot_localization_egg
[ 66%] [32m[1mLinking CXX executable odometry_motion_model[0m
[ 66%] Built target odometry_motion_model
[ 83%] [32m[1mLinking CXX executable imu_republisher[0m
[ 83%] Built target imu_republisher
[100%] [32m[1mLinking CXX executable kalman_filter[0m
[100%] Built target kalman_filter
-- Install configuration: ""
-- Installing: /home/shady/bumperbot_ws/install/bumperbot_localization/share/bumperbot_localization/environment/pythonpath.sh
-- Installing: /home/shady/bumperbot_ws/install/bumperbot_localization/share/bumperbot_localization/environment/pythonpath.dsv
-- Installing: /home/shady/bumperbot_ws/install/bumperbot_localization/local/lib/python3.10/dist-packages/bumperbot_localization-0.0.0-py3.10.egg-info
-- Installing: /home/shady/bumperbot_ws/install/bumperbot_localization/local/lib/python3.10/dist-packages/bumperbot_localization-0.0.0-py3.10.egg-info/SOURCES.txt
-- Installing: /home/shady/bumperbot_ws/install/bumperbot_localization/local/lib/python3.10/dist-packages/bumperbot_localization-0.0.0-py3.10.egg-info/dependency_links.txt
-- Installing: /home/shady/bumperbot_ws/install/bumperbot_localization/local/lib/python3.10/dist-packages/bumperbot_localization-0.0.0-py3.10.egg-info/PKG-INFO
-- Installing: /home/shady/bumperbot_ws/install/bumperbot_localization/local/lib/python3.10/dist-packages/bumperbot_localization-0.0.0-py3.10.egg-info/top_level.txt
-- Installing: /home/shady/bumperbot_ws/install/bumperbot_localization/local/lib/python3.10/dist-packages/bumperbot_localization
-- Installing: /home/shady/bumperbot_ws/install/bumperbot_localization/local/lib/python3.10/dist-packages/bumperbot_localization/kalman_filter.py
-- Installing: /home/shady/bumperbot_ws/install/bumperbot_localization/local/lib/python3.10/dist-packages/bumperbot_localization/__init__.py
-- Installing: /home/shady/bumperbot_ws/install/bumperbot_localization/local/lib/python3.10/dist-packages/bumperbot_localization/imu_republisher.py
-- Installing: /home/shady/bumperbot_ws/install/bumperbot_localization/local/lib/python3.10/dist-packages/bumperbot_localization/odometry_motion_model.py
Listing '/home/shady/bumperbot_ws/install/bumperbot_localization/local/lib/python3.10/dist-packages/bumperbot_localization'...
Compiling '/home/shady/bumperbot_ws/install/bumperbot_localization/local/lib/python3.10/dist-packages/bumperbot_localization/__init__.py'...
Compiling '/home/shady/bumperbot_ws/install/bumperbot_localization/local/lib/python3.10/dist-packages/bumperbot_localization/imu_republisher.py'...
Compiling '/home/shady/bumperbot_ws/install/bumperbot_localization/local/lib/python3.10/dist-packages/bumperbot_localization/kalman_filter.py'...
Compiling '/home/shady/bumperbot_ws/install/bumperbot_localization/local/lib/python3.10/dist-packages/bumperbot_localization/odometry_motion_model.py'...
-- Installing: /home/shady/bumperbot_ws/install/bumperbot_localization/include/include
-- Installing: /home/shady/bumperbot_ws/install/bumperbot_localization/include/include/bumperbot_localization
-- Installing: /home/shady/bumperbot_ws/install/bumperbot_localization/include/include/bumperbot_localization/odometry_motion_model.hpp
-- Installing: /home/shady/bumperbot_ws/install/bumperbot_localization/include/include/bumperbot_localization/kalman_filter.hpp
-- Installing: /home/shady/bumperbot_ws/install/bumperbot_localization/bin/odometry_motion_model
-- Set runtime path of "/home/shady/bumperbot_ws/install/bumperbot_localization/bin/odometry_motion_model" to ""
-- Installing: /home/shady/bumperbot_ws/install/bumperbot_localization/lib/bumperbot_localization/kalman_filter
-- Set runtime path of "/home/shady/bumperbot_ws/install/bumperbot_localization/lib/bumperbot_localization/kalman_filter" to ""
-- Installing: /home/shady/bumperbot_ws/install/bumperbot_localization/lib/bumperbot_localization/imu_republisher
-- Set runtime path of "/home/shady/bumperbot_ws/install/bumperbot_localization/lib/bumperbot_localization/imu_republisher" to ""
-- Installing: /home/shady/bumperbot_ws/install/bumperbot_localization/lib/bumperbot_localization/odometry_motion_model
-- Set runtime path of "/home/shady/bumperbot_ws/install/bumperbot_localization/lib/bumperbot_localization/odometry_motion_model" to ""
-- Installing: /home/shady/bumperbot_ws/install/bumperbot_localization/share/bumperbot_localization/launch
-- Installing: /home/shady/bumperbot_ws/install/bumperbot_localization/share/bumperbot_localization/launch/global_localization.launch.py
-- Installing: /home/shady/bumperbot_ws/install/bumperbot_localization/share/bumperbot_localization/launch/local_localization.launch.py
-- Installing: /home/shady/bumperbot_ws/install/bumperbot_localization/share/bumperbot_localization/config
-- Installing: /home/shady/bumperbot_ws/install/bumperbot_localization/share/bumperbot_localization/config/ekf.yaml
-- Installing: /home/shady/bumperbot_ws/install/bumperbot_localization/share/bumperbot_localization/config/global_costmap.yaml
-- Installing: /home/shady/bumperbot_ws/install/bumperbot_localization/share/bumperbot_localization/config/dwb_controller.yaml
-- Installing: /home/shady/bumperbot_ws/install/bumperbot_localization/share/bumperbot_localization/config/odometry_motion_model.rviz
-- Installing: /home/shady/bumperbot_ws/install/bumperbot_localization/share/bumperbot_localization/config/behavior_server.yaml
-- Installing: /home/shady/bumperbot_ws/install/bumperbot_localization/share/bumperbot_localization/config/local_costmap.yaml
-- Installing: /home/shady/bumperbot_ws/install/bumperbot_localization/share/bumperbot_localization/config/bt_navigator.yaml
-- Installing: /home/shady/bumperbot_ws/install/bumperbot_localization/share/bumperbot_localization/config/navfn_planner.yaml
-- Installing: /home/shady/bumperbot_ws/install/bumperbot_localization/share/bumperbot_localization/config/amcl.yaml
-- Installing: /home/shady/bumperbot_ws/install/bumperbot_localization/share/bumperbot_localization/rviz
-- Installing: /home/shady/bumperbot_ws/install/bumperbot_localization/share/bumperbot_localization/rviz/global_localization.rviz
-- Installing: /home/shady/bumperbot_ws/install/bumperbot_localization/lib/bumperbot_localization/kalman_filter.py
-- Installing: /home/shady/bumperbot_ws/install/bumperbot_localization/lib/bumperbot_localization/imu_republisher.py
-- Installing: /home/shady/bumperbot_ws/install/bumperbot_localization/lib/bumperbot_localization/odometry_motion_model.py
-- Installing: /home/shady/bumperbot_ws/install/bumperbot_localization/share/ament_index/resource_index/package_run_dependencies/bumperbot_localization
-- Installing: /home/shady/bumperbot_ws/install/bumperbot_localization/share/ament_index/resource_index/parent_prefix_path/bumperbot_localization
-- Installing: /home/shady/bumperbot_ws/install/bumperbot_localization/share/bumperbot_localization/environment/ament_prefix_path.sh
-- Installing: /home/shady/bumperbot_ws/install/bumperbot_localization/share/bumperbot_localization/environment/ament_prefix_path.dsv
-- Installing: /home/shady/bumperbot_ws/install/bumperbot_localization/share/bumperbot_localization/environment/path.sh
-- Installing: /home/shady/bumperbot_ws/install/bumperbot_localization/share/bumperbot_localization/environment/path.dsv
-- Installing: /home/shady/bumperbot_ws/install/bumperbot_localization/share/bumperbot_localization/local_setup.bash
-- Installing: /home/shady/bumperbot_ws/install/bumperbot_localization/share/bumperbot_localization/local_setup.sh
-- Installing: /home/shady/bumperbot_ws/install/bumperbot_localization/share/bumperbot_localization/local_setup.zsh
-- Installing: /home/shady/bumperbot_ws/install/bumperbot_localization/share/bumperbot_localization/local_setup.dsv
-- Installing: /home/shady/bumperbot_ws/install/bumperbot_localization/share/bumperbot_localization/package.dsv
-- Installing: /home/shady/bumperbot_ws/install/bumperbot_localization/share/ament_index/resource_index/packages/bumperbot_localization
-- Installing: /home/shady/bumperbot_ws/install/bumperbot_localization/share/bumperbot_localization/cmake/bumperbot_localizationConfig.cmake
-- Installing: /home/shady/bumperbot_ws/install/bumperbot_localization/share/bumperbot_localization/cmake/bumperbot_localizationConfig-version.cmake
-- Installing: /home/shady/bumperbot_ws/install/bumperbot_localization/share/bumperbot_localization/package.xml
