[0.067s] Invoking command in '/home/shady/bumperbot_ws/build/bumperbot_bringup': AMENT_PREFIX_PATH=/home/shady/bumperbot_ws/install/bumperbot_mapping:/home/shady/bumperbot_ws/install/bumperbot_localization:/home/shady/bumperbot_ws/install/bumperbot_firmware:/home/shady/bumperbot_ws/install/bumperbot_description:/home/shady/bumperbot_ws/install/bumperbot_controller:${AMENT_PREFIX_PATH} CMAKE_PREFIX_PATH=/home/shady/bumperbot_ws/install/bumperbot_mapping:/home/shady/bumperbot_ws/install/bumperbot_localization:/home/shady/bumperbot_ws/install/bumperbot_firmware:/home/shady/bumperbot_ws/install/bumperbot_description:/home/shady/bumperbot_ws/install/bumperbot_controller:/opt/ros/humble LD_LIBRARY_PATH=/home/shady/bumperbot_ws/install/bumperbot_firmware/lib:${LD_LIBRARY_PATH} PATH=/home/shady/bumperbot_ws/install/bumperbot_localization/bin:${PATH} PYTHONPATH=/home/shady/bumperbot_ws/install/bumperbot_mapping/local/lib/python3.10/dist-packages:/home/shady/bumperbot_ws/install/bumperbot_localization/local/lib/python3.10/dist-packages:/home/shady/bumperbot_ws/install/bumperbot_firmware/local/lib/python3.10/dist-packages:/home/shady/bumperbot_ws/install/bumperbot_controller/local/lib/python3.10/dist-packages:${PYTHONPATH} /usr/bin/cmake /home/shady/bumperbot_ws/src/bumperbot_bringup -DCMAKE_INSTALL_PREFIX=/home/shady/bumperbot_ws/install/bumperbot_bringup
[0.273s] -- The C compiler identification is GNU 11.4.0
[0.506s] -- The CXX compiler identification is GNU 11.4.0
[0.536s] -- Detecting C compiler ABI info
[0.775s] -- Detecting C compiler ABI info - done
[0.803s] -- Check for working C compiler: /usr/bin/cc - skipped
[0.804s] -- Detecting C compile features
[0.805s] -- Detecting C compile features - done
[0.812s] -- Detecting CXX compiler ABI info
[1.001s] -- Detecting CXX compiler ABI info - done
[1.043s] -- Check for working CXX compiler: /usr/bin/c++ - skipped
[1.044s] -- Detecting CXX compile features
[1.044s] -- Detecting CXX compile features - done
[1.054s] -- Found ament_cmake: 1.3.10 (/opt/ros/humble/share/ament_cmake/cmake)
[1.690s] -- Found Python3: /usr/bin/python3 (found version "3.10.12") found components: Interpreter 
[2.139s] -- Configuring done
[2.153s] -- Generating done
[2.153s] -- Build files have been written to: /home/shady/bumperbot_ws/build/bumperbot_bringup
[2.165s] Invoked command in '/home/shady/bumperbot_ws/build/bumperbot_bringup' returned '0': AMENT_PREFIX_PATH=/home/shady/bumperbot_ws/install/bumperbot_mapping:/home/shady/bumperbot_ws/install/bumperbot_localization:/home/shady/bumperbot_ws/install/bumperbot_firmware:/home/shady/bumperbot_ws/install/bumperbot_description:/home/shady/bumperbot_ws/install/bumperbot_controller:${AMENT_PREFIX_PATH} CMAKE_PREFIX_PATH=/home/shady/bumperbot_ws/install/bumperbot_mapping:/home/shady/bumperbot_ws/install/bumperbot_localization:/home/shady/bumperbot_ws/install/bumperbot_firmware:/home/shady/bumperbot_ws/install/bumperbot_description:/home/shady/bumperbot_ws/install/bumperbot_controller:/opt/ros/humble LD_LIBRARY_PATH=/home/shady/bumperbot_ws/install/bumperbot_firmware/lib:${LD_LIBRARY_PATH} PATH=/home/shady/bumperbot_ws/install/bumperbot_localization/bin:${PATH} PYTHONPATH=/home/shady/bumperbot_ws/install/bumperbot_mapping/local/lib/python3.10/dist-packages:/home/shady/bumperbot_ws/install/bumperbot_localization/local/lib/python3.10/dist-packages:/home/shady/bumperbot_ws/install/bumperbot_firmware/local/lib/python3.10/dist-packages:/home/shady/bumperbot_ws/install/bumperbot_controller/local/lib/python3.10/dist-packages:${PYTHONPATH} /usr/bin/cmake /home/shady/bumperbot_ws/src/bumperbot_bringup -DCMAKE_INSTALL_PREFIX=/home/shady/bumperbot_ws/install/bumperbot_bringup
[2.175s] Invoking command in '/home/shady/bumperbot_ws/build/bumperbot_bringup': AMENT_PREFIX_PATH=/home/shady/bumperbot_ws/install/bumperbot_mapping:/home/shady/bumperbot_ws/install/bumperbot_localization:/home/shady/bumperbot_ws/install/bumperbot_firmware:/home/shady/bumperbot_ws/install/bumperbot_description:/home/shady/bumperbot_ws/install/bumperbot_controller:${AMENT_PREFIX_PATH} CMAKE_PREFIX_PATH=/home/shady/bumperbot_ws/install/bumperbot_mapping:/home/shady/bumperbot_ws/install/bumperbot_localization:/home/shady/bumperbot_ws/install/bumperbot_firmware:/home/shady/bumperbot_ws/install/bumperbot_description:/home/shady/bumperbot_ws/install/bumperbot_controller:/opt/ros/humble LD_LIBRARY_PATH=/home/shady/bumperbot_ws/install/bumperbot_firmware/lib:${LD_LIBRARY_PATH} PATH=/home/shady/bumperbot_ws/install/bumperbot_localization/bin:${PATH} PYTHONPATH=/home/shady/bumperbot_ws/install/bumperbot_mapping/local/lib/python3.10/dist-packages:/home/shady/bumperbot_ws/install/bumperbot_localization/local/lib/python3.10/dist-packages:/home/shady/bumperbot_ws/install/bumperbot_firmware/local/lib/python3.10/dist-packages:/home/shady/bumperbot_ws/install/bumperbot_controller/local/lib/python3.10/dist-packages:${PYTHONPATH} /usr/bin/cmake --build /home/shady/bumperbot_ws/build/bumperbot_bringup -- -j8 -l8
[2.297s] Invoked command in '/home/shady/bumperbot_ws/build/bumperbot_bringup' returned '0': AMENT_PREFIX_PATH=/home/shady/bumperbot_ws/install/bumperbot_mapping:/home/shady/bumperbot_ws/install/bumperbot_localization:/home/shady/bumperbot_ws/install/bumperbot_firmware:/home/shady/bumperbot_ws/install/bumperbot_description:/home/shady/bumperbot_ws/install/bumperbot_controller:${AMENT_PREFIX_PATH} CMAKE_PREFIX_PATH=/home/shady/bumperbot_ws/install/bumperbot_mapping:/home/shady/bumperbot_ws/install/bumperbot_localization:/home/shady/bumperbot_ws/install/bumperbot_firmware:/home/shady/bumperbot_ws/install/bumperbot_description:/home/shady/bumperbot_ws/install/bumperbot_controller:/opt/ros/humble LD_LIBRARY_PATH=/home/shady/bumperbot_ws/install/bumperbot_firmware/lib:${LD_LIBRARY_PATH} PATH=/home/shady/bumperbot_ws/install/bumperbot_localization/bin:${PATH} PYTHONPATH=/home/shady/bumperbot_ws/install/bumperbot_mapping/local/lib/python3.10/dist-packages:/home/shady/bumperbot_ws/install/bumperbot_localization/local/lib/python3.10/dist-packages:/home/shady/bumperbot_ws/install/bumperbot_firmware/local/lib/python3.10/dist-packages:/home/shady/bumperbot_ws/install/bumperbot_controller/local/lib/python3.10/dist-packages:${PYTHONPATH} /usr/bin/cmake --build /home/shady/bumperbot_ws/build/bumperbot_bringup -- -j8 -l8
[2.380s] Invoking command in '/home/shady/bumperbot_ws/build/bumperbot_bringup': AMENT_PREFIX_PATH=/home/shady/bumperbot_ws/install/bumperbot_mapping:/home/shady/bumperbot_ws/install/bumperbot_localization:/home/shady/bumperbot_ws/install/bumperbot_firmware:/home/shady/bumperbot_ws/install/bumperbot_description:/home/shady/bumperbot_ws/install/bumperbot_controller:${AMENT_PREFIX_PATH} CMAKE_PREFIX_PATH=/home/shady/bumperbot_ws/install/bumperbot_mapping:/home/shady/bumperbot_ws/install/bumperbot_localization:/home/shady/bumperbot_ws/install/bumperbot_firmware:/home/shady/bumperbot_ws/install/bumperbot_description:/home/shady/bumperbot_ws/install/bumperbot_controller:/opt/ros/humble LD_LIBRARY_PATH=/home/shady/bumperbot_ws/install/bumperbot_firmware/lib:${LD_LIBRARY_PATH} PATH=/home/shady/bumperbot_ws/install/bumperbot_localization/bin:${PATH} PYTHONPATH=/home/shady/bumperbot_ws/install/bumperbot_mapping/local/lib/python3.10/dist-packages:/home/shady/bumperbot_ws/install/bumperbot_localization/local/lib/python3.10/dist-packages:/home/shady/bumperbot_ws/install/bumperbot_firmware/local/lib/python3.10/dist-packages:/home/shady/bumperbot_ws/install/bumperbot_controller/local/lib/python3.10/dist-packages:${PYTHONPATH} /usr/bin/cmake --install /home/shady/bumperbot_ws/build/bumperbot_bringup
[2.402s] -- Install configuration: ""
[2.404s] -- Installing: /home/shady/bumperbot_ws/install/bumperbot_bringup/share/bumperbot_bringup/launch
[2.404s] -- Installing: /home/shady/bumperbot_ws/install/bumperbot_bringup/share/bumperbot_bringup/launch/real_robot.launch.py
[2.408s] -- Installing: /home/shady/bumperbot_ws/install/bumperbot_bringup/share/bumperbot_bringup/launch/simulated_robot.launch.py
[2.408s] -- Installing: /home/shady/bumperbot_ws/install/bumperbot_bringup/share/ament_index/resource_index/package_run_dependencies/bumperbot_bringup
[2.408s] -- Installing: /home/shady/bumperbot_ws/install/bumperbot_bringup/share/ament_index/resource_index/parent_prefix_path/bumperbot_bringup
[2.409s] -- Installing: /home/shady/bumperbot_ws/install/bumperbot_bringup/share/bumperbot_bringup/environment/ament_prefix_path.sh
[2.409s] -- Installing: /home/shady/bumperbot_ws/install/bumperbot_bringup/share/bumperbot_bringup/environment/ament_prefix_path.dsv
[2.409s] -- Installing: /home/shady/bumperbot_ws/install/bumperbot_bringup/share/bumperbot_bringup/environment/path.sh
[2.409s] -- Installing: /home/shady/bumperbot_ws/install/bumperbot_bringup/share/bumperbot_bringup/environment/path.dsv
[2.410s] -- Installing: /home/shady/bumperbot_ws/install/bumperbot_bringup/share/bumperbot_bringup/local_setup.bash
[2.413s] -- Installing: /home/shady/bumperbot_ws/install/bumperbot_bringup/share/bumperbot_bringup/local_setup.sh
[2.413s] -- Installing: /home/shady/bumperbot_ws/install/bumperbot_bringup/share/bumperbot_bringup/local_setup.zsh
[2.413s] -- Installing: /home/shady/bumperbot_ws/install/bumperbot_bringup/share/bumperbot_bringup/local_setup.dsv
[2.413s] -- Installing: /home/shady/bumperbot_ws/install/bumperbot_bringup/share/bumperbot_bringup/package.dsv
[2.415s] -- Installing: /home/shady/bumperbot_ws/install/bumperbot_bringup/share/ament_index/resource_index/packages/bumperbot_bringup
[2.415s] -- Installing: /home/shady/bumperbot_ws/install/bumperbot_bringup/share/bumperbot_bringup/cmake/bumperbot_bringupConfig.cmake
[2.415s] -- Installing: /home/shady/bumperbot_ws/install/bumperbot_bringup/share/bumperbot_bringup/cmake/bumperbot_bringupConfig-version.cmake
[2.415s] -- Installing: /home/shady/bumperbot_ws/install/bumperbot_bringup/share/bumperbot_bringup/package.xml
[2.418s] Invoked command in '/home/shady/bumperbot_ws/build/bumperbot_bringup' returned '0': AMENT_PREFIX_PATH=/home/shady/bumperbot_ws/install/bumperbot_mapping:/home/shady/bumperbot_ws/install/bumperbot_localization:/home/shady/bumperbot_ws/install/bumperbot_firmware:/home/shady/bumperbot_ws/install/bumperbot_description:/home/shady/bumperbot_ws/install/bumperbot_controller:${AMENT_PREFIX_PATH} CMAKE_PREFIX_PATH=/home/shady/bumperbot_ws/install/bumperbot_mapping:/home/shady/bumperbot_ws/install/bumperbot_localization:/home/shady/bumperbot_ws/install/bumperbot_firmware:/home/shady/bumperbot_ws/install/bumperbot_description:/home/shady/bumperbot_ws/install/bumperbot_controller:/opt/ros/humble LD_LIBRARY_PATH=/home/shady/bumperbot_ws/install/bumperbot_firmware/lib:${LD_LIBRARY_PATH} PATH=/home/shady/bumperbot_ws/install/bumperbot_localization/bin:${PATH} PYTHONPATH=/home/shady/bumperbot_ws/install/bumperbot_mapping/local/lib/python3.10/dist-packages:/home/shady/bumperbot_ws/install/bumperbot_localization/local/lib/python3.10/dist-packages:/home/shady/bumperbot_ws/install/bumperbot_firmware/local/lib/python3.10/dist-packages:/home/shady/bumperbot_ws/install/bumperbot_controller/local/lib/python3.10/dist-packages:${PYTHONPATH} /usr/bin/cmake --install /home/shady/bumperbot_ws/build/bumperbot_bringup
