[0.045s] Invoking command in '/home/shady/bumperbot_ws/build/bumperbot_controller': CMAKE_PREFIX_PATH=${CMAKE_PREFIX_PATH}:/home/shady/bumperbot_ws/install/bumperbot_py_examples:/opt/ros/humble /usr/bin/cmake --build /home/shady/bumperbot_ws/build/bumperbot_controller -- -j8 -l8
[0.201s] [ 50%] Built target noisy_controller
[0.207s] [ 50%] Built target ament_cmake_python_copy_bumperbot_controller
[0.228s] [100%] Built target simple_controller
[0.787s] running egg_info
[0.788s] writing bumperbot_controller.egg-info/PKG-INFO
[0.789s] writing dependency_links to bumperbot_controller.egg-info/dependency_links.txt
[0.791s] writing top-level names to bumperbot_controller.egg-info/top_level.txt
[0.794s] reading manifest file 'bumperbot_controller.egg-info/SOURCES.txt'
[0.796s] writing manifest file 'bumperbot_controller.egg-info/SOURCES.txt'
[1.012s] [100%] Built target ament_cmake_python_build_bumperbot_controller_egg
[1.083s] Invoked command in '/home/shady/bumperbot_ws/build/bumperbot_controller' returned '0': CMAKE_PREFIX_PATH=${CMAKE_PREFIX_PATH}:/home/shady/bumperbot_ws/install/bumperbot_py_examples:/opt/ros/humble /usr/bin/cmake --build /home/shady/bumperbot_ws/build/bumperbot_controller -- -j8 -l8
[1.090s] Invoking command in '/home/shady/bumperbot_ws/build/bumperbot_controller': CMAKE_PREFIX_PATH=${CMAKE_PREFIX_PATH}:/home/shady/bumperbot_ws/install/bumperbot_py_examples:/opt/ros/humble /usr/bin/cmake --install /home/shady/bumperbot_ws/build/bumperbot_controller
[1.093s] -- Install configuration: ""
[1.094s] -- Up-to-date: /home/shady/bumperbot_ws/install/bumperbot_controller/share/bumperbot_controller/environment/pythonpath.sh
[1.094s] -- Up-to-date: /home/shady/bumperbot_ws/install/bumperbot_controller/share/bumperbot_controller/environment/pythonpath.dsv
[1.094s] -- Up-to-date: /home/shady/bumperbot_ws/install/bumperbot_controller/local/lib/python3.10/dist-packages/bumperbot_controller-0.0.0-py3.10.egg-info
[1.094s] -- Installing: /home/shady/bumperbot_ws/install/bumperbot_controller/local/lib/python3.10/dist-packages/bumperbot_controller-0.0.0-py3.10.egg-info/SOURCES.txt
[1.095s] -- Installing: /home/shady/bumperbot_ws/install/bumperbot_controller/local/lib/python3.10/dist-packages/bumperbot_controller-0.0.0-py3.10.egg-info/dependency_links.txt
[1.096s] -- Installing: /home/shady/bumperbot_ws/install/bumperbot_controller/local/lib/python3.10/dist-packages/bumperbot_controller-0.0.0-py3.10.egg-info/PKG-INFO
[1.096s] -- Installing: /home/shady/bumperbot_ws/install/bumperbot_controller/local/lib/python3.10/dist-packages/bumperbot_controller-0.0.0-py3.10.egg-info/top_level.txt
[1.096s] -- Up-to-date: /home/shady/bumperbot_ws/install/bumperbot_controller/local/lib/python3.10/dist-packages/bumperbot_controller
[1.096s] -- Up-to-date: /home/shady/bumperbot_ws/install/bumperbot_controller/local/lib/python3.10/dist-packages/bumperbot_controller/__init__.py
[1.097s] -- Up-to-date: /home/shady/bumperbot_ws/install/bumperbot_controller/local/lib/python3.10/dist-packages/bumperbot_controller/noisy_controller.py
[1.097s] -- Up-to-date: /home/shady/bumperbot_ws/install/bumperbot_controller/local/lib/python3.10/dist-packages/bumperbot_controller/simple_controller.py
[1.118s] Listing '/home/shady/bumperbot_ws/install/bumperbot_controller/local/lib/python3.10/dist-packages/bumperbot_controller'...
[1.149s] -- Up-to-date: /home/shady/bumperbot_ws/install/bumperbot_controller/include/include
[1.150s] -- Up-to-date: /home/shady/bumperbot_ws/install/bumperbot_controller/include/include/bumperbot_controller
[1.150s] -- Up-to-date: /home/shady/bumperbot_ws/install/bumperbot_controller/include/include/bumperbot_controller/simple_controller.hpp
[1.150s] -- Up-to-date: /home/shady/bumperbot_ws/install/bumperbot_controller/include/include/bumperbot_controller/noisy_controller.hpp
[1.152s] -- Up-to-date: /home/shady/bumperbot_ws/install/bumperbot_controller/lib/bumperbot_controller/simple_controller
[1.153s] -- Up-to-date: /home/shady/bumperbot_ws/install/bumperbot_controller/lib/bumperbot_controller/noisy_controller
[1.153s] -- Up-to-date: /home/shady/bumperbot_ws/install/bumperbot_controller/share/bumperbot_controller/launch
[1.154s] -- Up-to-date: /home/shady/bumperbot_ws/install/bumperbot_controller/share/bumperbot_controller/launch/controller.launch.py
[1.154s] -- Up-to-date: /home/shady/bumperbot_ws/install/bumperbot_controller/share/bumperbot_controller/launch/joystick_teleop.launch.py
[1.154s] -- Up-to-date: /home/shady/bumperbot_ws/install/bumperbot_controller/share/bumperbot_controller/config
[1.154s] -- Up-to-date: /home/shady/bumperbot_ws/install/bumperbot_controller/share/bumperbot_controller/config/twist_mux_topics.yaml
[1.154s] -- Up-to-date: /home/shady/bumperbot_ws/install/bumperbot_controller/share/bumperbot_controller/config/joy_config.yaml
[1.154s] -- Up-to-date: /home/shady/bumperbot_ws/install/bumperbot_controller/share/bumperbot_controller/config/twist_mux_joy.yaml
[1.154s] -- Up-to-date: /home/shady/bumperbot_ws/install/bumperbot_controller/share/bumperbot_controller/config/twist_mux_locks.yaml
[1.155s] -- Up-to-date: /home/shady/bumperbot_ws/install/bumperbot_controller/share/bumperbot_controller/config/joy_teleop.yaml
[1.155s] -- Installing: /home/shady/bumperbot_ws/install/bumperbot_controller/share/bumperbot_controller/config/bumperbot_controllers.yaml
[1.155s] -- Up-to-date: /home/shady/bumperbot_ws/install/bumperbot_controller/lib/bumperbot_controller/simple_controller.py
[1.155s] -- Up-to-date: /home/shady/bumperbot_ws/install/bumperbot_controller/lib/bumperbot_controller/noisy_controller.py
[1.155s] -- Up-to-date: /home/shady/bumperbot_ws/install/bumperbot_controller/share/ament_index/resource_index/package_run_dependencies/bumperbot_controller
[1.155s] -- Up-to-date: /home/shady/bumperbot_ws/install/bumperbot_controller/share/ament_index/resource_index/parent_prefix_path/bumperbot_controller
[1.156s] -- Up-to-date: /home/shady/bumperbot_ws/install/bumperbot_controller/share/bumperbot_controller/environment/ament_prefix_path.sh
[1.156s] -- Up-to-date: /home/shady/bumperbot_ws/install/bumperbot_controller/share/bumperbot_controller/environment/ament_prefix_path.dsv
[1.157s] -- Up-to-date: /home/shady/bumperbot_ws/install/bumperbot_controller/share/bumperbot_controller/environment/path.sh
[1.157s] -- Up-to-date: /home/shady/bumperbot_ws/install/bumperbot_controller/share/bumperbot_controller/environment/path.dsv
[1.157s] -- Up-to-date: /home/shady/bumperbot_ws/install/bumperbot_controller/share/bumperbot_controller/local_setup.bash
[1.157s] -- Up-to-date: /home/shady/bumperbot_ws/install/bumperbot_controller/share/bumperbot_controller/local_setup.sh
[1.157s] -- Up-to-date: /home/shady/bumperbot_ws/install/bumperbot_controller/share/bumperbot_controller/local_setup.zsh
[1.157s] -- Up-to-date: /home/shady/bumperbot_ws/install/bumperbot_controller/share/bumperbot_controller/local_setup.dsv
[1.158s] -- Installing: /home/shady/bumperbot_ws/install/bumperbot_controller/share/bumperbot_controller/package.dsv
[1.161s] -- Up-to-date: /home/shady/bumperbot_ws/install/bumperbot_controller/share/ament_index/resource_index/packages/bumperbot_controller
[1.161s] -- Up-to-date: /home/shady/bumperbot_ws/install/bumperbot_controller/share/bumperbot_controller/cmake/bumperbot_controllerConfig.cmake
[1.161s] -- Up-to-date: /home/shady/bumperbot_ws/install/bumperbot_controller/share/bumperbot_controller/cmake/bumperbot_controllerConfig-version.cmake
[1.162s] -- Up-to-date: /home/shady/bumperbot_ws/install/bumperbot_controller/share/bumperbot_controller/package.xml
[1.174s] Invoked command in '/home/shady/bumperbot_ws/build/bumperbot_controller' returned '0': CMAKE_PREFIX_PATH=${CMAKE_PREFIX_PATH}:/home/shady/bumperbot_ws/install/bumperbot_py_examples:/opt/ros/humble /usr/bin/cmake --install /home/shady/bumperbot_ws/build/bumperbot_controller
