[0.051s] Invoking command in '/home/shady/bumperbot_ws/build/bumperbot_utils': CMAKE_PREFIX_PATH=${CMAKE_PREFIX_PATH}:/home/shady/bumperbot_ws/install/bumperbot_py_examples:/opt/ros/humble /usr/bin/cmake --build /home/shady/bumperbot_ws/build/bumperbot_utils -- -j8 -l8
[0.277s] [100%] Built target safety_stop
[0.312s] [100%] Built target ament_cmake_python_copy_bumperbot_utils
[0.902s] running egg_info
[0.908s] writing bumperbot_utils.egg-info/PKG-INFO
[0.908s] writing dependency_links to bumperbot_utils.egg-info/dependency_links.txt
[0.977s] writing top-level names to bumperbot_utils.egg-info/top_level.txt
[0.978s] reading manifest file 'bumperbot_utils.egg-info/SOURCES.txt'
[0.978s] writing manifest file 'bumperbot_utils.egg-info/SOURCES.txt'
[1.216s] [100%] Built target ament_cmake_python_build_bumperbot_utils_egg
[1.223s] Invoked command in '/home/shady/bumperbot_ws/build/bumperbot_utils' returned '0': CMAKE_PREFIX_PATH=${CMAKE_PREFIX_PATH}:/home/shady/bumperbot_ws/install/bumperbot_py_examples:/opt/ros/humble /usr/bin/cmake --build /home/shady/bumperbot_ws/build/bumperbot_utils -- -j8 -l8
[1.255s] Invoking command in '/home/shady/bumperbot_ws/build/bumperbot_utils': CMAKE_PREFIX_PATH=${CMAKE_PREFIX_PATH}:/home/shady/bumperbot_ws/install/bumperbot_py_examples:/opt/ros/humble /usr/bin/cmake --install /home/shady/bumperbot_ws/build/bumperbot_utils
[1.263s] -- Install configuration: ""
[1.263s] -- Up-to-date: /home/shady/bumperbot_ws/install/bumperbot_utils/share/bumperbot_utils/environment/pythonpath.sh
[1.264s] -- Up-to-date: /home/shady/bumperbot_ws/install/bumperbot_utils/share/bumperbot_utils/environment/pythonpath.dsv
[1.264s] -- Up-to-date: /home/shady/bumperbot_ws/install/bumperbot_utils/local/lib/python3.10/dist-packages/bumperbot_utils-0.0.0-py3.10.egg-info
[1.264s] -- Installing: /home/shady/bumperbot_ws/install/bumperbot_utils/local/lib/python3.10/dist-packages/bumperbot_utils-0.0.0-py3.10.egg-info/SOURCES.txt
[1.265s] -- Installing: /home/shady/bumperbot_ws/install/bumperbot_utils/local/lib/python3.10/dist-packages/bumperbot_utils-0.0.0-py3.10.egg-info/dependency_links.txt
[1.266s] -- Installing: /home/shady/bumperbot_ws/install/bumperbot_utils/local/lib/python3.10/dist-packages/bumperbot_utils-0.0.0-py3.10.egg-info/PKG-INFO
[1.266s] -- Installing: /home/shady/bumperbot_ws/install/bumperbot_utils/local/lib/python3.10/dist-packages/bumperbot_utils-0.0.0-py3.10.egg-info/top_level.txt
[1.266s] -- Up-to-date: /home/shady/bumperbot_ws/install/bumperbot_utils/local/lib/python3.10/dist-packages/bumperbot_utils
[1.266s] -- Up-to-date: /home/shady/bumperbot_ws/install/bumperbot_utils/local/lib/python3.10/dist-packages/bumperbot_utils/__init__.py
[1.267s] -- Up-to-date: /home/shady/bumperbot_ws/install/bumperbot_utils/local/lib/python3.10/dist-packages/bumperbot_utils/safety_stop.py
[1.268s] -- Up-to-date: /home/shady/bumperbot_ws/install/bumperbot_utils/local/lib/python3.10/dist-packages/bumperbot_utils/pose_logger.py
[1.302s] Listing '/home/shady/bumperbot_ws/install/bumperbot_utils/local/lib/python3.10/dist-packages/bumperbot_utils'...
[1.315s] -- Up-to-date: /home/shady/bumperbot_ws/install/bumperbot_utils/lib/bumperbot_utils/safety_stop
[1.316s] -- Up-to-date: /home/shady/bumperbot_ws/install/bumperbot_utils/lib/bumperbot_utils/safety_stop.py
[1.317s] -- Up-to-date: /home/shady/bumperbot_ws/install/bumperbot_utils/lib/bumperbot_utils/pose_logger.py
[1.317s] -- Up-to-date: /home/shady/bumperbot_ws/install/bumperbot_utils/share/ament_index/resource_index/package_run_dependencies/bumperbot_utils
[1.317s] -- Up-to-date: /home/shady/bumperbot_ws/install/bumperbot_utils/share/ament_index/resource_index/parent_prefix_path/bumperbot_utils
[1.317s] -- Up-to-date: /home/shady/bumperbot_ws/install/bumperbot_utils/share/bumperbot_utils/environment/ament_prefix_path.sh
[1.317s] -- Up-to-date: /home/shady/bumperbot_ws/install/bumperbot_utils/share/bumperbot_utils/environment/ament_prefix_path.dsv
[1.318s] -- Up-to-date: /home/shady/bumperbot_ws/install/bumperbot_utils/share/bumperbot_utils/environment/path.sh
[1.318s] -- Up-to-date: /home/shady/bumperbot_ws/install/bumperbot_utils/share/bumperbot_utils/environment/path.dsv
[1.318s] -- Up-to-date: /home/shady/bumperbot_ws/install/bumperbot_utils/share/bumperbot_utils/local_setup.bash
[1.319s] -- Up-to-date: /home/shady/bumperbot_ws/install/bumperbot_utils/share/bumperbot_utils/local_setup.sh
[1.319s] -- Up-to-date: /home/shady/bumperbot_ws/install/bumperbot_utils/share/bumperbot_utils/local_setup.zsh
[1.319s] -- Up-to-date: /home/shady/bumperbot_ws/install/bumperbot_utils/share/bumperbot_utils/local_setup.dsv
[1.319s] -- Installing: /home/shady/bumperbot_ws/install/bumperbot_utils/share/bumperbot_utils/package.dsv
[1.319s] -- Up-to-date: /home/shady/bumperbot_ws/install/bumperbot_utils/share/ament_index/resource_index/packages/bumperbot_utils
[1.319s] -- Up-to-date: /home/shady/bumperbot_ws/install/bumperbot_utils/share/bumperbot_utils/cmake/bumperbot_utilsConfig.cmake
[1.320s] -- Up-to-date: /home/shady/bumperbot_ws/install/bumperbot_utils/share/bumperbot_utils/cmake/bumperbot_utilsConfig-version.cmake
[1.320s] -- Up-to-date: /home/shady/bumperbot_ws/install/bumperbot_utils/share/bumperbot_utils/package.xml
[1.331s] Invoked command in '/home/shady/bumperbot_ws/build/bumperbot_utils' returned '0': CMAKE_PREFIX_PATH=${CMAKE_PREFIX_PATH}:/home/shady/bumperbot_ws/install/bumperbot_py_examples:/opt/ros/humble /usr/bin/cmake --install /home/shady/bumperbot_ws/build/bumperbot_utils
