[0.040s] Invoking command in '/home/shady/bumperbot_ws/build/bumperbot_cpp_examples': CMAKE_PREFIX_PATH=/home/shady/bumperbot_ws/install/bumperbot_msgs:/home/shady/bumperbot_ws/install/bumperbot_utils:/home/shady/bumperbot_ws/install/bumperbot_cpp_examples:/home/shady/bumperbot_ws/install/bumperbot_bringup:/home/shady/bumperbot_ws/install/bumperbot_mapping:/home/shady/bumperbot_ws/install/bumperbot_localization:/home/shady/bumperbot_ws/install/bumperbot_firmware:/home/shady/bumperbot_ws/install/bumperbot_description:/home/shady/bumperbot_ws/install/bumperbot_controller:/home/shady/bumperbot_ws/install/bumperbot_py_examples:/opt/ros/humble LD_LIBRARY_PATH=/home/shady/bumperbot_ws/install/bumperbot_msgs/lib:/home/shady/bumperbot_ws/install/bumperbot_cpp_examples/lib:/home/shady/bumperbot_ws/install/bumperbot_firmware/lib:/usr/lib/x86_64-linux-gnu/gazebo-11/plugins:/opt/ros/humble/opt/rviz_ogre_vendor/lib:/opt/ros/humble/lib/x86_64-linux-gnu:/opt/ros/humble/lib /usr/bin/cmake --build /home/shady/bumperbot_ws/build/bumperbot_cpp_examples -- -j8 -l8
[0.166s] [  7%] Built target simple_publisher
[0.168s] [ 14%] Built target simple_subscriber
[0.173s] [ 28%] Built target simple_service_server
[0.174s] [ 28%] Built target simple_parameter
[0.175s] [ 35%] Built target simple_service_client
[0.188s] [ 42%] Built target simple_turtlesim_kinematics
[0.230s] [ 50%] Built target simple_qos_publisher
[0.235s] [ 57%] Built target simple_tf_kinematics
[0.251s] [ 64%] Built target simple_qos_subscriber
[0.264s] [ 71%] Built target simple_lifecycle_node
[0.272s] [ 78%] Built target simple_action_client
[0.278s] [ 85%] Built target simple_action_server
[0.289s] [ 92%] Built target simple_action_client_node
[0.300s] [100%] Built target simple_action_server_node
[0.659s] Invoked command in '/home/shady/bumperbot_ws/build/bumperbot_cpp_examples' returned '0': CMAKE_PREFIX_PATH=/home/shady/bumperbot_ws/install/bumperbot_msgs:/home/shady/bumperbot_ws/install/bumperbot_utils:/home/shady/bumperbot_ws/install/bumperbot_cpp_examples:/home/shady/bumperbot_ws/install/bumperbot_bringup:/home/shady/bumperbot_ws/install/bumperbot_mapping:/home/shady/bumperbot_ws/install/bumperbot_localization:/home/shady/bumperbot_ws/install/bumperbot_firmware:/home/shady/bumperbot_ws/install/bumperbot_description:/home/shady/bumperbot_ws/install/bumperbot_controller:/home/shady/bumperbot_ws/install/bumperbot_py_examples:/opt/ros/humble LD_LIBRARY_PATH=/home/shady/bumperbot_ws/install/bumperbot_msgs/lib:/home/shady/bumperbot_ws/install/bumperbot_cpp_examples/lib:/home/shady/bumperbot_ws/install/bumperbot_firmware/lib:/usr/lib/x86_64-linux-gnu/gazebo-11/plugins:/opt/ros/humble/opt/rviz_ogre_vendor/lib:/opt/ros/humble/lib/x86_64-linux-gnu:/opt/ros/humble/lib /usr/bin/cmake --build /home/shady/bumperbot_ws/build/bumperbot_cpp_examples -- -j8 -l8
[0.770s] Invoking command in '/home/shady/bumperbot_ws/build/bumperbot_cpp_examples': CMAKE_PREFIX_PATH=/home/shady/bumperbot_ws/install/bumperbot_msgs:/home/shady/bumperbot_ws/install/bumperbot_utils:/home/shady/bumperbot_ws/install/bumperbot_cpp_examples:/home/shady/bumperbot_ws/install/bumperbot_bringup:/home/shady/bumperbot_ws/install/bumperbot_mapping:/home/shady/bumperbot_ws/install/bumperbot_localization:/home/shady/bumperbot_ws/install/bumperbot_firmware:/home/shady/bumperbot_ws/install/bumperbot_description:/home/shady/bumperbot_ws/install/bumperbot_controller:/home/shady/bumperbot_ws/install/bumperbot_py_examples:/opt/ros/humble LD_LIBRARY_PATH=/home/shady/bumperbot_ws/install/bumperbot_msgs/lib:/home/shady/bumperbot_ws/install/bumperbot_cpp_examples/lib:/home/shady/bumperbot_ws/install/bumperbot_firmware/lib:/usr/lib/x86_64-linux-gnu/gazebo-11/plugins:/opt/ros/humble/opt/rviz_ogre_vendor/lib:/opt/ros/humble/lib/x86_64-linux-gnu:/opt/ros/humble/lib /usr/bin/cmake --install /home/shady/bumperbot_ws/build/bumperbot_cpp_examples
[0.794s] -- Install configuration: ""
[0.794s] -- Up-to-date: /home/shady/bumperbot_ws/install/bumperbot_cpp_examples/lib/bumperbot_cpp_examples/simple_action_server_node
[0.794s] -- Up-to-date: /home/shady/bumperbot_ws/install/bumperbot_cpp_examples/lib/bumperbot_cpp_examples/simple_action_client_node
[0.794s] -- Up-to-date: /home/shady/bumperbot_ws/install/bumperbot_cpp_examples/include/include
[0.794s] -- Up-to-date: /home/shady/bumperbot_ws/install/bumperbot_cpp_examples/include/include/bumperbot_cpp_examples
[0.796s] -- Up-to-date: /home/shady/bumperbot_ws/install/bumperbot_cpp_examples/include/include/bumperbot_cpp_examples/simple_turtlesim_kinematics.hpp
[0.796s] -- Up-to-date: /home/shady/bumperbot_ws/install/bumperbot_cpp_examples/include/include/bumperbot_cpp_examples/simple_tf_kinematics.hpp
[0.796s] -- Up-to-date: /home/shady/bumperbot_ws/install/bumperbot_cpp_examples/lib/bumperbot_cpp_examples/simple_publisher
[0.797s] -- Up-to-date: /home/shady/bumperbot_ws/install/bumperbot_cpp_examples/lib/bumperbot_cpp_examples/simple_subscriber
[0.798s] -- Up-to-date: /home/shady/bumperbot_ws/install/bumperbot_cpp_examples/lib/bumperbot_cpp_examples/simple_parameter
[0.799s] -- Up-to-date: /home/shady/bumperbot_ws/install/bumperbot_cpp_examples/lib/bumperbot_cpp_examples/simple_turtlesim_kinematics
[0.800s] -- Up-to-date: /home/shady/bumperbot_ws/install/bumperbot_cpp_examples/lib/bumperbot_cpp_examples/simple_service_server
[0.801s] -- Up-to-date: /home/shady/bumperbot_ws/install/bumperbot_cpp_examples/lib/bumperbot_cpp_examples/simple_service_client
[0.802s] -- Up-to-date: /home/shady/bumperbot_ws/install/bumperbot_cpp_examples/lib/bumperbot_cpp_examples/simple_tf_kinematics
[0.802s] -- Up-to-date: /home/shady/bumperbot_ws/install/bumperbot_cpp_examples/lib/bumperbot_cpp_examples/simple_lifecycle_node
[0.803s] -- Up-to-date: /home/shady/bumperbot_ws/install/bumperbot_cpp_examples/lib/bumperbot_cpp_examples/simple_qos_publisher
[0.804s] -- Up-to-date: /home/shady/bumperbot_ws/install/bumperbot_cpp_examples/lib/bumperbot_cpp_examples/simple_qos_subscriber
[0.805s] -- Up-to-date: /home/shady/bumperbot_ws/install/bumperbot_cpp_examples/lib/libsimple_action_server.so
[0.805s] -- Up-to-date: /home/shady/bumperbot_ws/install/bumperbot_cpp_examples/lib/libsimple_action_client.so
[0.808s] -- Up-to-date: /home/shady/bumperbot_ws/install/bumperbot_cpp_examples/share/ament_index/resource_index/package_run_dependencies/bumperbot_cpp_examples
[0.809s] -- Up-to-date: /home/shady/bumperbot_ws/install/bumperbot_cpp_examples/share/ament_index/resource_index/parent_prefix_path/bumperbot_cpp_examples
[0.809s] -- Up-to-date: /home/shady/bumperbot_ws/install/bumperbot_cpp_examples/share/bumperbot_cpp_examples/environment/ament_prefix_path.sh
[0.813s] -- Up-to-date: /home/shady/bumperbot_ws/install/bumperbot_cpp_examples/share/bumperbot_cpp_examples/environment/ament_prefix_path.dsv
[0.813s] -- Up-to-date: /home/shady/bumperbot_ws/install/bumperbot_cpp_examples/share/bumperbot_cpp_examples/environment/path.sh
[0.813s] -- Up-to-date: /home/shady/bumperbot_ws/install/bumperbot_cpp_examples/share/bumperbot_cpp_examples/environment/path.dsv
[0.814s] -- Up-to-date: /home/shady/bumperbot_ws/install/bumperbot_cpp_examples/share/bumperbot_cpp_examples/local_setup.bash
[0.814s] -- Up-to-date: /home/shady/bumperbot_ws/install/bumperbot_cpp_examples/share/bumperbot_cpp_examples/local_setup.sh
[0.814s] -- Up-to-date: /home/shady/bumperbot_ws/install/bumperbot_cpp_examples/share/bumperbot_cpp_examples/local_setup.zsh
[0.814s] -- Up-to-date: /home/shady/bumperbot_ws/install/bumperbot_cpp_examples/share/bumperbot_cpp_examples/local_setup.dsv
[0.814s] -- Installing: /home/shady/bumperbot_ws/install/bumperbot_cpp_examples/share/bumperbot_cpp_examples/package.dsv
[0.814s] -- Up-to-date: /home/shady/bumperbot_ws/install/bumperbot_cpp_examples/share/ament_index/resource_index/packages/bumperbot_cpp_examples
[0.814s] -- Up-to-date: /home/shady/bumperbot_ws/install/bumperbot_cpp_examples/share/ament_index/resource_index/rclcpp_components/bumperbot_cpp_examples
[0.815s] -- Up-to-date: /home/shady/bumperbot_ws/install/bumperbot_cpp_examples/share/bumperbot_cpp_examples/cmake/bumperbot_cpp_examplesConfig.cmake
[0.815s] -- Up-to-date: /home/shady/bumperbot_ws/install/bumperbot_cpp_examples/share/bumperbot_cpp_examples/cmake/bumperbot_cpp_examplesConfig-version.cmake
[0.815s] -- Up-to-date: /home/shady/bumperbot_ws/install/bumperbot_cpp_examples/share/bumperbot_cpp_examples/package.xml
[0.819s] Invoked command in '/home/shady/bumperbot_ws/build/bumperbot_cpp_examples' returned '0': CMAKE_PREFIX_PATH=/home/shady/bumperbot_ws/install/bumperbot_msgs:/home/shady/bumperbot_ws/install/bumperbot_utils:/home/shady/bumperbot_ws/install/bumperbot_cpp_examples:/home/shady/bumperbot_ws/install/bumperbot_bringup:/home/shady/bumperbot_ws/install/bumperbot_mapping:/home/shady/bumperbot_ws/install/bumperbot_localization:/home/shady/bumperbot_ws/install/bumperbot_firmware:/home/shady/bumperbot_ws/install/bumperbot_description:/home/shady/bumperbot_ws/install/bumperbot_controller:/home/shady/bumperbot_ws/install/bumperbot_py_examples:/opt/ros/humble LD_LIBRARY_PATH=/home/shady/bumperbot_ws/install/bumperbot_msgs/lib:/home/shady/bumperbot_ws/install/bumperbot_cpp_examples/lib:/home/shady/bumperbot_ws/install/bumperbot_firmware/lib:/usr/lib/x86_64-linux-gnu/gazebo-11/plugins:/opt/ros/humble/opt/rviz_ogre_vendor/lib:/opt/ros/humble/lib/x86_64-linux-gnu:/opt/ros/humble/lib /usr/bin/cmake --install /home/shady/bumperbot_ws/build/bumperbot_cpp_examples
