[0.044s] Invoking command in '/home/shady/bumperbot_ws/build/bumperbot_utils': CMAKE_PREFIX_PATH=/opt/ros/humble /usr/bin/cmake --build /home/shady/bumperbot_ws/build/bumperbot_utils -- -j8 -l8
[0.087s] -- Found ament_cmake: 1.3.10 (/opt/ros/humble/share/ament_cmake/cmake)
[0.337s] -- Found rclcpp: 16.0.10 (/opt/ros/humble/share/rclcpp/cmake)
[0.398s] -- Found rosidl_generator_c: 3.1.5 (/opt/ros/humble/share/rosidl_generator_c/cmake)
[0.404s] -- Found rosidl_adapter: 3.1.5 (/opt/ros/humble/share/rosidl_adapter/cmake)
[0.417s] -- Found rosidl_generator_cpp: 3.1.5 (/opt/ros/humble/share/rosidl_generator_cpp/cmake)
[0.439s] -- Using all available rosidl_typesupport_c: rosidl_typesupport_fastrtps_c;rosidl_typesupport_introspection_c
[0.467s] -- Using all available rosidl_typesupport_cpp: rosidl_typesupport_fastrtps_cpp;rosidl_typesupport_introspection_cpp
[0.530s] -- Found rmw_implementation_cmake: 6.1.2 (/opt/ros/humble/share/rmw_implementation_cmake/cmake)
[0.532s] -- Found rmw_fastrtps_cpp: 6.2.7 (/opt/ros/humble/share/rmw_fastrtps_cpp/cmake)
[0.730s] -- Using RMW implementation 'rmw_fastrtps_cpp' as default
[0.843s] -- Found rclpy: 3.3.14 (/opt/ros/humble/share/rclpy/cmake)
[0.843s] -- Found geometry_msgs: 4.2.4 (/opt/ros/humble/share/geometry_msgs/cmake)
[0.873s] -- Found sensor_msgs: 4.2.4 (/opt/ros/humble/share/sensor_msgs/cmake)
[0.912s] -- Found twist_mux_msgs: 3.0.1 (/opt/ros/humble/share/twist_mux_msgs/cmake)
[1.003s] -- Found rclcpp_action: 16.0.10 (/opt/ros/humble/share/rclcpp_action/cmake)
[1.023s] -- Found visualization_msgs: 4.2.4 (/opt/ros/humble/share/visualization_msgs/cmake)
[1.331s] -- Configuring done
[1.361s] -- Generating done
[1.365s] -- Build files have been written to: /home/shady/bumperbot_ws/build/bumperbot_utils
[1.413s] [35m[1mConsolidate compiler generated dependencies of target safety_stop[0m
[1.449s] [ 50%] [32mBuilding CXX object CMakeFiles/safety_stop.dir/src/safety_stop.cpp.o[0m
[1.449s] [ 50%] Built target ament_cmake_python_copy_bumperbot_utils
[2.293s] running egg_info
[2.295s] writing bumperbot_utils.egg-info/PKG-INFO
[2.296s] writing dependency_links to bumperbot_utils.egg-info/dependency_links.txt
[2.296s] writing top-level names to bumperbot_utils.egg-info/top_level.txt
[2.302s] reading manifest file 'bumperbot_utils.egg-info/SOURCES.txt'
[2.304s] writing manifest file 'bumperbot_utils.egg-info/SOURCES.txt'
[2.361s] [ 50%] Built target ament_cmake_python_build_bumperbot_utils_egg
[23.634s] [100%] [32m[1mLinking CXX executable safety_stop[0m
[24.397s] [100%] Built target safety_stop
[24.411s] Invoked command in '/home/shady/bumperbot_ws/build/bumperbot_utils' returned '0': CMAKE_PREFIX_PATH=/opt/ros/humble /usr/bin/cmake --build /home/shady/bumperbot_ws/build/bumperbot_utils -- -j8 -l8
[24.446s] Invoking command in '/home/shady/bumperbot_ws/build/bumperbot_utils': CMAKE_PREFIX_PATH=/opt/ros/humble /usr/bin/cmake --install /home/shady/bumperbot_ws/build/bumperbot_utils
[24.455s] -- Install configuration: ""
[24.455s] -- Up-to-date: /home/shady/bumperbot_ws/install/bumperbot_utils/share/bumperbot_utils/environment/pythonpath.sh
[24.455s] -- Installing: /home/shady/bumperbot_ws/install/bumperbot_utils/share/bumperbot_utils/environment/pythonpath.dsv
[24.455s] -- Up-to-date: /home/shady/bumperbot_ws/install/bumperbot_utils/local/lib/python3.10/dist-packages/bumperbot_utils-0.0.0-py3.10.egg-info
[24.456s] -- Installing: /home/shady/bumperbot_ws/install/bumperbot_utils/local/lib/python3.10/dist-packages/bumperbot_utils-0.0.0-py3.10.egg-info/SOURCES.txt
[24.456s] -- Installing: /home/shady/bumperbot_ws/install/bumperbot_utils/local/lib/python3.10/dist-packages/bumperbot_utils-0.0.0-py3.10.egg-info/dependency_links.txt
[24.456s] -- Installing: /home/shady/bumperbot_ws/install/bumperbot_utils/local/lib/python3.10/dist-packages/bumperbot_utils-0.0.0-py3.10.egg-info/PKG-INFO
[24.456s] -- Installing: /home/shady/bumperbot_ws/install/bumperbot_utils/local/lib/python3.10/dist-packages/bumperbot_utils-0.0.0-py3.10.egg-info/top_level.txt
[24.456s] -- Up-to-date: /home/shady/bumperbot_ws/install/bumperbot_utils/local/lib/python3.10/dist-packages/bumperbot_utils
[24.457s] -- Up-to-date: /home/shady/bumperbot_ws/install/bumperbot_utils/local/lib/python3.10/dist-packages/bumperbot_utils/__init__.py
[24.457s] -- Up-to-date: /home/shady/bumperbot_ws/install/bumperbot_utils/local/lib/python3.10/dist-packages/bumperbot_utils/safety_stop.py
[24.457s] -- Up-to-date: /home/shady/bumperbot_ws/install/bumperbot_utils/local/lib/python3.10/dist-packages/bumperbot_utils/pose_logger.py
[24.500s] Listing '/home/shady/bumperbot_ws/install/bumperbot_utils/local/lib/python3.10/dist-packages/bumperbot_utils'...
[24.508s] -- Installing: /home/shady/bumperbot_ws/install/bumperbot_utils/lib/bumperbot_utils/safety_stop
[24.513s] -- Set runtime path of "/home/shady/bumperbot_ws/install/bumperbot_utils/lib/bumperbot_utils/safety_stop" to ""
[24.513s] -- Up-to-date: /home/shady/bumperbot_ws/install/bumperbot_utils/lib/bumperbot_utils/safety_stop.py
[24.513s] -- Up-to-date: /home/shady/bumperbot_ws/install/bumperbot_utils/lib/bumperbot_utils/pose_logger.py
[24.514s] -- Up-to-date: /home/shady/bumperbot_ws/install/bumperbot_utils/share/ament_index/resource_index/package_run_dependencies/bumperbot_utils
[24.514s] -- Up-to-date: /home/shady/bumperbot_ws/install/bumperbot_utils/share/ament_index/resource_index/parent_prefix_path/bumperbot_utils
[24.514s] -- Up-to-date: /home/shady/bumperbot_ws/install/bumperbot_utils/share/bumperbot_utils/environment/ament_prefix_path.sh
[24.514s] -- Installing: /home/shady/bumperbot_ws/install/bumperbot_utils/share/bumperbot_utils/environment/ament_prefix_path.dsv
[24.514s] -- Up-to-date: /home/shady/bumperbot_ws/install/bumperbot_utils/share/bumperbot_utils/environment/path.sh
[24.514s] -- Installing: /home/shady/bumperbot_ws/install/bumperbot_utils/share/bumperbot_utils/environment/path.dsv
[24.515s] -- Up-to-date: /home/shady/bumperbot_ws/install/bumperbot_utils/share/bumperbot_utils/local_setup.bash
[24.515s] -- Up-to-date: /home/shady/bumperbot_ws/install/bumperbot_utils/share/bumperbot_utils/local_setup.sh
[24.515s] -- Up-to-date: /home/shady/bumperbot_ws/install/bumperbot_utils/share/bumperbot_utils/local_setup.zsh
[24.515s] -- Installing: /home/shady/bumperbot_ws/install/bumperbot_utils/share/bumperbot_utils/local_setup.dsv
[24.515s] -- Installing: /home/shady/bumperbot_ws/install/bumperbot_utils/share/bumperbot_utils/package.dsv
[24.515s] -- Up-to-date: /home/shady/bumperbot_ws/install/bumperbot_utils/share/ament_index/resource_index/packages/bumperbot_utils
[24.516s] -- Up-to-date: /home/shady/bumperbot_ws/install/bumperbot_utils/share/bumperbot_utils/cmake/bumperbot_utilsConfig.cmake
[24.516s] -- Up-to-date: /home/shady/bumperbot_ws/install/bumperbot_utils/share/bumperbot_utils/cmake/bumperbot_utilsConfig-version.cmake
[24.516s] -- Installing: /home/shady/bumperbot_ws/install/bumperbot_utils/share/bumperbot_utils/package.xml
[24.519s] Invoked command in '/home/shady/bumperbot_ws/build/bumperbot_utils' returned '0': CMAKE_PREFIX_PATH=/opt/ros/humble /usr/bin/cmake --install /home/shady/bumperbot_ws/build/bumperbot_utils
