[0.044s] Invoking command in '/home/shady/bumperbot_ws/build/bumperbot_localization': CMAKE_PREFIX_PATH=/opt/ros/humble /usr/bin/cmake --build /home/shady/bumperbot_ws/build/bumperbot_localization -- -j8 -l8
[0.237s] [ 33%] Built target kalman_filter
[0.240s] [ 33%] Built target ament_cmake_python_copy_bumperbot_localization
[0.250s] [ 66%] Built target imu_republisher
[0.255s] [100%] Built target odometry_motion_model
[0.705s] running egg_info
[0.705s] writing bumperbot_localization.egg-info/PKG-INFO
[0.706s] writing dependency_links to bumperbot_localization.egg-info/dependency_links.txt
[0.706s] writing top-level names to bumperbot_localization.egg-info/top_level.txt
[0.711s] reading manifest file 'bumperbot_localization.egg-info/SOURCES.txt'
[0.712s] writing manifest file 'bumperbot_localization.egg-info/SOURCES.txt'
[0.760s] [100%] Built target ament_cmake_python_build_bumperbot_localization_egg
[0.789s] Invoked command in '/home/shady/bumperbot_ws/build/bumperbot_localization' returned '0': CMAKE_PREFIX_PATH=/opt/ros/humble /usr/bin/cmake --build /home/shady/bumperbot_ws/build/bumperbot_localization -- -j8 -l8
[0.962s] Invoking command in '/home/shady/bumperbot_ws/build/bumperbot_localization': CMAKE_PREFIX_PATH=/opt/ros/humble /usr/bin/cmake --install /home/shady/bumperbot_ws/build/bumperbot_localization
[0.996s] -- Install configuration: ""
[0.996s] -- Up-to-date: /home/shady/bumperbot_ws/install/bumperbot_localization/share/bumperbot_localization/environment/pythonpath.sh
[0.996s] -- Up-to-date: /home/shady/bumperbot_ws/install/bumperbot_localization/share/bumperbot_localization/environment/pythonpath.dsv
[0.996s] -- Up-to-date: /home/shady/bumperbot_ws/install/bumperbot_localization/local/lib/python3.10/dist-packages/bumperbot_localization-0.0.0-py3.10.egg-info
[0.997s] -- Installing: /home/shady/bumperbot_ws/install/bumperbot_localization/local/lib/python3.10/dist-packages/bumperbot_localization-0.0.0-py3.10.egg-info/SOURCES.txt
[0.997s] -- Installing: /home/shady/bumperbot_ws/install/bumperbot_localization/local/lib/python3.10/dist-packages/bumperbot_localization-0.0.0-py3.10.egg-info/dependency_links.txt
[0.997s] -- Installing: /home/shady/bumperbot_ws/install/bumperbot_localization/local/lib/python3.10/dist-packages/bumperbot_localization-0.0.0-py3.10.egg-info/PKG-INFO
[0.997s] -- Installing: /home/shady/bumperbot_ws/install/bumperbot_localization/local/lib/python3.10/dist-packages/bumperbot_localization-0.0.0-py3.10.egg-info/top_level.txt
[0.997s] -- Up-to-date: /home/shady/bumperbot_ws/install/bumperbot_localization/local/lib/python3.10/dist-packages/bumperbot_localization
[0.997s] -- Up-to-date: /home/shady/bumperbot_ws/install/bumperbot_localization/local/lib/python3.10/dist-packages/bumperbot_localization/kalman_filter.py
[1.000s] -- Up-to-date: /home/shady/bumperbot_ws/install/bumperbot_localization/local/lib/python3.10/dist-packages/bumperbot_localization/__init__.py
[1.000s] -- Up-to-date: /home/shady/bumperbot_ws/install/bumperbot_localization/local/lib/python3.10/dist-packages/bumperbot_localization/imu_republisher.py
[1.000s] -- Up-to-date: /home/shady/bumperbot_ws/install/bumperbot_localization/local/lib/python3.10/dist-packages/bumperbot_localization/odometry_motion_model.py
[1.009s] Listing '/home/shady/bumperbot_ws/install/bumperbot_localization/local/lib/python3.10/dist-packages/bumperbot_localization'...
[1.010s] -- Up-to-date: /home/shady/bumperbot_ws/install/bumperbot_localization/include/include
[1.011s] -- Up-to-date: /home/shady/bumperbot_ws/install/bumperbot_localization/include/include/bumperbot_localization
[1.011s] -- Up-to-date: /home/shady/bumperbot_ws/install/bumperbot_localization/include/include/bumperbot_localization/odometry_motion_model.hpp
[1.011s] -- Up-to-date: /home/shady/bumperbot_ws/install/bumperbot_localization/include/include/bumperbot_localization/kalman_filter.hpp
[1.011s] -- Up-to-date: /home/shady/bumperbot_ws/install/bumperbot_localization/bin/odometry_motion_model
[1.011s] -- Up-to-date: /home/shady/bumperbot_ws/install/bumperbot_localization/lib/bumperbot_localization/kalman_filter
[1.011s] -- Up-to-date: /home/shady/bumperbot_ws/install/bumperbot_localization/lib/bumperbot_localization/imu_republisher
[1.012s] -- Up-to-date: /home/shady/bumperbot_ws/install/bumperbot_localization/lib/bumperbot_localization/odometry_motion_model
[1.012s] -- Up-to-date: /home/shady/bumperbot_ws/install/bumperbot_localization/share/bumperbot_localization/launch
[1.012s] -- Up-to-date: /home/shady/bumperbot_ws/install/bumperbot_localization/share/bumperbot_localization/launch/global_localization.launch.py
[1.012s] -- Up-to-date: /home/shady/bumperbot_ws/install/bumperbot_localization/share/bumperbot_localization/launch/local_localization.launch.py
[1.013s] -- Up-to-date: /home/shady/bumperbot_ws/install/bumperbot_localization/share/bumperbot_localization/config
[1.013s] -- Up-to-date: /home/shady/bumperbot_ws/install/bumperbot_localization/share/bumperbot_localization/config/ekf.yaml
[1.013s] -- Up-to-date: /home/shady/bumperbot_ws/install/bumperbot_localization/share/bumperbot_localization/config/global_costmap.yaml
[1.013s] -- Up-to-date: /home/shady/bumperbot_ws/install/bumperbot_localization/share/bumperbot_localization/config/dwb_controller.yaml
[1.014s] -- Up-to-date: /home/shady/bumperbot_ws/install/bumperbot_localization/share/bumperbot_localization/config/odometry_motion_model.rviz
[1.014s] -- Up-to-date: /home/shady/bumperbot_ws/install/bumperbot_localization/share/bumperbot_localization/config/behavior_server.yaml
[1.015s] -- Up-to-date: /home/shady/bumperbot_ws/install/bumperbot_localization/share/bumperbot_localization/config/local_costmap.yaml
[1.015s] -- Up-to-date: /home/shady/bumperbot_ws/install/bumperbot_localization/share/bumperbot_localization/config/bt_navigator.yaml
[1.015s] -- Up-to-date: /home/shady/bumperbot_ws/install/bumperbot_localization/share/bumperbot_localization/config/navfn_planner.yaml
[1.015s] -- Up-to-date: /home/shady/bumperbot_ws/install/bumperbot_localization/share/bumperbot_localization/config/amcl.yaml
[1.015s] -- Up-to-date: /home/shady/bumperbot_ws/install/bumperbot_localization/share/bumperbot_localization/rviz
[1.016s] -- Up-to-date: /home/shady/bumperbot_ws/install/bumperbot_localization/share/bumperbot_localization/rviz/global_localization.rviz
[1.016s] -- Up-to-date: /home/shady/bumperbot_ws/install/bumperbot_localization/lib/bumperbot_localization/kalman_filter.py
[1.016s] -- Up-to-date: /home/shady/bumperbot_ws/install/bumperbot_localization/lib/bumperbot_localization/imu_republisher.py
[1.016s] -- Up-to-date: /home/shady/bumperbot_ws/install/bumperbot_localization/lib/bumperbot_localization/odometry_motion_model.py
[1.016s] -- Up-to-date: /home/shady/bumperbot_ws/install/bumperbot_localization/share/ament_index/resource_index/package_run_dependencies/bumperbot_localization
[1.017s] -- Up-to-date: /home/shady/bumperbot_ws/install/bumperbot_localization/share/ament_index/resource_index/parent_prefix_path/bumperbot_localization
[1.017s] -- Up-to-date: /home/shady/bumperbot_ws/install/bumperbot_localization/share/bumperbot_localization/environment/ament_prefix_path.sh
[1.017s] -- Up-to-date: /home/shady/bumperbot_ws/install/bumperbot_localization/share/bumperbot_localization/environment/ament_prefix_path.dsv
[1.017s] -- Up-to-date: /home/shady/bumperbot_ws/install/bumperbot_localization/share/bumperbot_localization/environment/path.sh
[1.017s] -- Up-to-date: /home/shady/bumperbot_ws/install/bumperbot_localization/share/bumperbot_localization/environment/path.dsv
[1.018s] -- Up-to-date: /home/shady/bumperbot_ws/install/bumperbot_localization/share/bumperbot_localization/local_setup.bash
[1.018s] -- Up-to-date: /home/shady/bumperbot_ws/install/bumperbot_localization/share/bumperbot_localization/local_setup.sh
[1.018s] -- Up-to-date: /home/shady/bumperbot_ws/install/bumperbot_localization/share/bumperbot_localization/local_setup.zsh
[1.018s] -- Up-to-date: /home/shady/bumperbot_ws/install/bumperbot_localization/share/bumperbot_localization/local_setup.dsv
[1.018s] -- Installing: /home/shady/bumperbot_ws/install/bumperbot_localization/share/bumperbot_localization/package.dsv
[1.018s] -- Up-to-date: /home/shady/bumperbot_ws/install/bumperbot_localization/share/ament_index/resource_index/packages/bumperbot_localization
[1.018s] -- Up-to-date: /home/shady/bumperbot_ws/install/bumperbot_localization/share/bumperbot_localization/cmake/bumperbot_localizationConfig.cmake
[1.018s] -- Up-to-date: /home/shady/bumperbot_ws/install/bumperbot_localization/share/bumperbot_localization/cmake/bumperbot_localizationConfig-version.cmake
[1.019s] -- Up-to-date: /home/shady/bumperbot_ws/install/bumperbot_localization/share/bumperbot_localization/package.xml
[1.021s] Invoked command in '/home/shady/bumperbot_ws/build/bumperbot_localization' returned '0': CMAKE_PREFIX_PATH=/opt/ros/humble /usr/bin/cmake --install /home/shady/bumperbot_ws/build/bumperbot_localization
