[0.017s] Invoking command in '/home/shady/bumperbot_ws/build/bumperbot_cpp_examples': CMAKE_PREFIX_PATH=/home/shady/bumperbot_ws/install/bumperbot_msgs:/home/shady/bumperbot_ws/install/bumperbot_utils:/home/shady/bumperbot_ws/install/bumperbot_cpp_examples:/home/shady/bumperbot_ws/install/bumperbot_bringup:/home/shady/bumperbot_ws/install/bumperbot_mapping:/home/shady/bumperbot_ws/install/bumperbot_localization:/home/shady/bumperbot_ws/install/bumperbot_firmware:/home/shady/bumperbot_ws/install/bumperbot_description:/home/shady/bumperbot_ws/install/bumperbot_controller:/home/shady/bumperbot_ws/install/bumperbot_py_examples:/opt/ros/humble LD_LIBRARY_PATH=/home/shady/bumperbot_ws/install/bumperbot_msgs/lib:/home/shady/bumperbot_ws/install/bumperbot_cpp_examples/lib:/home/shady/bumperbot_ws/install/bumperbot_firmware/lib:/usr/lib/x86_64-linux-gnu/gazebo-11/plugins:/opt/ros/humble/opt/rviz_ogre_vendor/lib:/opt/ros/humble/lib/x86_64-linux-gnu:/opt/ros/humble/lib /usr/bin/cmake --build /home/shady/bumperbot_ws/build/bumperbot_cpp_examples -- -j8 -l8
[0.132s] [  7%] Built target simple_parameter
[0.134s] [ 14%] Built target simple_turtlesim_kinematics
[0.150s] [ 21%] Built target simple_publisher
[0.154s] [ 28%] Built target simple_subscriber
[0.156s] [ 35%] Built target simple_service_server
[0.180s] [ 42%] Built target simple_service_client
[0.180s] [ 50%] Built target simple_tf_kinematics
[0.198s] [ 57%] Built target simple_lifecycle_node
[0.209s] [ 64%] Built target simple_qos_publisher
[0.235s] [ 71%] Built target simple_action_server
[0.236s] [ 78%] Built target simple_action_client
[0.241s] [ 85%] Built target simple_action_server_node
[0.244s] [ 92%] Built target simple_qos_subscriber
[0.252s] [100%] Built target simple_action_client_node
[0.552s] Invoked command in '/home/shady/bumperbot_ws/build/bumperbot_cpp_examples' returned '0': CMAKE_PREFIX_PATH=/home/shady/bumperbot_ws/install/bumperbot_msgs:/home/shady/bumperbot_ws/install/bumperbot_utils:/home/shady/bumperbot_ws/install/bumperbot_cpp_examples:/home/shady/bumperbot_ws/install/bumperbot_bringup:/home/shady/bumperbot_ws/install/bumperbot_mapping:/home/shady/bumperbot_ws/install/bumperbot_localization:/home/shady/bumperbot_ws/install/bumperbot_firmware:/home/shady/bumperbot_ws/install/bumperbot_description:/home/shady/bumperbot_ws/install/bumperbot_controller:/home/shady/bumperbot_ws/install/bumperbot_py_examples:/opt/ros/humble LD_LIBRARY_PATH=/home/shady/bumperbot_ws/install/bumperbot_msgs/lib:/home/shady/bumperbot_ws/install/bumperbot_cpp_examples/lib:/home/shady/bumperbot_ws/install/bumperbot_firmware/lib:/usr/lib/x86_64-linux-gnu/gazebo-11/plugins:/opt/ros/humble/opt/rviz_ogre_vendor/lib:/opt/ros/humble/lib/x86_64-linux-gnu:/opt/ros/humble/lib /usr/bin/cmake --build /home/shady/bumperbot_ws/build/bumperbot_cpp_examples -- -j8 -l8
[0.701s] Invoking command in '/home/shady/bumperbot_ws/build/bumperbot_cpp_examples': CMAKE_PREFIX_PATH=/home/shady/bumperbot_ws/install/bumperbot_msgs:/home/shady/bumperbot_ws/install/bumperbot_utils:/home/shady/bumperbot_ws/install/bumperbot_cpp_examples:/home/shady/bumperbot_ws/install/bumperbot_bringup:/home/shady/bumperbot_ws/install/bumperbot_mapping:/home/shady/bumperbot_ws/install/bumperbot_localization:/home/shady/bumperbot_ws/install/bumperbot_firmware:/home/shady/bumperbot_ws/install/bumperbot_description:/home/shady/bumperbot_ws/install/bumperbot_controller:/home/shady/bumperbot_ws/install/bumperbot_py_examples:/opt/ros/humble LD_LIBRARY_PATH=/home/shady/bumperbot_ws/install/bumperbot_msgs/lib:/home/shady/bumperbot_ws/install/bumperbot_cpp_examples/lib:/home/shady/bumperbot_ws/install/bumperbot_firmware/lib:/usr/lib/x86_64-linux-gnu/gazebo-11/plugins:/opt/ros/humble/opt/rviz_ogre_vendor/lib:/opt/ros/humble/lib/x86_64-linux-gnu:/opt/ros/humble/lib /usr/bin/cmake --install /home/shady/bumperbot_ws/build/bumperbot_cpp_examples
[0.714s] -- Install configuration: ""
[0.714s] -- Up-to-date: /home/shady/bumperbot_ws/install/bumperbot_cpp_examples/lib/bumperbot_cpp_examples/simple_action_server_node
[0.715s] -- Up-to-date: /home/shady/bumperbot_ws/install/bumperbot_cpp_examples/lib/bumperbot_cpp_examples/simple_action_client_node
[0.715s] -- Up-to-date: /home/shady/bumperbot_ws/install/bumperbot_cpp_examples/include/include
[0.716s] -- Up-to-date: /home/shady/bumperbot_ws/install/bumperbot_cpp_examples/include/include/bumperbot_cpp_examples
[0.717s] -- Up-to-date: /home/shady/bumperbot_ws/install/bumperbot_cpp_examples/include/include/bumperbot_cpp_examples/simple_turtlesim_kinematics.hpp
[0.717s] -- Up-to-date: /home/shady/bumperbot_ws/install/bumperbot_cpp_examples/include/include/bumperbot_cpp_examples/simple_tf_kinematics.hpp
[0.717s] -- Up-to-date: /home/shady/bumperbot_ws/install/bumperbot_cpp_examples/lib/bumperbot_cpp_examples/simple_publisher
[0.717s] -- Up-to-date: /home/shady/bumperbot_ws/install/bumperbot_cpp_examples/lib/bumperbot_cpp_examples/simple_subscriber
[0.718s] -- Up-to-date: /home/shady/bumperbot_ws/install/bumperbot_cpp_examples/lib/bumperbot_cpp_examples/simple_parameter
[0.718s] -- Up-to-date: /home/shady/bumperbot_ws/install/bumperbot_cpp_examples/lib/bumperbot_cpp_examples/simple_turtlesim_kinematics
[0.719s] -- Up-to-date: /home/shady/bumperbot_ws/install/bumperbot_cpp_examples/lib/bumperbot_cpp_examples/simple_service_server
[0.721s] -- Up-to-date: /home/shady/bumperbot_ws/install/bumperbot_cpp_examples/lib/bumperbot_cpp_examples/simple_service_client
[0.721s] -- Up-to-date: /home/shady/bumperbot_ws/install/bumperbot_cpp_examples/lib/bumperbot_cpp_examples/simple_tf_kinematics
[0.721s] -- Up-to-date: /home/shady/bumperbot_ws/install/bumperbot_cpp_examples/lib/bumperbot_cpp_examples/simple_lifecycle_node
[0.722s] -- Up-to-date: /home/shady/bumperbot_ws/install/bumperbot_cpp_examples/lib/bumperbot_cpp_examples/simple_qos_publisher
[0.723s] -- Up-to-date: /home/shady/bumperbot_ws/install/bumperbot_cpp_examples/lib/bumperbot_cpp_examples/simple_qos_subscriber
[0.724s] -- Up-to-date: /home/shady/bumperbot_ws/install/bumperbot_cpp_examples/lib/libsimple_action_server.so
[0.724s] -- Up-to-date: /home/shady/bumperbot_ws/install/bumperbot_cpp_examples/lib/libsimple_action_client.so
[0.725s] -- Up-to-date: /home/shady/bumperbot_ws/install/bumperbot_cpp_examples/share/ament_index/resource_index/package_run_dependencies/bumperbot_cpp_examples
[0.725s] -- Up-to-date: /home/shady/bumperbot_ws/install/bumperbot_cpp_examples/share/ament_index/resource_index/parent_prefix_path/bumperbot_cpp_examples
[0.726s] -- Up-to-date: /home/shady/bumperbot_ws/install/bumperbot_cpp_examples/share/bumperbot_cpp_examples/environment/ament_prefix_path.sh
[0.729s] -- Up-to-date: /home/shady/bumperbot_ws/install/bumperbot_cpp_examples/share/bumperbot_cpp_examples/environment/ament_prefix_path.dsv
[0.729s] -- Up-to-date: /home/shady/bumperbot_ws/install/bumperbot_cpp_examples/share/bumperbot_cpp_examples/environment/path.sh
[0.729s] -- Up-to-date: /home/shady/bumperbot_ws/install/bumperbot_cpp_examples/share/bumperbot_cpp_examples/environment/path.dsv
[0.729s] -- Up-to-date: /home/shady/bumperbot_ws/install/bumperbot_cpp_examples/share/bumperbot_cpp_examples/local_setup.bash
[0.731s] -- Up-to-date: /home/shady/bumperbot_ws/install/bumperbot_cpp_examples/share/bumperbot_cpp_examples/local_setup.sh
[0.732s] -- Up-to-date: /home/shady/bumperbot_ws/install/bumperbot_cpp_examples/share/bumperbot_cpp_examples/local_setup.zsh
[0.732s] -- Up-to-date: /home/shady/bumperbot_ws/install/bumperbot_cpp_examples/share/bumperbot_cpp_examples/local_setup.dsv
[0.732s] -- Installing: /home/shady/bumperbot_ws/install/bumperbot_cpp_examples/share/bumperbot_cpp_examples/package.dsv
[0.732s] -- Up-to-date: /home/shady/bumperbot_ws/install/bumperbot_cpp_examples/share/ament_index/resource_index/packages/bumperbot_cpp_examples
[0.732s] -- Up-to-date: /home/shady/bumperbot_ws/install/bumperbot_cpp_examples/share/ament_index/resource_index/rclcpp_components/bumperbot_cpp_examples
[0.732s] -- Up-to-date: /home/shady/bumperbot_ws/install/bumperbot_cpp_examples/share/bumperbot_cpp_examples/cmake/bumperbot_cpp_examplesConfig.cmake
[0.733s] -- Up-to-date: /home/shady/bumperbot_ws/install/bumperbot_cpp_examples/share/bumperbot_cpp_examples/cmake/bumperbot_cpp_examplesConfig-version.cmake
[0.733s] -- Up-to-date: /home/shady/bumperbot_ws/install/bumperbot_cpp_examples/share/bumperbot_cpp_examples/package.xml
[0.733s] Invoked command in '/home/shady/bumperbot_ws/build/bumperbot_cpp_examples' returned '0': CMAKE_PREFIX_PATH=/home/shady/bumperbot_ws/install/bumperbot_msgs:/home/shady/bumperbot_ws/install/bumperbot_utils:/home/shady/bumperbot_ws/install/bumperbot_cpp_examples:/home/shady/bumperbot_ws/install/bumperbot_bringup:/home/shady/bumperbot_ws/install/bumperbot_mapping:/home/shady/bumperbot_ws/install/bumperbot_localization:/home/shady/bumperbot_ws/install/bumperbot_firmware:/home/shady/bumperbot_ws/install/bumperbot_description:/home/shady/bumperbot_ws/install/bumperbot_controller:/home/shady/bumperbot_ws/install/bumperbot_py_examples:/opt/ros/humble LD_LIBRARY_PATH=/home/shady/bumperbot_ws/install/bumperbot_msgs/lib:/home/shady/bumperbot_ws/install/bumperbot_cpp_examples/lib:/home/shady/bumperbot_ws/install/bumperbot_firmware/lib:/usr/lib/x86_64-linux-gnu/gazebo-11/plugins:/opt/ros/humble/opt/rviz_ogre_vendor/lib:/opt/ros/humble/lib/x86_64-linux-gnu:/opt/ros/humble/lib /usr/bin/cmake --install /home/shady/bumperbot_ws/build/bumperbot_cpp_examples
