[0.046s] Invoking command in '/home/shady/bumperbot_ws/build/bumperbot_localization': CMAKE_PREFIX_PATH=${CMAKE_PREFIX_PATH}:/home/shady/bumperbot_ws/install/bumperbot_py_examples:/opt/ros/humble /usr/bin/cmake --build /home/shady/bumperbot_ws/build/bumperbot_localization -- -j8 -l8
[0.252s] [ 33%] Built target imu_republisher
[0.264s] [ 66%] Built target kalman_filter
[0.294s] [100%] Built target odometry_motion_model
[0.303s] [100%] Built target ament_cmake_python_copy_bumperbot_localization
[1.133s] running egg_info
[1.135s] writing bumperbot_localization.egg-info/PKG-INFO
[1.142s] writing dependency_links to bumperbot_localization.egg-info/dependency_links.txt
[1.142s] writing top-level names to bumperbot_localization.egg-info/top_level.txt
[1.145s] reading manifest file 'bumperbot_localization.egg-info/SOURCES.txt'
[1.145s] writing manifest file 'bumperbot_localization.egg-info/SOURCES.txt'
[1.231s] [100%] Built target ament_cmake_python_build_bumperbot_localization_egg
[1.235s] Invoked command in '/home/shady/bumperbot_ws/build/bumperbot_localization' returned '0': CMAKE_PREFIX_PATH=${CMAKE_PREFIX_PATH}:/home/shady/bumperbot_ws/install/bumperbot_py_examples:/opt/ros/humble /usr/bin/cmake --build /home/shady/bumperbot_ws/build/bumperbot_localization -- -j8 -l8
[1.256s] Invoking command in '/home/shady/bumperbot_ws/build/bumperbot_localization': CMAKE_PREFIX_PATH=${CMAKE_PREFIX_PATH}:/home/shady/bumperbot_ws/install/bumperbot_py_examples:/opt/ros/humble /usr/bin/cmake --install /home/shady/bumperbot_ws/build/bumperbot_localization
[1.273s] -- Install configuration: ""
[1.274s] -- Up-to-date: /home/shady/bumperbot_ws/install/bumperbot_localization/share/bumperbot_localization/environment/pythonpath.sh
[1.275s] -- Up-to-date: /home/shady/bumperbot_ws/install/bumperbot_localization/share/bumperbot_localization/environment/pythonpath.dsv
[1.275s] -- Up-to-date: /home/shady/bumperbot_ws/install/bumperbot_localization/local/lib/python3.10/dist-packages/bumperbot_localization-0.0.0-py3.10.egg-info
[1.275s] -- Installing: /home/shady/bumperbot_ws/install/bumperbot_localization/local/lib/python3.10/dist-packages/bumperbot_localization-0.0.0-py3.10.egg-info/SOURCES.txt
[1.276s] -- Installing: /home/shady/bumperbot_ws/install/bumperbot_localization/local/lib/python3.10/dist-packages/bumperbot_localization-0.0.0-py3.10.egg-info/dependency_links.txt
[1.277s] -- Installing: /home/shady/bumperbot_ws/install/bumperbot_localization/local/lib/python3.10/dist-packages/bumperbot_localization-0.0.0-py3.10.egg-info/PKG-INFO
[1.277s] -- Installing: /home/shady/bumperbot_ws/install/bumperbot_localization/local/lib/python3.10/dist-packages/bumperbot_localization-0.0.0-py3.10.egg-info/top_level.txt
[1.277s] -- Up-to-date: /home/shady/bumperbot_ws/install/bumperbot_localization/local/lib/python3.10/dist-packages/bumperbot_localization
[1.277s] -- Up-to-date: /home/shady/bumperbot_ws/install/bumperbot_localization/local/lib/python3.10/dist-packages/bumperbot_localization/kalman_filter.py
[1.277s] -- Up-to-date: /home/shady/bumperbot_ws/install/bumperbot_localization/local/lib/python3.10/dist-packages/bumperbot_localization/__init__.py
[1.278s] -- Up-to-date: /home/shady/bumperbot_ws/install/bumperbot_localization/local/lib/python3.10/dist-packages/bumperbot_localization/imu_republisher.py
[1.278s] -- Up-to-date: /home/shady/bumperbot_ws/install/bumperbot_localization/local/lib/python3.10/dist-packages/bumperbot_localization/odometry_motion_model.py
[1.317s] Listing '/home/shady/bumperbot_ws/install/bumperbot_localization/local/lib/python3.10/dist-packages/bumperbot_localization'...
[1.318s] -- Up-to-date: /home/shady/bumperbot_ws/install/bumperbot_localization/include/include
[1.318s] -- Up-to-date: /home/shady/bumperbot_ws/install/bumperbot_localization/include/include/bumperbot_localization
[1.318s] -- Up-to-date: /home/shady/bumperbot_ws/install/bumperbot_localization/include/include/bumperbot_localization/odometry_motion_model.hpp
[1.319s] -- Up-to-date: /home/shady/bumperbot_ws/install/bumperbot_localization/include/include/bumperbot_localization/kalman_filter.hpp
[1.320s] -- Up-to-date: /home/shady/bumperbot_ws/install/bumperbot_localization/bin/odometry_motion_model
[1.321s] -- Up-to-date: /home/shady/bumperbot_ws/install/bumperbot_localization/lib/bumperbot_localization/kalman_filter
[1.321s] -- Up-to-date: /home/shady/bumperbot_ws/install/bumperbot_localization/lib/bumperbot_localization/imu_republisher
[1.321s] -- Up-to-date: /home/shady/bumperbot_ws/install/bumperbot_localization/lib/bumperbot_localization/odometry_motion_model
[1.321s] -- Up-to-date: /home/shady/bumperbot_ws/install/bumperbot_localization/share/bumperbot_localization/launch
[1.321s] -- Up-to-date: /home/shady/bumperbot_ws/install/bumperbot_localization/share/bumperbot_localization/launch/global_localization.launch.py
[1.322s] -- Up-to-date: /home/shady/bumperbot_ws/install/bumperbot_localization/share/bumperbot_localization/launch/local_localization.launch.py
[1.322s] -- Up-to-date: /home/shady/bumperbot_ws/install/bumperbot_localization/share/bumperbot_localization/config
[1.322s] -- Up-to-date: /home/shady/bumperbot_ws/install/bumperbot_localization/share/bumperbot_localization/config/ekf.yaml
[1.323s] -- Up-to-date: /home/shady/bumperbot_ws/install/bumperbot_localization/share/bumperbot_localization/config/global_costmap.yaml
[1.323s] -- Up-to-date: /home/shady/bumperbot_ws/install/bumperbot_localization/share/bumperbot_localization/config/dwb_controller.yaml
[1.323s] -- Up-to-date: /home/shady/bumperbot_ws/install/bumperbot_localization/share/bumperbot_localization/config/odometry_motion_model.rviz
[1.323s] -- Up-to-date: /home/shady/bumperbot_ws/install/bumperbot_localization/share/bumperbot_localization/config/behavior_server.yaml
[1.324s] -- Up-to-date: /home/shady/bumperbot_ws/install/bumperbot_localization/share/bumperbot_localization/config/local_costmap.yaml
[1.324s] -- Up-to-date: /home/shady/bumperbot_ws/install/bumperbot_localization/share/bumperbot_localization/config/bt_navigator.yaml
[1.324s] -- Up-to-date: /home/shady/bumperbot_ws/install/bumperbot_localization/share/bumperbot_localization/config/navfn_planner.yaml
[1.324s] -- Up-to-date: /home/shady/bumperbot_ws/install/bumperbot_localization/share/bumperbot_localization/config/amcl.yaml
[1.325s] -- Up-to-date: /home/shady/bumperbot_ws/install/bumperbot_localization/share/bumperbot_localization/rviz
[1.325s] -- Up-to-date: /home/shady/bumperbot_ws/install/bumperbot_localization/share/bumperbot_localization/rviz/global_localization.rviz
[1.325s] -- Up-to-date: /home/shady/bumperbot_ws/install/bumperbot_localization/lib/bumperbot_localization/kalman_filter.py
[1.325s] -- Up-to-date: /home/shady/bumperbot_ws/install/bumperbot_localization/lib/bumperbot_localization/imu_republisher.py
[1.325s] -- Up-to-date: /home/shady/bumperbot_ws/install/bumperbot_localization/lib/bumperbot_localization/odometry_motion_model.py
[1.326s] -- Up-to-date: /home/shady/bumperbot_ws/install/bumperbot_localization/share/ament_index/resource_index/package_run_dependencies/bumperbot_localization
[1.327s] -- Up-to-date: /home/shady/bumperbot_ws/install/bumperbot_localization/share/ament_index/resource_index/parent_prefix_path/bumperbot_localization
[1.327s] -- Up-to-date: /home/shady/bumperbot_ws/install/bumperbot_localization/share/bumperbot_localization/environment/ament_prefix_path.sh
[1.327s] -- Up-to-date: /home/shady/bumperbot_ws/install/bumperbot_localization/share/bumperbot_localization/environment/ament_prefix_path.dsv
[1.328s] -- Up-to-date: /home/shady/bumperbot_ws/install/bumperbot_localization/share/bumperbot_localization/environment/path.sh
[1.328s] -- Up-to-date: /home/shady/bumperbot_ws/install/bumperbot_localization/share/bumperbot_localization/environment/path.dsv
[1.328s] -- Up-to-date: /home/shady/bumperbot_ws/install/bumperbot_localization/share/bumperbot_localization/local_setup.bash
[1.329s] -- Up-to-date: /home/shady/bumperbot_ws/install/bumperbot_localization/share/bumperbot_localization/local_setup.sh
[1.329s] -- Up-to-date: /home/shady/bumperbot_ws/install/bumperbot_localization/share/bumperbot_localization/local_setup.zsh
[1.329s] -- Up-to-date: /home/shady/bumperbot_ws/install/bumperbot_localization/share/bumperbot_localization/local_setup.dsv
[1.329s] -- Installing: /home/shady/bumperbot_ws/install/bumperbot_localization/share/bumperbot_localization/package.dsv
[1.330s] -- Up-to-date: /home/shady/bumperbot_ws/install/bumperbot_localization/share/ament_index/resource_index/packages/bumperbot_localization
[1.330s] -- Up-to-date: /home/shady/bumperbot_ws/install/bumperbot_localization/share/bumperbot_localization/cmake/bumperbot_localizationConfig.cmake
[1.331s] -- Up-to-date: /home/shady/bumperbot_ws/install/bumperbot_localization/share/bumperbot_localization/cmake/bumperbot_localizationConfig-version.cmake
[1.331s] -- Up-to-date: /home/shady/bumperbot_ws/install/bumperbot_localization/share/bumperbot_localization/package.xml
[1.342s] Invoked command in '/home/shady/bumperbot_ws/build/bumperbot_localization' returned '0': CMAKE_PREFIX_PATH=${CMAKE_PREFIX_PATH}:/home/shady/bumperbot_ws/install/bumperbot_py_examples:/opt/ros/humble /usr/bin/cmake --install /home/shady/bumperbot_ws/build/bumperbot_localization
