[0.033s] Invoking command in '/home/shady/bumperbot_ws/build/bumperbot_mapping': CMAKE_PREFIX_PATH=${CMAKE_PREFIX_PATH}:/home/shady/bumperbot_ws/install/bumperbot_py_examples:/opt/ros/humble /usr/bin/cmake --build /home/shady/bumperbot_ws/build/bumperbot_mapping -- -j8 -l8
[0.191s] [100%] Built target mapping_with_known_poses
[0.191s] [100%] Built target ament_cmake_python_copy_bumperbot_mapping
[0.599s] running egg_info
[0.600s] writing bumperbot_mapping.egg-info/PKG-INFO
[0.600s] writing dependency_links to bumperbot_mapping.egg-info/dependency_links.txt
[0.600s] writing top-level names to bumperbot_mapping.egg-info/top_level.txt
[0.604s] reading manifest file 'bumperbot_mapping.egg-info/SOURCES.txt'
[0.605s] writing manifest file 'bumperbot_mapping.egg-info/SOURCES.txt'
[0.645s] [100%] Built target ament_cmake_python_build_bumperbot_mapping_egg
[0.657s] Invoked command in '/home/shady/bumperbot_ws/build/bumperbot_mapping' returned '0': CMAKE_PREFIX_PATH=${CMAKE_PREFIX_PATH}:/home/shady/bumperbot_ws/install/bumperbot_py_examples:/opt/ros/humble /usr/bin/cmake --build /home/shady/bumperbot_ws/build/bumperbot_mapping -- -j8 -l8
[0.699s] Invoking command in '/home/shady/bumperbot_ws/build/bumperbot_mapping': CMAKE_PREFIX_PATH=${CMAKE_PREFIX_PATH}:/home/shady/bumperbot_ws/install/bumperbot_py_examples:/opt/ros/humble /usr/bin/cmake --install /home/shady/bumperbot_ws/build/bumperbot_mapping
[0.709s] -- Install configuration: ""
[0.709s] -- Up-to-date: /home/shady/bumperbot_ws/install/bumperbot_mapping/share/bumperbot_mapping/environment/pythonpath.sh
[0.709s] -- Up-to-date: /home/shady/bumperbot_ws/install/bumperbot_mapping/share/bumperbot_mapping/environment/pythonpath.dsv
[0.710s] -- Up-to-date: /home/shady/bumperbot_ws/install/bumperbot_mapping/local/lib/python3.10/dist-packages/bumperbot_mapping-0.0.0-py3.10.egg-info
[0.710s] -- Installing: /home/shady/bumperbot_ws/install/bumperbot_mapping/local/lib/python3.10/dist-packages/bumperbot_mapping-0.0.0-py3.10.egg-info/SOURCES.txt
[0.710s] -- Installing: /home/shady/bumperbot_ws/install/bumperbot_mapping/local/lib/python3.10/dist-packages/bumperbot_mapping-0.0.0-py3.10.egg-info/dependency_links.txt
[0.710s] -- Installing: /home/shady/bumperbot_ws/install/bumperbot_mapping/local/lib/python3.10/dist-packages/bumperbot_mapping-0.0.0-py3.10.egg-info/PKG-INFO
[0.711s] -- Installing: /home/shady/bumperbot_ws/install/bumperbot_mapping/local/lib/python3.10/dist-packages/bumperbot_mapping-0.0.0-py3.10.egg-info/top_level.txt
[0.711s] -- Up-to-date: /home/shady/bumperbot_ws/install/bumperbot_mapping/local/lib/python3.10/dist-packages/bumperbot_mapping
[0.711s] -- Up-to-date: /home/shady/bumperbot_ws/install/bumperbot_mapping/local/lib/python3.10/dist-packages/bumperbot_mapping/mapping_with_known_poses.py
[0.711s] -- Up-to-date: /home/shady/bumperbot_ws/install/bumperbot_mapping/local/lib/python3.10/dist-packages/bumperbot_mapping/__init__.py
[0.773s] Listing '/home/shady/bumperbot_ws/install/bumperbot_mapping/local/lib/python3.10/dist-packages/bumperbot_mapping'...
[0.783s] -- Up-to-date: /home/shady/bumperbot_ws/install/bumperbot_mapping/include/include
[0.784s] -- Up-to-date: /home/shady/bumperbot_ws/install/bumperbot_mapping/include/include/bumperbot_mapping
[0.786s] -- Up-to-date: /home/shady/bumperbot_ws/install/bumperbot_mapping/include/include/bumperbot_mapping/mapping_with_known_poses.hpp
[0.786s] -- Up-to-date: /home/shady/bumperbot_ws/install/bumperbot_mapping/lib/bumperbot_mapping/mapping_with_known_poses
[0.787s] -- Up-to-date: /home/shady/bumperbot_ws/install/bumperbot_mapping/share/bumperbot_mapping/config
[0.787s] -- Up-to-date: /home/shady/bumperbot_ws/install/bumperbot_mapping/share/bumperbot_mapping/config/slam_toolbox.yaml
[0.787s] -- Up-to-date: /home/shady/bumperbot_ws/install/bumperbot_mapping/share/bumperbot_mapping/launch
[0.788s] -- Up-to-date: /home/shady/bumperbot_ws/install/bumperbot_mapping/share/bumperbot_mapping/launch/slam.launch.py
[0.788s] -- Up-to-date: /home/shady/bumperbot_ws/install/bumperbot_mapping/share/bumperbot_mapping/maps
[0.789s] -- Up-to-date: /home/shady/bumperbot_ws/install/bumperbot_mapping/share/bumperbot_mapping/maps/willowgarage
[0.790s] -- Up-to-date: /home/shady/bumperbot_ws/install/bumperbot_mapping/share/bumperbot_mapping/maps/willowgarage/map.yaml
[0.790s] -- Up-to-date: /home/shady/bumperbot_ws/install/bumperbot_mapping/share/bumperbot_mapping/maps/willowgarage/map.pgm
[0.790s] -- Up-to-date: /home/shady/bumperbot_ws/install/bumperbot_mapping/share/bumperbot_mapping/maps/small_house
[0.790s] -- Up-to-date: /home/shady/bumperbot_ws/install/bumperbot_mapping/share/bumperbot_mapping/maps/small_house/map.yaml
[0.790s] -- Up-to-date: /home/shady/bumperbot_ws/install/bumperbot_mapping/share/bumperbot_mapping/maps/small_house/map.pgm
[0.791s] -- Up-to-date: /home/shady/bumperbot_ws/install/bumperbot_mapping/share/bumperbot_mapping/rviz
[0.791s] -- Up-to-date: /home/shady/bumperbot_ws/install/bumperbot_mapping/share/bumperbot_mapping/rviz/slam.rviz
[0.791s] -- Up-to-date: /home/shady/bumperbot_ws/install/bumperbot_mapping/lib/bumperbot_mapping/mapping_with_known_poses.py
[0.791s] -- Up-to-date: /home/shady/bumperbot_ws/install/bumperbot_mapping/share/ament_index/resource_index/package_run_dependencies/bumperbot_mapping
[0.791s] -- Up-to-date: /home/shady/bumperbot_ws/install/bumperbot_mapping/share/ament_index/resource_index/parent_prefix_path/bumperbot_mapping
[0.792s] -- Up-to-date: /home/shady/bumperbot_ws/install/bumperbot_mapping/share/bumperbot_mapping/environment/ament_prefix_path.sh
[0.792s] -- Up-to-date: /home/shady/bumperbot_ws/install/bumperbot_mapping/share/bumperbot_mapping/environment/ament_prefix_path.dsv
[0.792s] -- Up-to-date: /home/shady/bumperbot_ws/install/bumperbot_mapping/share/bumperbot_mapping/environment/path.sh
[0.792s] -- Up-to-date: /home/shady/bumperbot_ws/install/bumperbot_mapping/share/bumperbot_mapping/environment/path.dsv
[0.792s] -- Up-to-date: /home/shady/bumperbot_ws/install/bumperbot_mapping/share/bumperbot_mapping/local_setup.bash
[0.792s] -- Up-to-date: /home/shady/bumperbot_ws/install/bumperbot_mapping/share/bumperbot_mapping/local_setup.sh
[0.792s] -- Up-to-date: /home/shady/bumperbot_ws/install/bumperbot_mapping/share/bumperbot_mapping/local_setup.zsh
[0.793s] -- Up-to-date: /home/shady/bumperbot_ws/install/bumperbot_mapping/share/bumperbot_mapping/local_setup.dsv
[0.793s] -- Installing: /home/shady/bumperbot_ws/install/bumperbot_mapping/share/bumperbot_mapping/package.dsv
[0.793s] -- Up-to-date: /home/shady/bumperbot_ws/install/bumperbot_mapping/share/ament_index/resource_index/packages/bumperbot_mapping
[0.793s] -- Up-to-date: /home/shady/bumperbot_ws/install/bumperbot_mapping/share/bumperbot_mapping/cmake/bumperbot_mappingConfig.cmake
[0.793s] -- Up-to-date: /home/shady/bumperbot_ws/install/bumperbot_mapping/share/bumperbot_mapping/cmake/bumperbot_mappingConfig-version.cmake
[0.793s] -- Up-to-date: /home/shady/bumperbot_ws/install/bumperbot_mapping/share/bumperbot_mapping/package.xml
[0.795s] Invoked command in '/home/shady/bumperbot_ws/build/bumperbot_mapping' returned '0': CMAKE_PREFIX_PATH=${CMAKE_PREFIX_PATH}:/home/shady/bumperbot_ws/install/bumperbot_py_examples:/opt/ros/humble /usr/bin/cmake --install /home/shady/bumperbot_ws/build/bumperbot_mapping
