[0.016s] Invoking command in '/home/shady/bumperbot_ws/build/bumperbot_cpp_examples': CMAKE_PREFIX_PATH=/home/shady/bumperbot_ws/install/bumperbot_msgs:/home/shady/bumperbot_ws/install/bumperbot_utils:/home/shady/bumperbot_ws/install/bumperbot_cpp_examples:/home/shady/bumperbot_ws/install/bumperbot_bringup:/home/shady/bumperbot_ws/install/bumperbot_mapping:/home/shady/bumperbot_ws/install/bumperbot_localization:/home/shady/bumperbot_ws/install/bumperbot_firmware:/home/shady/bumperbot_ws/install/bumperbot_description:/home/shady/bumperbot_ws/install/bumperbot_controller:/home/shady/bumperbot_ws/install/bumperbot_py_examples:/opt/ros/humble LD_LIBRARY_PATH=/home/shady/bumperbot_ws/install/bumperbot_msgs/lib:/home/shady/bumperbot_ws/install/bumperbot_cpp_examples/lib:/home/shady/bumperbot_ws/install/bumperbot_firmware/lib:/usr/lib/x86_64-linux-gnu/gazebo-11/plugins:/opt/ros/humble/opt/rviz_ogre_vendor/lib:/opt/ros/humble/lib/x86_64-linux-gnu:/opt/ros/humble/lib /usr/bin/cmake --build /home/shady/bumperbot_ws/build/bumperbot_cpp_examples -- -j8 -l8
[0.084s] [  7%] Built target simple_subscriber
[0.085s] [ 14%] Built target simple_parameter
[0.087s] [ 21%] Built target simple_publisher
[0.090s] [ 28%] Built target simple_turtlesim_kinematics
[0.090s] [ 35%] Built target simple_service_server
[0.123s] [ 42%] Built target simple_lifecycle_node
[0.128s] [ 50%] Built target simple_qos_publisher
[0.128s] [ 57%] Built target simple_action_server
[0.128s] [ 64%] Built target simple_qos_subscriber
[0.129s] [ 71%] Built target simple_tf_kinematics
[0.156s] [ 78%] Built target simple_action_client_node
[0.159s] [ 85%] Built target simple_action_server_node
[0.164s] [ 92%] Built target simple_action_client
[0.167s] [100%] Built target simple_service_client
[0.332s] Invoked command in '/home/shady/bumperbot_ws/build/bumperbot_cpp_examples' returned '0': CMAKE_PREFIX_PATH=/home/shady/bumperbot_ws/install/bumperbot_msgs:/home/shady/bumperbot_ws/install/bumperbot_utils:/home/shady/bumperbot_ws/install/bumperbot_cpp_examples:/home/shady/bumperbot_ws/install/bumperbot_bringup:/home/shady/bumperbot_ws/install/bumperbot_mapping:/home/shady/bumperbot_ws/install/bumperbot_localization:/home/shady/bumperbot_ws/install/bumperbot_firmware:/home/shady/bumperbot_ws/install/bumperbot_description:/home/shady/bumperbot_ws/install/bumperbot_controller:/home/shady/bumperbot_ws/install/bumperbot_py_examples:/opt/ros/humble LD_LIBRARY_PATH=/home/shady/bumperbot_ws/install/bumperbot_msgs/lib:/home/shady/bumperbot_ws/install/bumperbot_cpp_examples/lib:/home/shady/bumperbot_ws/install/bumperbot_firmware/lib:/usr/lib/x86_64-linux-gnu/gazebo-11/plugins:/opt/ros/humble/opt/rviz_ogre_vendor/lib:/opt/ros/humble/lib/x86_64-linux-gnu:/opt/ros/humble/lib /usr/bin/cmake --build /home/shady/bumperbot_ws/build/bumperbot_cpp_examples -- -j8 -l8
[0.418s] Invoking command in '/home/shady/bumperbot_ws/build/bumperbot_cpp_examples': CMAKE_PREFIX_PATH=/home/shady/bumperbot_ws/install/bumperbot_msgs:/home/shady/bumperbot_ws/install/bumperbot_utils:/home/shady/bumperbot_ws/install/bumperbot_cpp_examples:/home/shady/bumperbot_ws/install/bumperbot_bringup:/home/shady/bumperbot_ws/install/bumperbot_mapping:/home/shady/bumperbot_ws/install/bumperbot_localization:/home/shady/bumperbot_ws/install/bumperbot_firmware:/home/shady/bumperbot_ws/install/bumperbot_description:/home/shady/bumperbot_ws/install/bumperbot_controller:/home/shady/bumperbot_ws/install/bumperbot_py_examples:/opt/ros/humble LD_LIBRARY_PATH=/home/shady/bumperbot_ws/install/bumperbot_msgs/lib:/home/shady/bumperbot_ws/install/bumperbot_cpp_examples/lib:/home/shady/bumperbot_ws/install/bumperbot_firmware/lib:/usr/lib/x86_64-linux-gnu/gazebo-11/plugins:/opt/ros/humble/opt/rviz_ogre_vendor/lib:/opt/ros/humble/lib/x86_64-linux-gnu:/opt/ros/humble/lib /usr/bin/cmake --install /home/shady/bumperbot_ws/build/bumperbot_cpp_examples
[0.426s] -- Install configuration: ""
[0.426s] -- Up-to-date: /home/shady/bumperbot_ws/install/bumperbot_cpp_examples/lib/bumperbot_cpp_examples/simple_action_server_node
[0.427s] -- Up-to-date: /home/shady/bumperbot_ws/install/bumperbot_cpp_examples/lib/bumperbot_cpp_examples/simple_action_client_node
[0.427s] -- Up-to-date: /home/shady/bumperbot_ws/install/bumperbot_cpp_examples/include/include
[0.427s] -- Up-to-date: /home/shady/bumperbot_ws/install/bumperbot_cpp_examples/include/include/bumperbot_cpp_examples
[0.428s] -- Up-to-date: /home/shady/bumperbot_ws/install/bumperbot_cpp_examples/include/include/bumperbot_cpp_examples/simple_turtlesim_kinematics.hpp
[0.428s] -- Up-to-date: /home/shady/bumperbot_ws/install/bumperbot_cpp_examples/include/include/bumperbot_cpp_examples/simple_tf_kinematics.hpp
[0.428s] -- Up-to-date: /home/shady/bumperbot_ws/install/bumperbot_cpp_examples/lib/bumperbot_cpp_examples/simple_publisher
[0.428s] -- Up-to-date: /home/shady/bumperbot_ws/install/bumperbot_cpp_examples/lib/bumperbot_cpp_examples/simple_subscriber
[0.429s] -- Up-to-date: /home/shady/bumperbot_ws/install/bumperbot_cpp_examples/lib/bumperbot_cpp_examples/simple_parameter
[0.429s] -- Up-to-date: /home/shady/bumperbot_ws/install/bumperbot_cpp_examples/lib/bumperbot_cpp_examples/simple_turtlesim_kinematics
[0.430s] -- Up-to-date: /home/shady/bumperbot_ws/install/bumperbot_cpp_examples/lib/bumperbot_cpp_examples/simple_service_server
[0.431s] -- Up-to-date: /home/shady/bumperbot_ws/install/bumperbot_cpp_examples/lib/bumperbot_cpp_examples/simple_service_client
[0.431s] -- Up-to-date: /home/shady/bumperbot_ws/install/bumperbot_cpp_examples/lib/bumperbot_cpp_examples/simple_tf_kinematics
[0.432s] -- Up-to-date: /home/shady/bumperbot_ws/install/bumperbot_cpp_examples/lib/bumperbot_cpp_examples/simple_lifecycle_node
[0.432s] -- Up-to-date: /home/shady/bumperbot_ws/install/bumperbot_cpp_examples/lib/bumperbot_cpp_examples/simple_qos_publisher
[0.433s] -- Up-to-date: /home/shady/bumperbot_ws/install/bumperbot_cpp_examples/lib/bumperbot_cpp_examples/simple_qos_subscriber
[0.433s] -- Up-to-date: /home/shady/bumperbot_ws/install/bumperbot_cpp_examples/lib/libsimple_action_server.so
[0.434s] -- Up-to-date: /home/shady/bumperbot_ws/install/bumperbot_cpp_examples/lib/libsimple_action_client.so
[0.434s] -- Up-to-date: /home/shady/bumperbot_ws/install/bumperbot_cpp_examples/share/ament_index/resource_index/package_run_dependencies/bumperbot_cpp_examples
[0.434s] -- Up-to-date: /home/shady/bumperbot_ws/install/bumperbot_cpp_examples/share/ament_index/resource_index/parent_prefix_path/bumperbot_cpp_examples
[0.434s] -- Up-to-date: /home/shady/bumperbot_ws/install/bumperbot_cpp_examples/share/bumperbot_cpp_examples/environment/ament_prefix_path.sh
[0.435s] -- Up-to-date: /home/shady/bumperbot_ws/install/bumperbot_cpp_examples/share/bumperbot_cpp_examples/environment/ament_prefix_path.dsv
[0.435s] -- Up-to-date: /home/shady/bumperbot_ws/install/bumperbot_cpp_examples/share/bumperbot_cpp_examples/environment/path.sh
[0.435s] -- Up-to-date: /home/shady/bumperbot_ws/install/bumperbot_cpp_examples/share/bumperbot_cpp_examples/environment/path.dsv
[0.435s] -- Up-to-date: /home/shady/bumperbot_ws/install/bumperbot_cpp_examples/share/bumperbot_cpp_examples/local_setup.bash
[0.435s] -- Up-to-date: /home/shady/bumperbot_ws/install/bumperbot_cpp_examples/share/bumperbot_cpp_examples/local_setup.sh
[0.435s] -- Up-to-date: /home/shady/bumperbot_ws/install/bumperbot_cpp_examples/share/bumperbot_cpp_examples/local_setup.zsh
[0.435s] -- Up-to-date: /home/shady/bumperbot_ws/install/bumperbot_cpp_examples/share/bumperbot_cpp_examples/local_setup.dsv
[0.436s] -- Installing: /home/shady/bumperbot_ws/install/bumperbot_cpp_examples/share/bumperbot_cpp_examples/package.dsv
[0.436s] -- Up-to-date: /home/shady/bumperbot_ws/install/bumperbot_cpp_examples/share/ament_index/resource_index/packages/bumperbot_cpp_examples
[0.436s] -- Up-to-date: /home/shady/bumperbot_ws/install/bumperbot_cpp_examples/share/ament_index/resource_index/rclcpp_components/bumperbot_cpp_examples
[0.436s] -- Up-to-date: /home/shady/bumperbot_ws/install/bumperbot_cpp_examples/share/bumperbot_cpp_examples/cmake/bumperbot_cpp_examplesConfig.cmake
[0.436s] -- Up-to-date: /home/shady/bumperbot_ws/install/bumperbot_cpp_examples/share/bumperbot_cpp_examples/cmake/bumperbot_cpp_examplesConfig-version.cmake
[0.436s] -- Up-to-date: /home/shady/bumperbot_ws/install/bumperbot_cpp_examples/share/bumperbot_cpp_examples/package.xml
[0.438s] Invoked command in '/home/shady/bumperbot_ws/build/bumperbot_cpp_examples' returned '0': CMAKE_PREFIX_PATH=/home/shady/bumperbot_ws/install/bumperbot_msgs:/home/shady/bumperbot_ws/install/bumperbot_utils:/home/shady/bumperbot_ws/install/bumperbot_cpp_examples:/home/shady/bumperbot_ws/install/bumperbot_bringup:/home/shady/bumperbot_ws/install/bumperbot_mapping:/home/shady/bumperbot_ws/install/bumperbot_localization:/home/shady/bumperbot_ws/install/bumperbot_firmware:/home/shady/bumperbot_ws/install/bumperbot_description:/home/shady/bumperbot_ws/install/bumperbot_controller:/home/shady/bumperbot_ws/install/bumperbot_py_examples:/opt/ros/humble LD_LIBRARY_PATH=/home/shady/bumperbot_ws/install/bumperbot_msgs/lib:/home/shady/bumperbot_ws/install/bumperbot_cpp_examples/lib:/home/shady/bumperbot_ws/install/bumperbot_firmware/lib:/usr/lib/x86_64-linux-gnu/gazebo-11/plugins:/opt/ros/humble/opt/rviz_ogre_vendor/lib:/opt/ros/humble/lib/x86_64-linux-gnu:/opt/ros/humble/lib /usr/bin/cmake --install /home/shady/bumperbot_ws/build/bumperbot_cpp_examples
