[0.013s] Invoking command in '/home/shady/bumperbot_ws/build/bumperbot_cpp_examples': AMENT_PREFIX_PATH=/home/shady/bumperbot_ws/install/bumperbot_msgs:${AMENT_PREFIX_PATH} CMAKE_PREFIX_PATH=/home/shady/bumperbot_ws/install/bumperbot_msgs:/opt/ros/humble LD_LIBRARY_PATH=/home/shady/bumperbot_ws/install/bumperbot_msgs/lib:${LD_LIBRARY_PATH} PYTHONPATH=/home/shady/bumperbot_ws/install/bumperbot_msgs/local/lib/python3.10/dist-packages:${PYTHONPATH} /usr/bin/cmake --build /home/shady/bumperbot_ws/build/bumperbot_cpp_examples -- -j8 -l8
[0.107s] [  7%] Built target simple_publisher
[0.107s] [ 14%] Built target simple_subscriber
[0.107s] [ 28%] Built target simple_service_client
[0.107s] [ 28%] Built target simple_turtlesim_kinematics
[0.107s] [ 35%] Built target simple_service_server
[0.109s] [ 42%] Built target simple_lifecycle_node
[0.113s] [ 50%] Built target simple_parameter
[0.118s] [ 57%] Built target simple_tf_kinematics
[0.147s] [ 64%] Built target simple_qos_publisher
[0.153s] [ 71%] Built target simple_qos_subscriber
[0.154s] [ 78%] Built target simple_action_server
[0.154s] [ 85%] Built target simple_action_server_node
[0.158s] [ 92%] Built target simple_action_client
[0.158s] [100%] Built target simple_action_client_node
[0.397s] Invoked command in '/home/shady/bumperbot_ws/build/bumperbot_cpp_examples' returned '0': AMENT_PREFIX_PATH=/home/shady/bumperbot_ws/install/bumperbot_msgs:${AMENT_PREFIX_PATH} CMAKE_PREFIX_PATH=/home/shady/bumperbot_ws/install/bumperbot_msgs:/opt/ros/humble LD_LIBRARY_PATH=/home/shady/bumperbot_ws/install/bumperbot_msgs/lib:${LD_LIBRARY_PATH} PYTHONPATH=/home/shady/bumperbot_ws/install/bumperbot_msgs/local/lib/python3.10/dist-packages:${PYTHONPATH} /usr/bin/cmake --build /home/shady/bumperbot_ws/build/bumperbot_cpp_examples -- -j8 -l8
[0.482s] Invoking command in '/home/shady/bumperbot_ws/build/bumperbot_cpp_examples': AMENT_PREFIX_PATH=/home/shady/bumperbot_ws/install/bumperbot_msgs:${AMENT_PREFIX_PATH} CMAKE_PREFIX_PATH=/home/shady/bumperbot_ws/install/bumperbot_msgs:/opt/ros/humble LD_LIBRARY_PATH=/home/shady/bumperbot_ws/install/bumperbot_msgs/lib:${LD_LIBRARY_PATH} PYTHONPATH=/home/shady/bumperbot_ws/install/bumperbot_msgs/local/lib/python3.10/dist-packages:${PYTHONPATH} /usr/bin/cmake --install /home/shady/bumperbot_ws/build/bumperbot_cpp_examples
[0.491s] -- Install configuration: ""
[0.491s] -- Up-to-date: /home/shady/bumperbot_ws/install/bumperbot_cpp_examples/lib/bumperbot_cpp_examples/simple_action_server_node
[0.492s] -- Up-to-date: /home/shady/bumperbot_ws/install/bumperbot_cpp_examples/lib/bumperbot_cpp_examples/simple_action_client_node
[0.492s] -- Up-to-date: /home/shady/bumperbot_ws/install/bumperbot_cpp_examples/include/include
[0.492s] -- Up-to-date: /home/shady/bumperbot_ws/install/bumperbot_cpp_examples/include/include/bumperbot_cpp_examples
[0.492s] -- Up-to-date: /home/shady/bumperbot_ws/install/bumperbot_cpp_examples/include/include/bumperbot_cpp_examples/simple_turtlesim_kinematics.hpp
[0.492s] -- Up-to-date: /home/shady/bumperbot_ws/install/bumperbot_cpp_examples/include/include/bumperbot_cpp_examples/simple_tf_kinematics.hpp
[0.492s] -- Up-to-date: /home/shady/bumperbot_ws/install/bumperbot_cpp_examples/lib/bumperbot_cpp_examples/simple_publisher
[0.493s] -- Up-to-date: /home/shady/bumperbot_ws/install/bumperbot_cpp_examples/lib/bumperbot_cpp_examples/simple_subscriber
[0.493s] -- Up-to-date: /home/shady/bumperbot_ws/install/bumperbot_cpp_examples/lib/bumperbot_cpp_examples/simple_parameter
[0.494s] -- Up-to-date: /home/shady/bumperbot_ws/install/bumperbot_cpp_examples/lib/bumperbot_cpp_examples/simple_turtlesim_kinematics
[0.494s] -- Up-to-date: /home/shady/bumperbot_ws/install/bumperbot_cpp_examples/lib/bumperbot_cpp_examples/simple_service_server
[0.495s] -- Up-to-date: /home/shady/bumperbot_ws/install/bumperbot_cpp_examples/lib/bumperbot_cpp_examples/simple_service_client
[0.495s] -- Up-to-date: /home/shady/bumperbot_ws/install/bumperbot_cpp_examples/lib/bumperbot_cpp_examples/simple_tf_kinematics
[0.495s] -- Up-to-date: /home/shady/bumperbot_ws/install/bumperbot_cpp_examples/lib/bumperbot_cpp_examples/simple_lifecycle_node
[0.496s] -- Up-to-date: /home/shady/bumperbot_ws/install/bumperbot_cpp_examples/lib/bumperbot_cpp_examples/simple_qos_publisher
[0.496s] -- Up-to-date: /home/shady/bumperbot_ws/install/bumperbot_cpp_examples/lib/bumperbot_cpp_examples/simple_qos_subscriber
[0.497s] -- Up-to-date: /home/shady/bumperbot_ws/install/bumperbot_cpp_examples/lib/libsimple_action_server.so
[0.497s] -- Up-to-date: /home/shady/bumperbot_ws/install/bumperbot_cpp_examples/lib/libsimple_action_client.so
[0.498s] -- Up-to-date: /home/shady/bumperbot_ws/install/bumperbot_cpp_examples/share/ament_index/resource_index/package_run_dependencies/bumperbot_cpp_examples
[0.498s] -- Up-to-date: /home/shady/bumperbot_ws/install/bumperbot_cpp_examples/share/ament_index/resource_index/parent_prefix_path/bumperbot_cpp_examples
[0.498s] -- Up-to-date: /home/shady/bumperbot_ws/install/bumperbot_cpp_examples/share/bumperbot_cpp_examples/environment/ament_prefix_path.sh
[0.498s] -- Up-to-date: /home/shady/bumperbot_ws/install/bumperbot_cpp_examples/share/bumperbot_cpp_examples/environment/ament_prefix_path.dsv
[0.498s] -- Up-to-date: /home/shady/bumperbot_ws/install/bumperbot_cpp_examples/share/bumperbot_cpp_examples/environment/path.sh
[0.498s] -- Up-to-date: /home/shady/bumperbot_ws/install/bumperbot_cpp_examples/share/bumperbot_cpp_examples/environment/path.dsv
[0.499s] -- Up-to-date: /home/shady/bumperbot_ws/install/bumperbot_cpp_examples/share/bumperbot_cpp_examples/local_setup.bash
[0.499s] -- Up-to-date: /home/shady/bumperbot_ws/install/bumperbot_cpp_examples/share/bumperbot_cpp_examples/local_setup.sh
[0.499s] -- Up-to-date: /home/shady/bumperbot_ws/install/bumperbot_cpp_examples/share/bumperbot_cpp_examples/local_setup.zsh
[0.499s] -- Up-to-date: /home/shady/bumperbot_ws/install/bumperbot_cpp_examples/share/bumperbot_cpp_examples/local_setup.dsv
[0.499s] -- Installing: /home/shady/bumperbot_ws/install/bumperbot_cpp_examples/share/bumperbot_cpp_examples/package.dsv
[0.499s] -- Up-to-date: /home/shady/bumperbot_ws/install/bumperbot_cpp_examples/share/ament_index/resource_index/packages/bumperbot_cpp_examples
[0.499s] -- Up-to-date: /home/shady/bumperbot_ws/install/bumperbot_cpp_examples/share/ament_index/resource_index/rclcpp_components/bumperbot_cpp_examples
[0.499s] -- Up-to-date: /home/shady/bumperbot_ws/install/bumperbot_cpp_examples/share/bumperbot_cpp_examples/cmake/bumperbot_cpp_examplesConfig.cmake
[0.500s] -- Up-to-date: /home/shady/bumperbot_ws/install/bumperbot_cpp_examples/share/bumperbot_cpp_examples/cmake/bumperbot_cpp_examplesConfig-version.cmake
[0.500s] -- Up-to-date: /home/shady/bumperbot_ws/install/bumperbot_cpp_examples/share/bumperbot_cpp_examples/package.xml
[0.502s] Invoked command in '/home/shady/bumperbot_ws/build/bumperbot_cpp_examples' returned '0': AMENT_PREFIX_PATH=/home/shady/bumperbot_ws/install/bumperbot_msgs:${AMENT_PREFIX_PATH} CMAKE_PREFIX_PATH=/home/shady/bumperbot_ws/install/bumperbot_msgs:/opt/ros/humble LD_LIBRARY_PATH=/home/shady/bumperbot_ws/install/bumperbot_msgs/lib:${LD_LIBRARY_PATH} PYTHONPATH=/home/shady/bumperbot_ws/install/bumperbot_msgs/local/lib/python3.10/dist-packages:${PYTHONPATH} /usr/bin/cmake --install /home/shady/bumperbot_ws/build/bumperbot_cpp_examples
