[0.040s] Invoking command in '/home/shady/bumperbot_ws/build/bumperbot_firmware': CMAKE_PREFIX_PATH=${CMAKE_PREFIX_PATH}:/home/shady/bumperbot_ws/install/bumperbot_py_examples:/opt/ros/humble /usr/bin/cmake --build /home/shady/bumperbot_ws/build/bumperbot_firmware -- -j8 -l8
[0.133s] [35m[1mConsolidate compiler generated dependencies of target bumperbot_firmware[0m
[0.191s] [35m[1mConsolidate compiler generated dependencies of target simple_serial_receiver[0m
[0.203s] [35m[1mConsolidate compiler generated dependencies of target simple_serial_transmitter[0m
[0.213s] [ 33%] Built target bumperbot_firmware
[0.263s] [ 66%] Built target simple_serial_receiver
[0.271s] [ 33%] Built target ament_cmake_python_copy_bumperbot_firmware
[0.300s] [100%] Built target simple_serial_transmitter
[1.169s] running egg_info
[1.169s] writing bumperbot_firmware.egg-info/PKG-INFO
[1.169s] writing dependency_links to bumperbot_firmware.egg-info/dependency_links.txt
[1.170s] writing top-level names to bumperbot_firmware.egg-info/top_level.txt
[1.178s] reading manifest file 'bumperbot_firmware.egg-info/SOURCES.txt'
[1.178s] writing manifest file 'bumperbot_firmware.egg-info/SOURCES.txt'
[1.187s] [100%] Built target ament_cmake_python_build_bumperbot_firmware_egg
[1.188s] Invoked command in '/home/shady/bumperbot_ws/build/bumperbot_firmware' returned '0': CMAKE_PREFIX_PATH=${CMAKE_PREFIX_PATH}:/home/shady/bumperbot_ws/install/bumperbot_py_examples:/opt/ros/humble /usr/bin/cmake --build /home/shady/bumperbot_ws/build/bumperbot_firmware -- -j8 -l8
[1.218s] Invoking command in '/home/shady/bumperbot_ws/build/bumperbot_firmware': CMAKE_PREFIX_PATH=${CMAKE_PREFIX_PATH}:/home/shady/bumperbot_ws/install/bumperbot_py_examples:/opt/ros/humble /usr/bin/cmake --install /home/shady/bumperbot_ws/build/bumperbot_firmware
[1.230s] -- Install configuration: ""
[1.230s] -- Up-to-date: /home/shady/bumperbot_ws/install/bumperbot_firmware/share/bumperbot_firmware/environment/pythonpath.sh
[1.230s] -- Up-to-date: /home/shady/bumperbot_ws/install/bumperbot_firmware/share/bumperbot_firmware/environment/pythonpath.dsv
[1.231s] -- Up-to-date: /home/shady/bumperbot_ws/install/bumperbot_firmware/local/lib/python3.10/dist-packages/bumperbot_firmware-0.0.0-py3.10.egg-info
[1.231s] -- Installing: /home/shady/bumperbot_ws/install/bumperbot_firmware/local/lib/python3.10/dist-packages/bumperbot_firmware-0.0.0-py3.10.egg-info/SOURCES.txt
[1.232s] -- Installing: /home/shady/bumperbot_ws/install/bumperbot_firmware/local/lib/python3.10/dist-packages/bumperbot_firmware-0.0.0-py3.10.egg-info/dependency_links.txt
[1.232s] -- Installing: /home/shady/bumperbot_ws/install/bumperbot_firmware/local/lib/python3.10/dist-packages/bumperbot_firmware-0.0.0-py3.10.egg-info/PKG-INFO
[1.232s] -- Installing: /home/shady/bumperbot_ws/install/bumperbot_firmware/local/lib/python3.10/dist-packages/bumperbot_firmware-0.0.0-py3.10.egg-info/top_level.txt
[1.232s] -- Up-to-date: /home/shady/bumperbot_ws/install/bumperbot_firmware/local/lib/python3.10/dist-packages/bumperbot_firmware
[1.233s] -- Up-to-date: /home/shady/bumperbot_ws/install/bumperbot_firmware/local/lib/python3.10/dist-packages/bumperbot_firmware/__init__.py
[1.233s] -- Up-to-date: /home/shady/bumperbot_ws/install/bumperbot_firmware/local/lib/python3.10/dist-packages/bumperbot_firmware/simple_serial_transmitter.py
[1.233s] -- Up-to-date: /home/shady/bumperbot_ws/install/bumperbot_firmware/local/lib/python3.10/dist-packages/bumperbot_firmware/simple_serial_receiver.py
[1.297s] Listing '/home/shady/bumperbot_ws/install/bumperbot_firmware/local/lib/python3.10/dist-packages/bumperbot_firmware'...
[1.306s] -- Up-to-date: /home/shady/bumperbot_ws/install/bumperbot_firmware/share/bumperbot_firmware/bumperbot_interface.xml
[1.306s] -- Up-to-date: /home/shady/bumperbot_ws/install/bumperbot_firmware/lib/libbumperbot_firmware.so
[1.310s] -- Up-to-date: /home/shady/bumperbot_ws/install/bumperbot_firmware/include/include
[1.310s] -- Up-to-date: /home/shady/bumperbot_ws/install/bumperbot_firmware/include/include/bumperbot_firmware
[1.310s] -- Up-to-date: /home/shady/bumperbot_ws/install/bumperbot_firmware/include/include/bumperbot_firmware/bumperbot_interface.hpp
[1.310s] -- Up-to-date: /home/shady/bumperbot_ws/install/bumperbot_firmware/share/bumperbot_firmware/launch
[1.310s] -- Up-to-date: /home/shady/bumperbot_ws/install/bumperbot_firmware/share/bumperbot_firmware/launch/hardware_interface.launch.py
[1.312s] -- Up-to-date: /home/shady/bumperbot_ws/install/bumperbot_firmware/lib/bumperbot_firmware/simple_serial_transmitter.py
[1.312s] -- Up-to-date: /home/shady/bumperbot_ws/install/bumperbot_firmware/lib/bumperbot_firmware/simple_serial_receiver.py
[1.313s] -- Up-to-date: /home/shady/bumperbot_ws/install/bumperbot_firmware/lib/bumperbot_firmware/simple_serial_receiver
[1.313s] -- Up-to-date: /home/shady/bumperbot_ws/install/bumperbot_firmware/lib/bumperbot_firmware/simple_serial_transmitter
[1.313s] -- Up-to-date: /home/shady/bumperbot_ws/install/bumperbot_firmware/share/bumperbot_firmware/environment/library_path.sh
[1.313s] -- Up-to-date: /home/shady/bumperbot_ws/install/bumperbot_firmware/share/bumperbot_firmware/environment/library_path.dsv
[1.314s] -- Up-to-date: /home/shady/bumperbot_ws/install/bumperbot_firmware/share/ament_index/resource_index/package_run_dependencies/bumperbot_firmware
[1.314s] -- Up-to-date: /home/shady/bumperbot_ws/install/bumperbot_firmware/share/ament_index/resource_index/parent_prefix_path/bumperbot_firmware
[1.314s] -- Up-to-date: /home/shady/bumperbot_ws/install/bumperbot_firmware/share/bumperbot_firmware/environment/ament_prefix_path.sh
[1.315s] -- Up-to-date: /home/shady/bumperbot_ws/install/bumperbot_firmware/share/bumperbot_firmware/environment/ament_prefix_path.dsv
[1.315s] -- Up-to-date: /home/shady/bumperbot_ws/install/bumperbot_firmware/share/bumperbot_firmware/environment/path.sh
[1.316s] -- Up-to-date: /home/shady/bumperbot_ws/install/bumperbot_firmware/share/bumperbot_firmware/environment/path.dsv
[1.318s] -- Up-to-date: /home/shady/bumperbot_ws/install/bumperbot_firmware/share/bumperbot_firmware/local_setup.bash
[1.321s] -- Up-to-date: /home/shady/bumperbot_ws/install/bumperbot_firmware/share/bumperbot_firmware/local_setup.sh
[1.321s] -- Up-to-date: /home/shady/bumperbot_ws/install/bumperbot_firmware/share/bumperbot_firmware/local_setup.zsh
[1.321s] -- Up-to-date: /home/shady/bumperbot_ws/install/bumperbot_firmware/share/bumperbot_firmware/local_setup.dsv
[1.321s] -- Installing: /home/shady/bumperbot_ws/install/bumperbot_firmware/share/bumperbot_firmware/package.dsv
[1.321s] -- Up-to-date: /home/shady/bumperbot_ws/install/bumperbot_firmware/share/ament_index/resource_index/packages/bumperbot_firmware
[1.321s] -- Up-to-date: /home/shady/bumperbot_ws/install/bumperbot_firmware/share/ament_index/resource_index/hardware_interface__pluginlib__plugin/bumperbot_firmware
[1.321s] -- Up-to-date: /home/shady/bumperbot_ws/install/bumperbot_firmware/share/bumperbot_firmware/cmake/ament_cmake_export_include_directories-extras.cmake
[1.321s] -- Up-to-date: /home/shady/bumperbot_ws/install/bumperbot_firmware/share/bumperbot_firmware/cmake/ament_cmake_export_libraries-extras.cmake
[1.322s] -- Up-to-date: /home/shady/bumperbot_ws/install/bumperbot_firmware/share/bumperbot_firmware/cmake/ament_cmake_export_dependencies-extras.cmake
[1.322s] -- Up-to-date: /home/shady/bumperbot_ws/install/bumperbot_firmware/share/bumperbot_firmware/cmake/bumperbot_firmwareConfig.cmake
[1.322s] -- Up-to-date: /home/shady/bumperbot_ws/install/bumperbot_firmware/share/bumperbot_firmware/cmake/bumperbot_firmwareConfig-version.cmake
[1.322s] -- Up-to-date: /home/shady/bumperbot_ws/install/bumperbot_firmware/share/bumperbot_firmware/package.xml
[1.326s] Invoked command in '/home/shady/bumperbot_ws/build/bumperbot_firmware' returned '0': CMAKE_PREFIX_PATH=${CMAKE_PREFIX_PATH}:/home/shady/bumperbot_ws/install/bumperbot_py_examples:/opt/ros/humble /usr/bin/cmake --install /home/shady/bumperbot_ws/build/bumperbot_firmware
