[0.048s] Invoking command in '/home/shady/bumperbot_ws/build/bumperbot_cpp_examples': AMENT_PREFIX_PATH=/home/shady/bumperbot_ws/install/bumperbot_msgs:${AMENT_PREFIX_PATH} CMAKE_PREFIX_PATH=/home/shady/bumperbot_ws/install/bumperbot_msgs:/opt/ros/humble LD_LIBRARY_PATH=/home/shady/bumperbot_ws/install/bumperbot_msgs/lib:${LD_LIBRARY_PATH} PYTHONPATH=/home/shady/bumperbot_ws/install/bumperbot_msgs/local/lib/python3.10/dist-packages:${PYTHONPATH} /usr/bin/cmake /home/shady/bumperbot_ws/src/bumperbot_cpp_examples -DCMAKE_INSTALL_PREFIX=/home/shady/bumperbot_ws/install/bumperbot_cpp_examples
[0.233s] -- The C compiler identification is GNU 11.4.0
[0.434s] -- The CXX compiler identification is GNU 11.4.0
[0.456s] -- Detecting C compiler ABI info
[0.672s] -- Detecting C compiler ABI info - done
[0.703s] -- Check for working C compiler: /usr/bin/cc - skipped
[0.703s] -- Detecting C compile features
[0.704s] -- Detecting C compile features - done
[0.719s] -- Detecting CXX compiler ABI info
[1.037s] -- Detecting CXX compiler ABI info - done
[1.075s] -- Check for working CXX compiler: /usr/bin/c++ - skipped
[1.075s] -- Detecting CXX compile features
[1.083s] -- Detecting CXX compile features - done
[1.087s] -- Found ament_cmake: 1.3.10 (/opt/ros/humble/share/ament_cmake/cmake)
[1.459s] -- Found Python3: /usr/bin/python3 (found version "3.10.12") found components: Interpreter 
[1.668s] -- Found rclcpp: 16.0.10 (/opt/ros/humble/share/rclcpp/cmake)
[1.787s] -- Found rosidl_generator_c: 3.1.5 (/opt/ros/humble/share/rosidl_generator_c/cmake)
[1.800s] -- Found rosidl_adapter: 3.1.5 (/opt/ros/humble/share/rosidl_adapter/cmake)
[1.822s] -- Found rosidl_generator_cpp: 3.1.5 (/opt/ros/humble/share/rosidl_generator_cpp/cmake)
[1.854s] -- Using all available rosidl_typesupport_c: rosidl_typesupport_fastrtps_c;rosidl_typesupport_introspection_c
[1.893s] -- Using all available rosidl_typesupport_cpp: rosidl_typesupport_fastrtps_cpp;rosidl_typesupport_introspection_cpp
[2.043s] -- Found rmw_implementation_cmake: 6.1.2 (/opt/ros/humble/share/rmw_implementation_cmake/cmake)
[2.061s] -- Found rmw_fastrtps_cpp: 6.2.7 (/opt/ros/humble/share/rmw_fastrtps_cpp/cmake)
[2.289s] -- Found OpenSSL: /usr/lib/x86_64-linux-gnu/libcrypto.so (found version "3.0.2")  
[2.400s] -- Found FastRTPS: /opt/ros/humble/include  
[2.569s] -- Using RMW implementation 'rmw_fastrtps_cpp' as default
[2.608s] -- Looking for pthread.h
[2.862s] -- Looking for pthread.h - found
[2.862s] -- Performing Test CMAKE_HAVE_LIBC_PTHREAD
[3.118s] -- Performing Test CMAKE_HAVE_LIBC_PTHREAD - Success
[3.123s] -- Found Threads: TRUE  
[3.339s] -- Found rclcpp_action: 16.0.10 (/opt/ros/humble/share/rclcpp_action/cmake)
[3.427s] -- Found rclcpp_components: 16.0.10 (/opt/ros/humble/share/rclcpp_components/cmake)
[3.479s] -- Found turtlesim: 1.4.2 (/opt/ros/humble/share/turtlesim/cmake)
[3.538s] -- Found bumperbot_msgs: 0.0.0 (/home/shady/bumperbot_ws/install/bumperbot_msgs/share/bumperbot_msgs/cmake)
[3.625s] -- Found tf2: 0.25.7 (/opt/ros/humble/share/tf2/cmake)
[3.633s] -- Found tf2_ros: 0.25.7 (/opt/ros/humble/share/tf2_ros/cmake)
[3.756s] -- Found rclcpp_lifecycle: 16.0.10 (/opt/ros/humble/share/rclcpp_lifecycle/cmake)
[3.993s] -- Configuring done
[4.193s] -- Generating done
[4.198s] -- Build files have been written to: /home/shady/bumperbot_ws/build/bumperbot_cpp_examples
[4.230s] Invoked command in '/home/shady/bumperbot_ws/build/bumperbot_cpp_examples' returned '0': AMENT_PREFIX_PATH=/home/shady/bumperbot_ws/install/bumperbot_msgs:${AMENT_PREFIX_PATH} CMAKE_PREFIX_PATH=/home/shady/bumperbot_ws/install/bumperbot_msgs:/opt/ros/humble LD_LIBRARY_PATH=/home/shady/bumperbot_ws/install/bumperbot_msgs/lib:${LD_LIBRARY_PATH} PYTHONPATH=/home/shady/bumperbot_ws/install/bumperbot_msgs/local/lib/python3.10/dist-packages:${PYTHONPATH} /usr/bin/cmake /home/shady/bumperbot_ws/src/bumperbot_cpp_examples -DCMAKE_INSTALL_PREFIX=/home/shady/bumperbot_ws/install/bumperbot_cpp_examples
[4.256s] Invoking command in '/home/shady/bumperbot_ws/build/bumperbot_cpp_examples': AMENT_PREFIX_PATH=/home/shady/bumperbot_ws/install/bumperbot_msgs:${AMENT_PREFIX_PATH} CMAKE_PREFIX_PATH=/home/shady/bumperbot_ws/install/bumperbot_msgs:/opt/ros/humble LD_LIBRARY_PATH=/home/shady/bumperbot_ws/install/bumperbot_msgs/lib:${LD_LIBRARY_PATH} PYTHONPATH=/home/shady/bumperbot_ws/install/bumperbot_msgs/local/lib/python3.10/dist-packages:${PYTHONPATH} /usr/bin/cmake --build /home/shady/bumperbot_ws/build/bumperbot_cpp_examples -- -j8 -l8
[4.389s] [  3%] [32mBuilding CXX object CMakeFiles/simple_publisher.dir/src/simple_publisher.cpp.o[0m
[4.395s] [  7%] [32mBuilding CXX object CMakeFiles/simple_service_client.dir/src/simple_service_client.cpp.o[0m
[4.399s] [ 10%] [32mBuilding CXX object CMakeFiles/simple_subscriber.dir/src/simple_subscriber.cpp.o[0m
[4.406s] [ 14%] [32mBuilding CXX object CMakeFiles/simple_tf_kinematics.dir/src/simple_tf_kinematics.cpp.o[0m
[4.406s] [ 17%] [32mBuilding CXX object CMakeFiles/simple_service_server.dir/src/simple_service_server.cpp.o[0m
[4.415s] [ 21%] [32mBuilding CXX object CMakeFiles/simple_turtlesim_kinematics.dir/src/simple_turtlesim_kinematics.cpp.o[0m
[4.416s] [ 25%] [32mBuilding CXX object CMakeFiles/simple_parameter.dir/src/simple_parameter.cpp.o[0m
[5.451s] [ 28%] [32mBuilding CXX object CMakeFiles/simple_lifecycle_node.dir/src/simple_lifecycle_node.cpp.o[0m
[15.004s] [ 32%] [32m[1mLinking CXX executable simple_parameter[0m
[15.178s] [ 35%] [32m[1mLinking CXX executable simple_service_client[0m
[15.336s] [ 35%] Built target simple_parameter
[15.407s] [ 39%] [32mBuilding CXX object CMakeFiles/simple_qos_publisher.dir/src/simple_qos_publisher.cpp.o[0m
[15.518s] [ 39%] Built target simple_service_client
[15.551s] [ 42%] [32mBuilding CXX object CMakeFiles/simple_qos_subscriber.dir/src/simple_qos_subscriber.cpp.o[0m
[15.743s] [ 46%] [32m[1mLinking CXX executable simple_service_server[0m
[16.070s] [ 46%] Built target simple_service_server
[16.136s] [ 50%] [32mBuilding CXX object CMakeFiles/simple_action_server.dir/src/simple_action_server.cpp.o[0m
[18.301s] [ 53%] [32m[1mLinking CXX executable simple_publisher[0m
[18.786s] [ 53%] Built target simple_publisher
[18.852s] [ 57%] [32mBuilding CXX object CMakeFiles/simple_action_server_node.dir/rclcpp_components/node_main_simple_action_server_node.cpp.o[0m
[20.347s] [ 60%] [32m[1mLinking CXX executable simple_tf_kinematics[0m
[21.021s] [ 60%] Built target simple_tf_kinematics
[21.093s] [ 64%] [32mBuilding CXX object CMakeFiles/simple_action_client.dir/src/simple_action_client.cpp.o[0m
[23.977s] [ 67%] [32m[1mLinking CXX executable simple_lifecycle_node[0m
[24.776s] [ 71%] [32m[1mLinking CXX executable simple_turtlesim_kinematics[0m
[24.878s] [ 71%] Built target simple_lifecycle_node
[24.913s] [ 75%] [32mBuilding CXX object CMakeFiles/simple_action_client_node.dir/rclcpp_components/node_main_simple_action_client_node.cpp.o[0m
[25.120s] [ 78%] [32m[1mLinking CXX shared library libsimple_action_server.so[0m
[25.446s] [ 78%] Built target simple_action_server
[25.602s] [ 78%] Built target simple_turtlesim_kinematics
[25.651s] [ 82%] [32m[1mLinking CXX executable simple_action_server_node[0m
[25.877s] [ 82%] Built target simple_action_server_node
[25.912s] [ 85%] [32m[1mLinking CXX executable simple_qos_publisher[0m
[26.150s] [ 85%] Built target simple_qos_publisher
[26.211s] [ 89%] [32m[1mLinking CXX executable simple_subscriber[0m
[26.696s] [ 89%] Built target simple_subscriber
[28.299s] [ 92%] [32m[1mLinking CXX shared library libsimple_action_client.so[0m
[28.518s] [ 92%] Built target simple_action_client
[28.894s] [ 96%] [32m[1mLinking CXX executable simple_action_client_node[0m
[29.038s] [ 96%] Built target simple_action_client_node
[29.553s] [100%] [32m[1mLinking CXX executable simple_qos_subscriber[0m
[29.919s] [100%] Built target simple_qos_subscriber
[29.932s] Invoked command in '/home/shady/bumperbot_ws/build/bumperbot_cpp_examples' returned '0': AMENT_PREFIX_PATH=/home/shady/bumperbot_ws/install/bumperbot_msgs:${AMENT_PREFIX_PATH} CMAKE_PREFIX_PATH=/home/shady/bumperbot_ws/install/bumperbot_msgs:/opt/ros/humble LD_LIBRARY_PATH=/home/shady/bumperbot_ws/install/bumperbot_msgs/lib:${LD_LIBRARY_PATH} PYTHONPATH=/home/shady/bumperbot_ws/install/bumperbot_msgs/local/lib/python3.10/dist-packages:${PYTHONPATH} /usr/bin/cmake --build /home/shady/bumperbot_ws/build/bumperbot_cpp_examples -- -j8 -l8
[30.001s] Invoking command in '/home/shady/bumperbot_ws/build/bumperbot_cpp_examples': AMENT_PREFIX_PATH=/home/shady/bumperbot_ws/install/bumperbot_msgs:${AMENT_PREFIX_PATH} CMAKE_PREFIX_PATH=/home/shady/bumperbot_ws/install/bumperbot_msgs:/opt/ros/humble LD_LIBRARY_PATH=/home/shady/bumperbot_ws/install/bumperbot_msgs/lib:${LD_LIBRARY_PATH} PYTHONPATH=/home/shady/bumperbot_ws/install/bumperbot_msgs/local/lib/python3.10/dist-packages:${PYTHONPATH} /usr/bin/cmake --install /home/shady/bumperbot_ws/build/bumperbot_cpp_examples
[30.009s] -- Install configuration: ""
[30.009s] -- Installing: /home/shady/bumperbot_ws/install/bumperbot_cpp_examples/lib/bumperbot_cpp_examples/simple_action_server_node
[30.009s] -- Set runtime path of "/home/shady/bumperbot_ws/install/bumperbot_cpp_examples/lib/bumperbot_cpp_examples/simple_action_server_node" to ""
[30.009s] -- Installing: /home/shady/bumperbot_ws/install/bumperbot_cpp_examples/lib/bumperbot_cpp_examples/simple_action_client_node
[30.010s] -- Set runtime path of "/home/shady/bumperbot_ws/install/bumperbot_cpp_examples/lib/bumperbot_cpp_examples/simple_action_client_node" to ""
[30.010s] -- Installing: /home/shady/bumperbot_ws/install/bumperbot_cpp_examples/include/include
[30.010s] -- Installing: /home/shady/bumperbot_ws/install/bumperbot_cpp_examples/include/include/bumperbot_cpp_examples
[30.010s] -- Installing: /home/shady/bumperbot_ws/install/bumperbot_cpp_examples/include/include/bumperbot_cpp_examples/simple_turtlesim_kinematics.hpp
[30.010s] -- Installing: /home/shady/bumperbot_ws/install/bumperbot_cpp_examples/include/include/bumperbot_cpp_examples/simple_tf_kinematics.hpp
[30.010s] -- Installing: /home/shady/bumperbot_ws/install/bumperbot_cpp_examples/lib/bumperbot_cpp_examples/simple_publisher
[30.012s] -- Set runtime path of "/home/shady/bumperbot_ws/install/bumperbot_cpp_examples/lib/bumperbot_cpp_examples/simple_publisher" to ""
[30.012s] -- Installing: /home/shady/bumperbot_ws/install/bumperbot_cpp_examples/lib/bumperbot_cpp_examples/simple_subscriber
[30.015s] -- Set runtime path of "/home/shady/bumperbot_ws/install/bumperbot_cpp_examples/lib/bumperbot_cpp_examples/simple_subscriber" to ""
[30.015s] -- Installing: /home/shady/bumperbot_ws/install/bumperbot_cpp_examples/lib/bumperbot_cpp_examples/simple_parameter
[30.016s] -- Set runtime path of "/home/shady/bumperbot_ws/install/bumperbot_cpp_examples/lib/bumperbot_cpp_examples/simple_parameter" to ""
[30.016s] -- Installing: /home/shady/bumperbot_ws/install/bumperbot_cpp_examples/lib/bumperbot_cpp_examples/simple_turtlesim_kinematics
[30.019s] -- Set runtime path of "/home/shady/bumperbot_ws/install/bumperbot_cpp_examples/lib/bumperbot_cpp_examples/simple_turtlesim_kinematics" to ""
[30.019s] -- Installing: /home/shady/bumperbot_ws/install/bumperbot_cpp_examples/lib/bumperbot_cpp_examples/simple_service_server
[30.020s] -- Set runtime path of "/home/shady/bumperbot_ws/install/bumperbot_cpp_examples/lib/bumperbot_cpp_examples/simple_service_server" to ""
[30.020s] -- Installing: /home/shady/bumperbot_ws/install/bumperbot_cpp_examples/lib/bumperbot_cpp_examples/simple_service_client
[30.021s] -- Set runtime path of "/home/shady/bumperbot_ws/install/bumperbot_cpp_examples/lib/bumperbot_cpp_examples/simple_service_client" to ""
[30.021s] -- Installing: /home/shady/bumperbot_ws/install/bumperbot_cpp_examples/lib/bumperbot_cpp_examples/simple_tf_kinematics
[30.022s] -- Set runtime path of "/home/shady/bumperbot_ws/install/bumperbot_cpp_examples/lib/bumperbot_cpp_examples/simple_tf_kinematics" to ""
[30.022s] -- Installing: /home/shady/bumperbot_ws/install/bumperbot_cpp_examples/lib/bumperbot_cpp_examples/simple_lifecycle_node
[30.025s] -- Set runtime path of "/home/shady/bumperbot_ws/install/bumperbot_cpp_examples/lib/bumperbot_cpp_examples/simple_lifecycle_node" to ""
[30.026s] -- Installing: /home/shady/bumperbot_ws/install/bumperbot_cpp_examples/lib/bumperbot_cpp_examples/simple_qos_publisher
[30.027s] -- Set runtime path of "/home/shady/bumperbot_ws/install/bumperbot_cpp_examples/lib/bumperbot_cpp_examples/simple_qos_publisher" to ""
[30.027s] -- Installing: /home/shady/bumperbot_ws/install/bumperbot_cpp_examples/lib/bumperbot_cpp_examples/simple_qos_subscriber
[30.030s] -- Set runtime path of "/home/shady/bumperbot_ws/install/bumperbot_cpp_examples/lib/bumperbot_cpp_examples/simple_qos_subscriber" to ""
[30.030s] -- Installing: /home/shady/bumperbot_ws/install/bumperbot_cpp_examples/lib/libsimple_action_server.so
[30.032s] -- Set runtime path of "/home/shady/bumperbot_ws/install/bumperbot_cpp_examples/lib/libsimple_action_server.so" to ""
[30.032s] -- Installing: /home/shady/bumperbot_ws/install/bumperbot_cpp_examples/lib/libsimple_action_client.so
[30.033s] -- Set runtime path of "/home/shady/bumperbot_ws/install/bumperbot_cpp_examples/lib/libsimple_action_client.so" to ""
[30.033s] -- Installing: /home/shady/bumperbot_ws/install/bumperbot_cpp_examples/share/ament_index/resource_index/package_run_dependencies/bumperbot_cpp_examples
[30.034s] -- Installing: /home/shady/bumperbot_ws/install/bumperbot_cpp_examples/share/ament_index/resource_index/parent_prefix_path/bumperbot_cpp_examples
[30.034s] -- Installing: /home/shady/bumperbot_ws/install/bumperbot_cpp_examples/share/bumperbot_cpp_examples/environment/ament_prefix_path.sh
[30.034s] -- Installing: /home/shady/bumperbot_ws/install/bumperbot_cpp_examples/share/bumperbot_cpp_examples/environment/ament_prefix_path.dsv
[30.034s] -- Installing: /home/shady/bumperbot_ws/install/bumperbot_cpp_examples/share/bumperbot_cpp_examples/environment/path.sh
[30.034s] -- Installing: /home/shady/bumperbot_ws/install/bumperbot_cpp_examples/share/bumperbot_cpp_examples/environment/path.dsv
[30.035s] -- Installing: /home/shady/bumperbot_ws/install/bumperbot_cpp_examples/share/bumperbot_cpp_examples/local_setup.bash
[30.035s] -- Installing: /home/shady/bumperbot_ws/install/bumperbot_cpp_examples/share/bumperbot_cpp_examples/local_setup.sh
[30.035s] -- Installing: /home/shady/bumperbot_ws/install/bumperbot_cpp_examples/share/bumperbot_cpp_examples/local_setup.zsh
[30.035s] -- Installing: /home/shady/bumperbot_ws/install/bumperbot_cpp_examples/share/bumperbot_cpp_examples/local_setup.dsv
[30.035s] -- Installing: /home/shady/bumperbot_ws/install/bumperbot_cpp_examples/share/bumperbot_cpp_examples/package.dsv
[30.035s] -- Installing: /home/shady/bumperbot_ws/install/bumperbot_cpp_examples/share/ament_index/resource_index/packages/bumperbot_cpp_examples
[30.036s] -- Installing: /home/shady/bumperbot_ws/install/bumperbot_cpp_examples/share/ament_index/resource_index/rclcpp_components/bumperbot_cpp_examples
[30.036s] -- Installing: /home/shady/bumperbot_ws/install/bumperbot_cpp_examples/share/bumperbot_cpp_examples/cmake/bumperbot_cpp_examplesConfig.cmake
[30.036s] -- Installing: /home/shady/bumperbot_ws/install/bumperbot_cpp_examples/share/bumperbot_cpp_examples/cmake/bumperbot_cpp_examplesConfig-version.cmake
[30.036s] -- Installing: /home/shady/bumperbot_ws/install/bumperbot_cpp_examples/share/bumperbot_cpp_examples/package.xml
[30.039s] Invoked command in '/home/shady/bumperbot_ws/build/bumperbot_cpp_examples' returned '0': AMENT_PREFIX_PATH=/home/shady/bumperbot_ws/install/bumperbot_msgs:${AMENT_PREFIX_PATH} CMAKE_PREFIX_PATH=/home/shady/bumperbot_ws/install/bumperbot_msgs:/opt/ros/humble LD_LIBRARY_PATH=/home/shady/bumperbot_ws/install/bumperbot_msgs/lib:${LD_LIBRARY_PATH} PYTHONPATH=/home/shady/bumperbot_ws/install/bumperbot_msgs/local/lib/python3.10/dist-packages:${PYTHONPATH} /usr/bin/cmake --install /home/shady/bumperbot_ws/build/bumperbot_cpp_examples
