[0.044s] Invoking command in '/home/shady/bumperbot_ws/build/bumperbot_mapping': CMAKE_PREFIX_PATH=/opt/ros/humble /usr/bin/cmake --build /home/shady/bumperbot_ws/build/bumperbot_mapping -- -j8 -l8
[0.245s] [  0%] Built target ament_cmake_python_copy_bumperbot_mapping
[0.248s] [100%] Built target mapping_with_known_poses
[0.944s] running egg_info
[0.945s] writing bumperbot_mapping.egg-info/PKG-INFO
[0.953s] writing dependency_links to bumperbot_mapping.egg-info/dependency_links.txt
[0.953s] writing top-level names to bumperbot_mapping.egg-info/top_level.txt
[0.953s] reading manifest file 'bumperbot_mapping.egg-info/SOURCES.txt'
[0.964s] writing manifest file 'bumperbot_mapping.egg-info/SOURCES.txt'
[1.197s] [100%] Built target ament_cmake_python_build_bumperbot_mapping_egg
[1.204s] Invoked command in '/home/shady/bumperbot_ws/build/bumperbot_mapping' returned '0': CMAKE_PREFIX_PATH=/opt/ros/humble /usr/bin/cmake --build /home/shady/bumperbot_ws/build/bumperbot_mapping -- -j8 -l8
[1.213s] Invoking command in '/home/shady/bumperbot_ws/build/bumperbot_mapping': CMAKE_PREFIX_PATH=/opt/ros/humble /usr/bin/cmake --install /home/shady/bumperbot_ws/build/bumperbot_mapping
[1.216s] -- Install configuration: ""
[1.217s] -- Up-to-date: /home/shady/bumperbot_ws/install/bumperbot_mapping/share/bumperbot_mapping/environment/pythonpath.sh
[1.217s] -- Up-to-date: /home/shady/bumperbot_ws/install/bumperbot_mapping/share/bumperbot_mapping/environment/pythonpath.dsv
[1.217s] -- Up-to-date: /home/shady/bumperbot_ws/install/bumperbot_mapping/local/lib/python3.10/dist-packages/bumperbot_mapping-0.0.0-py3.10.egg-info
[1.217s] -- Installing: /home/shady/bumperbot_ws/install/bumperbot_mapping/local/lib/python3.10/dist-packages/bumperbot_mapping-0.0.0-py3.10.egg-info/SOURCES.txt
[1.217s] -- Installing: /home/shady/bumperbot_ws/install/bumperbot_mapping/local/lib/python3.10/dist-packages/bumperbot_mapping-0.0.0-py3.10.egg-info/dependency_links.txt
[1.218s] -- Installing: /home/shady/bumperbot_ws/install/bumperbot_mapping/local/lib/python3.10/dist-packages/bumperbot_mapping-0.0.0-py3.10.egg-info/PKG-INFO
[1.218s] -- Installing: /home/shady/bumperbot_ws/install/bumperbot_mapping/local/lib/python3.10/dist-packages/bumperbot_mapping-0.0.0-py3.10.egg-info/top_level.txt
[1.218s] -- Up-to-date: /home/shady/bumperbot_ws/install/bumperbot_mapping/local/lib/python3.10/dist-packages/bumperbot_mapping
[1.218s] -- Up-to-date: /home/shady/bumperbot_ws/install/bumperbot_mapping/local/lib/python3.10/dist-packages/bumperbot_mapping/mapping_with_known_poses.py
[1.218s] -- Up-to-date: /home/shady/bumperbot_ws/install/bumperbot_mapping/local/lib/python3.10/dist-packages/bumperbot_mapping/__init__.py
[1.239s] Listing '/home/shady/bumperbot_ws/install/bumperbot_mapping/local/lib/python3.10/dist-packages/bumperbot_mapping'...
[1.239s] -- Up-to-date: /home/shady/bumperbot_ws/install/bumperbot_mapping/include/include
[1.250s] -- Up-to-date: /home/shady/bumperbot_ws/install/bumperbot_mapping/include/include/bumperbot_mapping
[1.250s] -- Up-to-date: /home/shady/bumperbot_ws/install/bumperbot_mapping/include/include/bumperbot_mapping/mapping_with_known_poses.hpp
[1.251s] -- Up-to-date: /home/shady/bumperbot_ws/install/bumperbot_mapping/lib/bumperbot_mapping/mapping_with_known_poses
[1.251s] -- Up-to-date: /home/shady/bumperbot_ws/install/bumperbot_mapping/share/bumperbot_mapping/config
[1.252s] -- Up-to-date: /home/shady/bumperbot_ws/install/bumperbot_mapping/share/bumperbot_mapping/config/slam_toolbox.yaml
[1.253s] -- Up-to-date: /home/shady/bumperbot_ws/install/bumperbot_mapping/share/bumperbot_mapping/launch
[1.255s] -- Up-to-date: /home/shady/bumperbot_ws/install/bumperbot_mapping/share/bumperbot_mapping/launch/slam.launch.py
[1.256s] -- Up-to-date: /home/shady/bumperbot_ws/install/bumperbot_mapping/share/bumperbot_mapping/maps
[1.256s] -- Up-to-date: /home/shady/bumperbot_ws/install/bumperbot_mapping/share/bumperbot_mapping/maps/willowgarage
[1.256s] -- Up-to-date: /home/shady/bumperbot_ws/install/bumperbot_mapping/share/bumperbot_mapping/maps/willowgarage/map.yaml
[1.256s] -- Up-to-date: /home/shady/bumperbot_ws/install/bumperbot_mapping/share/bumperbot_mapping/maps/willowgarage/map.pgm
[1.257s] -- Up-to-date: /home/shady/bumperbot_ws/install/bumperbot_mapping/share/bumperbot_mapping/maps/small_house
[1.257s] -- Up-to-date: /home/shady/bumperbot_ws/install/bumperbot_mapping/share/bumperbot_mapping/maps/small_house/map.yaml
[1.257s] -- Up-to-date: /home/shady/bumperbot_ws/install/bumperbot_mapping/share/bumperbot_mapping/maps/small_house/map.pgm
[1.257s] -- Up-to-date: /home/shady/bumperbot_ws/install/bumperbot_mapping/share/bumperbot_mapping/rviz
[1.257s] -- Up-to-date: /home/shady/bumperbot_ws/install/bumperbot_mapping/share/bumperbot_mapping/rviz/slam.rviz
[1.257s] -- Up-to-date: /home/shady/bumperbot_ws/install/bumperbot_mapping/lib/bumperbot_mapping/mapping_with_known_poses.py
[1.257s] -- Up-to-date: /home/shady/bumperbot_ws/install/bumperbot_mapping/share/ament_index/resource_index/package_run_dependencies/bumperbot_mapping
[1.258s] -- Up-to-date: /home/shady/bumperbot_ws/install/bumperbot_mapping/share/ament_index/resource_index/parent_prefix_path/bumperbot_mapping
[1.258s] -- Up-to-date: /home/shady/bumperbot_ws/install/bumperbot_mapping/share/bumperbot_mapping/environment/ament_prefix_path.sh
[1.258s] -- Up-to-date: /home/shady/bumperbot_ws/install/bumperbot_mapping/share/bumperbot_mapping/environment/ament_prefix_path.dsv
[1.258s] -- Up-to-date: /home/shady/bumperbot_ws/install/bumperbot_mapping/share/bumperbot_mapping/environment/path.sh
[1.258s] -- Up-to-date: /home/shady/bumperbot_ws/install/bumperbot_mapping/share/bumperbot_mapping/environment/path.dsv
[1.258s] -- Up-to-date: /home/shady/bumperbot_ws/install/bumperbot_mapping/share/bumperbot_mapping/local_setup.bash
[1.258s] -- Up-to-date: /home/shady/bumperbot_ws/install/bumperbot_mapping/share/bumperbot_mapping/local_setup.sh
[1.259s] -- Up-to-date: /home/shady/bumperbot_ws/install/bumperbot_mapping/share/bumperbot_mapping/local_setup.zsh
[1.259s] -- Up-to-date: /home/shady/bumperbot_ws/install/bumperbot_mapping/share/bumperbot_mapping/local_setup.dsv
[1.259s] -- Installing: /home/shady/bumperbot_ws/install/bumperbot_mapping/share/bumperbot_mapping/package.dsv
[1.259s] -- Up-to-date: /home/shady/bumperbot_ws/install/bumperbot_mapping/share/ament_index/resource_index/packages/bumperbot_mapping
[1.259s] -- Up-to-date: /home/shady/bumperbot_ws/install/bumperbot_mapping/share/bumperbot_mapping/cmake/bumperbot_mappingConfig.cmake
[1.259s] -- Up-to-date: /home/shady/bumperbot_ws/install/bumperbot_mapping/share/bumperbot_mapping/cmake/bumperbot_mappingConfig-version.cmake
[1.259s] -- Up-to-date: /home/shady/bumperbot_ws/install/bumperbot_mapping/share/bumperbot_mapping/package.xml
[1.266s] Invoked command in '/home/shady/bumperbot_ws/build/bumperbot_mapping' returned '0': CMAKE_PREFIX_PATH=/opt/ros/humble /usr/bin/cmake --install /home/shady/bumperbot_ws/build/bumperbot_mapping
