[0.042s] Invoking command in '/home/shady/bumperbot_ws/build/bumperbot_msgs': CMAKE_PREFIX_PATH=${CMAKE_PREFIX_PATH}:/home/shady/bumperbot_ws/install/bumperbot_py_examples:/opt/ros/humble /usr/bin/cmake --build /home/shady/bumperbot_ws/build/bumperbot_msgs -- -j8 -l8
[0.109s] [35m[1mConsolidate compiler generated dependencies of target bumperbot_msgs__rosidl_generator_c[0m
[0.131s] [  2%] Built target bumperbot_msgs__cpp
[0.139s] [ 12%] Built target bumperbot_msgs__rosidl_generator_c
[0.171s] [35m[1mConsolidate compiler generated dependencies of target bumperbot_msgs__rosidl_typesupport_introspection_cpp[0m
[0.171s] [ 12%] Built target ament_cmake_python_copy_bumperbot_msgs
[0.186s] [35m[1mConsolidate compiler generated dependencies of target bumperbot_msgs__rosidl_typesupport_fastrtps_cpp[0m
[0.208s] [35m[1mConsolidate compiler generated dependencies of target bumperbot_msgs__rosidl_typesupport_c[0m
[0.227s] [ 23%] Built target bumperbot_msgs__rosidl_typesupport_fastrtps_cpp
[0.230s] [35m[1mConsolidate compiler generated dependencies of target bumperbot_msgs__rosidl_typesupport_cpp[0m
[0.237s] [35m[1mConsolidate compiler generated dependencies of target bumperbot_msgs__rosidl_typesupport_introspection_c[0m
[0.239s] [ 34%] Built target bumperbot_msgs__rosidl_typesupport_introspection_cpp
[0.262s] [ 44%] Built target bumperbot_msgs__rosidl_typesupport_c
[0.262s] [35m[1mConsolidate compiler generated dependencies of target bumperbot_msgs__rosidl_typesupport_fastrtps_c[0m
[0.325s] [ 55%] Built target bumperbot_msgs__rosidl_typesupport_introspection_c
[0.327s] [ 65%] Built target bumperbot_msgs__rosidl_typesupport_fastrtps_c
[0.333s] [ 76%] Built target bumperbot_msgs__rosidl_typesupport_cpp
[0.401s] [ 76%] Built target bumperbot_msgs
[0.477s] [ 78%] Built target bumperbot_msgs__py
[0.519s] [35m[1mConsolidate compiler generated dependencies of target bumperbot_msgs__rosidl_generator_py[0m
[0.583s] [ 87%] Built target bumperbot_msgs__rosidl_generator_py
[0.624s] [35m[1mConsolidate compiler generated dependencies of target bumperbot_msgs__rosidl_typesupport_introspection_c__pyext[0m
[0.631s] [35m[1mConsolidate compiler generated dependencies of target bumperbot_msgs__rosidl_typesupport_c__pyext[0m
[0.636s] [35m[1mConsolidate compiler generated dependencies of target bumperbot_msgs__rosidl_typesupport_fastrtps_c__pyext[0m
[0.677s] [ 91%] Built target bumperbot_msgs__rosidl_typesupport_c__pyext
[0.697s] [ 95%] Built target bumperbot_msgs__rosidl_typesupport_fastrtps_c__pyext
[0.701s] [100%] Built target bumperbot_msgs__rosidl_typesupport_introspection_c__pyext
[1.200s] running egg_info
[1.201s] writing bumperbot_msgs.egg-info/PKG-INFO
[1.201s] writing dependency_links to bumperbot_msgs.egg-info/dependency_links.txt
[1.201s] writing top-level names to bumperbot_msgs.egg-info/top_level.txt
[1.203s] reading manifest file 'bumperbot_msgs.egg-info/SOURCES.txt'
[1.203s] writing manifest file 'bumperbot_msgs.egg-info/SOURCES.txt'
[1.208s] [100%] Built target ament_cmake_python_build_bumperbot_msgs_egg
[1.209s] Invoked command in '/home/shady/bumperbot_ws/build/bumperbot_msgs' returned '0': CMAKE_PREFIX_PATH=${CMAKE_PREFIX_PATH}:/home/shady/bumperbot_ws/install/bumperbot_py_examples:/opt/ros/humble /usr/bin/cmake --build /home/shady/bumperbot_ws/build/bumperbot_msgs -- -j8 -l8
[1.362s] Invoking command in '/home/shady/bumperbot_ws/build/bumperbot_msgs': CMAKE_PREFIX_PATH=${CMAKE_PREFIX_PATH}:/home/shady/bumperbot_ws/install/bumperbot_py_examples:/opt/ros/humble /usr/bin/cmake --install /home/shady/bumperbot_ws/build/bumperbot_msgs
[1.380s] -- Install configuration: ""
[1.387s] -- Up-to-date: /home/shady/bumperbot_ws/install/bumperbot_msgs/share/ament_index/resource_index/rosidl_interfaces/bumperbot_msgs
[1.389s] -- Up-to-date: /home/shady/bumperbot_ws/install/bumperbot_msgs/include/bumperbot_msgs/bumperbot_msgs
[1.389s] -- Up-to-date: /home/shady/bumperbot_ws/install/bumperbot_msgs/include/bumperbot_msgs/bumperbot_msgs/action
[1.389s] -- Up-to-date: /home/shady/bumperbot_ws/install/bumperbot_msgs/include/bumperbot_msgs/bumperbot_msgs/action/fibonacci.h
[1.389s] -- Up-to-date: /home/shady/bumperbot_ws/install/bumperbot_msgs/include/bumperbot_msgs/bumperbot_msgs/action/detail
[1.389s] -- Up-to-date: /home/shady/bumperbot_ws/install/bumperbot_msgs/include/bumperbot_msgs/bumperbot_msgs/action/detail/fibonacci__functions.c
[1.389s] -- Up-to-date: /home/shady/bumperbot_ws/install/bumperbot_msgs/include/bumperbot_msgs/bumperbot_msgs/action/detail/fibonacci__type_support.h
[1.389s] -- Up-to-date: /home/shady/bumperbot_ws/install/bumperbot_msgs/include/bumperbot_msgs/bumperbot_msgs/action/detail/fibonacci__functions.h
[1.389s] -- Up-to-date: /home/shady/bumperbot_ws/install/bumperbot_msgs/include/bumperbot_msgs/bumperbot_msgs/action/detail/fibonacci__struct.h
[1.390s] -- Up-to-date: /home/shady/bumperbot_ws/install/bumperbot_msgs/include/bumperbot_msgs/bumperbot_msgs/srv
[1.390s] -- Up-to-date: /home/shady/bumperbot_ws/install/bumperbot_msgs/include/bumperbot_msgs/bumperbot_msgs/srv/detail
[1.390s] -- Up-to-date: /home/shady/bumperbot_ws/install/bumperbot_msgs/include/bumperbot_msgs/bumperbot_msgs/srv/detail/add_two_ints__struct.h
[1.390s] -- Up-to-date: /home/shady/bumperbot_ws/install/bumperbot_msgs/include/bumperbot_msgs/bumperbot_msgs/srv/detail/get_transform__struct.h
[1.391s] -- Up-to-date: /home/shady/bumperbot_ws/install/bumperbot_msgs/include/bumperbot_msgs/bumperbot_msgs/srv/detail/get_transform__functions.h
[1.391s] -- Up-to-date: /home/shady/bumperbot_ws/install/bumperbot_msgs/include/bumperbot_msgs/bumperbot_msgs/srv/detail/get_transform__functions.c
[1.391s] -- Up-to-date: /home/shady/bumperbot_ws/install/bumperbot_msgs/include/bumperbot_msgs/bumperbot_msgs/srv/detail/add_two_ints__type_support.h
[1.391s] -- Up-to-date: /home/shady/bumperbot_ws/install/bumperbot_msgs/include/bumperbot_msgs/bumperbot_msgs/srv/detail/add_two_ints__functions.h
[1.391s] -- Up-to-date: /home/shady/bumperbot_ws/install/bumperbot_msgs/include/bumperbot_msgs/bumperbot_msgs/srv/detail/get_transform__type_support.h
[1.392s] -- Up-to-date: /home/shady/bumperbot_ws/install/bumperbot_msgs/include/bumperbot_msgs/bumperbot_msgs/srv/detail/add_two_ints__functions.c
[1.392s] -- Up-to-date: /home/shady/bumperbot_ws/install/bumperbot_msgs/include/bumperbot_msgs/bumperbot_msgs/srv/add_two_ints.h
[1.392s] -- Up-to-date: /home/shady/bumperbot_ws/install/bumperbot_msgs/include/bumperbot_msgs/bumperbot_msgs/srv/get_transform.h
[1.392s] -- Up-to-date: /home/shady/bumperbot_ws/install/bumperbot_msgs/include/bumperbot_msgs/bumperbot_msgs/msg
[1.392s] -- Up-to-date: /home/shady/bumperbot_ws/install/bumperbot_msgs/include/bumperbot_msgs/bumperbot_msgs/msg/rosidl_generator_c__visibility_control.h
[1.393s] -- Up-to-date: /home/shady/bumperbot_ws/install/bumperbot_msgs/share/bumperbot_msgs/environment/library_path.sh
[1.393s] -- Up-to-date: /home/shady/bumperbot_ws/install/bumperbot_msgs/share/bumperbot_msgs/environment/library_path.dsv
[1.393s] -- Up-to-date: /home/shady/bumperbot_ws/install/bumperbot_msgs/lib/libbumperbot_msgs__rosidl_generator_c.so
[1.393s] -- Up-to-date: /home/shady/bumperbot_ws/install/bumperbot_msgs/include/bumperbot_msgs/bumperbot_msgs
[1.393s] -- Up-to-date: /home/shady/bumperbot_ws/install/bumperbot_msgs/include/bumperbot_msgs/bumperbot_msgs/action
[1.393s] -- Up-to-date: /home/shady/bumperbot_ws/install/bumperbot_msgs/include/bumperbot_msgs/bumperbot_msgs/action/detail
[1.393s] -- Up-to-date: /home/shady/bumperbot_ws/install/bumperbot_msgs/include/bumperbot_msgs/bumperbot_msgs/action/detail/fibonacci__rosidl_typesupport_fastrtps_c.h
[1.393s] -- Up-to-date: /home/shady/bumperbot_ws/install/bumperbot_msgs/include/bumperbot_msgs/bumperbot_msgs/srv
[1.394s] -- Up-to-date: /home/shady/bumperbot_ws/install/bumperbot_msgs/include/bumperbot_msgs/bumperbot_msgs/srv/detail
[1.394s] -- Up-to-date: /home/shady/bumperbot_ws/install/bumperbot_msgs/include/bumperbot_msgs/bumperbot_msgs/srv/detail/add_two_ints__rosidl_typesupport_fastrtps_c.h
[1.394s] -- Up-to-date: /home/shady/bumperbot_ws/install/bumperbot_msgs/include/bumperbot_msgs/bumperbot_msgs/srv/detail/get_transform__rosidl_typesupport_fastrtps_c.h
[1.394s] -- Up-to-date: /home/shady/bumperbot_ws/install/bumperbot_msgs/include/bumperbot_msgs/bumperbot_msgs/msg
[1.394s] -- Up-to-date: /home/shady/bumperbot_ws/install/bumperbot_msgs/include/bumperbot_msgs/bumperbot_msgs/msg/rosidl_typesupport_fastrtps_c__visibility_control.h
[1.394s] -- Up-to-date: /home/shady/bumperbot_ws/install/bumperbot_msgs/lib/libbumperbot_msgs__rosidl_typesupport_fastrtps_c.so
[1.395s] -- Up-to-date: /home/shady/bumperbot_ws/install/bumperbot_msgs/include/bumperbot_msgs/bumperbot_msgs
[1.395s] -- Up-to-date: /home/shady/bumperbot_ws/install/bumperbot_msgs/include/bumperbot_msgs/bumperbot_msgs/action
[1.395s] -- Up-to-date: /home/shady/bumperbot_ws/install/bumperbot_msgs/include/bumperbot_msgs/bumperbot_msgs/action/fibonacci.hpp
[1.395s] -- Up-to-date: /home/shady/bumperbot_ws/install/bumperbot_msgs/include/bumperbot_msgs/bumperbot_msgs/action/detail
[1.395s] -- Up-to-date: /home/shady/bumperbot_ws/install/bumperbot_msgs/include/bumperbot_msgs/bumperbot_msgs/action/detail/fibonacci__builder.hpp
[1.395s] -- Up-to-date: /home/shady/bumperbot_ws/install/bumperbot_msgs/include/bumperbot_msgs/bumperbot_msgs/action/detail/fibonacci__struct.hpp
[1.396s] -- Up-to-date: /home/shady/bumperbot_ws/install/bumperbot_msgs/include/bumperbot_msgs/bumperbot_msgs/action/detail/fibonacci__traits.hpp
[1.397s] -- Up-to-date: /home/shady/bumperbot_ws/install/bumperbot_msgs/include/bumperbot_msgs/bumperbot_msgs/srv
[1.397s] -- Up-to-date: /home/shady/bumperbot_ws/install/bumperbot_msgs/include/bumperbot_msgs/bumperbot_msgs/srv/detail
[1.397s] -- Up-to-date: /home/shady/bumperbot_ws/install/bumperbot_msgs/include/bumperbot_msgs/bumperbot_msgs/srv/detail/add_two_ints__builder.hpp
[1.397s] -- Up-to-date: /home/shady/bumperbot_ws/install/bumperbot_msgs/include/bumperbot_msgs/bumperbot_msgs/srv/detail/get_transform__builder.hpp
[1.398s] -- Up-to-date: /home/shady/bumperbot_ws/install/bumperbot_msgs/include/bumperbot_msgs/bumperbot_msgs/srv/detail/get_transform__traits.hpp
[1.398s] -- Up-to-date: /home/shady/bumperbot_ws/install/bumperbot_msgs/include/bumperbot_msgs/bumperbot_msgs/srv/detail/add_two_ints__struct.hpp
[1.398s] -- Up-to-date: /home/shady/bumperbot_ws/install/bumperbot_msgs/include/bumperbot_msgs/bumperbot_msgs/srv/detail/get_transform__struct.hpp
[1.399s] -- Up-to-date: /home/shady/bumperbot_ws/install/bumperbot_msgs/include/bumperbot_msgs/bumperbot_msgs/srv/detail/add_two_ints__traits.hpp
[1.399s] -- Up-to-date: /home/shady/bumperbot_ws/install/bumperbot_msgs/include/bumperbot_msgs/bumperbot_msgs/srv/get_transform.hpp
[1.399s] -- Up-to-date: /home/shady/bumperbot_ws/install/bumperbot_msgs/include/bumperbot_msgs/bumperbot_msgs/srv/add_two_ints.hpp
[1.399s] -- Up-to-date: /home/shady/bumperbot_ws/install/bumperbot_msgs/include/bumperbot_msgs/bumperbot_msgs
[1.400s] -- Up-to-date: /home/shady/bumperbot_ws/install/bumperbot_msgs/include/bumperbot_msgs/bumperbot_msgs/action
[1.400s] -- Up-to-date: /home/shady/bumperbot_ws/install/bumperbot_msgs/include/bumperbot_msgs/bumperbot_msgs/action/detail
[1.400s] -- Up-to-date: /home/shady/bumperbot_ws/install/bumperbot_msgs/include/bumperbot_msgs/bumperbot_msgs/action/detail/fibonacci__rosidl_typesupport_fastrtps_cpp.hpp
[1.400s] -- Up-to-date: /home/shady/bumperbot_ws/install/bumperbot_msgs/include/bumperbot_msgs/bumperbot_msgs/action/detail/dds_fastrtps
[1.400s] -- Up-to-date: /home/shady/bumperbot_ws/install/bumperbot_msgs/include/bumperbot_msgs/bumperbot_msgs/srv
[1.400s] -- Up-to-date: /home/shady/bumperbot_ws/install/bumperbot_msgs/include/bumperbot_msgs/bumperbot_msgs/srv/detail
[1.401s] -- Up-to-date: /home/shady/bumperbot_ws/install/bumperbot_msgs/include/bumperbot_msgs/bumperbot_msgs/srv/detail/dds_fastrtps
[1.401s] -- Up-to-date: /home/shady/bumperbot_ws/install/bumperbot_msgs/include/bumperbot_msgs/bumperbot_msgs/srv/detail/add_two_ints__rosidl_typesupport_fastrtps_cpp.hpp
[1.401s] -- Up-to-date: /home/shady/bumperbot_ws/install/bumperbot_msgs/include/bumperbot_msgs/bumperbot_msgs/srv/detail/get_transform__rosidl_typesupport_fastrtps_cpp.hpp
[1.401s] -- Up-to-date: /home/shady/bumperbot_ws/install/bumperbot_msgs/include/bumperbot_msgs/bumperbot_msgs/msg
[1.401s] -- Up-to-date: /home/shady/bumperbot_ws/install/bumperbot_msgs/include/bumperbot_msgs/bumperbot_msgs/msg/rosidl_typesupport_fastrtps_cpp__visibility_control.h
[1.402s] -- Up-to-date: /home/shady/bumperbot_ws/install/bumperbot_msgs/lib/libbumperbot_msgs__rosidl_typesupport_fastrtps_cpp.so
[1.402s] -- Up-to-date: /home/shady/bumperbot_ws/install/bumperbot_msgs/include/bumperbot_msgs/bumperbot_msgs
[1.402s] -- Up-to-date: /home/shady/bumperbot_ws/install/bumperbot_msgs/include/bumperbot_msgs/bumperbot_msgs/action
[1.402s] -- Up-to-date: /home/shady/bumperbot_ws/install/bumperbot_msgs/include/bumperbot_msgs/bumperbot_msgs/action/detail
[1.402s] -- Up-to-date: /home/shady/bumperbot_ws/install/bumperbot_msgs/include/bumperbot_msgs/bumperbot_msgs/action/detail/fibonacci__type_support.c
[1.402s] -- Up-to-date: /home/shady/bumperbot_ws/install/bumperbot_msgs/include/bumperbot_msgs/bumperbot_msgs/action/detail/fibonacci__rosidl_typesupport_introspection_c.h
[1.411s] -- Up-to-date: /home/shady/bumperbot_ws/install/bumperbot_msgs/include/bumperbot_msgs/bumperbot_msgs/srv
[1.411s] -- Up-to-date: /home/shady/bumperbot_ws/install/bumperbot_msgs/include/bumperbot_msgs/bumperbot_msgs/srv/detail
[1.411s] -- Up-to-date: /home/shady/bumperbot_ws/install/bumperbot_msgs/include/bumperbot_msgs/bumperbot_msgs/srv/detail/add_two_ints__type_support.c
[1.411s] -- Up-to-date: /home/shady/bumperbot_ws/install/bumperbot_msgs/include/bumperbot_msgs/bumperbot_msgs/srv/detail/get_transform__rosidl_typesupport_introspection_c.h
[1.411s] -- Up-to-date: /home/shady/bumperbot_ws/install/bumperbot_msgs/include/bumperbot_msgs/bumperbot_msgs/srv/detail/add_two_ints__rosidl_typesupport_introspection_c.h
[1.411s] -- Up-to-date: /home/shady/bumperbot_ws/install/bumperbot_msgs/include/bumperbot_msgs/bumperbot_msgs/srv/detail/get_transform__type_support.c
[1.412s] -- Up-to-date: /home/shady/bumperbot_ws/install/bumperbot_msgs/include/bumperbot_msgs/bumperbot_msgs/msg
[1.412s] -- Up-to-date: /home/shady/bumperbot_ws/install/bumperbot_msgs/include/bumperbot_msgs/bumperbot_msgs/msg/rosidl_typesupport_introspection_c__visibility_control.h
[1.412s] -- Up-to-date: /home/shady/bumperbot_ws/install/bumperbot_msgs/lib/libbumperbot_msgs__rosidl_typesupport_introspection_c.so
[1.412s] -- Up-to-date: /home/shady/bumperbot_ws/install/bumperbot_msgs/lib/libbumperbot_msgs__rosidl_typesupport_c.so
[1.412s] -- Up-to-date: /home/shady/bumperbot_ws/install/bumperbot_msgs/include/bumperbot_msgs/bumperbot_msgs
[1.412s] -- Up-to-date: /home/shady/bumperbot_ws/install/bumperbot_msgs/include/bumperbot_msgs/bumperbot_msgs/action
[1.412s] -- Up-to-date: /home/shady/bumperbot_ws/install/bumperbot_msgs/include/bumperbot_msgs/bumperbot_msgs/action/detail
[1.412s] -- Up-to-date: /home/shady/bumperbot_ws/install/bumperbot_msgs/include/bumperbot_msgs/bumperbot_msgs/action/detail/fibonacci__rosidl_typesupport_introspection_cpp.hpp
[1.412s] -- Up-to-date: /home/shady/bumperbot_ws/install/bumperbot_msgs/include/bumperbot_msgs/bumperbot_msgs/action/detail/fibonacci__type_support.cpp
[1.413s] -- Up-to-date: /home/shady/bumperbot_ws/install/bumperbot_msgs/include/bumperbot_msgs/bumperbot_msgs/srv
[1.413s] -- Up-to-date: /home/shady/bumperbot_ws/install/bumperbot_msgs/include/bumperbot_msgs/bumperbot_msgs/srv/detail
[1.413s] -- Up-to-date: /home/shady/bumperbot_ws/install/bumperbot_msgs/include/bumperbot_msgs/bumperbot_msgs/srv/detail/add_two_ints__rosidl_typesupport_introspection_cpp.hpp
[1.413s] -- Up-to-date: /home/shady/bumperbot_ws/install/bumperbot_msgs/include/bumperbot_msgs/bumperbot_msgs/srv/detail/get_transform__type_support.cpp
[1.413s] -- Up-to-date: /home/shady/bumperbot_ws/install/bumperbot_msgs/include/bumperbot_msgs/bumperbot_msgs/srv/detail/get_transform__rosidl_typesupport_introspection_cpp.hpp
[1.413s] -- Up-to-date: /home/shady/bumperbot_ws/install/bumperbot_msgs/include/bumperbot_msgs/bumperbot_msgs/srv/detail/add_two_ints__type_support.cpp
[1.413s] -- Up-to-date: /home/shady/bumperbot_ws/install/bumperbot_msgs/lib/libbumperbot_msgs__rosidl_typesupport_introspection_cpp.so
[1.413s] -- Up-to-date: /home/shady/bumperbot_ws/install/bumperbot_msgs/lib/libbumperbot_msgs__rosidl_typesupport_cpp.so
[1.414s] -- Up-to-date: /home/shady/bumperbot_ws/install/bumperbot_msgs/share/bumperbot_msgs/environment/pythonpath.sh
[1.414s] -- Up-to-date: /home/shady/bumperbot_ws/install/bumperbot_msgs/share/bumperbot_msgs/environment/pythonpath.dsv
[1.414s] -- Up-to-date: /home/shady/bumperbot_ws/install/bumperbot_msgs/local/lib/python3.10/dist-packages/bumperbot_msgs-0.0.0-py3.10.egg-info
[1.414s] -- Installing: /home/shady/bumperbot_ws/install/bumperbot_msgs/local/lib/python3.10/dist-packages/bumperbot_msgs-0.0.0-py3.10.egg-info/SOURCES.txt
[1.414s] -- Installing: /home/shady/bumperbot_ws/install/bumperbot_msgs/local/lib/python3.10/dist-packages/bumperbot_msgs-0.0.0-py3.10.egg-info/dependency_links.txt
[1.414s] -- Installing: /home/shady/bumperbot_ws/install/bumperbot_msgs/local/lib/python3.10/dist-packages/bumperbot_msgs-0.0.0-py3.10.egg-info/PKG-INFO
[1.414s] -- Installing: /home/shady/bumperbot_ws/install/bumperbot_msgs/local/lib/python3.10/dist-packages/bumperbot_msgs-0.0.0-py3.10.egg-info/top_level.txt
[1.414s] -- Up-to-date: /home/shady/bumperbot_ws/install/bumperbot_msgs/local/lib/python3.10/dist-packages/bumperbot_msgs
[1.415s] -- Up-to-date: /home/shady/bumperbot_ws/install/bumperbot_msgs/local/lib/python3.10/dist-packages/bumperbot_msgs/_bumperbot_msgs_s.ep.rosidl_typesupport_fastrtps_c.c
[1.415s] -- Up-to-date: /home/shady/bumperbot_ws/install/bumperbot_msgs/local/lib/python3.10/dist-packages/bumperbot_msgs/_bumperbot_msgs_s.ep.rosidl_typesupport_introspection_c.c
[1.415s] -- Up-to-date: /home/shady/bumperbot_ws/install/bumperbot_msgs/local/lib/python3.10/dist-packages/bumperbot_msgs/action
[1.415s] -- Up-to-date: /home/shady/bumperbot_ws/install/bumperbot_msgs/local/lib/python3.10/dist-packages/bumperbot_msgs/action/_fibonacci.py
[1.415s] -- Up-to-date: /home/shady/bumperbot_ws/install/bumperbot_msgs/local/lib/python3.10/dist-packages/bumperbot_msgs/action/__init__.py
[1.415s] -- Up-to-date: /home/shady/bumperbot_ws/install/bumperbot_msgs/local/lib/python3.10/dist-packages/bumperbot_msgs/action/_fibonacci_s.c
[1.415s] -- Up-to-date: /home/shady/bumperbot_ws/install/bumperbot_msgs/local/lib/python3.10/dist-packages/bumperbot_msgs/bumperbot_msgs_s__rosidl_typesupport_c.cpython-310-x86_64-linux-gnu.so
[1.415s] -- Up-to-date: /home/shady/bumperbot_ws/install/bumperbot_msgs/local/lib/python3.10/dist-packages/bumperbot_msgs/libbumperbot_msgs__rosidl_generator_py.so
[1.416s] -- Up-to-date: /home/shady/bumperbot_ws/install/bumperbot_msgs/local/lib/python3.10/dist-packages/bumperbot_msgs/__init__.py
[1.416s] -- Up-to-date: /home/shady/bumperbot_ws/install/bumperbot_msgs/local/lib/python3.10/dist-packages/bumperbot_msgs/srv
[1.416s] -- Up-to-date: /home/shady/bumperbot_ws/install/bumperbot_msgs/local/lib/python3.10/dist-packages/bumperbot_msgs/srv/_add_two_ints.py
[1.416s] -- Up-to-date: /home/shady/bumperbot_ws/install/bumperbot_msgs/local/lib/python3.10/dist-packages/bumperbot_msgs/srv/__init__.py
[1.416s] -- Up-to-date: /home/shady/bumperbot_ws/install/bumperbot_msgs/local/lib/python3.10/dist-packages/bumperbot_msgs/srv/_get_transform.py
[1.416s] -- Up-to-date: /home/shady/bumperbot_ws/install/bumperbot_msgs/local/lib/python3.10/dist-packages/bumperbot_msgs/srv/_get_transform_s.c
[1.417s] -- Up-to-date: /home/shady/bumperbot_ws/install/bumperbot_msgs/local/lib/python3.10/dist-packages/bumperbot_msgs/srv/_add_two_ints_s.c
[1.417s] -- Up-to-date: /home/shady/bumperbot_ws/install/bumperbot_msgs/local/lib/python3.10/dist-packages/bumperbot_msgs/_bumperbot_msgs_s.ep.rosidl_typesupport_c.c
[1.417s] -- Up-to-date: /home/shady/bumperbot_ws/install/bumperbot_msgs/local/lib/python3.10/dist-packages/bumperbot_msgs/bumperbot_msgs_s__rosidl_typesupport_introspection_c.cpython-310-x86_64-linux-gnu.so
[1.417s] -- Up-to-date: /home/shady/bumperbot_ws/install/bumperbot_msgs/local/lib/python3.10/dist-packages/bumperbot_msgs/bumperbot_msgs_s__rosidl_typesupport_fastrtps_c.cpython-310-x86_64-linux-gnu.so
[1.458s] Listing '/home/shady/bumperbot_ws/install/bumperbot_msgs/local/lib/python3.10/dist-packages/bumperbot_msgs'...
[1.458s] Listing '/home/shady/bumperbot_ws/install/bumperbot_msgs/local/lib/python3.10/dist-packages/bumperbot_msgs/action'...
[1.458s] Listing '/home/shady/bumperbot_ws/install/bumperbot_msgs/local/lib/python3.10/dist-packages/bumperbot_msgs/srv'...
[1.466s] -- Up-to-date: /home/shady/bumperbot_ws/install/bumperbot_msgs/local/lib/python3.10/dist-packages/bumperbot_msgs/bumperbot_msgs_s__rosidl_typesupport_fastrtps_c.cpython-310-x86_64-linux-gnu.so
[1.466s] -- Up-to-date: /home/shady/bumperbot_ws/install/bumperbot_msgs/local/lib/python3.10/dist-packages/bumperbot_msgs/bumperbot_msgs_s__rosidl_typesupport_introspection_c.cpython-310-x86_64-linux-gnu.so
[1.467s] -- Up-to-date: /home/shady/bumperbot_ws/install/bumperbot_msgs/local/lib/python3.10/dist-packages/bumperbot_msgs/bumperbot_msgs_s__rosidl_typesupport_c.cpython-310-x86_64-linux-gnu.so
[1.467s] -- Up-to-date: /home/shady/bumperbot_ws/install/bumperbot_msgs/lib/libbumperbot_msgs__rosidl_generator_py.so
[1.467s] -- Up-to-date: /home/shady/bumperbot_ws/install/bumperbot_msgs/share/bumperbot_msgs/action/Fibonacci.idl
[1.472s] -- Up-to-date: /home/shady/bumperbot_ws/install/bumperbot_msgs/share/bumperbot_msgs/srv/AddTwoInts.idl
[1.472s] -- Up-to-date: /home/shady/bumperbot_ws/install/bumperbot_msgs/share/bumperbot_msgs/srv/GetTransform.idl
[1.472s] -- Up-to-date: /home/shady/bumperbot_ws/install/bumperbot_msgs/share/bumperbot_msgs/action/Fibonacci.action
[1.475s] -- Up-to-date: /home/shady/bumperbot_ws/install/bumperbot_msgs/share/bumperbot_msgs/srv/AddTwoInts.srv
[1.476s] -- Up-to-date: /home/shady/bumperbot_ws/install/bumperbot_msgs/share/bumperbot_msgs/srv/AddTwoInts_Request.msg
[1.476s] -- Up-to-date: /home/shady/bumperbot_ws/install/bumperbot_msgs/share/bumperbot_msgs/srv/AddTwoInts_Response.msg
[1.477s] -- Up-to-date: /home/shady/bumperbot_ws/install/bumperbot_msgs/share/bumperbot_msgs/srv/GetTransform.srv
[1.477s] -- Up-to-date: /home/shady/bumperbot_ws/install/bumperbot_msgs/share/bumperbot_msgs/srv/GetTransform_Request.msg
[1.477s] -- Up-to-date: /home/shady/bumperbot_ws/install/bumperbot_msgs/share/bumperbot_msgs/srv/GetTransform_Response.msg
[1.478s] -- Up-to-date: /home/shady/bumperbot_ws/install/bumperbot_msgs/share/ament_index/resource_index/package_run_dependencies/bumperbot_msgs
[1.478s] -- Up-to-date: /home/shady/bumperbot_ws/install/bumperbot_msgs/share/ament_index/resource_index/parent_prefix_path/bumperbot_msgs
[1.478s] -- Up-to-date: /home/shady/bumperbot_ws/install/bumperbot_msgs/share/bumperbot_msgs/environment/ament_prefix_path.sh
[1.479s] -- Up-to-date: /home/shady/bumperbot_ws/install/bumperbot_msgs/share/bumperbot_msgs/environment/ament_prefix_path.dsv
[1.479s] -- Up-to-date: /home/shady/bumperbot_ws/install/bumperbot_msgs/share/bumperbot_msgs/environment/path.sh
[1.479s] -- Up-to-date: /home/shady/bumperbot_ws/install/bumperbot_msgs/share/bumperbot_msgs/environment/path.dsv
[1.480s] -- Up-to-date: /home/shady/bumperbot_ws/install/bumperbot_msgs/share/bumperbot_msgs/local_setup.bash
[1.481s] -- Up-to-date: /home/shady/bumperbot_ws/install/bumperbot_msgs/share/bumperbot_msgs/local_setup.sh
[1.485s] -- Up-to-date: /home/shady/bumperbot_ws/install/bumperbot_msgs/share/bumperbot_msgs/local_setup.zsh
[1.486s] -- Up-to-date: /home/shady/bumperbot_ws/install/bumperbot_msgs/share/bumperbot_msgs/local_setup.dsv
[1.486s] -- Installing: /home/shady/bumperbot_ws/install/bumperbot_msgs/share/bumperbot_msgs/package.dsv
[1.486s] -- Up-to-date: /home/shady/bumperbot_ws/install/bumperbot_msgs/share/ament_index/resource_index/packages/bumperbot_msgs
[1.486s] -- Up-to-date: /home/shady/bumperbot_ws/install/bumperbot_msgs/share/bumperbot_msgs/cmake/export_bumperbot_msgs__rosidl_generator_cExport.cmake
[1.486s] -- Up-to-date: /home/shady/bumperbot_ws/install/bumperbot_msgs/share/bumperbot_msgs/cmake/export_bumperbot_msgs__rosidl_generator_cExport-noconfig.cmake
[1.486s] -- Up-to-date: /home/shady/bumperbot_ws/install/bumperbot_msgs/share/bumperbot_msgs/cmake/export_bumperbot_msgs__rosidl_typesupport_fastrtps_cExport.cmake
[1.486s] -- Up-to-date: /home/shady/bumperbot_ws/install/bumperbot_msgs/share/bumperbot_msgs/cmake/export_bumperbot_msgs__rosidl_typesupport_fastrtps_cExport-noconfig.cmake
[1.486s] -- Up-to-date: /home/shady/bumperbot_ws/install/bumperbot_msgs/share/bumperbot_msgs/cmake/export_bumperbot_msgs__rosidl_generator_cppExport.cmake
[1.486s] -- Up-to-date: /home/shady/bumperbot_ws/install/bumperbot_msgs/share/bumperbot_msgs/cmake/export_bumperbot_msgs__rosidl_typesupport_fastrtps_cppExport.cmake
[1.487s] -- Up-to-date: /home/shady/bumperbot_ws/install/bumperbot_msgs/share/bumperbot_msgs/cmake/export_bumperbot_msgs__rosidl_typesupport_fastrtps_cppExport-noconfig.cmake
[1.487s] -- Up-to-date: /home/shady/bumperbot_ws/install/bumperbot_msgs/share/bumperbot_msgs/cmake/bumperbot_msgs__rosidl_typesupport_introspection_cExport.cmake
[1.487s] -- Up-to-date: /home/shady/bumperbot_ws/install/bumperbot_msgs/share/bumperbot_msgs/cmake/bumperbot_msgs__rosidl_typesupport_introspection_cExport-noconfig.cmake
[1.487s] -- Up-to-date: /home/shady/bumperbot_ws/install/bumperbot_msgs/share/bumperbot_msgs/cmake/bumperbot_msgs__rosidl_typesupport_cExport.cmake
[1.487s] -- Up-to-date: /home/shady/bumperbot_ws/install/bumperbot_msgs/share/bumperbot_msgs/cmake/bumperbot_msgs__rosidl_typesupport_cExport-noconfig.cmake
[1.487s] -- Up-to-date: /home/shady/bumperbot_ws/install/bumperbot_msgs/share/bumperbot_msgs/cmake/bumperbot_msgs__rosidl_typesupport_introspection_cppExport.cmake
[1.488s] -- Up-to-date: /home/shady/bumperbot_ws/install/bumperbot_msgs/share/bumperbot_msgs/cmake/bumperbot_msgs__rosidl_typesupport_introspection_cppExport-noconfig.cmake
[1.492s] -- Up-to-date: /home/shady/bumperbot_ws/install/bumperbot_msgs/share/bumperbot_msgs/cmake/bumperbot_msgs__rosidl_typesupport_cppExport.cmake
[1.492s] -- Up-to-date: /home/shady/bumperbot_ws/install/bumperbot_msgs/share/bumperbot_msgs/cmake/bumperbot_msgs__rosidl_typesupport_cppExport-noconfig.cmake
[1.492s] -- Up-to-date: /home/shady/bumperbot_ws/install/bumperbot_msgs/share/bumperbot_msgs/cmake/export_bumperbot_msgs__rosidl_generator_pyExport.cmake
[1.492s] -- Up-to-date: /home/shady/bumperbot_ws/install/bumperbot_msgs/share/bumperbot_msgs/cmake/export_bumperbot_msgs__rosidl_generator_pyExport-noconfig.cmake
[1.492s] -- Up-to-date: /home/shady/bumperbot_ws/install/bumperbot_msgs/share/bumperbot_msgs/cmake/rosidl_cmake-extras.cmake
[1.493s] -- Up-to-date: /home/shady/bumperbot_ws/install/bumperbot_msgs/share/bumperbot_msgs/cmake/ament_cmake_export_dependencies-extras.cmake
[1.493s] -- Up-to-date: /home/shady/bumperbot_ws/install/bumperbot_msgs/share/bumperbot_msgs/cmake/ament_cmake_export_include_directories-extras.cmake
[1.493s] -- Up-to-date: /home/shady/bumperbot_ws/install/bumperbot_msgs/share/bumperbot_msgs/cmake/ament_cmake_export_libraries-extras.cmake
[1.494s] -- Up-to-date: /home/shady/bumperbot_ws/install/bumperbot_msgs/share/bumperbot_msgs/cmake/ament_cmake_export_targets-extras.cmake
[1.494s] -- Up-to-date: /home/shady/bumperbot_ws/install/bumperbot_msgs/share/bumperbot_msgs/cmake/rosidl_cmake_export_typesupport_targets-extras.cmake
[1.494s] -- Up-to-date: /home/shady/bumperbot_ws/install/bumperbot_msgs/share/bumperbot_msgs/cmake/rosidl_cmake_export_typesupport_libraries-extras.cmake
[1.494s] -- Up-to-date: /home/shady/bumperbot_ws/install/bumperbot_msgs/share/bumperbot_msgs/cmake/bumperbot_msgsConfig.cmake
[1.494s] -- Up-to-date: /home/shady/bumperbot_ws/install/bumperbot_msgs/share/bumperbot_msgs/cmake/bumperbot_msgsConfig-version.cmake
[1.495s] -- Up-to-date: /home/shady/bumperbot_ws/install/bumperbot_msgs/share/bumperbot_msgs/package.xml
[1.498s] Invoked command in '/home/shady/bumperbot_ws/build/bumperbot_msgs' returned '0': CMAKE_PREFIX_PATH=${CMAKE_PREFIX_PATH}:/home/shady/bumperbot_ws/install/bumperbot_py_examples:/opt/ros/humble /usr/bin/cmake --install /home/shady/bumperbot_ws/build/bumperbot_msgs
