[0.041s] Invoking command in '/home/shady/bumperbot_ws/build/bumperbot_localization': CMAKE_PREFIX_PATH=/opt/ros/humble /usr/bin/cmake --build /home/shady/bumperbot_ws/build/bumperbot_localization -- -j8 -l8
[0.263s] [ 33%] Built target odometry_motion_model
[0.292s] [ 66%] Built target kalman_filter
[0.296s] [100%] Built target imu_republisher
[0.331s] [100%] Built target ament_cmake_python_copy_bumperbot_localization
[0.985s] running egg_info
[0.987s] writing bumperbot_localization.egg-info/PKG-INFO
[0.990s] writing dependency_links to bumperbot_localization.egg-info/dependency_links.txt
[0.991s] writing top-level names to bumperbot_localization.egg-info/top_level.txt
[0.994s] reading manifest file 'bumperbot_localization.egg-info/SOURCES.txt'
[0.997s] writing manifest file 'bumperbot_localization.egg-info/SOURCES.txt'
[1.250s] [100%] Built target ament_cmake_python_build_bumperbot_localization_egg
[1.381s] Invoked command in '/home/shady/bumperbot_ws/build/bumperbot_localization' returned '0': CMAKE_PREFIX_PATH=/opt/ros/humble /usr/bin/cmake --build /home/shady/bumperbot_ws/build/bumperbot_localization -- -j8 -l8
[1.396s] Invoking command in '/home/shady/bumperbot_ws/build/bumperbot_localization': CMAKE_PREFIX_PATH=/opt/ros/humble /usr/bin/cmake --install /home/shady/bumperbot_ws/build/bumperbot_localization
[1.419s] -- Install configuration: ""
[1.419s] -- Up-to-date: /home/shady/bumperbot_ws/install/bumperbot_localization/share/bumperbot_localization/environment/pythonpath.sh
[1.419s] -- Up-to-date: /home/shady/bumperbot_ws/install/bumperbot_localization/share/bumperbot_localization/environment/pythonpath.dsv
[1.419s] -- Up-to-date: /home/shady/bumperbot_ws/install/bumperbot_localization/local/lib/python3.10/dist-packages/bumperbot_localization-0.0.0-py3.10.egg-info
[1.420s] -- Installing: /home/shady/bumperbot_ws/install/bumperbot_localization/local/lib/python3.10/dist-packages/bumperbot_localization-0.0.0-py3.10.egg-info/SOURCES.txt
[1.420s] -- Installing: /home/shady/bumperbot_ws/install/bumperbot_localization/local/lib/python3.10/dist-packages/bumperbot_localization-0.0.0-py3.10.egg-info/dependency_links.txt
[1.421s] -- Installing: /home/shady/bumperbot_ws/install/bumperbot_localization/local/lib/python3.10/dist-packages/bumperbot_localization-0.0.0-py3.10.egg-info/PKG-INFO
[1.421s] -- Installing: /home/shady/bumperbot_ws/install/bumperbot_localization/local/lib/python3.10/dist-packages/bumperbot_localization-0.0.0-py3.10.egg-info/top_level.txt
[1.421s] -- Up-to-date: /home/shady/bumperbot_ws/install/bumperbot_localization/local/lib/python3.10/dist-packages/bumperbot_localization
[1.421s] -- Up-to-date: /home/shady/bumperbot_ws/install/bumperbot_localization/local/lib/python3.10/dist-packages/bumperbot_localization/kalman_filter.py
[1.421s] -- Up-to-date: /home/shady/bumperbot_ws/install/bumperbot_localization/local/lib/python3.10/dist-packages/bumperbot_localization/__init__.py
[1.422s] -- Up-to-date: /home/shady/bumperbot_ws/install/bumperbot_localization/local/lib/python3.10/dist-packages/bumperbot_localization/imu_republisher.py
[1.422s] -- Up-to-date: /home/shady/bumperbot_ws/install/bumperbot_localization/local/lib/python3.10/dist-packages/bumperbot_localization/odometry_motion_model.py
[1.438s] Listing '/home/shady/bumperbot_ws/install/bumperbot_localization/local/lib/python3.10/dist-packages/bumperbot_localization'...
[1.445s] -- Up-to-date: /home/shady/bumperbot_ws/install/bumperbot_localization/include/include
[1.445s] -- Up-to-date: /home/shady/bumperbot_ws/install/bumperbot_localization/include/include/bumperbot_localization
[1.445s] -- Up-to-date: /home/shady/bumperbot_ws/install/bumperbot_localization/include/include/bumperbot_localization/odometry_motion_model.hpp
[1.446s] -- Up-to-date: /home/shady/bumperbot_ws/install/bumperbot_localization/include/include/bumperbot_localization/kalman_filter.hpp
[1.446s] -- Up-to-date: /home/shady/bumperbot_ws/install/bumperbot_localization/bin/odometry_motion_model
[1.446s] -- Up-to-date: /home/shady/bumperbot_ws/install/bumperbot_localization/lib/bumperbot_localization/kalman_filter
[1.447s] -- Up-to-date: /home/shady/bumperbot_ws/install/bumperbot_localization/lib/bumperbot_localization/imu_republisher
[1.447s] -- Up-to-date: /home/shady/bumperbot_ws/install/bumperbot_localization/lib/bumperbot_localization/odometry_motion_model
[1.447s] -- Up-to-date: /home/shady/bumperbot_ws/install/bumperbot_localization/share/bumperbot_localization/launch
[1.447s] -- Up-to-date: /home/shady/bumperbot_ws/install/bumperbot_localization/share/bumperbot_localization/launch/global_localization.launch.py
[1.447s] -- Up-to-date: /home/shady/bumperbot_ws/install/bumperbot_localization/share/bumperbot_localization/launch/local_localization.launch.py
[1.447s] -- Up-to-date: /home/shady/bumperbot_ws/install/bumperbot_localization/share/bumperbot_localization/config
[1.448s] -- Up-to-date: /home/shady/bumperbot_ws/install/bumperbot_localization/share/bumperbot_localization/config/ekf.yaml
[1.449s] -- Up-to-date: /home/shady/bumperbot_ws/install/bumperbot_localization/share/bumperbot_localization/config/global_costmap.yaml
[1.449s] -- Up-to-date: /home/shady/bumperbot_ws/install/bumperbot_localization/share/bumperbot_localization/config/dwb_controller.yaml
[1.450s] -- Up-to-date: /home/shady/bumperbot_ws/install/bumperbot_localization/share/bumperbot_localization/config/odometry_motion_model.rviz
[1.451s] -- Up-to-date: /home/shady/bumperbot_ws/install/bumperbot_localization/share/bumperbot_localization/config/behavior_server.yaml
[1.451s] -- Up-to-date: /home/shady/bumperbot_ws/install/bumperbot_localization/share/bumperbot_localization/config/local_costmap.yaml
[1.451s] -- Up-to-date: /home/shady/bumperbot_ws/install/bumperbot_localization/share/bumperbot_localization/config/bt_navigator.yaml
[1.451s] -- Up-to-date: /home/shady/bumperbot_ws/install/bumperbot_localization/share/bumperbot_localization/config/navfn_planner.yaml
[1.455s] -- Up-to-date: /home/shady/bumperbot_ws/install/bumperbot_localization/share/bumperbot_localization/config/amcl.yaml
[1.456s] -- Up-to-date: /home/shady/bumperbot_ws/install/bumperbot_localization/share/bumperbot_localization/rviz
[1.456s] -- Up-to-date: /home/shady/bumperbot_ws/install/bumperbot_localization/share/bumperbot_localization/rviz/global_localization.rviz
[1.457s] -- Up-to-date: /home/shady/bumperbot_ws/install/bumperbot_localization/lib/bumperbot_localization/kalman_filter.py
[1.457s] -- Up-to-date: /home/shady/bumperbot_ws/install/bumperbot_localization/lib/bumperbot_localization/imu_republisher.py
[1.457s] -- Up-to-date: /home/shady/bumperbot_ws/install/bumperbot_localization/lib/bumperbot_localization/odometry_motion_model.py
[1.460s] -- Up-to-date: /home/shady/bumperbot_ws/install/bumperbot_localization/share/ament_index/resource_index/package_run_dependencies/bumperbot_localization
[1.460s] -- Up-to-date: /home/shady/bumperbot_ws/install/bumperbot_localization/share/ament_index/resource_index/parent_prefix_path/bumperbot_localization
[1.460s] -- Up-to-date: /home/shady/bumperbot_ws/install/bumperbot_localization/share/bumperbot_localization/environment/ament_prefix_path.sh
[1.460s] -- Up-to-date: /home/shady/bumperbot_ws/install/bumperbot_localization/share/bumperbot_localization/environment/ament_prefix_path.dsv
[1.460s] -- Up-to-date: /home/shady/bumperbot_ws/install/bumperbot_localization/share/bumperbot_localization/environment/path.sh
[1.461s] -- Up-to-date: /home/shady/bumperbot_ws/install/bumperbot_localization/share/bumperbot_localization/environment/path.dsv
[1.461s] -- Up-to-date: /home/shady/bumperbot_ws/install/bumperbot_localization/share/bumperbot_localization/local_setup.bash
[1.462s] -- Up-to-date: /home/shady/bumperbot_ws/install/bumperbot_localization/share/bumperbot_localization/local_setup.sh
[1.462s] -- Up-to-date: /home/shady/bumperbot_ws/install/bumperbot_localization/share/bumperbot_localization/local_setup.zsh
[1.462s] -- Up-to-date: /home/shady/bumperbot_ws/install/bumperbot_localization/share/bumperbot_localization/local_setup.dsv
[1.462s] -- Installing: /home/shady/bumperbot_ws/install/bumperbot_localization/share/bumperbot_localization/package.dsv
[1.463s] -- Up-to-date: /home/shady/bumperbot_ws/install/bumperbot_localization/share/ament_index/resource_index/packages/bumperbot_localization
[1.463s] -- Up-to-date: /home/shady/bumperbot_ws/install/bumperbot_localization/share/bumperbot_localization/cmake/bumperbot_localizationConfig.cmake
[1.463s] -- Up-to-date: /home/shady/bumperbot_ws/install/bumperbot_localization/share/bumperbot_localization/cmake/bumperbot_localizationConfig-version.cmake
[1.464s] -- Up-to-date: /home/shady/bumperbot_ws/install/bumperbot_localization/share/bumperbot_localization/package.xml
[1.476s] Invoked command in '/home/shady/bumperbot_ws/build/bumperbot_localization' returned '0': CMAKE_PREFIX_PATH=/opt/ros/humble /usr/bin/cmake --install /home/shady/bumperbot_ws/build/bumperbot_localization
