[1.219s] Invoking command in '/home/shady/bumperbot_ws/src/bumperbot_py_examples': AMENT_PREFIX_PATH=/home/shady/bumperbot_ws/install/bumperbot_msgs:${AMENT_PREFIX_PATH} CMAKE_PREFIX_PATH=/home/shady/bumperbot_ws/install/bumperbot_msgs LD_LIBRARY_PATH=/home/shady/bumperbot_ws/install/bumperbot_msgs/lib:${LD_LIBRARY_PATH} PYTHONPATH=/home/shady/bumperbot_ws/build/bumperbot_py_examples/prefix_override:/usr/lib/python3/dist-packages/colcon_core/task/python/colcon_distutils_commands:/home/shady/bumperbot_ws/install/bumperbot_py_examples/lib/python3.10/site-packages:/home/shady/bumperbot_ws/install/bumperbot_msgs/local/lib/python3.10/dist-packages:${PYTHONPATH} /usr/bin/python3 -W ignore:setup.py install is deprecated setup.py egg_info --egg-base ../../build/bumperbot_py_examples build --build-base /home/shady/bumperbot_ws/build/bumperbot_py_examples/build install --record /home/shady/bumperbot_ws/build/bumperbot_py_examples/install.log --single-version-externally-managed install_data
[1.602s] running egg_info
[1.604s] writing ../../build/bumperbot_py_examples/bumperbot_py_examples.egg-info/PKG-INFO
[1.604s] writing dependency_links to ../../build/bumperbot_py_examples/bumperbot_py_examples.egg-info/dependency_links.txt
[1.605s] writing entry points to ../../build/bumperbot_py_examples/bumperbot_py_examples.egg-info/entry_points.txt
[1.605s] writing requirements to ../../build/bumperbot_py_examples/bumperbot_py_examples.egg-info/requires.txt
[1.605s] writing top-level names to ../../build/bumperbot_py_examples/bumperbot_py_examples.egg-info/top_level.txt
[1.609s] reading manifest file '../../build/bumperbot_py_examples/bumperbot_py_examples.egg-info/SOURCES.txt'
[1.612s] writing manifest file '../../build/bumperbot_py_examples/bumperbot_py_examples.egg-info/SOURCES.txt'
[1.612s] running build
[1.612s] running build_py
[1.614s] running install
[1.615s] running install_lib
[1.617s] running install_data
[1.618s] running install_egg_info
[1.620s] removing '/home/shady/bumperbot_ws/install/bumperbot_py_examples/lib/python3.10/site-packages/bumperbot_py_examples-0.0.0-py3.10.egg-info' (and everything under it)
[1.621s] Copying ../../build/bumperbot_py_examples/bumperbot_py_examples.egg-info to /home/shady/bumperbot_ws/install/bumperbot_py_examples/lib/python3.10/site-packages/bumperbot_py_examples-0.0.0-py3.10.egg-info
[1.623s] running install_scripts
[1.652s] Installing simple_action_client script to /home/shady/bumperbot_ws/install/bumperbot_py_examples/lib/bumperbot_py_examples
[1.652s] Installing simple_action_server script to /home/shady/bumperbot_ws/install/bumperbot_py_examples/lib/bumperbot_py_examples
[1.653s] Installing simple_lifecycle_node script to /home/shady/bumperbot_ws/install/bumperbot_py_examples/lib/bumperbot_py_examples
[1.653s] Installing simple_parameter script to /home/shady/bumperbot_ws/install/bumperbot_py_examples/lib/bumperbot_py_examples
[1.653s] Installing simple_publisher script to /home/shady/bumperbot_ws/install/bumperbot_py_examples/lib/bumperbot_py_examples
[1.653s] Installing simple_qos_publisher script to /home/shady/bumperbot_ws/install/bumperbot_py_examples/lib/bumperbot_py_examples
[1.653s] Installing simple_qos_subscriber script to /home/shady/bumperbot_ws/install/bumperbot_py_examples/lib/bumperbot_py_examples
[1.654s] Installing simple_service_client script to /home/shady/bumperbot_ws/install/bumperbot_py_examples/lib/bumperbot_py_examples
[1.654s] Installing simple_service_server script to /home/shady/bumperbot_ws/install/bumperbot_py_examples/lib/bumperbot_py_examples
[1.654s] Installing simple_subscriber script to /home/shady/bumperbot_ws/install/bumperbot_py_examples/lib/bumperbot_py_examples
[1.654s] Installing simple_tf_kinematics script to /home/shady/bumperbot_ws/install/bumperbot_py_examples/lib/bumperbot_py_examples
[1.654s] Installing simple_turtlesim_kinematics script to /home/shady/bumperbot_ws/install/bumperbot_py_examples/lib/bumperbot_py_examples
[1.655s] writing list of installed files to '/home/shady/bumperbot_ws/build/bumperbot_py_examples/install.log'
[1.693s] Invoked command in '/home/shady/bumperbot_ws/src/bumperbot_py_examples' returned '0': AMENT_PREFIX_PATH=/home/shady/bumperbot_ws/install/bumperbot_msgs:${AMENT_PREFIX_PATH} CMAKE_PREFIX_PATH=/home/shady/bumperbot_ws/install/bumperbot_msgs LD_LIBRARY_PATH=/home/shady/bumperbot_ws/install/bumperbot_msgs/lib:${LD_LIBRARY_PATH} PYTHONPATH=/home/shady/bumperbot_ws/build/bumperbot_py_examples/prefix_override:/usr/lib/python3/dist-packages/colcon_core/task/python/colcon_distutils_commands:/home/shady/bumperbot_ws/install/bumperbot_py_examples/lib/python3.10/site-packages:/home/shady/bumperbot_ws/install/bumperbot_msgs/local/lib/python3.10/dist-packages:${PYTHONPATH} /usr/bin/python3 -W ignore:setup.py install is deprecated setup.py egg_info --egg-base ../../build/bumperbot_py_examples build --build-base /home/shady/bumperbot_ws/build/bumperbot_py_examples/build install --record /home/shady/bumperbot_ws/build/bumperbot_py_examples/install.log --single-version-externally-managed install_data
