[0.056s] Invoking command in '/home/shady/bumperbot_ws/build/bumperbot_utils': CMAKE_PREFIX_PATH=${CMAKE_PREFIX_PATH}:/home/shady/bumperbot_ws/install/bumperbot_py_examples:/opt/ros/humble /usr/bin/cmake --build /home/shady/bumperbot_ws/build/bumperbot_utils -- -j8 -l8
[0.311s] [  0%] Built target ament_cmake_python_copy_bumperbot_utils
[0.321s] [100%] Built target safety_stop
[0.951s] running egg_info
[0.951s] writing bumperbot_utils.egg-info/PKG-INFO
[0.958s] writing dependency_links to bumperbot_utils.egg-info/dependency_links.txt
[0.958s] writing top-level names to bumperbot_utils.egg-info/top_level.txt
[0.959s] reading manifest file 'bumperbot_utils.egg-info/SOURCES.txt'
[0.959s] writing manifest file 'bumperbot_utils.egg-info/SOURCES.txt'
[1.199s] [100%] Built target ament_cmake_python_build_bumperbot_utils_egg
[1.347s] Invoked command in '/home/shady/bumperbot_ws/build/bumperbot_utils' returned '0': CMAKE_PREFIX_PATH=${CMAKE_PREFIX_PATH}:/home/shady/bumperbot_ws/install/bumperbot_py_examples:/opt/ros/humble /usr/bin/cmake --build /home/shady/bumperbot_ws/build/bumperbot_utils -- -j8 -l8
[1.357s] Invoking command in '/home/shady/bumperbot_ws/build/bumperbot_utils': CMAKE_PREFIX_PATH=${CMAKE_PREFIX_PATH}:/home/shady/bumperbot_ws/install/bumperbot_py_examples:/opt/ros/humble /usr/bin/cmake --install /home/shady/bumperbot_ws/build/bumperbot_utils
[1.363s] -- Install configuration: ""
[1.364s] -- Up-to-date: /home/shady/bumperbot_ws/install/bumperbot_utils/share/bumperbot_utils/environment/pythonpath.sh
[1.364s] -- Up-to-date: /home/shady/bumperbot_ws/install/bumperbot_utils/share/bumperbot_utils/environment/pythonpath.dsv
[1.365s] -- Up-to-date: /home/shady/bumperbot_ws/install/bumperbot_utils/local/lib/python3.10/dist-packages/bumperbot_utils-0.0.0-py3.10.egg-info
[1.365s] -- Installing: /home/shady/bumperbot_ws/install/bumperbot_utils/local/lib/python3.10/dist-packages/bumperbot_utils-0.0.0-py3.10.egg-info/SOURCES.txt
[1.365s] -- Installing: /home/shady/bumperbot_ws/install/bumperbot_utils/local/lib/python3.10/dist-packages/bumperbot_utils-0.0.0-py3.10.egg-info/dependency_links.txt
[1.366s] -- Installing: /home/shady/bumperbot_ws/install/bumperbot_utils/local/lib/python3.10/dist-packages/bumperbot_utils-0.0.0-py3.10.egg-info/PKG-INFO
[1.366s] -- Installing: /home/shady/bumperbot_ws/install/bumperbot_utils/local/lib/python3.10/dist-packages/bumperbot_utils-0.0.0-py3.10.egg-info/top_level.txt
[1.366s] -- Up-to-date: /home/shady/bumperbot_ws/install/bumperbot_utils/local/lib/python3.10/dist-packages/bumperbot_utils
[1.367s] -- Up-to-date: /home/shady/bumperbot_ws/install/bumperbot_utils/local/lib/python3.10/dist-packages/bumperbot_utils/__init__.py
[1.367s] -- Up-to-date: /home/shady/bumperbot_ws/install/bumperbot_utils/local/lib/python3.10/dist-packages/bumperbot_utils/safety_stop.py
[1.367s] -- Up-to-date: /home/shady/bumperbot_ws/install/bumperbot_utils/local/lib/python3.10/dist-packages/bumperbot_utils/pose_logger.py
[1.384s] Listing '/home/shady/bumperbot_ws/install/bumperbot_utils/local/lib/python3.10/dist-packages/bumperbot_utils'...
[1.391s] -- Up-to-date: /home/shady/bumperbot_ws/install/bumperbot_utils/lib/bumperbot_utils/safety_stop
[1.391s] -- Up-to-date: /home/shady/bumperbot_ws/install/bumperbot_utils/lib/bumperbot_utils/safety_stop.py
[1.391s] -- Up-to-date: /home/shady/bumperbot_ws/install/bumperbot_utils/lib/bumperbot_utils/pose_logger.py
[1.391s] -- Up-to-date: /home/shady/bumperbot_ws/install/bumperbot_utils/share/ament_index/resource_index/package_run_dependencies/bumperbot_utils
[1.392s] -- Up-to-date: /home/shady/bumperbot_ws/install/bumperbot_utils/share/ament_index/resource_index/parent_prefix_path/bumperbot_utils
[1.392s] -- Up-to-date: /home/shady/bumperbot_ws/install/bumperbot_utils/share/bumperbot_utils/environment/ament_prefix_path.sh
[1.392s] -- Up-to-date: /home/shady/bumperbot_ws/install/bumperbot_utils/share/bumperbot_utils/environment/ament_prefix_path.dsv
[1.393s] -- Up-to-date: /home/shady/bumperbot_ws/install/bumperbot_utils/share/bumperbot_utils/environment/path.sh
[1.393s] -- Up-to-date: /home/shady/bumperbot_ws/install/bumperbot_utils/share/bumperbot_utils/environment/path.dsv
[1.393s] -- Up-to-date: /home/shady/bumperbot_ws/install/bumperbot_utils/share/bumperbot_utils/local_setup.bash
[1.393s] -- Up-to-date: /home/shady/bumperbot_ws/install/bumperbot_utils/share/bumperbot_utils/local_setup.sh
[1.393s] -- Up-to-date: /home/shady/bumperbot_ws/install/bumperbot_utils/share/bumperbot_utils/local_setup.zsh
[1.393s] -- Up-to-date: /home/shady/bumperbot_ws/install/bumperbot_utils/share/bumperbot_utils/local_setup.dsv
[1.394s] -- Installing: /home/shady/bumperbot_ws/install/bumperbot_utils/share/bumperbot_utils/package.dsv
[1.394s] -- Up-to-date: /home/shady/bumperbot_ws/install/bumperbot_utils/share/ament_index/resource_index/packages/bumperbot_utils
[1.394s] -- Up-to-date: /home/shady/bumperbot_ws/install/bumperbot_utils/share/bumperbot_utils/cmake/bumperbot_utilsConfig.cmake
[1.394s] -- Up-to-date: /home/shady/bumperbot_ws/install/bumperbot_utils/share/bumperbot_utils/cmake/bumperbot_utilsConfig-version.cmake
[1.394s] -- Up-to-date: /home/shady/bumperbot_ws/install/bumperbot_utils/share/bumperbot_utils/package.xml
[1.411s] Invoked command in '/home/shady/bumperbot_ws/build/bumperbot_utils' returned '0': CMAKE_PREFIX_PATH=${CMAKE_PREFIX_PATH}:/home/shady/bumperbot_ws/install/bumperbot_py_examples:/opt/ros/humble /usr/bin/cmake --install /home/shady/bumperbot_ws/build/bumperbot_utils
