[0.037s] Invoking command in '/home/shady/bumperbot_ws/build/bumperbot_firmware': CMAKE_PREFIX_PATH=${CMAKE_PREFIX_PATH}:/home/shady/bumperbot_ws/install/bumperbot_py_examples:/opt/ros/humble /usr/bin/cmake --build /home/shady/bumperbot_ws/build/bumperbot_firmware -- -j8 -l8
[0.189s] [ 33%] Built target simple_serial_receiver
[0.213s] [ 66%] Built target bumperbot_firmware
[0.217s] [100%] Built target simple_serial_transmitter
[0.223s] [100%] Built target ament_cmake_python_copy_bumperbot_firmware
[0.842s] running egg_info
[0.842s] writing bumperbot_firmware.egg-info/PKG-INFO
[0.842s] writing dependency_links to bumperbot_firmware.egg-info/dependency_links.txt
[0.842s] writing top-level names to bumperbot_firmware.egg-info/top_level.txt
[0.842s] reading manifest file 'bumperbot_firmware.egg-info/SOURCES.txt'
[0.842s] writing manifest file 'bumperbot_firmware.egg-info/SOURCES.txt'
[0.852s] [100%] Built target ament_cmake_python_build_bumperbot_firmware_egg
[0.855s] Invoked command in '/home/shady/bumperbot_ws/build/bumperbot_firmware' returned '0': CMAKE_PREFIX_PATH=${CMAKE_PREFIX_PATH}:/home/shady/bumperbot_ws/install/bumperbot_py_examples:/opt/ros/humble /usr/bin/cmake --build /home/shady/bumperbot_ws/build/bumperbot_firmware -- -j8 -l8
[0.913s] Invoking command in '/home/shady/bumperbot_ws/build/bumperbot_firmware': CMAKE_PREFIX_PATH=${CMAKE_PREFIX_PATH}:/home/shady/bumperbot_ws/install/bumperbot_py_examples:/opt/ros/humble /usr/bin/cmake --install /home/shady/bumperbot_ws/build/bumperbot_firmware
[0.921s] -- Install configuration: ""
[0.921s] -- Up-to-date: /home/shady/bumperbot_ws/install/bumperbot_firmware/share/bumperbot_firmware/environment/pythonpath.sh
[0.922s] -- Up-to-date: /home/shady/bumperbot_ws/install/bumperbot_firmware/share/bumperbot_firmware/environment/pythonpath.dsv
[0.922s] -- Up-to-date: /home/shady/bumperbot_ws/install/bumperbot_firmware/local/lib/python3.10/dist-packages/bumperbot_firmware-0.0.0-py3.10.egg-info
[0.922s] -- Installing: /home/shady/bumperbot_ws/install/bumperbot_firmware/local/lib/python3.10/dist-packages/bumperbot_firmware-0.0.0-py3.10.egg-info/SOURCES.txt
[0.923s] -- Installing: /home/shady/bumperbot_ws/install/bumperbot_firmware/local/lib/python3.10/dist-packages/bumperbot_firmware-0.0.0-py3.10.egg-info/dependency_links.txt
[0.923s] -- Installing: /home/shady/bumperbot_ws/install/bumperbot_firmware/local/lib/python3.10/dist-packages/bumperbot_firmware-0.0.0-py3.10.egg-info/PKG-INFO
[0.925s] -- Installing: /home/shady/bumperbot_ws/install/bumperbot_firmware/local/lib/python3.10/dist-packages/bumperbot_firmware-0.0.0-py3.10.egg-info/top_level.txt
[0.925s] -- Up-to-date: /home/shady/bumperbot_ws/install/bumperbot_firmware/local/lib/python3.10/dist-packages/bumperbot_firmware
[0.925s] -- Up-to-date: /home/shady/bumperbot_ws/install/bumperbot_firmware/local/lib/python3.10/dist-packages/bumperbot_firmware/__init__.py
[0.925s] -- Up-to-date: /home/shady/bumperbot_ws/install/bumperbot_firmware/local/lib/python3.10/dist-packages/bumperbot_firmware/simple_serial_transmitter.py
[0.926s] -- Up-to-date: /home/shady/bumperbot_ws/install/bumperbot_firmware/local/lib/python3.10/dist-packages/bumperbot_firmware/simple_serial_receiver.py
[0.980s] Listing '/home/shady/bumperbot_ws/install/bumperbot_firmware/local/lib/python3.10/dist-packages/bumperbot_firmware'...
[0.990s] -- Up-to-date: /home/shady/bumperbot_ws/install/bumperbot_firmware/share/bumperbot_firmware/bumperbot_interface.xml
[0.990s] -- Up-to-date: /home/shady/bumperbot_ws/install/bumperbot_firmware/lib/libbumperbot_firmware.so
[0.991s] -- Up-to-date: /home/shady/bumperbot_ws/install/bumperbot_firmware/include/include
[0.991s] -- Up-to-date: /home/shady/bumperbot_ws/install/bumperbot_firmware/include/include/bumperbot_firmware
[0.991s] -- Up-to-date: /home/shady/bumperbot_ws/install/bumperbot_firmware/include/include/bumperbot_firmware/bumperbot_interface.hpp
[0.991s] -- Up-to-date: /home/shady/bumperbot_ws/install/bumperbot_firmware/share/bumperbot_firmware/launch
[0.991s] -- Up-to-date: /home/shady/bumperbot_ws/install/bumperbot_firmware/share/bumperbot_firmware/launch/hardware_interface.launch.py
[0.991s] -- Up-to-date: /home/shady/bumperbot_ws/install/bumperbot_firmware/lib/bumperbot_firmware/simple_serial_transmitter.py
[0.991s] -- Up-to-date: /home/shady/bumperbot_ws/install/bumperbot_firmware/lib/bumperbot_firmware/simple_serial_receiver.py
[0.991s] -- Up-to-date: /home/shady/bumperbot_ws/install/bumperbot_firmware/lib/bumperbot_firmware/simple_serial_receiver
[0.992s] -- Up-to-date: /home/shady/bumperbot_ws/install/bumperbot_firmware/lib/bumperbot_firmware/simple_serial_transmitter
[0.992s] -- Up-to-date: /home/shady/bumperbot_ws/install/bumperbot_firmware/share/bumperbot_firmware/environment/library_path.sh
[0.992s] -- Up-to-date: /home/shady/bumperbot_ws/install/bumperbot_firmware/share/bumperbot_firmware/environment/library_path.dsv
[0.992s] -- Up-to-date: /home/shady/bumperbot_ws/install/bumperbot_firmware/share/ament_index/resource_index/package_run_dependencies/bumperbot_firmware
[0.992s] -- Up-to-date: /home/shady/bumperbot_ws/install/bumperbot_firmware/share/ament_index/resource_index/parent_prefix_path/bumperbot_firmware
[0.992s] -- Up-to-date: /home/shady/bumperbot_ws/install/bumperbot_firmware/share/bumperbot_firmware/environment/ament_prefix_path.sh
[0.992s] -- Up-to-date: /home/shady/bumperbot_ws/install/bumperbot_firmware/share/bumperbot_firmware/environment/ament_prefix_path.dsv
[0.993s] -- Up-to-date: /home/shady/bumperbot_ws/install/bumperbot_firmware/share/bumperbot_firmware/environment/path.sh
[0.993s] -- Up-to-date: /home/shady/bumperbot_ws/install/bumperbot_firmware/share/bumperbot_firmware/environment/path.dsv
[0.993s] -- Up-to-date: /home/shady/bumperbot_ws/install/bumperbot_firmware/share/bumperbot_firmware/local_setup.bash
[0.993s] -- Up-to-date: /home/shady/bumperbot_ws/install/bumperbot_firmware/share/bumperbot_firmware/local_setup.sh
[0.993s] -- Up-to-date: /home/shady/bumperbot_ws/install/bumperbot_firmware/share/bumperbot_firmware/local_setup.zsh
[0.993s] -- Up-to-date: /home/shady/bumperbot_ws/install/bumperbot_firmware/share/bumperbot_firmware/local_setup.dsv
[0.993s] -- Installing: /home/shady/bumperbot_ws/install/bumperbot_firmware/share/bumperbot_firmware/package.dsv
[0.993s] -- Up-to-date: /home/shady/bumperbot_ws/install/bumperbot_firmware/share/ament_index/resource_index/packages/bumperbot_firmware
[0.994s] -- Up-to-date: /home/shady/bumperbot_ws/install/bumperbot_firmware/share/ament_index/resource_index/hardware_interface__pluginlib__plugin/bumperbot_firmware
[0.994s] -- Up-to-date: /home/shady/bumperbot_ws/install/bumperbot_firmware/share/bumperbot_firmware/cmake/ament_cmake_export_include_directories-extras.cmake
[0.994s] -- Up-to-date: /home/shady/bumperbot_ws/install/bumperbot_firmware/share/bumperbot_firmware/cmake/ament_cmake_export_libraries-extras.cmake
[0.994s] -- Up-to-date: /home/shady/bumperbot_ws/install/bumperbot_firmware/share/bumperbot_firmware/cmake/ament_cmake_export_dependencies-extras.cmake
[0.994s] -- Up-to-date: /home/shady/bumperbot_ws/install/bumperbot_firmware/share/bumperbot_firmware/cmake/bumperbot_firmwareConfig.cmake
[0.995s] -- Up-to-date: /home/shady/bumperbot_ws/install/bumperbot_firmware/share/bumperbot_firmware/cmake/bumperbot_firmwareConfig-version.cmake
[0.995s] -- Up-to-date: /home/shady/bumperbot_ws/install/bumperbot_firmware/share/bumperbot_firmware/package.xml
[1.019s] Invoked command in '/home/shady/bumperbot_ws/build/bumperbot_firmware' returned '0': CMAKE_PREFIX_PATH=${CMAKE_PREFIX_PATH}:/home/shady/bumperbot_ws/install/bumperbot_py_examples:/opt/ros/humble /usr/bin/cmake --install /home/shady/bumperbot_ws/build/bumperbot_firmware
