[0.025s] Invoking command in '/home/shady/bumperbot_ws/build/bumperbot_cpp_examples': AMENT_PREFIX_PATH=/home/shady/bumperbot_ws/install/bumperbot_msgs:${AMENT_PREFIX_PATH} CMAKE_PREFIX_PATH=/home/shady/bumperbot_ws/install/bumperbot_msgs:/opt/ros/humble LD_LIBRARY_PATH=/home/shady/bumperbot_ws/install/bumperbot_msgs/lib:${LD_LIBRARY_PATH} PYTHONPATH=/home/shady/bumperbot_ws/install/bumperbot_msgs/local/lib/python3.10/dist-packages:${PYTHONPATH} /usr/bin/cmake --build /home/shady/bumperbot_ws/build/bumperbot_cpp_examples -- -j8 -l8
[0.413s] [  7%] Built target simple_parameter
[0.413s] [ 14%] Built target simple_publisher
[0.413s] [ 21%] Built target simple_subscriber
[0.413s] [ 28%] Built target simple_turtlesim_kinematics
[0.414s] [ 35%] Built target simple_lifecycle_node
[0.414s] [ 42%] Built target simple_service_client
[0.414s] [ 50%] Built target simple_service_server
[0.414s] [ 57%] Built target simple_tf_kinematics
[0.414s] [ 71%] Built target simple_qos_publisher
[0.414s] [ 71%] Built target simple_action_server_node
[0.415s] [ 78%] Built target simple_qos_subscriber
[0.415s] [ 85%] Built target simple_action_server
[0.415s] [ 92%] Built target simple_action_client
[0.415s] [100%] Built target simple_action_client_node
[0.424s] Invoked command in '/home/shady/bumperbot_ws/build/bumperbot_cpp_examples' returned '0': AMENT_PREFIX_PATH=/home/shady/bumperbot_ws/install/bumperbot_msgs:${AMENT_PREFIX_PATH} CMAKE_PREFIX_PATH=/home/shady/bumperbot_ws/install/bumperbot_msgs:/opt/ros/humble LD_LIBRARY_PATH=/home/shady/bumperbot_ws/install/bumperbot_msgs/lib:${LD_LIBRARY_PATH} PYTHONPATH=/home/shady/bumperbot_ws/install/bumperbot_msgs/local/lib/python3.10/dist-packages:${PYTHONPATH} /usr/bin/cmake --build /home/shady/bumperbot_ws/build/bumperbot_cpp_examples -- -j8 -l8
[0.507s] Invoking command in '/home/shady/bumperbot_ws/build/bumperbot_cpp_examples': AMENT_PREFIX_PATH=/home/shady/bumperbot_ws/install/bumperbot_msgs:${AMENT_PREFIX_PATH} CMAKE_PREFIX_PATH=/home/shady/bumperbot_ws/install/bumperbot_msgs:/opt/ros/humble LD_LIBRARY_PATH=/home/shady/bumperbot_ws/install/bumperbot_msgs/lib:${LD_LIBRARY_PATH} PYTHONPATH=/home/shady/bumperbot_ws/install/bumperbot_msgs/local/lib/python3.10/dist-packages:${PYTHONPATH} /usr/bin/cmake --install /home/shady/bumperbot_ws/build/bumperbot_cpp_examples
[0.516s] -- Install configuration: ""
[0.517s] -- Up-to-date: /home/shady/bumperbot_ws/install/bumperbot_cpp_examples/lib/bumperbot_cpp_examples/simple_action_server_node
[0.518s] -- Up-to-date: /home/shady/bumperbot_ws/install/bumperbot_cpp_examples/lib/bumperbot_cpp_examples/simple_action_client_node
[0.519s] -- Up-to-date: /home/shady/bumperbot_ws/install/bumperbot_cpp_examples/include/include
[0.519s] -- Up-to-date: /home/shady/bumperbot_ws/install/bumperbot_cpp_examples/include/include/bumperbot_cpp_examples
[0.519s] -- Up-to-date: /home/shady/bumperbot_ws/install/bumperbot_cpp_examples/include/include/bumperbot_cpp_examples/simple_turtlesim_kinematics.hpp
[0.519s] -- Up-to-date: /home/shady/bumperbot_ws/install/bumperbot_cpp_examples/include/include/bumperbot_cpp_examples/simple_tf_kinematics.hpp
[0.520s] -- Up-to-date: /home/shady/bumperbot_ws/install/bumperbot_cpp_examples/lib/bumperbot_cpp_examples/simple_publisher
[0.521s] -- Up-to-date: /home/shady/bumperbot_ws/install/bumperbot_cpp_examples/lib/bumperbot_cpp_examples/simple_subscriber
[0.522s] -- Up-to-date: /home/shady/bumperbot_ws/install/bumperbot_cpp_examples/lib/bumperbot_cpp_examples/simple_parameter
[0.523s] -- Up-to-date: /home/shady/bumperbot_ws/install/bumperbot_cpp_examples/lib/bumperbot_cpp_examples/simple_turtlesim_kinematics
[0.525s] -- Up-to-date: /home/shady/bumperbot_ws/install/bumperbot_cpp_examples/lib/bumperbot_cpp_examples/simple_service_server
[0.526s] -- Up-to-date: /home/shady/bumperbot_ws/install/bumperbot_cpp_examples/lib/bumperbot_cpp_examples/simple_service_client
[0.527s] -- Up-to-date: /home/shady/bumperbot_ws/install/bumperbot_cpp_examples/lib/bumperbot_cpp_examples/simple_tf_kinematics
[0.528s] -- Up-to-date: /home/shady/bumperbot_ws/install/bumperbot_cpp_examples/lib/bumperbot_cpp_examples/simple_lifecycle_node
[0.529s] -- Up-to-date: /home/shady/bumperbot_ws/install/bumperbot_cpp_examples/lib/bumperbot_cpp_examples/simple_qos_publisher
[0.530s] -- Up-to-date: /home/shady/bumperbot_ws/install/bumperbot_cpp_examples/lib/bumperbot_cpp_examples/simple_qos_subscriber
[0.532s] -- Up-to-date: /home/shady/bumperbot_ws/install/bumperbot_cpp_examples/lib/libsimple_action_server.so
[0.533s] -- Up-to-date: /home/shady/bumperbot_ws/install/bumperbot_cpp_examples/lib/libsimple_action_client.so
[0.534s] -- Up-to-date: /home/shady/bumperbot_ws/install/bumperbot_cpp_examples/share/ament_index/resource_index/package_run_dependencies/bumperbot_cpp_examples
[0.534s] -- Up-to-date: /home/shady/bumperbot_ws/install/bumperbot_cpp_examples/share/ament_index/resource_index/parent_prefix_path/bumperbot_cpp_examples
[0.534s] -- Up-to-date: /home/shady/bumperbot_ws/install/bumperbot_cpp_examples/share/bumperbot_cpp_examples/environment/ament_prefix_path.sh
[0.534s] -- Up-to-date: /home/shady/bumperbot_ws/install/bumperbot_cpp_examples/share/bumperbot_cpp_examples/environment/ament_prefix_path.dsv
[0.534s] -- Up-to-date: /home/shady/bumperbot_ws/install/bumperbot_cpp_examples/share/bumperbot_cpp_examples/environment/path.sh
[0.535s] -- Up-to-date: /home/shady/bumperbot_ws/install/bumperbot_cpp_examples/share/bumperbot_cpp_examples/environment/path.dsv
[0.535s] -- Up-to-date: /home/shady/bumperbot_ws/install/bumperbot_cpp_examples/share/bumperbot_cpp_examples/local_setup.bash
[0.535s] -- Up-to-date: /home/shady/bumperbot_ws/install/bumperbot_cpp_examples/share/bumperbot_cpp_examples/local_setup.sh
[0.535s] -- Up-to-date: /home/shady/bumperbot_ws/install/bumperbot_cpp_examples/share/bumperbot_cpp_examples/local_setup.zsh
[0.535s] -- Up-to-date: /home/shady/bumperbot_ws/install/bumperbot_cpp_examples/share/bumperbot_cpp_examples/local_setup.dsv
[0.535s] -- Installing: /home/shady/bumperbot_ws/install/bumperbot_cpp_examples/share/bumperbot_cpp_examples/package.dsv
[0.535s] -- Up-to-date: /home/shady/bumperbot_ws/install/bumperbot_cpp_examples/share/ament_index/resource_index/packages/bumperbot_cpp_examples
[0.535s] -- Up-to-date: /home/shady/bumperbot_ws/install/bumperbot_cpp_examples/share/ament_index/resource_index/rclcpp_components/bumperbot_cpp_examples
[0.536s] -- Up-to-date: /home/shady/bumperbot_ws/install/bumperbot_cpp_examples/share/bumperbot_cpp_examples/cmake/bumperbot_cpp_examplesConfig.cmake
[0.536s] -- Up-to-date: /home/shady/bumperbot_ws/install/bumperbot_cpp_examples/share/bumperbot_cpp_examples/cmake/bumperbot_cpp_examplesConfig-version.cmake
[0.536s] -- Up-to-date: /home/shady/bumperbot_ws/install/bumperbot_cpp_examples/share/bumperbot_cpp_examples/package.xml
[0.539s] Invoked command in '/home/shady/bumperbot_ws/build/bumperbot_cpp_examples' returned '0': AMENT_PREFIX_PATH=/home/shady/bumperbot_ws/install/bumperbot_msgs:${AMENT_PREFIX_PATH} CMAKE_PREFIX_PATH=/home/shady/bumperbot_ws/install/bumperbot_msgs:/opt/ros/humble LD_LIBRARY_PATH=/home/shady/bumperbot_ws/install/bumperbot_msgs/lib:${LD_LIBRARY_PATH} PYTHONPATH=/home/shady/bumperbot_ws/install/bumperbot_msgs/local/lib/python3.10/dist-packages:${PYTHONPATH} /usr/bin/cmake --install /home/shady/bumperbot_ws/build/bumperbot_cpp_examples
