[0.041s] Invoking command in '/home/shady/bumperbot_ws/build/bumperbot_controller': CMAKE_PREFIX_PATH=${CMAKE_PREFIX_PATH}:/home/shady/bumperbot_ws/install/bumperbot_py_examples:/opt/ros/humble /usr/bin/cmake --build /home/shady/bumperbot_ws/build/bumperbot_controller -- -j8 -l8
[0.117s] [35m[1mConsolidate compiler generated dependencies of target simple_controller[0m
[0.117s] [35m[1mConsolidate compiler generated dependencies of target noisy_controller[0m
[0.193s] [ 50%] Built target noisy_controller
[0.225s] [ 50%] Built target ament_cmake_python_copy_bumperbot_controller
[0.233s] [100%] Built target simple_controller
[0.897s] running egg_info
[0.901s] writing bumperbot_controller.egg-info/PKG-INFO
[0.902s] writing dependency_links to bumperbot_controller.egg-info/dependency_links.txt
[0.902s] writing top-level names to bumperbot_controller.egg-info/top_level.txt
[0.948s] reading manifest file 'bumperbot_controller.egg-info/SOURCES.txt'
[0.957s] writing manifest file 'bumperbot_controller.egg-info/SOURCES.txt'
[1.103s] [100%] Built target ament_cmake_python_build_bumperbot_controller_egg
[1.197s] Invoked command in '/home/shady/bumperbot_ws/build/bumperbot_controller' returned '0': CMAKE_PREFIX_PATH=${CMAKE_PREFIX_PATH}:/home/shady/bumperbot_ws/install/bumperbot_py_examples:/opt/ros/humble /usr/bin/cmake --build /home/shady/bumperbot_ws/build/bumperbot_controller -- -j8 -l8
[1.225s] Invoking command in '/home/shady/bumperbot_ws/build/bumperbot_controller': CMAKE_PREFIX_PATH=${CMAKE_PREFIX_PATH}:/home/shady/bumperbot_ws/install/bumperbot_py_examples:/opt/ros/humble /usr/bin/cmake --install /home/shady/bumperbot_ws/build/bumperbot_controller
[1.238s] -- Install configuration: ""
[1.240s] -- Up-to-date: /home/shady/bumperbot_ws/install/bumperbot_controller/share/bumperbot_controller/environment/pythonpath.sh
[1.240s] -- Up-to-date: /home/shady/bumperbot_ws/install/bumperbot_controller/share/bumperbot_controller/environment/pythonpath.dsv
[1.240s] -- Up-to-date: /home/shady/bumperbot_ws/install/bumperbot_controller/local/lib/python3.10/dist-packages/bumperbot_controller-0.0.0-py3.10.egg-info
[1.240s] -- Installing: /home/shady/bumperbot_ws/install/bumperbot_controller/local/lib/python3.10/dist-packages/bumperbot_controller-0.0.0-py3.10.egg-info/SOURCES.txt
[1.240s] -- Installing: /home/shady/bumperbot_ws/install/bumperbot_controller/local/lib/python3.10/dist-packages/bumperbot_controller-0.0.0-py3.10.egg-info/dependency_links.txt
[1.241s] -- Installing: /home/shady/bumperbot_ws/install/bumperbot_controller/local/lib/python3.10/dist-packages/bumperbot_controller-0.0.0-py3.10.egg-info/PKG-INFO
[1.241s] -- Installing: /home/shady/bumperbot_ws/install/bumperbot_controller/local/lib/python3.10/dist-packages/bumperbot_controller-0.0.0-py3.10.egg-info/top_level.txt
[1.241s] -- Up-to-date: /home/shady/bumperbot_ws/install/bumperbot_controller/local/lib/python3.10/dist-packages/bumperbot_controller
[1.241s] -- Up-to-date: /home/shady/bumperbot_ws/install/bumperbot_controller/local/lib/python3.10/dist-packages/bumperbot_controller/__init__.py
[1.241s] -- Installing: /home/shady/bumperbot_ws/install/bumperbot_controller/local/lib/python3.10/dist-packages/bumperbot_controller/noisy_controller.py
[1.241s] -- Up-to-date: /home/shady/bumperbot_ws/install/bumperbot_controller/local/lib/python3.10/dist-packages/bumperbot_controller/simple_controller.py
[1.315s] Listing '/home/shady/bumperbot_ws/install/bumperbot_controller/local/lib/python3.10/dist-packages/bumperbot_controller'...
[1.315s] Compiling '/home/shady/bumperbot_ws/install/bumperbot_controller/local/lib/python3.10/dist-packages/bumperbot_controller/noisy_controller.py'...
[1.332s] -- Up-to-date: /home/shady/bumperbot_ws/install/bumperbot_controller/include/include
[1.332s] -- Up-to-date: /home/shady/bumperbot_ws/install/bumperbot_controller/include/include/bumperbot_controller
[1.332s] -- Up-to-date: /home/shady/bumperbot_ws/install/bumperbot_controller/include/include/bumperbot_controller/simple_controller.hpp
[1.332s] -- Up-to-date: /home/shady/bumperbot_ws/install/bumperbot_controller/include/include/bumperbot_controller/noisy_controller.hpp
[1.333s] -- Up-to-date: /home/shady/bumperbot_ws/install/bumperbot_controller/lib/bumperbot_controller/simple_controller
[1.333s] -- Up-to-date: /home/shady/bumperbot_ws/install/bumperbot_controller/lib/bumperbot_controller/noisy_controller
[1.333s] -- Up-to-date: /home/shady/bumperbot_ws/install/bumperbot_controller/share/bumperbot_controller/launch
[1.333s] -- Up-to-date: /home/shady/bumperbot_ws/install/bumperbot_controller/share/bumperbot_controller/launch/controller.launch.py
[1.333s] -- Up-to-date: /home/shady/bumperbot_ws/install/bumperbot_controller/share/bumperbot_controller/launch/joystick_teleop.launch.py
[1.334s] -- Up-to-date: /home/shady/bumperbot_ws/install/bumperbot_controller/share/bumperbot_controller/config
[1.334s] -- Up-to-date: /home/shady/bumperbot_ws/install/bumperbot_controller/share/bumperbot_controller/config/twist_mux_topics.yaml
[1.335s] -- Up-to-date: /home/shady/bumperbot_ws/install/bumperbot_controller/share/bumperbot_controller/config/joy_config.yaml
[1.335s] -- Up-to-date: /home/shady/bumperbot_ws/install/bumperbot_controller/share/bumperbot_controller/config/twist_mux_joy.yaml
[1.335s] -- Up-to-date: /home/shady/bumperbot_ws/install/bumperbot_controller/share/bumperbot_controller/config/twist_mux_locks.yaml
[1.335s] -- Up-to-date: /home/shady/bumperbot_ws/install/bumperbot_controller/share/bumperbot_controller/config/joy_teleop.yaml
[1.335s] -- Up-to-date: /home/shady/bumperbot_ws/install/bumperbot_controller/share/bumperbot_controller/config/bumperbot_controllers.yaml
[1.335s] -- Up-to-date: /home/shady/bumperbot_ws/install/bumperbot_controller/lib/bumperbot_controller/simple_controller.py
[1.335s] -- Installing: /home/shady/bumperbot_ws/install/bumperbot_controller/lib/bumperbot_controller/noisy_controller.py
[1.336s] -- Up-to-date: /home/shady/bumperbot_ws/install/bumperbot_controller/share/ament_index/resource_index/package_run_dependencies/bumperbot_controller
[1.336s] -- Up-to-date: /home/shady/bumperbot_ws/install/bumperbot_controller/share/ament_index/resource_index/parent_prefix_path/bumperbot_controller
[1.337s] -- Up-to-date: /home/shady/bumperbot_ws/install/bumperbot_controller/share/bumperbot_controller/environment/ament_prefix_path.sh
[1.337s] -- Up-to-date: /home/shady/bumperbot_ws/install/bumperbot_controller/share/bumperbot_controller/environment/ament_prefix_path.dsv
[1.337s] -- Up-to-date: /home/shady/bumperbot_ws/install/bumperbot_controller/share/bumperbot_controller/environment/path.sh
[1.337s] -- Up-to-date: /home/shady/bumperbot_ws/install/bumperbot_controller/share/bumperbot_controller/environment/path.dsv
[1.337s] -- Up-to-date: /home/shady/bumperbot_ws/install/bumperbot_controller/share/bumperbot_controller/local_setup.bash
[1.337s] -- Up-to-date: /home/shady/bumperbot_ws/install/bumperbot_controller/share/bumperbot_controller/local_setup.sh
[1.337s] -- Up-to-date: /home/shady/bumperbot_ws/install/bumperbot_controller/share/bumperbot_controller/local_setup.zsh
[1.338s] -- Up-to-date: /home/shady/bumperbot_ws/install/bumperbot_controller/share/bumperbot_controller/local_setup.dsv
[1.338s] -- Installing: /home/shady/bumperbot_ws/install/bumperbot_controller/share/bumperbot_controller/package.dsv
[1.338s] -- Up-to-date: /home/shady/bumperbot_ws/install/bumperbot_controller/share/ament_index/resource_index/packages/bumperbot_controller
[1.338s] -- Up-to-date: /home/shady/bumperbot_ws/install/bumperbot_controller/share/bumperbot_controller/cmake/bumperbot_controllerConfig.cmake
[1.338s] -- Up-to-date: /home/shady/bumperbot_ws/install/bumperbot_controller/share/bumperbot_controller/cmake/bumperbot_controllerConfig-version.cmake
[1.338s] -- Up-to-date: /home/shady/bumperbot_ws/install/bumperbot_controller/share/bumperbot_controller/package.xml
[1.396s] Invoked command in '/home/shady/bumperbot_ws/build/bumperbot_controller' returned '0': CMAKE_PREFIX_PATH=${CMAKE_PREFIX_PATH}:/home/shady/bumperbot_ws/install/bumperbot_py_examples:/opt/ros/humble /usr/bin/cmake --install /home/shady/bumperbot_ws/build/bumperbot_controller
